<?xml version="1.0" encoding="UTF-8"?>
<testsuites name="LC" time="118.66" tests="2" failures="1" errors="0">
   <testsuite name="LC" tests="2" failures="1" errors="0" time="118.66" skipped="0" timestamp="2023-07-12 17:02:25" hostname="htminh - host.docker.internal" id="Test Suites/LC">
      <properties>
         <property name="deviceName" value=""/>
         <property name="devicePlatform" value=""/>
         <property name="logFolder" value="C:\\Users\\htminh\\git\\test3\\Reports\\20230712_170216\\LC\\20230712_170216"/>
         <property name="logFiles" value="C:\\Users\\htminh\\git\\test3\\Reports\\20230712_170216\\LC\\20230712_170216\\execution0.log"/>
         <property name="attachments" value="C:\\Users\\htminh\\git\\test3\\Reports\\20230712_170216\\LC\\20230712_170216\\1689156264208.png"/>
         <property name="hostName" value="htminh - host.docker.internal"/>
         <property name="os" value="Windows 10 64bit"/>
         <property name="katalonVersion" value="8.6.5.208"/>
         <property name="browser" value="Chrome 114.0.0.0"/>
         <property name="hostAddress" value="192.168.79.183"/>
         <property name="sessionId" value="77cb59e397df84e6eaf8935db65183f2"/>
         <property name="seleniumVersion" value="3.141.59"/>
         <property name="proxyInformation" value="ProxyInformation { proxyOption=NO_PROXY, proxyServerType=HTTP, username=, password=********, proxyServerAddress=, proxyServerPort=0, executionList=&quot;&quot;, isApplyToDesiredCapabilities=true }"/>
         <property name="platform" value="Windows 10"/>
      </properties>
      <testcase name="Test Cases/LC/Searching" time="113.807" classname="Test Cases/LC/Searching" status="PASSED">
         <system-out><![CDATA[2023-07-12 17:02:26 - [TEST_CASE][PASSED] - Test Cases/LC/Searching: Test Cases/LC/Searching

2023-07-12 17:02:26 - [TEST_STEP][PASSED] - openBrowser(""): Browser is opened with url: ''

2023-07-12 17:02:27 - [MESSAGE][INFO] - Starting 'Chrome' driver

2023-07-12 17:02:27 - [MESSAGE][INFO] - Action delay is set to 0 milliseconds

2023-07-12 17:02:29 - [MESSAGE][PASSED] - Browser is opened with url: ''

2023-07-12 17:02:29 - [TEST_STEP][PASSED] - navigateToUrl("http://localhost:5173/"): Navigate to 'http://localhost:5173/' successfully

2023-07-12 17:02:30 - [MESSAGE][PASSED] - Navigate to 'http://localhost:5173/' successfully

2023-07-12 17:02:30 - [TEST_STEP][PASSED] - maximizeWindow(): Current window maximized

2023-07-12 17:02:30 - [MESSAGE][PASSED] - Current window maximized

2023-07-12 17:02:30 - [TEST_STEP][PASSED] - click(findTestObject("Object Repository/Searching1/Page_Vite  React  TS/p_product (1)")): Object: 'Object Repository/Searching1/Page_Vite  React  TS/p_product (1)' is clicked on

2023-07-12 17:02:31 - [MESSAGE][PASSED] - Object: 'Object Repository/Searching1/Page_Vite  React  TS/p_product (1)' is clicked on

2023-07-12 17:02:31 - [TEST_STEP][PASSED] - delay(5): Delayed 5 second(s)

2023-07-12 17:02:36 - [MESSAGE][PASSED] - Delayed 5 second(s)

2023-07-12 17:02:36 - [TEST_STEP][PASSED] - setText(findTestObject("Object Repository/Searching1/Page_Vite  React  TS/input_Minhhonag_chakra-input css-1pdm0hx (3)"), "Bún"): Text 'Bún' is set on object 'Object Repository/Searching1/Page_Vite  React  TS/input_Minhhonag_chakra-input css-1pdm0hx (3)'

2023-07-12 17:02:37 - [MESSAGE][PASSED] - Text 'Bún' is set on object 'Object Repository/Searching1/Page_Vite  React  TS/input_Minhhonag_chakra-input css-1pdm0hx (3)'

2023-07-12 17:02:37 - [TEST_STEP][PASSED] - click(findTestObject("Object Repository/Searching1/Page_Vite  React  TS/div_Local specialtys areasThe best offer th_178a87 (1)")): Object: 'Object Repository/Searching1/Page_Vite  React  TS/div_Local specialtys areasThe best offer th_178a87 (1)' is clicked on

2023-07-12 17:02:37 - [MESSAGE][PASSED] - Object: 'Object Repository/Searching1/Page_Vite  React  TS/div_Local specialtys areasThe best offer th_178a87 (1)' is clicked on

2023-07-12 17:02:37 - [TEST_STEP][PASSED] - delay(3): Delayed 3 second(s)

2023-07-12 17:02:40 - [MESSAGE][PASSED] - Delayed 3 second(s)

2023-07-12 17:02:40 - [TEST_STEP][PASSED] - click(findTestObject("Object Repository/Searching1/Page_Vite  React  TS/button_2 (1)")): Object: 'Object Repository/Searching1/Page_Vite  React  TS/button_2 (1)' is clicked on

2023-07-12 17:02:42 - [MESSAGE][PASSED] - Object: 'Object Repository/Searching1/Page_Vite  React  TS/button_2 (1)' is clicked on

2023-07-12 17:02:42 - [TEST_STEP][PASSED] - delay(3): Delayed 3 second(s)

2023-07-12 17:02:45 - [MESSAGE][PASSED] - Delayed 3 second(s)

2023-07-12 17:02:45 - [TEST_STEP][PASSED] - click(findTestObject("Object Repository/Searching1/Page_Vite  React  TS/button_3 (1)")): Object: 'Object Repository/Searching1/Page_Vite  React  TS/button_3 (1)' is clicked on

2023-07-12 17:02:46 - [MESSAGE][PASSED] - Object: 'Object Repository/Searching1/Page_Vite  React  TS/button_3 (1)' is clicked on

2023-07-12 17:02:46 - [TEST_STEP][PASSED] - delay(3): Delayed 3 second(s)

2023-07-12 17:02:49 - [MESSAGE][PASSED] - Delayed 3 second(s)

2023-07-12 17:02:49 - [TEST_STEP][PASSED] - delay(3): Delayed 3 second(s)

2023-07-12 17:02:52 - [MESSAGE][PASSED] - Delayed 3 second(s)

2023-07-12 17:02:52 - [TEST_STEP][PASSED] - setText(findTestObject("Object Repository/Searching1/Page_Vite  React  TS/input_Minhhonag_chakra-input css-1pdm0hx (1)"), "Bánh Tráng 73"): Text 'Bánh Tráng 73' is set on object 'Object Repository/Searching1/Page_Vite  React  TS/input_Minhhonag_chakra-input css-1pdm0hx (1)'

2023-07-12 17:02:53 - [MESSAGE][PASSED] - Text 'Bánh Tráng 73' is set on object 'Object Repository/Searching1/Page_Vite  React  TS/input_Minhhonag_chakra-input css-1pdm0hx (1)'

2023-07-12 17:02:53 - [TEST_STEP][PASSED] - delay(5): Delayed 5 second(s)

2023-07-12 17:02:58 - [MESSAGE][PASSED] - Delayed 5 second(s)

2023-07-12 17:02:58 - [TEST_STEP][PASSED] - click(findTestObject("Object Repository/Searching1/Page_Vite  React  TS/span_Filter_chakra-radio__control css-vtg3j9")): Object: 'Object Repository/Searching1/Page_Vite  React  TS/span_Filter_chakra-radio__control css-vtg3j9' is clicked on

2023-07-12 17:02:59 - [MESSAGE][PASSED] - Object: 'Object Repository/Searching1/Page_Vite  React  TS/span_Filter_chakra-radio__control css-vtg3j9' is clicked on

2023-07-12 17:02:59 - [TEST_STEP][PASSED] - click(findTestObject("Object Repository/Searching1/Page_Vite  React  TS/span_Filter_chakra-radio__control css-vtg3j9")): Object: 'Object Repository/Searching1/Page_Vite  React  TS/span_Filter_chakra-radio__control css-vtg3j9' is clicked on

2023-07-12 17:03:02 - [MESSAGE][PASSED] - Object: 'Object Repository/Searching1/Page_Vite  React  TS/span_Filter_chakra-radio__control css-vtg3j9' is clicked on

2023-07-12 17:03:02 - [TEST_STEP][PASSED] - click(findTestObject("Object Repository/Searching1/Page_Vite  React  TS/label_More than 800.000")): Object: 'Object Repository/Searching1/Page_Vite  React  TS/label_More than 800.000' is clicked on

2023-07-12 17:03:03 - [MESSAGE][PASSED] - Object: 'Object Repository/Searching1/Page_Vite  React  TS/label_More than 800.000' is clicked on

2023-07-12 17:03:03 - [TEST_STEP][PASSED] - setText(findTestObject("Object Repository/Searching1/Page_Vite  React  TS/input_Minhhonag_chakra-input css-1pdm0hx (1)"), "@#$%^&*()"): Text '@#$%^&*()' is set on object 'Object Repository/Searching1/Page_Vite  React  TS/input_Minhhonag_chakra-input css-1pdm0hx (1)'

2023-07-12 17:03:06 - [MESSAGE][PASSED] - Text '@#$%^&*()' is set on object 'Object Repository/Searching1/Page_Vite  React  TS/input_Minhhonag_chakra-input css-1pdm0hx (1)'

2023-07-12 17:03:06 - [TEST_STEP][PASSED] - delay(5): Delayed 5 second(s)

2023-07-12 17:03:11 - [MESSAGE][PASSED] - Delayed 5 second(s)

2023-07-12 17:03:11 - [TEST_STEP][PASSED] - verifyElementText(findTestObject("Object Repository/Searching1/Page_Vite  React  TS/ErrosSearchMessage"), "There is no result found with keyword: @#$%^&*()"): Actual text and expected text of test object 'Object Repository/Searching1/Page_Vite  React  TS/ErrosSearchMessage' are matched.

2023-07-12 17:03:12 - [MESSAGE][PASSED] - Actual text and expected text of test object 'Object Repository/Searching1/Page_Vite  React  TS/ErrosSearchMessage' are matched.

2023-07-12 17:03:12 - [TEST_STEP][PASSED] - click(findTestObject("Object Repository/Searching1/Page_Vite  React  TS/div_Local specialtys areasThe best offer th_ff2b61")): Object: 'Object Repository/Searching1/Page_Vite  React  TS/div_Local specialtys areasThe best offer th_ff2b61' is clicked on

2023-07-12 17:03:12 - [MESSAGE][PASSED] - Object: 'Object Repository/Searching1/Page_Vite  React  TS/div_Local specialtys areasThe best offer th_ff2b61' is clicked on

2023-07-12 17:03:12 - [TEST_STEP][PASSED] - click(findTestObject("Object Repository/Searching1/Page_Vite  React  TS/span_Filter_chakra-radio__control css-vtg3j9")): Object: 'Object Repository/Searching1/Page_Vite  React  TS/span_Filter_chakra-radio__control css-vtg3j9' is clicked on

2023-07-12 17:03:13 - [MESSAGE][PASSED] - Object: 'Object Repository/Searching1/Page_Vite  React  TS/span_Filter_chakra-radio__control css-vtg3j9' is clicked on

2023-07-12 17:03:13 - [TEST_STEP][PASSED] - click(findTestObject("Object Repository/Searching1/Page_Vite  React  TS/span_Filter_chakra-radio__control css-vtg3j9")): Object: 'Object Repository/Searching1/Page_Vite  React  TS/span_Filter_chakra-radio__control css-vtg3j9' is clicked on

2023-07-12 17:03:16 - [MESSAGE][PASSED] - Object: 'Object Repository/Searching1/Page_Vite  React  TS/span_Filter_chakra-radio__control css-vtg3j9' is clicked on

2023-07-12 17:03:16 - [TEST_STEP][PASSED] - click(findTestObject("Object Repository/Searching1/Page_Vite  React  TS/label_More than 800.000")): Object: 'Object Repository/Searching1/Page_Vite  React  TS/label_More than 800.000' is clicked on

2023-07-12 17:03:16 - [MESSAGE][PASSED] - Object: 'Object Repository/Searching1/Page_Vite  React  TS/label_More than 800.000' is clicked on

2023-07-12 17:03:16 - [TEST_STEP][PASSED] - click(findTestObject("Object Repository/Searching1/Page_Vite  React  TS/div_Local specialtys areasThe best offer th_421523")): Object: 'Object Repository/Searching1/Page_Vite  React  TS/div_Local specialtys areasThe best offer th_421523' is clicked on

2023-07-12 17:03:19 - [MESSAGE][PASSED] - Object: 'Object Repository/Searching1/Page_Vite  React  TS/div_Local specialtys areasThe best offer th_421523' is clicked on

2023-07-12 17:03:19 - [TEST_STEP][PASSED] - click(findTestObject("Object Repository/Searching1/Page_Vite  React  TS/div_allKhMinhhonag")): Object: 'Object Repository/Searching1/Page_Vite  React  TS/div_allKhMinhhonag' is clicked on

2023-07-12 17:03:20 - [MESSAGE][PASSED] - Object: 'Object Repository/Searching1/Page_Vite  React  TS/div_allKhMinhhonag' is clicked on

2023-07-12 17:03:20 - [TEST_STEP][PASSED] - delay(5): Delayed 5 second(s)

2023-07-12 17:03:25 - [MESSAGE][PASSED] - Delayed 5 second(s)

2023-07-12 17:03:25 - [TEST_STEP][PASSED] - setText(findTestObject("Searching1/Page_Vite  React  TS/input_Minhhonag_chakra-input css-1pdm0hx (1)"), " 76543"): Text ' 76543' is set on object 'Object Repository/Searching1/Page_Vite  React  TS/input_Minhhonag_chakra-input css-1pdm0hx (1)'

2023-07-12 17:03:26 - [MESSAGE][PASSED] - Text ' 76543' is set on object 'Object Repository/Searching1/Page_Vite  React  TS/input_Minhhonag_chakra-input css-1pdm0hx (1)'

2023-07-12 17:03:26 - [TEST_STEP][PASSED] - delay(5): Delayed 5 second(s)

2023-07-12 17:03:31 - [MESSAGE][PASSED] - Delayed 5 second(s)

2023-07-12 17:03:31 - [TEST_STEP][PASSED] - verifyElementText(findTestObject("Object Repository/Searching1/Page_Vite  React  TS/ErrosSearchMessage"), "There is no result found with keyword: 76543"): Actual text and expected text of test object 'Object Repository/Searching1/Page_Vite  React  TS/ErrosSearchMessage' are matched.

2023-07-12 17:03:31 - [MESSAGE][PASSED] - Actual text and expected text of test object 'Object Repository/Searching1/Page_Vite  React  TS/ErrosSearchMessage' are matched.

2023-07-12 17:03:31 - [TEST_STEP][PASSED] - click(findTestObject("Object Repository/Searching1/Page_Vite  React  TS/span_Filter_chakra-radio__control css-vtg3j9")): Object: 'Object Repository/Searching1/Page_Vite  React  TS/span_Filter_chakra-radio__control css-vtg3j9' is clicked on

2023-07-12 17:03:31 - [MESSAGE][PASSED] - Object: 'Object Repository/Searching1/Page_Vite  React  TS/span_Filter_chakra-radio__control css-vtg3j9' is clicked on

2023-07-12 17:03:31 - [TEST_STEP][PASSED] - click(findTestObject("Object Repository/Searching1/Page_Vite  React  TS/span_Filter_chakra-radio__control css-vtg3j9")): Object: 'Object Repository/Searching1/Page_Vite  React  TS/span_Filter_chakra-radio__control css-vtg3j9' is clicked on

2023-07-12 17:03:34 - [MESSAGE][PASSED] - Object: 'Object Repository/Searching1/Page_Vite  React  TS/span_Filter_chakra-radio__control css-vtg3j9' is clicked on

2023-07-12 17:03:34 - [TEST_STEP][PASSED] - click(findTestObject("Object Repository/Searching1/Page_Vite  React  TS/span_Filter_chakra-radio__control css-vtg3j9")): Object: 'Object Repository/Searching1/Page_Vite  React  TS/span_Filter_chakra-radio__control css-vtg3j9' is clicked on

2023-07-12 17:03:35 - [MESSAGE][PASSED] - Object: 'Object Repository/Searching1/Page_Vite  React  TS/span_Filter_chakra-radio__control css-vtg3j9' is clicked on

2023-07-12 17:03:35 - [TEST_STEP][PASSED] - delay(5): Delayed 5 second(s)

2023-07-12 17:03:40 - [MESSAGE][PASSED] - Delayed 5 second(s)

2023-07-12 17:03:40 - [TEST_STEP][PASSED] - setText(findTestObject("Searching1/Page_Vite  React  TS/input_Minhhonag_chakra-input css-1pdm0hx (1)"), " Chung Cake is a traditional cake of Vietnam. The cake implies gratitude of later generations to their forefather and hometown. Ingredients of Chung Cake include sticky rice, green bean, pork, dong leaves, and other additional spices as salt and pepper. Chung Cake is often made on traditional Tet Holiday of Vietnamese people and Hung King Festival (on the 10th day of the third lunar month). Chung Cake has the oldest history in traditional Vietnam cuisine. It is mentioned regularly in historical documents. The traditional cake has a significant position in the heart of Vietnamese people. The cake originated from a legend relating to Lang Lieu Prince, son of the 6th Hung King. The legend recalls the next generation about the national tradition. It is also a meaningful explanation and origin "): Text ' Chung Cake is a traditional cake of Vietnam. The cake implies gratitude of later generations to their forefather and hometown. Ingredients of Chung Cake include sticky rice, green bean, pork, dong leaves, and other additional spices as salt and pepper. Chung Cake is often made on traditional Tet Holiday of Vietnamese people and Hung King Festival (on the 10th day of the third lunar month). Chung Cake has the oldest history in traditional Vietnam cuisine. It is mentioned regularly in historical documents. The traditional cake has a significant position in the heart of Vietnamese people. The cake originated from a legend relating to Lang Lieu Prince, son of the 6th Hung King. The legend recalls the next generation about the national tradition. It is also a meaningful explanation and origin ' is set on object 'Object Repository/Searching1/Page_Vite  React  TS/input_Minhhonag_chakra-input css-1pdm0hx (1)'

2023-07-12 17:03:42 - [MESSAGE][PASSED] - Text ' Chung Cake is a traditional cake of Vietnam. The cake implies gratitude of later generations to their forefather and hometown. Ingredients of Chung Cake include sticky rice, green bean, pork, dong leaves, and other additional spices as salt and pepper. Chung Cake is often made on traditional Tet Holiday of Vietnamese people and Hung King Festival (on the 10th day of the third lunar month). Chung Cake has the oldest history in traditional Vietnam cuisine. It is mentioned regularly in historical documents. The traditional cake has a significant position in the heart of Vietnamese people. The cake originated from a legend relating to Lang Lieu Prince, son of the 6th Hung King. The legend recalls the next generation about the national tradition. It is also a meaningful explanation and origin ' is set on object 'Object Repository/Searching1/Page_Vite  React  TS/input_Minhhonag_chakra-input css-1pdm0hx (1)'

2023-07-12 17:03:42 - [TEST_STEP][PASSED] - verifyElementText(findTestObject("Object Repository/Searching1/Page_Vite  React  TS/ErrosTooMuchCharacter"), "Too many characters, Enter major again"): Actual text and expected text of test object 'Object Repository/Searching1/Page_Vite  React  TS/ErrosTooMuchCharacter' are matched.

2023-07-12 17:03:44 - [MESSAGE][PASSED] - Actual text and expected text of test object 'Object Repository/Searching1/Page_Vite  React  TS/ErrosTooMuchCharacter' are matched.

2023-07-12 17:03:44 - [TEST_STEP][PASSED] - delay(5): Delayed 5 second(s)

2023-07-12 17:03:49 - [MESSAGE][PASSED] - Delayed 5 second(s)

2023-07-12 17:03:49 - [TEST_STEP][PASSED] - setText(findTestObject("Searching1/Page_Vite  React  TS/input_Minhhonag_chakra-input css-1pdm0hx (1)"), " Cá nục Lào"): Text ' Cá nục Lào' is set on object 'Object Repository/Searching1/Page_Vite  React  TS/input_Minhhonag_chakra-input css-1pdm0hx (1)'

2023-07-12 17:03:50 - [MESSAGE][PASSED] - Text ' Cá nục Lào' is set on object 'Object Repository/Searching1/Page_Vite  React  TS/input_Minhhonag_chakra-input css-1pdm0hx (1)'

2023-07-12 17:03:50 - [TEST_STEP][PASSED] - verifyElementText(findTestObject("Object Repository/Searching1/Page_Vite  React  TS/ErrosSearchMessage"), "There is no result found with keyword: Cá nục Lào"): Actual text and expected text of test object 'Object Repository/Searching1/Page_Vite  React  TS/ErrosSearchMessage' are matched.

2023-07-12 17:03:54 - [MESSAGE][PASSED] - Actual text and expected text of test object 'Object Repository/Searching1/Page_Vite  React  TS/ErrosSearchMessage' are matched.

2023-07-12 17:03:54 - [TEST_STEP][PASSED] - delay(5): Delayed 5 second(s)

2023-07-12 17:03:59 - [MESSAGE][PASSED] - Delayed 5 second(s)

2023-07-12 17:03:59 - [TEST_STEP][PASSED] - setText(findTestObject("Object Repository/Searching1/Page_Vite  React  TS/input_Minhhonag_chakra-input css-1pdm0hx"), "' or 1=1--"): Text '' or 1=1--' is set on object 'Object Repository/Searching1/Page_Vite  React  TS/input_Minhhonag_chakra-input css-1pdm0hx'

2023-07-12 17:04:00 - [MESSAGE][PASSED] - Text '' or 1=1--' is set on object 'Object Repository/Searching1/Page_Vite  React  TS/input_Minhhonag_chakra-input css-1pdm0hx'

2023-07-12 17:04:00 - [TEST_STEP][PASSED] - click(findTestObject("Object Repository/Searching1/Page_Vite  React  TS/div_Local specialtys areasThe best offer th_178a87")): Object: 'Object Repository/Searching1/Page_Vite  React  TS/div_Local specialtys areasThe best offer th_178a87' is clicked on

2023-07-12 17:04:01 - [MESSAGE][PASSED] - Object: 'Object Repository/Searching1/Page_Vite  React  TS/div_Local specialtys areasThe best offer th_178a87' is clicked on

2023-07-12 17:04:01 - [TEST_STEP][PASSED] - delay(5): Delayed 5 second(s)

2023-07-12 17:04:06 - [MESSAGE][PASSED] - Delayed 5 second(s)

2023-07-12 17:04:06 - [TEST_STEP][PASSED] - verifyElementText(findTestObject("Object Repository/Searching1/Page_Vite  React  TS/p_There is no result found with keyword  or 11--"), "There is no result found with keyword: ' or 1=1--"): Actual text and expected text of test object 'Object Repository/Searching1/Page_Vite  React  TS/p_There is no result found with keyword  or 11--' are matched.

2023-07-12 17:04:06 - [MESSAGE][PASSED] - Actual text and expected text of test object 'Object Repository/Searching1/Page_Vite  React  TS/p_There is no result found with keyword  or 11--' are matched.

2023-07-12 17:04:06 - [TEST_STEP][PASSED] - setText(findTestObject("Object Repository/Searching1/Page_Vite  React  TS/input_Minhhonag_chakra-input css-1pdm0hx"), "<script>alert("hihiihi")</script>"): Text '<script>alert("hihiihi")</script>' is set on object 'Object Repository/Searching1/Page_Vite  React  TS/input_Minhhonag_chakra-input css-1pdm0hx'

2023-07-12 17:04:07 - [MESSAGE][PASSED] - Text '<script>alert("hihiihi")</script>' is set on object 'Object Repository/Searching1/Page_Vite  React  TS/input_Minhhonag_chakra-input css-1pdm0hx'

2023-07-12 17:04:07 - [TEST_STEP][PASSED] - click(findTestObject("Object Repository/Searching1/Page_Vite  React  TS/div_homeproductabout uscontact0Local specia_fa4591")): Object: 'Object Repository/Searching1/Page_Vite  React  TS/div_homeproductabout uscontact0Local specia_fa4591' is clicked on

2023-07-12 17:04:07 - [MESSAGE][PASSED] - Object: 'Object Repository/Searching1/Page_Vite  React  TS/div_homeproductabout uscontact0Local specia_fa4591' is clicked on

2023-07-12 17:04:07 - [TEST_STEP][PASSED] - delay(5): Delayed 5 second(s)

2023-07-12 17:04:12 - [MESSAGE][PASSED] - Delayed 5 second(s)

2023-07-12 17:04:12 - [TEST_STEP][PASSED] - verifyElementText(findTestObject("Object Repository/Searching1/Page_Vite  React  TS/p_Invalid searching keyword"), "Invalid searching keyword"): Actual text and expected text of test object 'Object Repository/Searching1/Page_Vite  React  TS/p_Invalid searching keyword' are matched.

2023-07-12 17:04:13 - [MESSAGE][PASSED] - Actual text and expected text of test object 'Object Repository/Searching1/Page_Vite  React  TS/p_Invalid searching keyword' are matched.

2023-07-12 17:04:13 - [TEST_STEP][PASSED] - setText(findTestObject("Object Repository/Searching1/Page_Vite  React  TS/input_Minhhonag_chakra-input css-1pdm0hx"), "b"): Text 'b' is set on object 'Object Repository/Searching1/Page_Vite  React  TS/input_Minhhonag_chakra-input css-1pdm0hx'

2023-07-12 17:04:13 - [MESSAGE][PASSED] - Text 'b' is set on object 'Object Repository/Searching1/Page_Vite  React  TS/input_Minhhonag_chakra-input css-1pdm0hx'

2023-07-12 17:04:13 - [TEST_STEP][PASSED] - delay(5): Delayed 5 second(s)

2023-07-12 17:04:18 - [MESSAGE][PASSED] - Delayed 5 second(s)

2023-07-12 17:04:18 - [TEST_STEP][PASSED] - verifyElementText(findTestObject("Object Repository/Searching1/Page_Vite  React  TS/p_Searching keyword should be more than 1 letter"), "Searching keyword should be more than 1 letter"): Actual text and expected text of test object 'Object Repository/Searching1/Page_Vite  React  TS/p_Searching keyword should be more than 1 letter' are matched.

2023-07-12 17:04:19 - [MESSAGE][PASSED] - Actual text and expected text of test object 'Object Repository/Searching1/Page_Vite  React  TS/p_Searching keyword should be more than 1 letter' are matched.

2023-07-12 17:04:19 - [TEST_STEP][PASSED] - closeBrowser(): Browser is closed

2023-07-12 17:04:19 - [MESSAGE][PASSED] - Browser is closed]]></system-out>
         <system-err><![CDATA[]]></system-err>
      </testcase>
      <testcase name="Test Cases/LC/Product detail" time="4.476" classname="Test Cases/LC/Product detail" status="FAILED">
         <failure type="FAILED" message="Test Cases/LC/Product detail FAILED.
Reason:
com.kms.katalon.core.exception.StepFailedException: Unable to maximize current window
	at com.kms.katalon.core.webui.keyword.internal.WebUIKeywordMain.stepFailed(WebUIKeywordMain.groovy:64)
	at com.kms.katalon.core.webui.keyword.internal.WebUIKeywordMain.runKeyword(WebUIKeywordMain.groovy:26)
	at com.kms.katalon.core.webui.keyword.builtin.MaximizeWindowKeyword.maximizeWindow(MaximizeWindowKeyword.groovy:74)
	at com.kms.katalon.core.webui.keyword.builtin.MaximizeWindowKeyword.execute(MaximizeWindowKeyword.groovy:69)
	at com.kms.katalon.core.keyword.internal.KeywordExecutor.executeKeywordForPlatform(KeywordExecutor.groovy:74)
	at com.kms.katalon.core.webui.keyword.WebUiBuiltInKeywords.maximizeWindow(WebUiBuiltInKeywords.groovy:283)
	at com.kms.katalon.core.webui.keyword.WebUiBuiltInKeywords$maximizeWindow$1.call(Unknown Source)
	at Product detail.run(Product detail:24)
	at com.kms.katalon.core.main.ScriptEngine.run(ScriptEngine.java:194)
	at com.kms.katalon.core.main.ScriptEngine.runScriptAsRawText(ScriptEngine.java:119)
	at com.kms.katalon.core.main.TestCaseExecutor.runScript(TestCaseExecutor.java:448)
	at com.kms.katalon.core.main.TestCaseExecutor.doExecute(TestCaseExecutor.java:439)
	at com.kms.katalon.core.main.TestCaseExecutor.processExecutionPhase(TestCaseExecutor.java:418)
	at com.kms.katalon.core.main.TestCaseExecutor.accessMainPhase(TestCaseExecutor.java:410)
	at com.kms.katalon.core.main.TestCaseExecutor.execute(TestCaseExecutor.java:285)
	at com.kms.katalon.core.common.CommonExecutor.accessTestCaseMainPhase(CommonExecutor.java:65)
	at com.kms.katalon.core.main.TestSuiteExecutor.accessTestSuiteMainPhase(TestSuiteExecutor.java:148)
	at com.kms.katalon.core.main.TestSuiteExecutor.execute(TestSuiteExecutor.java:106)
	at com.kms.katalon.core.main.TestCaseMain.startTestSuite(TestCaseMain.java:187)
	at com.kms.katalon.core.main.TestCaseMain$startTestSuite$0.call(Unknown Source)
	at TempTestSuite1689156136750.run(TempTestSuite1689156136750.groovy:36)
Caused by: org.openqa.selenium.WebDriverException: unknown error: failed to change window state to 'maximized', current state is 'minimized'
  (Session info: chrome=114.0.5735.199)
Build info: version: '3.141.59', revision: 'e82be7d358', time: '2018-11-14T08:25:53'
System info: host: 'DN-AAVN-WS-650', ip: '192.168.79.183', os.name: 'Windows 10', os.arch: 'amd64', os.version: '10.0', java.version: '1.8.0_362'
Driver info: com.kms.katalon.selenium.driver.CChromeDriver
Capabilities {acceptInsecureCerts: false, browserName: chrome, browserVersion: 114.0.5735.199, chrome: {chromedriverVersion: 113.0.5672.24 (65f30d4e8051..., userDataDir: C:\Users\htminh\AppData\Loc...}, goog:chromeOptions: {debuggerAddress: localhost:58159}, javascriptEnabled: true, networkConnectionEnabled: false, pageLoadStrategy: normal, platform: WINDOWS, platformName: WINDOWS, proxy: Proxy(), setWindowRect: true, strictFileInteractability: false, timeouts: {implicit: 0, pageLoad: 300000, script: 30000}, unhandledPromptBehavior: dismiss and notify, webauthn:extension:credBlob: true, webauthn:extension:largeBlob: true, webauthn:extension:minPinLength: true, webauthn:extension:prf: true, webauthn:virtualAuthenticators: true}
Session ID: 77cb59e397df84e6eaf8935db65183f2
	at org.openqa.selenium.remote.http.W3CHttpResponseCodec.createException(W3CHttpResponseCodec.java:187)
	at org.openqa.selenium.remote.http.W3CHttpResponseCodec.decode(W3CHttpResponseCodec.java:122)
	at org.openqa.selenium.remote.http.W3CHttpResponseCodec.decode(W3CHttpResponseCodec.java:49)
	at org.openqa.selenium.remote.HttpCommandExecutor.execute(HttpCommandExecutor.java:158)
	at org.openqa.selenium.remote.service.DriverCommandExecutor.execute(DriverCommandExecutor.java:83)
	at org.openqa.selenium.remote.RemoteWebDriver.execute(RemoteWebDriver.java:552)
	at com.kms.katalon.selenium.driver.CChromeDriver.execute(CChromeDriver.java:19)
	at org.openqa.selenium.remote.RemoteWebDriver.execute(RemoteWebDriver.java:609)
	at org.openqa.selenium.remote.RemoteWebDriver$RemoteWebDriverOptions$RemoteWindow.maximize(RemoteWebDriver.java:837)
	at org.openqa.selenium.support.events.EventFiringWebDriver$EventFiringWindow.maximize(EventFiringWebDriver.java:769)
	at com.kms.katalon.core.webui.keyword.builtin.MaximizeWindowKeyword$_maximizeWindow_closure1.doCall(MaximizeWindowKeyword.groovy:85)
	at com.kms.katalon.core.webui.keyword.builtin.MaximizeWindowKeyword$_maximizeWindow_closure1.call(MaximizeWindowKeyword.groovy)
	at com.kms.katalon.core.webui.keyword.internal.WebUIKeywordMain.runKeyword(WebUIKeywordMain.groovy:20)
	... 19 more
"/>
         <system-out><![CDATA[2023-07-12 17:04:19 - [TEST_CASE][FAILED] - Test Cases/LC/Product detail: Test Cases/LC/Product detail FAILED.
Reason:
com.kms.katalon.core.exception.StepFailedException: Unable to maximize current window
	at com.kms.katalon.core.webui.keyword.internal.WebUIKeywordMain.stepFailed(WebUIKeywordMain.groovy:64)
	at com.kms.katalon.core.webui.keyword.internal.WebUIKeywordMain.runKeyword(WebUIKeywordMain.groovy:26)
	at com.kms.katalon.core.webui.keyword.builtin.MaximizeWindowKeyword.maximizeWindow(MaximizeWindowKeyword.groovy:74)
	at com.kms.katalon.core.webui.keyword.builtin.MaximizeWindowKeyword.execute(MaximizeWindowKeyword.groovy:69)
	at com.kms.katalon.core.keyword.internal.KeywordExecutor.executeKeywordForPlatform(KeywordExecutor.groovy:74)
	at com.kms.katalon.core.webui.keyword.WebUiBuiltInKeywords.maximizeWindow(WebUiBuiltInKeywords.groovy:283)
	at com.kms.katalon.core.webui.keyword.WebUiBuiltInKeywords$maximizeWindow$1.call(Unknown Source)
	at Product detail.run(Product detail:24)
	at com.kms.katalon.core.main.ScriptEngine.run(ScriptEngine.java:194)
	at com.kms.katalon.core.main.ScriptEngine.runScriptAsRawText(ScriptEngine.java:119)
	at com.kms.katalon.core.main.TestCaseExecutor.runScript(TestCaseExecutor.java:448)
	at com.kms.katalon.core.main.TestCaseExecutor.doExecute(TestCaseExecutor.java:439)
	at com.kms.katalon.core.main.TestCaseExecutor.processExecutionPhase(TestCaseExecutor.java:418)
	at com.kms.katalon.core.main.TestCaseExecutor.accessMainPhase(TestCaseExecutor.java:410)
	at com.kms.katalon.core.main.TestCaseExecutor.execute(TestCaseExecutor.java:285)
	at com.kms.katalon.core.common.CommonExecutor.accessTestCaseMainPhase(CommonExecutor.java:65)
	at com.kms.katalon.core.main.TestSuiteExecutor.accessTestSuiteMainPhase(TestSuiteExecutor.java:148)
	at com.kms.katalon.core.main.TestSuiteExecutor.execute(TestSuiteExecutor.java:106)
	at com.kms.katalon.core.main.TestCaseMain.startTestSuite(TestCaseMain.java:187)
	at com.kms.katalon.core.main.TestCaseMain$startTestSuite$0.call(Unknown Source)
	at TempTestSuite1689156136750.run(TempTestSuite1689156136750.groovy:36)
Caused by: org.openqa.selenium.WebDriverException: unknown error: failed to change window state to 'maximized', current state is 'minimized'
  (Session info: chrome=114.0.5735.199)
Build info: version: '3.141.59', revision: 'e82be7d358', time: '2018-11-14T08:25:53'
System info: host: 'DN-AAVN-WS-650', ip: '192.168.79.183', os.name: 'Windows 10', os.arch: 'amd64', os.version: '10.0', java.version: '1.8.0_362'
Driver info: com.kms.katalon.selenium.driver.CChromeDriver
Capabilities {acceptInsecureCerts: false, browserName: chrome, browserVersion: 114.0.5735.199, chrome: {chromedriverVersion: 113.0.5672.24 (65f30d4e8051..., userDataDir: C:\Users\htminh\AppData\Loc...}, goog:chromeOptions: {debuggerAddress: localhost:58159}, javascriptEnabled: true, networkConnectionEnabled: false, pageLoadStrategy: normal, platform: WINDOWS, platformName: WINDOWS, proxy: Proxy(), setWindowRect: true, strictFileInteractability: false, timeouts: {implicit: 0, pageLoad: 300000, script: 30000}, unhandledPromptBehavior: dismiss and notify, webauthn:extension:credBlob: true, webauthn:extension:largeBlob: true, webauthn:extension:minPinLength: true, webauthn:extension:prf: true, webauthn:virtualAuthenticators: true}
Session ID: 77cb59e397df84e6eaf8935db65183f2
	at org.openqa.selenium.remote.http.W3CHttpResponseCodec.createException(W3CHttpResponseCodec.java:187)
	at org.openqa.selenium.remote.http.W3CHttpResponseCodec.decode(W3CHttpResponseCodec.java:122)
	at org.openqa.selenium.remote.http.W3CHttpResponseCodec.decode(W3CHttpResponseCodec.java:49)
	at org.openqa.selenium.remote.HttpCommandExecutor.execute(HttpCommandExecutor.java:158)
	at org.openqa.selenium.remote.service.DriverCommandExecutor.execute(DriverCommandExecutor.java:83)
	at org.openqa.selenium.remote.RemoteWebDriver.execute(RemoteWebDriver.java:552)
	at com.kms.katalon.selenium.driver.CChromeDriver.execute(CChromeDriver.java:19)
	at org.openqa.selenium.remote.RemoteWebDriver.execute(RemoteWebDriver.java:609)
	at org.openqa.selenium.remote.RemoteWebDriver$RemoteWebDriverOptions$RemoteWindow.maximize(RemoteWebDriver.java:837)
	at org.openqa.selenium.support.events.EventFiringWebDriver$EventFiringWindow.maximize(EventFiringWebDriver.java:769)
	at com.kms.katalon.core.webui.keyword.builtin.MaximizeWindowKeyword$_maximizeWindow_closure1.doCall(MaximizeWindowKeyword.groovy:85)
	at com.kms.katalon.core.webui.keyword.builtin.MaximizeWindowKeyword$_maximizeWindow_closure1.call(MaximizeWindowKeyword.groovy)
	at com.kms.katalon.core.webui.keyword.internal.WebUIKeywordMain.runKeyword(WebUIKeywordMain.groovy:20)
	... 19 more


2023-07-12 17:04:20 - [TEST_STEP][PASSED] - openBrowser(""): Browser is opened with url: ''

2023-07-12 17:04:20 - [MESSAGE][INFO] - Starting 'Chrome' driver

2023-07-12 17:04:20 - [MESSAGE][INFO] - Action delay is set to 0 milliseconds

2023-07-12 17:04:21 - [MESSAGE][PASSED] - Browser is opened with url: ''

2023-07-12 17:04:21 - [TEST_STEP][PASSED] - navigateToUrl("http://localhost:5173/"): Navigate to 'http://localhost:5173/' successfully

2023-07-12 17:04:22 - [MESSAGE][PASSED] - Navigate to 'http://localhost:5173/' successfully

2023-07-12 17:04:22 - [TEST_STEP][FAILED] - maximizeWindow(): Unable to maximize current window (Root cause: com.kms.katalon.core.exception.StepFailedException: Unable to maximize current window
	at com.kms.katalon.core.webui.keyword.internal.WebUIKeywordMain.stepFailed(WebUIKeywordMain.groovy:64)
	at com.kms.katalon.core.webui.keyword.internal.WebUIKeywordMain.runKeyword(WebUIKeywordMain.groovy:26)
	at com.kms.katalon.core.webui.keyword.builtin.MaximizeWindowKeyword.maximizeWindow(MaximizeWindowKeyword.groovy:74)
	at com.kms.katalon.core.webui.keyword.builtin.MaximizeWindowKeyword.execute(MaximizeWindowKeyword.groovy:69)
	at com.kms.katalon.core.keyword.internal.KeywordExecutor.executeKeywordForPlatform(KeywordExecutor.groovy:74)
	at com.kms.katalon.core.webui.keyword.WebUiBuiltInKeywords.maximizeWindow(WebUiBuiltInKeywords.groovy:283)
	at com.kms.katalon.core.webui.keyword.WebUiBuiltInKeywords$maximizeWindow$1.call(Unknown Source)
	at Product detail.run(Product detail:24)
	at com.kms.katalon.core.main.ScriptEngine.run(ScriptEngine.java:194)
	at com.kms.katalon.core.main.ScriptEngine.runScriptAsRawText(ScriptEngine.java:119)
	at com.kms.katalon.core.main.TestCaseExecutor.runScript(TestCaseExecutor.java:448)
	at com.kms.katalon.core.main.TestCaseExecutor.doExecute(TestCaseExecutor.java:439)
	at com.kms.katalon.core.main.TestCaseExecutor.processExecutionPhase(TestCaseExecutor.java:418)
	at com.kms.katalon.core.main.TestCaseExecutor.accessMainPhase(TestCaseExecutor.java:410)
	at com.kms.katalon.core.main.TestCaseExecutor.execute(TestCaseExecutor.java:285)
	at com.kms.katalon.core.common.CommonExecutor.accessTestCaseMainPhase(CommonExecutor.java:65)
	at com.kms.katalon.core.main.TestSuiteExecutor.accessTestSuiteMainPhase(TestSuiteExecutor.java:148)
	at com.kms.katalon.core.main.TestSuiteExecutor.execute(TestSuiteExecutor.java:106)
	at com.kms.katalon.core.main.TestCaseMain.startTestSuite(TestCaseMain.java:187)
	at com.kms.katalon.core.main.TestCaseMain$startTestSuite$0.call(Unknown Source)
	at TempTestSuite1689156136750.run(TempTestSuite1689156136750.groovy:36)
Caused by: org.openqa.selenium.WebDriverException: unknown error: failed to change window state to 'maximized', current state is 'minimized'
  (Session info: chrome=114.0.5735.199)
Build info: version: '3.141.59', revision: 'e82be7d358', time: '2018-11-14T08:25:53'
System info: host: 'DN-AAVN-WS-650', ip: '192.168.79.183', os.name: 'Windows 10', os.arch: 'amd64', os.version: '10.0', java.version: '1.8.0_362'
Driver info: com.kms.katalon.selenium.driver.CChromeDriver
Capabilities {acceptInsecureCerts: false, browserName: chrome, browserVersion: 114.0.5735.199, chrome: {chromedriverVersion: 113.0.5672.24 (65f30d4e8051..., userDataDir: C:\Users\htminh\AppData\Loc...}, goog:chromeOptions: {debuggerAddress: localhost:58159}, javascriptEnabled: true, networkConnectionEnabled: false, pageLoadStrategy: normal, platform: WINDOWS, platformName: WINDOWS, proxy: Proxy(), setWindowRect: true, strictFileInteractability: false, timeouts: {implicit: 0, pageLoad: 300000, script: 30000}, unhandledPromptBehavior: dismiss and notify, webauthn:extension:credBlob: true, webauthn:extension:largeBlob: true, webauthn:extension:minPinLength: true, webauthn:extension:prf: true, webauthn:virtualAuthenticators: true}
Session ID: 77cb59e397df84e6eaf8935db65183f2
	at org.openqa.selenium.remote.http.W3CHttpResponseCodec.createException(W3CHttpResponseCodec.java:187)
	at org.openqa.selenium.remote.http.W3CHttpResponseCodec.decode(W3CHttpResponseCodec.java:122)
	at org.openqa.selenium.remote.http.W3CHttpResponseCodec.decode(W3CHttpResponseCodec.java:49)
	at org.openqa.selenium.remote.HttpCommandExecutor.execute(HttpCommandExecutor.java:158)
	at org.openqa.selenium.remote.service.DriverCommandExecutor.execute(DriverCommandExecutor.java:83)
	at org.openqa.selenium.remote.RemoteWebDriver.execute(RemoteWebDriver.java:552)
	at com.kms.katalon.selenium.driver.CChromeDriver.execute(CChromeDriver.java:19)
	at org.openqa.selenium.remote.RemoteWebDriver.execute(RemoteWebDriver.java:609)
	at org.openqa.selenium.remote.RemoteWebDriver$RemoteWebDriverOptions$RemoteWindow.maximize(RemoteWebDriver.java:837)
	at org.openqa.selenium.support.events.EventFiringWebDriver$EventFiringWindow.maximize(EventFiringWebDriver.java:769)
	at com.kms.katalon.core.webui.keyword.builtin.MaximizeWindowKeyword$_maximizeWindow_closure1.doCall(MaximizeWindowKeyword.groovy:85)
	at com.kms.katalon.core.webui.keyword.builtin.MaximizeWindowKeyword$_maximizeWindow_closure1.call(MaximizeWindowKeyword.groovy)
	at com.kms.katalon.core.webui.keyword.internal.WebUIKeywordMain.runKeyword(WebUIKeywordMain.groovy:20)
	at com.kms.katalon.core.webui.keyword.builtin.MaximizeWindowKeyword.maximizeWindow(MaximizeWindowKeyword.groovy:74)
	at com.kms.katalon.core.webui.keyword.builtin.MaximizeWindowKeyword.execute(MaximizeWindowKeyword.groovy:69)
	at com.kms.katalon.core.keyword.internal.KeywordExecutor.executeKeywordForPlatform(KeywordExecutor.groovy:74)
	at com.kms.katalon.core.webui.keyword.WebUiBuiltInKeywords.maximizeWindow(WebUiBuiltInKeywords.groovy:283)
	at com.kms.katalon.core.webui.keyword.WebUiBuiltInKeywords$maximizeWindow$1.call(Unknown Source)
	at Script1689154368245.run(Script1689154368245.groovy:24)
	... 13 more
)

2023-07-12 17:04:24 - [MESSAGE][FAILED] - Unable to maximize current window (Root cause: com.kms.katalon.core.exception.StepFailedException: Unable to maximize current window
	at com.kms.katalon.core.webui.keyword.internal.WebUIKeywordMain.stepFailed(WebUIKeywordMain.groovy:64)
	at com.kms.katalon.core.webui.keyword.internal.WebUIKeywordMain.runKeyword(WebUIKeywordMain.groovy:26)
	at com.kms.katalon.core.webui.keyword.builtin.MaximizeWindowKeyword.maximizeWindow(MaximizeWindowKeyword.groovy:74)
	at com.kms.katalon.core.webui.keyword.builtin.MaximizeWindowKeyword.execute(MaximizeWindowKeyword.groovy:69)
	at com.kms.katalon.core.keyword.internal.KeywordExecutor.executeKeywordForPlatform(KeywordExecutor.groovy:74)
	at com.kms.katalon.core.webui.keyword.WebUiBuiltInKeywords.maximizeWindow(WebUiBuiltInKeywords.groovy:283)
	at com.kms.katalon.core.webui.keyword.WebUiBuiltInKeywords$maximizeWindow$1.call(Unknown Source)
	at Product detail.run(Product detail:24)
	at com.kms.katalon.core.main.ScriptEngine.run(ScriptEngine.java:194)
	at com.kms.katalon.core.main.ScriptEngine.runScriptAsRawText(ScriptEngine.java:119)
	at com.kms.katalon.core.main.TestCaseExecutor.runScript(TestCaseExecutor.java:448)
	at com.kms.katalon.core.main.TestCaseExecutor.doExecute(TestCaseExecutor.java:439)
	at com.kms.katalon.core.main.TestCaseExecutor.processExecutionPhase(TestCaseExecutor.java:418)
	at com.kms.katalon.core.main.TestCaseExecutor.accessMainPhase(TestCaseExecutor.java:410)
	at com.kms.katalon.core.main.TestCaseExecutor.execute(TestCaseExecutor.java:285)
	at com.kms.katalon.core.common.CommonExecutor.accessTestCaseMainPhase(CommonExecutor.java:65)
	at com.kms.katalon.core.main.TestSuiteExecutor.accessTestSuiteMainPhase(TestSuiteExecutor.java:148)
	at com.kms.katalon.core.main.TestSuiteExecutor.execute(TestSuiteExecutor.java:106)
	at com.kms.katalon.core.main.TestCaseMain.startTestSuite(TestCaseMain.java:187)
	at com.kms.katalon.core.main.TestCaseMain$startTestSuite$0.call(Unknown Source)
	at TempTestSuite1689156136750.run(TempTestSuite1689156136750.groovy:36)
Caused by: org.openqa.selenium.WebDriverException: unknown error: failed to change window state to 'maximized', current state is 'minimized'
  (Session info: chrome=114.0.5735.199)
Build info: version: '3.141.59', revision: 'e82be7d358', time: '2018-11-14T08:25:53'
System info: host: 'DN-AAVN-WS-650', ip: '192.168.79.183', os.name: 'Windows 10', os.arch: 'amd64', os.version: '10.0', java.version: '1.8.0_362'
Driver info: com.kms.katalon.selenium.driver.CChromeDriver
Capabilities {acceptInsecureCerts: false, browserName: chrome, browserVersion: 114.0.5735.199, chrome: {chromedriverVersion: 113.0.5672.24 (65f30d4e8051..., userDataDir: C:\Users\htminh\AppData\Loc...}, goog:chromeOptions: {debuggerAddress: localhost:58159}, javascriptEnabled: true, networkConnectionEnabled: false, pageLoadStrategy: normal, platform: WINDOWS, platformName: WINDOWS, proxy: Proxy(), setWindowRect: true, strictFileInteractability: false, timeouts: {implicit: 0, pageLoad: 300000, script: 30000}, unhandledPromptBehavior: dismiss and notify, webauthn:extension:credBlob: true, webauthn:extension:largeBlob: true, webauthn:extension:minPinLength: true, webauthn:extension:prf: true, webauthn:virtualAuthenticators: true}
Session ID: 77cb59e397df84e6eaf8935db65183f2
	at org.openqa.selenium.remote.http.W3CHttpResponseCodec.createException(W3CHttpResponseCodec.java:187)
	at org.openqa.selenium.remote.http.W3CHttpResponseCodec.decode(W3CHttpResponseCodec.java:122)
	at org.openqa.selenium.remote.http.W3CHttpResponseCodec.decode(W3CHttpResponseCodec.java:49)
	at org.openqa.selenium.remote.HttpCommandExecutor.execute(HttpCommandExecutor.java:158)
	at org.openqa.selenium.remote.service.DriverCommandExecutor.execute(DriverCommandExecutor.java:83)
	at org.openqa.selenium.remote.RemoteWebDriver.execute(RemoteWebDriver.java:552)
	at com.kms.katalon.selenium.driver.CChromeDriver.execute(CChromeDriver.java:19)
	at org.openqa.selenium.remote.RemoteWebDriver.execute(RemoteWebDriver.java:609)
	at org.openqa.selenium.remote.RemoteWebDriver$RemoteWebDriverOptions$RemoteWindow.maximize(RemoteWebDriver.java:837)
	at org.openqa.selenium.support.events.EventFiringWebDriver$EventFiringWindow.maximize(EventFiringWebDriver.java:769)
	at com.kms.katalon.core.webui.keyword.builtin.MaximizeWindowKeyword$_maximizeWindow_closure1.doCall(MaximizeWindowKeyword.groovy:85)
	at com.kms.katalon.core.webui.keyword.builtin.MaximizeWindowKeyword$_maximizeWindow_closure1.call(MaximizeWindowKeyword.groovy)
	at com.kms.katalon.core.webui.keyword.internal.WebUIKeywordMain.runKeyword(WebUIKeywordMain.groovy:20)
	at com.kms.katalon.core.webui.keyword.builtin.MaximizeWindowKeyword.maximizeWindow(MaximizeWindowKeyword.groovy:74)
	at com.kms.katalon.core.webui.keyword.builtin.MaximizeWindowKeyword.execute(MaximizeWindowKeyword.groovy:69)
	at com.kms.katalon.core.keyword.internal.KeywordExecutor.executeKeywordForPlatform(KeywordExecutor.groovy:74)
	at com.kms.katalon.core.webui.keyword.WebUiBuiltInKeywords.maximizeWindow(WebUiBuiltInKeywords.groovy:283)
	at com.kms.katalon.core.webui.keyword.WebUiBuiltInKeywords$maximizeWindow$1.call(Unknown Source)
	at Script1689154368245.run(Script1689154368245.groovy:24)
	... 13 more
)
[[ATTACHMENT|C:\\Users\\htminh\\git\\test3\\Reports\\20230712_170216\\LC\\20230712_170216\\1689156264208.png]]]]></system-out>
         <system-err><![CDATA[2023-07-12 17:04:19 - [TEST_CASE][FAILED] - Test Cases/LC/Product detail: Test Cases/LC/Product detail FAILED.
Reason:
com.kms.katalon.core.exception.StepFailedException: Unable to maximize current window
	at com.kms.katalon.core.webui.keyword.internal.WebUIKeywordMain.stepFailed(WebUIKeywordMain.groovy:64)
	at com.kms.katalon.core.webui.keyword.internal.WebUIKeywordMain.runKeyword(WebUIKeywordMain.groovy:26)
	at com.kms.katalon.core.webui.keyword.builtin.MaximizeWindowKeyword.maximizeWindow(MaximizeWindowKeyword.groovy:74)
	at com.kms.katalon.core.webui.keyword.builtin.MaximizeWindowKeyword.execute(MaximizeWindowKeyword.groovy:69)
	at com.kms.katalon.core.keyword.internal.KeywordExecutor.executeKeywordForPlatform(KeywordExecutor.groovy:74)
	at com.kms.katalon.core.webui.keyword.WebUiBuiltInKeywords.maximizeWindow(WebUiBuiltInKeywords.groovy:283)
	at com.kms.katalon.core.webui.keyword.WebUiBuiltInKeywords$maximizeWindow$1.call(Unknown Source)
	at Product detail.run(Product detail:24)
	at com.kms.katalon.core.main.ScriptEngine.run(ScriptEngine.java:194)
	at com.kms.katalon.core.main.ScriptEngine.runScriptAsRawText(ScriptEngine.java:119)
	at com.kms.katalon.core.main.TestCaseExecutor.runScript(TestCaseExecutor.java:448)
	at com.kms.katalon.core.main.TestCaseExecutor.doExecute(TestCaseExecutor.java:439)
	at com.kms.katalon.core.main.TestCaseExecutor.processExecutionPhase(TestCaseExecutor.java:418)
	at com.kms.katalon.core.main.TestCaseExecutor.accessMainPhase(TestCaseExecutor.java:410)
	at com.kms.katalon.core.main.TestCaseExecutor.execute(TestCaseExecutor.java:285)
	at com.kms.katalon.core.common.CommonExecutor.accessTestCaseMainPhase(CommonExecutor.java:65)
	at com.kms.katalon.core.main.TestSuiteExecutor.accessTestSuiteMainPhase(TestSuiteExecutor.java:148)
	at com.kms.katalon.core.main.TestSuiteExecutor.execute(TestSuiteExecutor.java:106)
	at com.kms.katalon.core.main.TestCaseMain.startTestSuite(TestCaseMain.java:187)
	at com.kms.katalon.core.main.TestCaseMain$startTestSuite$0.call(Unknown Source)
	at TempTestSuite1689156136750.run(TempTestSuite1689156136750.groovy:36)
Caused by: org.openqa.selenium.WebDriverException: unknown error: failed to change window state to 'maximized', current state is 'minimized'
  (Session info: chrome=114.0.5735.199)
Build info: version: '3.141.59', revision: 'e82be7d358', time: '2018-11-14T08:25:53'
System info: host: 'DN-AAVN-WS-650', ip: '192.168.79.183', os.name: 'Windows 10', os.arch: 'amd64', os.version: '10.0', java.version: '1.8.0_362'
Driver info: com.kms.katalon.selenium.driver.CChromeDriver
Capabilities {acceptInsecureCerts: false, browserName: chrome, browserVersion: 114.0.5735.199, chrome: {chromedriverVersion: 113.0.5672.24 (65f30d4e8051..., userDataDir: C:\Users\htminh\AppData\Loc...}, goog:chromeOptions: {debuggerAddress: localhost:58159}, javascriptEnabled: true, networkConnectionEnabled: false, pageLoadStrategy: normal, platform: WINDOWS, platformName: WINDOWS, proxy: Proxy(), setWindowRect: true, strictFileInteractability: false, timeouts: {implicit: 0, pageLoad: 300000, script: 30000}, unhandledPromptBehavior: dismiss and notify, webauthn:extension:credBlob: true, webauthn:extension:largeBlob: true, webauthn:extension:minPinLength: true, webauthn:extension:prf: true, webauthn:virtualAuthenticators: true}
Session ID: 77cb59e397df84e6eaf8935db65183f2
	at org.openqa.selenium.remote.http.W3CHttpResponseCodec.createException(W3CHttpResponseCodec.java:187)
	at org.openqa.selenium.remote.http.W3CHttpResponseCodec.decode(W3CHttpResponseCodec.java:122)
	at org.openqa.selenium.remote.http.W3CHttpResponseCodec.decode(W3CHttpResponseCodec.java:49)
	at org.openqa.selenium.remote.HttpCommandExecutor.execute(HttpCommandExecutor.java:158)
	at org.openqa.selenium.remote.service.DriverCommandExecutor.execute(DriverCommandExecutor.java:83)
	at org.openqa.selenium.remote.RemoteWebDriver.execute(RemoteWebDriver.java:552)
	at com.kms.katalon.selenium.driver.CChromeDriver.execute(CChromeDriver.java:19)
	at org.openqa.selenium.remote.RemoteWebDriver.execute(RemoteWebDriver.java:609)
	at org.openqa.selenium.remote.RemoteWebDriver$RemoteWebDriverOptions$RemoteWindow.maximize(RemoteWebDriver.java:837)
	at org.openqa.selenium.support.events.EventFiringWebDriver$EventFiringWindow.maximize(EventFiringWebDriver.java:769)
	at com.kms.katalon.core.webui.keyword.builtin.MaximizeWindowKeyword$_maximizeWindow_closure1.doCall(MaximizeWindowKeyword.groovy:85)
	at com.kms.katalon.core.webui.keyword.builtin.MaximizeWindowKeyword$_maximizeWindow_closure1.call(MaximizeWindowKeyword.groovy)
	at com.kms.katalon.core.webui.keyword.internal.WebUIKeywordMain.runKeyword(WebUIKeywordMain.groovy:20)
	... 19 more]]></system-err>
      </testcase>
      <system-out><![CDATA[2023-07-12 17:02:25 - [TEST_SUITE][FAILED] - LC: Test Cases/LC/Product detail FAILED.
Reason:
com.kms.katalon.core.exception.StepFailedException: Unable to maximize current window
	at com.kms.katalon.core.webui.keyword.internal.WebUIKeywordMain.stepFailed(WebUIKeywordMain.groovy:64)
	at com.kms.katalon.core.webui.keyword.internal.WebUIKeywordMain.runKeyword(WebUIKeywordMain.groovy:26)
	at com.kms.katalon.core.webui.keyword.builtin.MaximizeWindowKeyword.maximizeWindow(MaximizeWindowKeyword.groovy:74)
	at com.kms.katalon.core.webui.keyword.builtin.MaximizeWindowKeyword.execute(MaximizeWindowKeyword.groovy:69)
	at com.kms.katalon.core.keyword.internal.KeywordExecutor.executeKeywordForPlatform(KeywordExecutor.groovy:74)
	at com.kms.katalon.core.webui.keyword.WebUiBuiltInKeywords.maximizeWindow(WebUiBuiltInKeywords.groovy:283)
	at com.kms.katalon.core.webui.keyword.WebUiBuiltInKeywords$maximizeWindow$1.call(Unknown Source)
	at Product detail.run(Product detail:24)
	at com.kms.katalon.core.main.ScriptEngine.run(ScriptEngine.java:194)
	at com.kms.katalon.core.main.ScriptEngine.runScriptAsRawText(ScriptEngine.java:119)
	at com.kms.katalon.core.main.TestCaseExecutor.runScript(TestCaseExecutor.java:448)
	at com.kms.katalon.core.main.TestCaseExecutor.doExecute(TestCaseExecutor.java:439)
	at com.kms.katalon.core.main.TestCaseExecutor.processExecutionPhase(TestCaseExecutor.java:418)
	at com.kms.katalon.core.main.TestCaseExecutor.accessMainPhase(TestCaseExecutor.java:410)
	at com.kms.katalon.core.main.TestCaseExecutor.execute(TestCaseExecutor.java:285)
	at com.kms.katalon.core.common.CommonExecutor.accessTestCaseMainPhase(CommonExecutor.java:65)
	at com.kms.katalon.core.main.TestSuiteExecutor.accessTestSuiteMainPhase(TestSuiteExecutor.java:148)
	at com.kms.katalon.core.main.TestSuiteExecutor.execute(TestSuiteExecutor.java:106)
	at com.kms.katalon.core.main.TestCaseMain.startTestSuite(TestCaseMain.java:187)
	at com.kms.katalon.core.main.TestCaseMain$startTestSuite$0.call(Unknown Source)
	at TempTestSuite1689156136750.run(TempTestSuite1689156136750.groovy:36)
Caused by: org.openqa.selenium.WebDriverException: unknown error: failed to change window state to 'maximized', current state is 'minimized'
  (Session info: chrome=114.0.5735.199)
Build info: version: '3.141.59', revision: 'e82be7d358', time: '2018-11-14T08:25:53'
System info: host: 'DN-AAVN-WS-650', ip: '192.168.79.183', os.name: 'Windows 10', os.arch: 'amd64', os.version: '10.0', java.version: '1.8.0_362'
Driver info: com.kms.katalon.selenium.driver.CChromeDriver
Capabilities {acceptInsecureCerts: false, browserName: chrome, browserVersion: 114.0.5735.199, chrome: {chromedriverVersion: 113.0.5672.24 (65f30d4e8051..., userDataDir: C:\Users\htminh\AppData\Loc...}, goog:chromeOptions: {debuggerAddress: localhost:58159}, javascriptEnabled: true, networkConnectionEnabled: false, pageLoadStrategy: normal, platform: WINDOWS, platformName: WINDOWS, proxy: Proxy(), setWindowRect: true, strictFileInteractability: false, timeouts: {implicit: 0, pageLoad: 300000, script: 30000}, unhandledPromptBehavior: dismiss and notify, webauthn:extension:credBlob: true, webauthn:extension:largeBlob: true, webauthn:extension:minPinLength: true, webauthn:extension:prf: true, webauthn:virtualAuthenticators: true}
Session ID: 77cb59e397df84e6eaf8935db65183f2
	at org.openqa.selenium.remote.http.W3CHttpResponseCodec.createException(W3CHttpResponseCodec.java:187)
	at org.openqa.selenium.remote.http.W3CHttpResponseCodec.decode(W3CHttpResponseCodec.java:122)
	at org.openqa.selenium.remote.http.W3CHttpResponseCodec.decode(W3CHttpResponseCodec.java:49)
	at org.openqa.selenium.remote.HttpCommandExecutor.execute(HttpCommandExecutor.java:158)
	at org.openqa.selenium.remote.service.DriverCommandExecutor.execute(DriverCommandExecutor.java:83)
	at org.openqa.selenium.remote.RemoteWebDriver.execute(RemoteWebDriver.java:552)
	at com.kms.katalon.selenium.driver.CChromeDriver.execute(CChromeDriver.java:19)
	at org.openqa.selenium.remote.RemoteWebDriver.execute(RemoteWebDriver.java:609)
	at org.openqa.selenium.remote.RemoteWebDriver$RemoteWebDriverOptions$RemoteWindow.maximize(RemoteWebDriver.java:837)
	at org.openqa.selenium.support.events.EventFiringWebDriver$EventFiringWindow.maximize(EventFiringWebDriver.java:769)
	at com.kms.katalon.core.webui.keyword.builtin.MaximizeWindowKeyword$_maximizeWindow_closure1.doCall(MaximizeWindowKeyword.groovy:85)
	at com.kms.katalon.core.webui.keyword.builtin.MaximizeWindowKeyword$_maximizeWindow_closure1.call(MaximizeWindowKeyword.groovy)
	at com.kms.katalon.core.webui.keyword.internal.WebUIKeywordMain.runKeyword(WebUIKeywordMain.groovy:20)
	... 19 more]]></system-out>
      <system-err><![CDATA[2023-07-12 17:02:25 - [TEST_SUITE][FAILED] - LC: Test Cases/LC/Product detail FAILED.
Reason:
com.kms.katalon.core.exception.StepFailedException: Unable to maximize current window
	at com.kms.katalon.core.webui.keyword.internal.WebUIKeywordMain.stepFailed(WebUIKeywordMain.groovy:64)
	at com.kms.katalon.core.webui.keyword.internal.WebUIKeywordMain.runKeyword(WebUIKeywordMain.groovy:26)
	at com.kms.katalon.core.webui.keyword.builtin.MaximizeWindowKeyword.maximizeWindow(MaximizeWindowKeyword.groovy:74)
	at com.kms.katalon.core.webui.keyword.builtin.MaximizeWindowKeyword.execute(MaximizeWindowKeyword.groovy:69)
	at com.kms.katalon.core.keyword.internal.KeywordExecutor.executeKeywordForPlatform(KeywordExecutor.groovy:74)
	at com.kms.katalon.core.webui.keyword.WebUiBuiltInKeywords.maximizeWindow(WebUiBuiltInKeywords.groovy:283)
	at com.kms.katalon.core.webui.keyword.WebUiBuiltInKeywords$maximizeWindow$1.call(Unknown Source)
	at Product detail.run(Product detail:24)
	at com.kms.katalon.core.main.ScriptEngine.run(ScriptEngine.java:194)
	at com.kms.katalon.core.main.ScriptEngine.runScriptAsRawText(ScriptEngine.java:119)
	at com.kms.katalon.core.main.TestCaseExecutor.runScript(TestCaseExecutor.java:448)
	at com.kms.katalon.core.main.TestCaseExecutor.doExecute(TestCaseExecutor.java:439)
	at com.kms.katalon.core.main.TestCaseExecutor.processExecutionPhase(TestCaseExecutor.java:418)
	at com.kms.katalon.core.main.TestCaseExecutor.accessMainPhase(TestCaseExecutor.java:410)
	at com.kms.katalon.core.main.TestCaseExecutor.execute(TestCaseExecutor.java:285)
	at com.kms.katalon.core.common.CommonExecutor.accessTestCaseMainPhase(CommonExecutor.java:65)
	at com.kms.katalon.core.main.TestSuiteExecutor.accessTestSuiteMainPhase(TestSuiteExecutor.java:148)
	at com.kms.katalon.core.main.TestSuiteExecutor.execute(TestSuiteExecutor.java:106)
	at com.kms.katalon.core.main.TestCaseMain.startTestSuite(TestCaseMain.java:187)
	at com.kms.katalon.core.main.TestCaseMain$startTestSuite$0.call(Unknown Source)
	at TempTestSuite1689156136750.run(TempTestSuite1689156136750.groovy:36)
Caused by: org.openqa.selenium.WebDriverException: unknown error: failed to change window state to 'maximized', current state is 'minimized'
  (Session info: chrome=114.0.5735.199)
Build info: version: '3.141.59', revision: 'e82be7d358', time: '2018-11-14T08:25:53'
System info: host: 'DN-AAVN-WS-650', ip: '192.168.79.183', os.name: 'Windows 10', os.arch: 'amd64', os.version: '10.0', java.version: '1.8.0_362'
Driver info: com.kms.katalon.selenium.driver.CChromeDriver
Capabilities {acceptInsecureCerts: false, browserName: chrome, browserVersion: 114.0.5735.199, chrome: {chromedriverVersion: 113.0.5672.24 (65f30d4e8051..., userDataDir: C:\Users\htminh\AppData\Loc...}, goog:chromeOptions: {debuggerAddress: localhost:58159}, javascriptEnabled: true, networkConnectionEnabled: false, pageLoadStrategy: normal, platform: WINDOWS, platformName: WINDOWS, proxy: Proxy(), setWindowRect: true, strictFileInteractability: false, timeouts: {implicit: 0, pageLoad: 300000, script: 30000}, unhandledPromptBehavior: dismiss and notify, webauthn:extension:credBlob: true, webauthn:extension:largeBlob: true, webauthn:extension:minPinLength: true, webauthn:extension:prf: true, webauthn:virtualAuthenticators: true}
Session ID: 77cb59e397df84e6eaf8935db65183f2
	at org.openqa.selenium.remote.http.W3CHttpResponseCodec.createException(W3CHttpResponseCodec.java:187)
	at org.openqa.selenium.remote.http.W3CHttpResponseCodec.decode(W3CHttpResponseCodec.java:122)
	at org.openqa.selenium.remote.http.W3CHttpResponseCodec.decode(W3CHttpResponseCodec.java:49)
	at org.openqa.selenium.remote.HttpCommandExecutor.execute(HttpCommandExecutor.java:158)
	at org.openqa.selenium.remote.service.DriverCommandExecutor.execute(DriverCommandExecutor.java:83)
	at org.openqa.selenium.remote.RemoteWebDriver.execute(RemoteWebDriver.java:552)
	at com.kms.katalon.selenium.driver.CChromeDriver.execute(CChromeDriver.java:19)
	at org.openqa.selenium.remote.RemoteWebDriver.execute(RemoteWebDriver.java:609)
	at org.openqa.selenium.remote.RemoteWebDriver$RemoteWebDriverOptions$RemoteWindow.maximize(RemoteWebDriver.java:837)
	at org.openqa.selenium.support.events.EventFiringWebDriver$EventFiringWindow.maximize(EventFiringWebDriver.java:769)
	at com.kms.katalon.core.webui.keyword.builtin.MaximizeWindowKeyword$_maximizeWindow_closure1.doCall(MaximizeWindowKeyword.groovy:85)
	at com.kms.katalon.core.webui.keyword.builtin.MaximizeWindowKeyword$_maximizeWindow_closure1.call(MaximizeWindowKeyword.groovy)
	at com.kms.katalon.core.webui.keyword.internal.WebUIKeywordMain.runKeyword(WebUIKeywordMain.groovy:20)
	... 19 more]]></system-err>
   </testsuite>
</testsuites>
