<?xml version="1.0" encoding="UTF-8"?>
<testsuites name="LC" time="601.745" tests="10" failures="1" errors="0">
   <testsuite name="LC" tests="10" failures="1" errors="0" time="601.745" skipped="0" timestamp="2023-07-31 14:29:19" hostname="htminh - host.docker.internal" id="Test Suites/LC">
      <properties>
         <property name="deviceName" value=""/>
         <property name="devicePlatform" value=""/>
         <property name="logFolder" value="C:\\Users\\htminh\\git\\test3\\Reports\\20230731_142907\\LC\\20230731_142907"/>
         <property name="logFiles" value="C:\\Users\\htminh\\git\\test3\\Reports\\20230731_142907\\LC\\20230731_142907\\execution0.log"/>
         <property name="attachments" value="C:\\Users\\htminh\\git\\test3\\Reports\\20230731_142907\\LC\\20230731_142907\\1690789134326.png"/>
         <property name="hostName" value="htminh - host.docker.internal"/>
         <property name="os" value="Windows 10 64bit"/>
         <property name="katalonVersion" value="8.6.5.208"/>
         <property name="browser" value="Chrome 115.0.0.0"/>
         <property name="hostAddress" value="192.168.79.183"/>
         <property name="sessionId" value="b52abbf1751bd9cf1a29d1ecb780f0e2"/>
         <property name="seleniumVersion" value="3.141.59"/>
         <property name="proxyInformation" value="ProxyInformation { proxyOption=NO_PROXY, proxyServerType=HTTP, username=, password=********, proxyServerAddress=, proxyServerPort=0, executionList=&quot;&quot;, isApplyToDesiredCapabilities=true }"/>
         <property name="platform" value="Windows 10"/>
      </properties>
      <testcase name="Test Cases/LC/Cart" time="76.534" classname="Test Cases/LC/Cart" status="PASSED">
         <system-out><![CDATA[2023-07-31 14:29:19 - [TEST_CASE][PASSED] - Test Cases/LC/Cart: Test Cases/LC/Cart

2023-07-31 14:29:20 - [TEST_STEP][PASSED] - openBrowser(""): Browser is opened with url: ''

2023-07-31 14:29:21 - [MESSAGE][INFO] - Starting 'Chrome' driver

2023-07-31 14:29:21 - [MESSAGE][INFO] - Action delay is set to 0 milliseconds

2023-07-31 14:29:24 - [MESSAGE][PASSED] - Browser is opened with url: ''

2023-07-31 14:29:24 - [TEST_STEP][PASSED] - navigateToUrl("http://localhost:5173/"): Navigate to 'http://localhost:5173/' successfully

2023-07-31 14:29:25 - [MESSAGE][PASSED] - Navigate to 'http://localhost:5173/' successfully

2023-07-31 14:29:25 - [TEST_STEP][PASSED] - maximizeWindow(): Current window maximized

2023-07-31 14:29:26 - [MESSAGE][PASSED] - Current window maximized

2023-07-31 14:29:26 - [TEST_STEP][PASSED] - click(findTestObject("Object Repository/Cart/Page_Vite  React  TS/p_product")): Object: 'Object Repository/Cart/Page_Vite  React  TS/p_product' is clicked on

2023-07-31 14:29:27 - [MESSAGE][PASSED] - Object: 'Object Repository/Cart/Page_Vite  React  TS/p_product' is clicked on

2023-07-31 14:29:27 - [TEST_STEP][PASSED] - setText(findTestObject("Object Repository/Cart/Page_Vite  React  TS/input_The best offer that we offer to the w_af0838"), "Bún"): Text 'Bún' is set on object 'Object Repository/Cart/Page_Vite  React  TS/input_The best offer that we offer to the w_af0838'

2023-07-31 14:29:33 - [MESSAGE][PASSED] - Text 'Bún' is set on object 'Object Repository/Cart/Page_Vite  React  TS/input_The best offer that we offer to the w_af0838'

2023-07-31 14:29:33 - [TEST_STEP][PASSED] - click(findTestObject("Object Repository/Cart/Page_Vite  React  TS/img_by category_chakra-image css-lxd7e7")): Object: 'Object Repository/Cart/Page_Vite  React  TS/img_by category_chakra-image css-lxd7e7' is clicked on

2023-07-31 14:29:37 - [MESSAGE][PASSED] - Object: 'Object Repository/Cart/Page_Vite  React  TS/img_by category_chakra-image css-lxd7e7' is clicked on

2023-07-31 14:29:37 - [TEST_STEP][PASSED] - click(findTestObject("Object Repository/Cart/Page_Vite  React  TS/p_Show more")): Object: 'Object Repository/Cart/Page_Vite  React  TS/p_Show more' is clicked on

2023-07-31 14:29:41 - [MESSAGE][PASSED] - Object: 'Object Repository/Cart/Page_Vite  React  TS/p_Show more' is clicked on

2023-07-31 14:29:41 - [TEST_STEP][PASSED] - click(findTestObject("Object Repository/Cart/Page_Vite  React  TS/p_Pellentesque habitan morbi tristiquePelle_e1746d")): Object: 'Object Repository/Cart/Page_Vite  React  TS/p_Pellentesque habitan morbi tristiquePelle_e1746d' is clicked on

2023-07-31 14:29:42 - [MESSAGE][PASSED] - Object: 'Object Repository/Cart/Page_Vite  React  TS/p_Pellentesque habitan morbi tristiquePelle_e1746d' is clicked on

2023-07-31 14:29:42 - [TEST_STEP][PASSED] - click(findTestObject("Object Repository/Cart/Page_Vite  React  TS/p_Show less")): Object: 'Object Repository/Cart/Page_Vite  React  TS/p_Show less' is clicked on

2023-07-31 14:29:43 - [MESSAGE][PASSED] - Object: 'Object Repository/Cart/Page_Vite  React  TS/p_Show less' is clicked on

2023-07-31 14:29:43 - [TEST_STEP][PASSED] - click(findTestObject("Object Repository/Cart/Page_Vite  React  TS/div_Add to cart_css-148p1cq")): Object: 'Object Repository/Cart/Page_Vite  React  TS/div_Add to cart_css-148p1cq' is clicked on

2023-07-31 14:29:43 - [MESSAGE][PASSED] - Object: 'Object Repository/Cart/Page_Vite  React  TS/div_Add to cart_css-148p1cq' is clicked on

2023-07-31 14:29:43 - [TEST_STEP][PASSED] - setText(findTestObject("Object Repository/Cart/Page_Vite  React  TS/input_Add to cart_chakra-input css-108b1as"), "2345678"): Text '2345678' is set on object 'Object Repository/Cart/Page_Vite  React  TS/input_Add to cart_chakra-input css-108b1as'

2023-07-31 14:29:44 - [MESSAGE][PASSED] - Text '2345678' is set on object 'Object Repository/Cart/Page_Vite  React  TS/input_Add to cart_chakra-input css-108b1as'

2023-07-31 14:29:44 - [TEST_STEP][PASSED] - click(findTestObject("Object Repository/Cart/Page_Vite  React  TS/button_Add to cart")): Object: 'Object Repository/Cart/Page_Vite  React  TS/button_Add to cart' is clicked on

2023-07-31 14:29:45 - [MESSAGE][PASSED] - Object: 'Object Repository/Cart/Page_Vite  React  TS/button_Add to cart' is clicked on

2023-07-31 14:29:45 - [TEST_STEP][PASSED] - verifyElementPresent(findTestObject("Object Repository/Cart/Page_Vite  React  TS/div_You item already in shopping cart"), 0): Object 'Object Repository/Cart/Page_Vite  React  TS/div_You item already in shopping cart' is present

2023-07-31 14:29:45 - [MESSAGE][WARNING] - Timeout '0' is invalid. Using default page load timeout: '30'

2023-07-31 14:29:45 - [MESSAGE][PASSED] - Object 'Object Repository/Cart/Page_Vite  React  TS/div_You item already in shopping cart' is present

2023-07-31 14:29:45 - [TEST_STEP][PASSED] - verifyElementPresent(findTestObject("Object Repository/Cart/Page_Vite  React  TS/div_Successfully"), 0): Object 'Object Repository/Cart/Page_Vite  React  TS/div_Successfully' is present

2023-07-31 14:29:45 - [MESSAGE][WARNING] - Timeout '0' is invalid. Using default page load timeout: '30'

2023-07-31 14:29:45 - [MESSAGE][PASSED] - Object 'Object Repository/Cart/Page_Vite  React  TS/div_Successfully' is present

2023-07-31 14:29:45 - [TEST_STEP][PASSED] - doubleClick(findTestObject("Object Repository/Cart/Page_Vite  React  TS/div_Add to cart_swiper-button-next")): Object: 'Object Repository/Cart/Page_Vite  React  TS/div_Add to cart_swiper-button-next' is double clicked on

2023-07-31 14:29:46 - [MESSAGE][PASSED] - Object: 'Object Repository/Cart/Page_Vite  React  TS/div_Add to cart_swiper-button-next' is double clicked on

2023-07-31 14:29:46 - [TEST_STEP][PASSED] - doubleClick(findTestObject("Object Repository/Cart/Page_Vite  React  TS/div_Add to cart_swiper-button-next")): Object: 'Object Repository/Cart/Page_Vite  React  TS/div_Add to cart_swiper-button-next' is double clicked on

2023-07-31 14:29:46 - [MESSAGE][PASSED] - Object: 'Object Repository/Cart/Page_Vite  React  TS/div_Add to cart_swiper-button-next' is double clicked on

2023-07-31 14:29:46 - [TEST_STEP][PASSED] - click(findTestObject("Object Repository/Cart/Page_Vite  React  TS/div_Add to cart_swiper-button-next")): Object: 'Object Repository/Cart/Page_Vite  React  TS/div_Add to cart_swiper-button-next' is clicked on

2023-07-31 14:29:47 - [MESSAGE][PASSED] - Object: 'Object Repository/Cart/Page_Vite  React  TS/div_Add to cart_swiper-button-next' is clicked on

2023-07-31 14:29:47 - [TEST_STEP][PASSED] - click(findTestObject("Object Repository/Cart/Page_Vite  React  TS/div_Add to cart_swiper-button-next")): Object: 'Object Repository/Cart/Page_Vite  React  TS/div_Add to cart_swiper-button-next' is clicked on

2023-07-31 14:29:47 - [MESSAGE][PASSED] - Object: 'Object Repository/Cart/Page_Vite  React  TS/div_Add to cart_swiper-button-next' is clicked on

2023-07-31 14:29:47 - [TEST_STEP][PASSED] - click(findTestObject("Object Repository/Cart/Page_Vite  React  TS/div_Add to cart_swiper-button-next")): Object: 'Object Repository/Cart/Page_Vite  React  TS/div_Add to cart_swiper-button-next' is clicked on

2023-07-31 14:29:48 - [MESSAGE][PASSED] - Object: 'Object Repository/Cart/Page_Vite  React  TS/div_Add to cart_swiper-button-next' is clicked on

2023-07-31 14:29:48 - [TEST_STEP][PASSED] - click(findTestObject("Object Repository/Cart/Page_Vite  React  TS/div_Add to cart_swiper-button-next")): Object: 'Object Repository/Cart/Page_Vite  React  TS/div_Add to cart_swiper-button-next' is clicked on

2023-07-31 14:29:48 - [MESSAGE][PASSED] - Object: 'Object Repository/Cart/Page_Vite  React  TS/div_Add to cart_swiper-button-next' is clicked on

2023-07-31 14:29:48 - [TEST_STEP][PASSED] - click(findTestObject("Object Repository/Cart/Page_Vite  React  TS/div_Add to cart_swiper-button-next")): Object: 'Object Repository/Cart/Page_Vite  React  TS/div_Add to cart_swiper-button-next' is clicked on

2023-07-31 14:29:49 - [MESSAGE][PASSED] - Object: 'Object Repository/Cart/Page_Vite  React  TS/div_Add to cart_swiper-button-next' is clicked on

2023-07-31 14:29:49 - [TEST_STEP][PASSED] - click(findTestObject("Object Repository/Cart/Page_Vite  React  TS/div_Add to cart_swiper-button-next")): Object: 'Object Repository/Cart/Page_Vite  React  TS/div_Add to cart_swiper-button-next' is clicked on

2023-07-31 14:29:49 - [MESSAGE][PASSED] - Object: 'Object Repository/Cart/Page_Vite  React  TS/div_Add to cart_swiper-button-next' is clicked on

2023-07-31 14:29:49 - [TEST_STEP][PASSED] - click(findTestObject("Object Repository/Cart/Page_Vite  React  TS/button_Reviews")): Object: 'Object Repository/Cart/Page_Vite  React  TS/button_Reviews' is clicked on

2023-07-31 14:29:50 - [MESSAGE][PASSED] - Object: 'Object Repository/Cart/Page_Vite  React  TS/button_Reviews' is clicked on

2023-07-31 14:29:50 - [TEST_STEP][PASSED] - click(findTestObject("Object Repository/Cart/Page_Vite  React  TS/button_Description")): Object: 'Object Repository/Cart/Page_Vite  React  TS/button_Description' is clicked on

2023-07-31 14:29:50 - [MESSAGE][PASSED] - Object: 'Object Repository/Cart/Page_Vite  React  TS/button_Description' is clicked on

2023-07-31 14:29:50 - [TEST_STEP][PASSED] - click(findTestObject("Object Repository/Cart/Page_Vite  React  TS/button_Add to cart")): Object: 'Object Repository/Cart/Page_Vite  React  TS/button_Add to cart' is clicked on

2023-07-31 14:29:51 - [MESSAGE][PASSED] - Object: 'Object Repository/Cart/Page_Vite  React  TS/button_Add to cart' is clicked on

2023-07-31 14:29:51 - [TEST_STEP][PASSED] - click(findTestObject("Object Repository/Cart/Page_Vite  React  TS/svg_Add to cart_chakra-icon css-1ev3uyk")): Object: 'Object Repository/Cart/Page_Vite  React  TS/svg_Add to cart_chakra-icon css-1ev3uyk' is clicked on

2023-07-31 14:29:52 - [MESSAGE][PASSED] - Object: 'Object Repository/Cart/Page_Vite  React  TS/svg_Add to cart_chakra-icon css-1ev3uyk' is clicked on

2023-07-31 14:29:52 - [TEST_STEP][PASSED] - click(findTestObject("Object Repository/Cart/Page_Vite  React  TS/button_bn bn_chakra-button css-1cquxk8")): Object: 'Object Repository/Cart/Page_Vite  React  TS/button_bn bn_chakra-button css-1cquxk8' is clicked on

2023-07-31 14:29:52 - [MESSAGE][PASSED] - Object: 'Object Repository/Cart/Page_Vite  React  TS/button_bn bn_chakra-button css-1cquxk8' is clicked on

2023-07-31 14:29:52 - [TEST_STEP][PASSED] - click(findTestObject("Object Repository/Cart/Page_Vite  React  TS/button_Cancel")): Object: 'Object Repository/Cart/Page_Vite  React  TS/button_Cancel' is clicked on

2023-07-31 14:29:53 - [MESSAGE][PASSED] - Object: 'Object Repository/Cart/Page_Vite  React  TS/button_Cancel' is clicked on

2023-07-31 14:29:53 - [TEST_STEP][PASSED] - setText(findTestObject("Object Repository/Cart/Page_Vite  React  TS/input_bn bn_chakra-input css-1868lrh"), "blackfriday"): Text 'blackfriday' is set on object 'Object Repository/Cart/Page_Vite  React  TS/input_bn bn_chakra-input css-1868lrh'

2023-07-31 14:29:54 - [MESSAGE][PASSED] - Text 'blackfriday' is set on object 'Object Repository/Cart/Page_Vite  React  TS/input_bn bn_chakra-input css-1868lrh'

2023-07-31 14:29:54 - [TEST_STEP][PASSED] - click(findTestObject("Object Repository/Cart/Page_Vite  React  TS/button_apply")): Object: 'Object Repository/Cart/Page_Vite  React  TS/button_apply' is clicked on

2023-07-31 14:29:54 - [MESSAGE][PASSED] - Object: 'Object Repository/Cart/Page_Vite  React  TS/button_apply' is clicked on

2023-07-31 14:29:54 - [TEST_STEP][PASSED] - click(findTestObject("Object Repository/Cart/Page_Vite  React  TS/p_- 1")): Object: 'Object Repository/Cart/Page_Vite  React  TS/p_- 1' is clicked on

2023-07-31 14:29:59 - [MESSAGE][PASSED] - Object: 'Object Repository/Cart/Page_Vite  React  TS/p_- 1' is clicked on

2023-07-31 14:29:59 - [TEST_STEP][PASSED] - click(findTestObject("Object Repository/Cart/Page_Vite  React  TS/svg_apply_chakra-icon css-onkibi")): Object: 'Object Repository/Cart/Page_Vite  React  TS/svg_apply_chakra-icon css-onkibi' is clicked on

2023-07-31 14:30:00 - [MESSAGE][PASSED] - Object: 'Object Repository/Cart/Page_Vite  React  TS/svg_apply_chakra-icon css-onkibi' is clicked on

2023-07-31 14:30:00 - [TEST_STEP][PASSED] - click(findTestObject("Object Repository/Cart/Page_Vite  React  TS/button_bn bn_chakra-button css-1cquxk8")): Object: 'Object Repository/Cart/Page_Vite  React  TS/button_bn bn_chakra-button css-1cquxk8' is clicked on

2023-07-31 14:30:00 - [MESSAGE][PASSED] - Object: 'Object Repository/Cart/Page_Vite  React  TS/button_bn bn_chakra-button css-1cquxk8' is clicked on

2023-07-31 14:30:00 - [TEST_STEP][PASSED] - click(findTestObject("Object Repository/Cart/Page_Vite  React  TS/button_Yes")): Object: 'Object Repository/Cart/Page_Vite  React  TS/button_Yes' is clicked on

2023-07-31 14:30:01 - [MESSAGE][PASSED] - Object: 'Object Repository/Cart/Page_Vite  React  TS/button_Yes' is clicked on

2023-07-31 14:30:01 - [TEST_STEP][PASSED] - click(findTestObject("Object Repository/Cart/Page_Vite  React  TS/button_OK")): Object: 'Object Repository/Cart/Page_Vite  React  TS/button_OK' is clicked on

2023-07-31 14:30:02 - [MESSAGE][PASSED] - Object: 'Object Repository/Cart/Page_Vite  React  TS/button_OK' is clicked on

2023-07-31 14:30:02 - [TEST_STEP][PASSED] - click(findTestObject("Object Repository/Cart/Page_Vite  React  TS/button_Back to shop")): Object: 'Object Repository/Cart/Page_Vite  React  TS/button_Back to shop' is clicked on

2023-07-31 14:30:03 - [MESSAGE][PASSED] - Object: 'Object Repository/Cart/Page_Vite  React  TS/button_Back to shop' is clicked on

2023-07-31 14:30:03 - [TEST_STEP][PASSED] - click(findTestObject("Object Repository/Cart/Page_Vite  React  TS/button_Buy now")): Object: 'Object Repository/Cart/Page_Vite  React  TS/button_Buy now' is clicked on

2023-07-31 14:30:06 - [MESSAGE][PASSED] - Object: 'Object Repository/Cart/Page_Vite  React  TS/button_Buy now' is clicked on

2023-07-31 14:30:06 - [TEST_STEP][PASSED] - click(findTestObject("Object Repository/Cart/Page_Vite  React  TS/button_Proceed to Checkout")): Object: 'Object Repository/Cart/Page_Vite  React  TS/button_Proceed to Checkout' is clicked on

2023-07-31 14:30:07 - [MESSAGE][PASSED] - Object: 'Object Repository/Cart/Page_Vite  React  TS/button_Proceed to Checkout' is clicked on

2023-07-31 14:30:07 - [TEST_STEP][PASSED] - click(findTestObject("Object Repository/Cart/Page_Vite  React  TS/button_23")): Object: 'Object Repository/Cart/Page_Vite  React  TS/button_23' is clicked on

2023-07-31 14:30:10 - [MESSAGE][PASSED] - Object: 'Object Repository/Cart/Page_Vite  React  TS/button_23' is clicked on

2023-07-31 14:30:10 - [TEST_STEP][PASSED] - selectOptionByValue(findTestObject("Object Repository/Cart/Page_Vite  React  TS/select_all NgtKh"), "15", true): All options with value '15' are selected in object 'Object Repository/Cart/Page_Vite  React  TS/select_all NgtKh'  using regular expression

2023-07-31 14:30:14 - [MESSAGE][PASSED] - All options with value '15' are selected in object 'Object Repository/Cart/Page_Vite  React  TS/select_all NgtKh'  using regular expression

2023-07-31 14:30:14 - [TEST_STEP][PASSED] - click(findTestObject("Object Repository/Cart/Page_Vite  React  TS/img_Banh khoai deo_chakra-image css-lxd7e7")): Object: 'Object Repository/Cart/Page_Vite  React  TS/img_Banh khoai deo_chakra-image css-lxd7e7' is clicked on

2023-07-31 14:30:18 - [MESSAGE][PASSED] - Object: 'Object Repository/Cart/Page_Vite  React  TS/img_Banh khoai deo_chakra-image css-lxd7e7' is clicked on

2023-07-31 14:30:18 - [TEST_STEP][PASSED] - click(findTestObject("Object Repository/Cart/Page_Vite  React  TS/button_Buy now")): Object: 'Object Repository/Cart/Page_Vite  React  TS/button_Buy now' is clicked on

2023-07-31 14:30:22 - [MESSAGE][PASSED] - Object: 'Object Repository/Cart/Page_Vite  React  TS/button_Buy now' is clicked on

2023-07-31 14:30:22 - [TEST_STEP][PASSED] - setText(findTestObject("Object Repository/Cart/Page_Vite  React  TS/input_bn bn_chakra-input css-1868lrh"), "eetyu"): Text 'eetyu' is set on object 'Object Repository/Cart/Page_Vite  React  TS/input_bn bn_chakra-input css-1868lrh'

2023-07-31 14:30:23 - [MESSAGE][PASSED] - Text 'eetyu' is set on object 'Object Repository/Cart/Page_Vite  React  TS/input_bn bn_chakra-input css-1868lrh'

2023-07-31 14:30:23 - [TEST_STEP][PASSED] - click(findTestObject("Object Repository/Cart/Page_Vite  React  TS/button_apply")): Object: 'Object Repository/Cart/Page_Vite  React  TS/button_apply' is clicked on

2023-07-31 14:30:23 - [MESSAGE][PASSED] - Object: 'Object Repository/Cart/Page_Vite  React  TS/button_apply' is clicked on

2023-07-31 14:30:23 - [TEST_STEP][PASSED] - verifyElementPresent(findTestObject("Object Repository/Cart/Page_Vite  React  TS/p_Your coupon is invalid"), 0): Object 'Object Repository/Cart/Page_Vite  React  TS/p_Your coupon is invalid' is present

2023-07-31 14:30:23 - [MESSAGE][WARNING] - Timeout '0' is invalid. Using default page load timeout: '30'

2023-07-31 14:30:27 - [MESSAGE][PASSED] - Object 'Object Repository/Cart/Page_Vite  React  TS/p_Your coupon is invalid' is present

2023-07-31 14:30:27 - [TEST_STEP][PASSED] - click(findTestObject("Object Repository/Cart/Page_Vite  React  TS/div_homeproductabout uscontact0Shopping car_242c25")): Object: 'Object Repository/Cart/Page_Vite  React  TS/div_homeproductabout uscontact0Shopping car_242c25' is clicked on

2023-07-31 14:30:27 - [MESSAGE][PASSED] - Object: 'Object Repository/Cart/Page_Vite  React  TS/div_homeproductabout uscontact0Shopping car_242c25' is clicked on

2023-07-31 14:30:27 - [TEST_STEP][PASSED] - setText(findTestObject("Object Repository/Cart/Page_Vite  React  TS/input_bn bn_chakra-input css-1868lrh"), "tyuioghjkl"): Text 'tyuioghjkl' is set on object 'Object Repository/Cart/Page_Vite  React  TS/input_bn bn_chakra-input css-1868lrh'

2023-07-31 14:30:29 - [MESSAGE][PASSED] - Text 'tyuioghjkl' is set on object 'Object Repository/Cart/Page_Vite  React  TS/input_bn bn_chakra-input css-1868lrh'

2023-07-31 14:30:29 - [TEST_STEP][PASSED] - click(findTestObject("Object Repository/Cart/Page_Vite  React  TS/div_homeproductabout uscontact0Shopping car_242c25")): Object: 'Object Repository/Cart/Page_Vite  React  TS/div_homeproductabout uscontact0Shopping car_242c25' is clicked on

2023-07-31 14:30:29 - [MESSAGE][PASSED] - Object: 'Object Repository/Cart/Page_Vite  React  TS/div_homeproductabout uscontact0Shopping car_242c25' is clicked on

2023-07-31 14:30:29 - [TEST_STEP][PASSED] - setText(findTestObject("Object Repository/Cart/Page_Vite  React  TS/input_bn bn_chakra-input css-1868lrh"), "blackfriday"): Text 'blackfriday' is set on object 'Object Repository/Cart/Page_Vite  React  TS/input_bn bn_chakra-input css-1868lrh'

2023-07-31 14:30:30 - [MESSAGE][PASSED] - Text 'blackfriday' is set on object 'Object Repository/Cart/Page_Vite  React  TS/input_bn bn_chakra-input css-1868lrh'

2023-07-31 14:30:30 - [TEST_STEP][PASSED] - click(findTestObject("Object Repository/Cart/Page_Vite  React  TS/button_apply")): Object: 'Object Repository/Cart/Page_Vite  React  TS/button_apply' is clicked on

2023-07-31 14:30:30 - [MESSAGE][PASSED] - Object: 'Object Repository/Cart/Page_Vite  React  TS/button_apply' is clicked on

2023-07-31 14:30:30 - [TEST_STEP][PASSED] - click(findTestObject("Object Repository/Cart/Page_Vite  React  TS/button_Clean Cart")): Object: 'Object Repository/Cart/Page_Vite  React  TS/button_Clean Cart' is clicked on

2023-07-31 14:30:34 - [MESSAGE][PASSED] - Object: 'Object Repository/Cart/Page_Vite  React  TS/button_Clean Cart' is clicked on

2023-07-31 14:30:34 - [TEST_STEP][PASSED] - click(findTestObject("Object Repository/Cart/Page_Vite  React  TS/button_Yes")): Object: 'Object Repository/Cart/Page_Vite  React  TS/button_Yes' is clicked on

2023-07-31 14:30:35 - [MESSAGE][PASSED] - Object: 'Object Repository/Cart/Page_Vite  React  TS/button_Yes' is clicked on

2023-07-31 14:30:35 - [TEST_STEP][PASSED] - click(findTestObject("Object Repository/Cart/Page_Vite  React  TS/button_OK")): Object: 'Object Repository/Cart/Page_Vite  React  TS/button_OK' is clicked on

2023-07-31 14:30:35 - [MESSAGE][PASSED] - Object: 'Object Repository/Cart/Page_Vite  React  TS/button_OK' is clicked on

2023-07-31 14:30:35 - [TEST_STEP][PASSED] - closeBrowser(): Browser is closed

2023-07-31 14:30:36 - [MESSAGE][PASSED] - Browser is closed]]></system-out>
         <system-err><![CDATA[]]></system-err>
      </testcase>
      <testcase name="Test Cases/LC/Filter" time="37.699" classname="Test Cases/LC/Filter" status="PASSED">
         <system-out><![CDATA[2023-07-31 14:30:36 - [TEST_CASE][PASSED] - Test Cases/LC/Filter: Test Cases/LC/Filter

2023-07-31 14:30:36 - [TEST_STEP][PASSED] - openBrowser(""): Browser is opened with url: ''

2023-07-31 14:30:36 - [MESSAGE][INFO] - Starting 'Chrome' driver

2023-07-31 14:30:36 - [MESSAGE][INFO] - Action delay is set to 0 milliseconds

2023-07-31 14:30:38 - [MESSAGE][PASSED] - Browser is opened with url: ''

2023-07-31 14:30:38 - [TEST_STEP][PASSED] - navigateToUrl("http://localhost:5173/"): Navigate to 'http://localhost:5173/' successfully

2023-07-31 14:30:40 - [MESSAGE][PASSED] - Navigate to 'http://localhost:5173/' successfully

2023-07-31 14:30:40 - [TEST_STEP][PASSED] - maximizeWindow(): Current window maximized

2023-07-31 14:30:40 - [MESSAGE][PASSED] - Current window maximized

2023-07-31 14:30:40 - [TEST_STEP][PASSED] - click(findTestObject("Filter/Page_Vite  React  TS/p_product")): Object: 'Object Repository/Filter/Page_Vite  React  TS/p_product' is clicked on

2023-07-31 14:30:41 - [MESSAGE][PASSED] - Object: 'Object Repository/Filter/Page_Vite  React  TS/p_product' is clicked on

2023-07-31 14:30:41 - [TEST_STEP][PASSED] - delay(8): Delayed 8 second(s)

2023-07-31 14:30:49 - [MESSAGE][PASSED] - Delayed 8 second(s)

2023-07-31 14:30:49 - [TEST_STEP][PASSED] - dragAndDropToObject(findTestObject("Filter/Page_Vite  React  TS/div_by price_example-track example-track-1"), findTestObject("Filter/Page_Vite  React  TS/div_by price_example-thumb example-thumb-0 active")): Dragged object with id 'Object Repository/Filter/Page_Vite  React  TS/div_by price_example-track example-track-1' to object with id 'TestObject - 'Object Repository/Filter/Page_Vite  React  TS/div_by price_example-thumb example-thumb-0 active'' successfully

2023-07-31 14:30:51 - [MESSAGE][PASSED] - Dragged object with id 'Object Repository/Filter/Page_Vite  React  TS/div_by price_example-track example-track-1' to object with id 'TestObject - 'Object Repository/Filter/Page_Vite  React  TS/div_by price_example-thumb example-thumb-0 active'' successfully

2023-07-31 14:30:51 - [TEST_STEP][PASSED] - selectOptionByValue(findTestObject("Object Repository/Filter/Page_Vite  React  TS/select_allKhMinhhonag (1)"), "20", true): All options with value '20' are selected in object 'Object Repository/Filter/Page_Vite  React  TS/select_allKhMinhhonag (1)'  using regular expression

2023-07-31 14:30:55 - [MESSAGE][PASSED] - All options with value '20' are selected in object 'Object Repository/Filter/Page_Vite  React  TS/select_allKhMinhhonag (1)'  using regular expression

2023-07-31 14:30:55 - [TEST_STEP][PASSED] - delay(8): Delayed 8 second(s)

2023-07-31 14:31:03 - [MESSAGE][PASSED] - Delayed 8 second(s)

2023-07-31 14:31:03 - [TEST_STEP][PASSED] - verifyElementText(findTestObject("Object Repository/Filter/Page_Vite  React  TS/p_There is no result found"), "There is no result found"): Actual text and expected text of test object 'Object Repository/Filter/Page_Vite  React  TS/p_There is no result found' are matched.

2023-07-31 14:31:04 - [MESSAGE][PASSED] - Actual text and expected text of test object 'Object Repository/Filter/Page_Vite  React  TS/p_There is no result found' are matched.

2023-07-31 14:31:04 - [TEST_STEP][PASSED] - selectOptionByValue(findTestObject("Object Repository/Filter/Page_Vite  React  TS/select_allKhMinhhonag (1)"), "15", true): All options with value '15' are selected in object 'Object Repository/Filter/Page_Vite  React  TS/select_allKhMinhhonag (1)'  using regular expression

2023-07-31 14:31:05 - [MESSAGE][PASSED] - All options with value '15' are selected in object 'Object Repository/Filter/Page_Vite  React  TS/select_allKhMinhhonag (1)'  using regular expression

2023-07-31 14:31:05 - [TEST_STEP][PASSED] - delay(8): Delayed 8 second(s)

2023-07-31 14:31:13 - [MESSAGE][PASSED] - Delayed 8 second(s)

2023-07-31 14:31:13 - [TEST_STEP][PASSED] - closeBrowser(): Browser is closed

2023-07-31 14:31:14 - [MESSAGE][PASSED] - Browser is closed]]></system-out>
         <system-err><![CDATA[]]></system-err>
      </testcase>
      <testcase name="Test Cases/LC/Searching" time="56.646" classname="Test Cases/LC/Searching" status="PASSED">
         <system-out><![CDATA[2023-07-31 14:31:14 - [TEST_CASE][PASSED] - Test Cases/LC/Searching: Test Cases/LC/Searching

2023-07-31 14:31:14 - [TEST_STEP][PASSED] - openBrowser(""): Browser is opened with url: ''

2023-07-31 14:31:14 - [MESSAGE][INFO] - Starting 'Chrome' driver

2023-07-31 14:31:14 - [MESSAGE][INFO] - Action delay is set to 0 milliseconds

2023-07-31 14:31:16 - [MESSAGE][PASSED] - Browser is opened with url: ''

2023-07-31 14:31:16 - [TEST_STEP][PASSED] - navigateToUrl("http://localhost:5173/"): Navigate to 'http://localhost:5173/' successfully

2023-07-31 14:31:17 - [MESSAGE][PASSED] - Navigate to 'http://localhost:5173/' successfully

2023-07-31 14:31:17 - [TEST_STEP][PASSED] - maximizeWindow(): Current window maximized

2023-07-31 14:31:18 - [MESSAGE][PASSED] - Current window maximized

2023-07-31 14:31:18 - [TEST_STEP][PASSED] - click(findTestObject("Object Repository/Searching/Page_Vite  React  TS/p_product")): Object: 'Object Repository/Searching/Page_Vite  React  TS/p_product' is clicked on

2023-07-31 14:31:18 - [MESSAGE][PASSED] - Object: 'Object Repository/Searching/Page_Vite  React  TS/p_product' is clicked on

2023-07-31 14:31:18 - [TEST_STEP][PASSED] - setText(findTestObject("Object Repository/Searching/Page_Vite  React  TS/input_The best offer that we offer to the w_af0838"), "Bún"): Text 'Bún' is set on object 'Object Repository/Searching/Page_Vite  React  TS/input_The best offer that we offer to the w_af0838'

2023-07-31 14:31:23 - [MESSAGE][PASSED] - Text 'Bún' is set on object 'Object Repository/Searching/Page_Vite  React  TS/input_The best offer that we offer to the w_af0838'

2023-07-31 14:31:23 - [TEST_STEP][PASSED] - click(findTestObject("Object Repository/Searching/Page_Vite  React  TS/div_Local specialtys areasThe best offer th_96ccf5")): Object: 'Object Repository/Searching/Page_Vite  React  TS/div_Local specialtys areasThe best offer th_96ccf5' is clicked on

2023-07-31 14:31:24 - [MESSAGE][PASSED] - Object: 'Object Repository/Searching/Page_Vite  React  TS/div_Local specialtys areasThe best offer th_96ccf5' is clicked on

2023-07-31 14:31:24 - [TEST_STEP][PASSED] - click(findTestObject("Object Repository/Searching/Page_Vite  React  TS/img_by category_chakra-image css-lxd7e7")): Object: 'Object Repository/Searching/Page_Vite  React  TS/img_by category_chakra-image css-lxd7e7' is clicked on

2023-07-31 14:31:27 - [MESSAGE][PASSED] - Object: 'Object Repository/Searching/Page_Vite  React  TS/img_by category_chakra-image css-lxd7e7' is clicked on

2023-07-31 14:31:27 - [TEST_STEP][PASSED] - click(findTestObject("Object Repository/Searching/Page_Vite  React  TS/button_Reviews")): Object: 'Object Repository/Searching/Page_Vite  React  TS/button_Reviews' is clicked on

2023-07-31 14:31:31 - [MESSAGE][PASSED] - Object: 'Object Repository/Searching/Page_Vite  React  TS/button_Reviews' is clicked on

2023-07-31 14:31:31 - [TEST_STEP][PASSED] - click(findTestObject("Object Repository/Searching/Page_Vite  React  TS/button_Description")): Object: 'Object Repository/Searching/Page_Vite  React  TS/button_Description' is clicked on

2023-07-31 14:31:32 - [MESSAGE][PASSED] - Object: 'Object Repository/Searching/Page_Vite  React  TS/button_Description' is clicked on

2023-07-31 14:31:32 - [TEST_STEP][PASSED] - click(findTestObject("Object Repository/Searching/Page_Vite  React  TS/button_Reviews")): Object: 'Object Repository/Searching/Page_Vite  React  TS/button_Reviews' is clicked on

2023-07-31 14:31:32 - [MESSAGE][PASSED] - Object: 'Object Repository/Searching/Page_Vite  React  TS/button_Reviews' is clicked on

2023-07-31 14:31:32 - [TEST_STEP][PASSED] - click(findTestObject("Object Repository/Searching/Page_Vite  React  TS/div_Add to cart_swiper-button-next")): Object: 'Object Repository/Searching/Page_Vite  React  TS/div_Add to cart_swiper-button-next' is clicked on

2023-07-31 14:31:33 - [MESSAGE][PASSED] - Object: 'Object Repository/Searching/Page_Vite  React  TS/div_Add to cart_swiper-button-next' is clicked on

2023-07-31 14:31:33 - [TEST_STEP][PASSED] - doubleClick(findTestObject("Object Repository/Searching/Page_Vite  React  TS/div_Add to cart_swiper-button-next")): Object: 'Object Repository/Searching/Page_Vite  React  TS/div_Add to cart_swiper-button-next' is double clicked on

2023-07-31 14:31:33 - [MESSAGE][PASSED] - Object: 'Object Repository/Searching/Page_Vite  React  TS/div_Add to cart_swiper-button-next' is double clicked on

2023-07-31 14:31:33 - [TEST_STEP][PASSED] - click(findTestObject("Object Repository/Searching/Page_Vite  React  TS/div_Add to cart_swiper-button-next")): Object: 'Object Repository/Searching/Page_Vite  React  TS/div_Add to cart_swiper-button-next' is clicked on

2023-07-31 14:31:34 - [MESSAGE][PASSED] - Object: 'Object Repository/Searching/Page_Vite  React  TS/div_Add to cart_swiper-button-next' is clicked on

2023-07-31 14:31:34 - [TEST_STEP][PASSED] - click(findTestObject("Object Repository/Searching/Page_Vite  React  TS/div_Add to cart_swiper-button-next")): Object: 'Object Repository/Searching/Page_Vite  React  TS/div_Add to cart_swiper-button-next' is clicked on

2023-07-31 14:31:34 - [MESSAGE][PASSED] - Object: 'Object Repository/Searching/Page_Vite  React  TS/div_Add to cart_swiper-button-next' is clicked on

2023-07-31 14:31:34 - [TEST_STEP][PASSED] - click(findTestObject("Object Repository/Searching/Page_Vite  React  TS/p_Show more")): Object: 'Object Repository/Searching/Page_Vite  React  TS/p_Show more' is clicked on

2023-07-31 14:31:34 - [MESSAGE][PASSED] - Object: 'Object Repository/Searching/Page_Vite  React  TS/p_Show more' is clicked on

2023-07-31 14:31:34 - [TEST_STEP][PASSED] - click(findTestObject("Object Repository/Searching/Page_Vite  React  TS/p_Show less")): Object: 'Object Repository/Searching/Page_Vite  React  TS/p_Show less' is clicked on

2023-07-31 14:31:35 - [MESSAGE][PASSED] - Object: 'Object Repository/Searching/Page_Vite  React  TS/p_Show less' is clicked on

2023-07-31 14:31:35 - [TEST_STEP][PASSED] - click(findTestObject("Object Repository/Searching/Page_Vite  React  TS/svg_Add to cart_chakra-icon css-a7mwtc")): Object: 'Object Repository/Searching/Page_Vite  React  TS/svg_Add to cart_chakra-icon css-a7mwtc' is clicked on

2023-07-31 14:31:35 - [MESSAGE][PASSED] - Object: 'Object Repository/Searching/Page_Vite  React  TS/svg_Add to cart_chakra-icon css-a7mwtc' is clicked on

2023-07-31 14:31:35 - [TEST_STEP][PASSED] - setText(findTestObject("Object Repository/Searching/Page_Vite  React  TS/input_Add to cart_chakra-input css-108b1as"), "23456789"): Text '23456789' is set on object 'Object Repository/Searching/Page_Vite  React  TS/input_Add to cart_chakra-input css-108b1as'

2023-07-31 14:31:36 - [MESSAGE][PASSED] - Text '23456789' is set on object 'Object Repository/Searching/Page_Vite  React  TS/input_Add to cart_chakra-input css-108b1as'

2023-07-31 14:31:36 - [TEST_STEP][PASSED] - click(findTestObject("Object Repository/Searching/Page_Vite  React  TS/button_Add to cart")): Object: 'Object Repository/Searching/Page_Vite  React  TS/button_Add to cart' is clicked on

2023-07-31 14:31:37 - [MESSAGE][PASSED] - Object: 'Object Repository/Searching/Page_Vite  React  TS/button_Add to cart' is clicked on

2023-07-31 14:31:37 - [TEST_STEP][PASSED] - verifyElementPresent(findTestObject("Object Repository/Searching/Page_Vite  React  TS/div_You item already in shopping cart"), 0): Object 'Object Repository/Searching/Page_Vite  React  TS/div_You item already in shopping cart' is present

2023-07-31 14:31:37 - [MESSAGE][WARNING] - Timeout '0' is invalid. Using default page load timeout: '30'

2023-07-31 14:31:37 - [MESSAGE][PASSED] - Object 'Object Repository/Searching/Page_Vite  React  TS/div_You item already in shopping cart' is present

2023-07-31 14:31:37 - [TEST_STEP][PASSED] - verifyElementPresent(findTestObject("Object Repository/Searching/Page_Vite  React  TS/div_Successfully"), 0): Object 'Object Repository/Searching/Page_Vite  React  TS/div_Successfully' is present

2023-07-31 14:31:37 - [MESSAGE][WARNING] - Timeout '0' is invalid. Using default page load timeout: '30'

2023-07-31 14:31:38 - [MESSAGE][PASSED] - Object 'Object Repository/Searching/Page_Vite  React  TS/div_Successfully' is present

2023-07-31 14:31:38 - [TEST_STEP][PASSED] - click(findTestObject("Object Repository/Searching/Page_Vite  React  TS/p_product")): Object: 'Object Repository/Searching/Page_Vite  React  TS/p_product' is clicked on

2023-07-31 14:31:39 - [MESSAGE][PASSED] - Object: 'Object Repository/Searching/Page_Vite  React  TS/p_product' is clicked on

2023-07-31 14:31:39 - [TEST_STEP][PASSED] - setText(findTestObject("Object Repository/Searching/Page_Vite  React  TS/input_The best offer that we offer to the w_af0838"), "Bánh tráng 73"): Text 'Bánh tráng 73' is set on object 'Object Repository/Searching/Page_Vite  React  TS/input_The best offer that we offer to the w_af0838'

2023-07-31 14:31:43 - [MESSAGE][PASSED] - Text 'Bánh tráng 73' is set on object 'Object Repository/Searching/Page_Vite  React  TS/input_The best offer that we offer to the w_af0838'

2023-07-31 14:31:43 - [TEST_STEP][PASSED] - verifyElementText(findTestObject("Object Repository/Searching/Page_Vite  React  TS/p_There is no result found with keyword Bnh_3d0075"), "There is no result found with keyword: Bánh tráng 73"): Actual text and expected text of test object 'Object Repository/Searching/Page_Vite  React  TS/p_There is no result found with keyword Bnh_3d0075' are matched.

2023-07-31 14:31:47 - [MESSAGE][PASSED] - Actual text and expected text of test object 'Object Repository/Searching/Page_Vite  React  TS/p_There is no result found with keyword Bnh_3d0075' are matched.

2023-07-31 14:31:47 - [TEST_STEP][PASSED] - click(findTestObject("Object Repository/Searching/Page_Vite  React  TS/div_The best offer that we offer to the wor_ba291f")): Object: 'Object Repository/Searching/Page_Vite  React  TS/div_The best offer that we offer to the wor_ba291f' is clicked on

2023-07-31 14:31:47 - [MESSAGE][PASSED] - Object: 'Object Repository/Searching/Page_Vite  React  TS/div_The best offer that we offer to the wor_ba291f' is clicked on

2023-07-31 14:31:47 - [TEST_STEP][PASSED] - setText(findTestObject("Object Repository/Searching/Page_Vite  React  TS/input_The best offer that we offer to the w_af0838"), "@#$%^&*()"): Text '@#$%^&*()' is set on object 'Object Repository/Searching/Page_Vite  React  TS/input_The best offer that we offer to the w_af0838'

2023-07-31 14:31:48 - [MESSAGE][PASSED] - Text '@#$%^&*()' is set on object 'Object Repository/Searching/Page_Vite  React  TS/input_The best offer that we offer to the w_af0838'

2023-07-31 14:31:48 - [TEST_STEP][PASSED] - click(findTestObject("Object Repository/Searching/Page_Vite  React  TS/div_Local specialtys areasThe best offer th_96ccf5")): Object: 'Object Repository/Searching/Page_Vite  React  TS/div_Local specialtys areasThe best offer th_96ccf5' is clicked on

2023-07-31 14:31:49 - [MESSAGE][PASSED] - Object: 'Object Repository/Searching/Page_Vite  React  TS/div_Local specialtys areasThe best offer th_96ccf5' is clicked on

2023-07-31 14:31:49 - [TEST_STEP][PASSED] - verifyElementText(findTestObject("Object Repository/Searching/Page_Vite  React  TS/p_There is no result found with keyword ()"), "There is no result found with keyword: @#$%^&*()"): Actual text and expected text of test object 'Object Repository/Searching/Page_Vite  React  TS/p_There is no result found with keyword ()' are matched.

2023-07-31 14:31:52 - [MESSAGE][PASSED] - Actual text and expected text of test object 'Object Repository/Searching/Page_Vite  React  TS/p_There is no result found with keyword ()' are matched.

2023-07-31 14:31:52 - [TEST_STEP][PASSED] - setText(findTestObject("Object Repository/Searching/Page_Vite  React  TS/input_The best offer that we offer to the w_af0838"), "34567890"): Text '34567890' is set on object 'Object Repository/Searching/Page_Vite  React  TS/input_The best offer that we offer to the w_af0838'

2023-07-31 14:31:53 - [MESSAGE][PASSED] - Text '34567890' is set on object 'Object Repository/Searching/Page_Vite  React  TS/input_The best offer that we offer to the w_af0838'

2023-07-31 14:31:53 - [TEST_STEP][PASSED] - verifyElementText(findTestObject("Object Repository/Searching/Page_Vite  React  TS/p_There is no result found with keyword 34567890"), "There is no result found with keyword: 34567890"): Actual text and expected text of test object 'Object Repository/Searching/Page_Vite  React  TS/p_There is no result found with keyword 34567890' are matched.

2023-07-31 14:31:56 - [MESSAGE][PASSED] - Actual text and expected text of test object 'Object Repository/Searching/Page_Vite  React  TS/p_There is no result found with keyword 34567890' are matched.

2023-07-31 14:31:56 - [TEST_STEP][PASSED] - click(findTestObject("Object Repository/Searching/Page_Vite  React  TS/div_Local specialtys areasThe best offer th_e97193")): Object: 'Object Repository/Searching/Page_Vite  React  TS/div_Local specialtys areasThe best offer th_e97193' is clicked on

2023-07-31 14:31:57 - [MESSAGE][PASSED] - Object: 'Object Repository/Searching/Page_Vite  React  TS/div_Local specialtys areasThe best offer th_e97193' is clicked on

2023-07-31 14:31:57 - [TEST_STEP][PASSED] - setText(findTestObject("Object Repository/Searching/Page_Vite  React  TS/input_The best offer that we offer to the w_af0838"), " Soaked the sticky rice overnight, then drain and shake with salt.  - Soak crushed mung beans in water for 2-4 hours, wash away the husks, cook,  grind, and shape them into fist-sized balls  - Cut the pork into squares and season them with salt, pepper, and minced onion.  - Place dong leaves on a flat surface; put a small bowl portion of rice on it, sprinkle on half of a mong bean ball, place 2 pork squares in the middle, sprinkle on the other half of the mung bean ball, and cover with another small bowl portion of rice. Fold the leaves over, wrap the cake into a square shape, and tie it with bamboo strings.  - Place cakes in a pot padded with dong leaf stalks, pour in enough water to submerge the cakes, and boil on high heat. As the water boils off, add enough to keep the cakes submerged. Boil continuously for 12 hours. After the cakes are taken from the pot, press them to remove excess water. Soaked the sticky rice overnight, then drain and shake with salt.  - Soak crushed mung beans in water for 2-4 hours, wash away the husks, cook,  grind, and shape them into fist-sized balls  - Cut the pork into squares and season them with salt, pepper, and minced onion.  - Place dong leaves on a flat surface; put a small bowl portion of rice on it, sprinkle on half of a mong bean ball, place 2 pork squares in the middle, sprinkle on the other half of the mung bean ball, and cover with another small bowl portion of rice. Fold the leaves over, wrap the cake into a square shape, and tie it with bamboo strings.  - Place cakes in a pot padded with dong leaf stalks, pour in enough water to submerge the cakes, and boil on high heat. As the water boils off, add enough to keep the cakes submerged. Boil continuously for 12 hours. After the cakes are taken from the pot, press them to remove excess water."): Text ' Soaked the sticky rice overnight, then drain and shake with salt.  - Soak crushed mung beans in water for 2-4 hours, wash away the husks, cook,  grind, and shape them into fist-sized balls  - Cut the pork into squares and season them with salt, pepper, and minced onion.  - Place dong leaves on a flat surface; put a small bowl portion of rice on it, sprinkle on half of a mong bean ball, place 2 pork squares in the middle, sprinkle on the other half of the mung bean ball, and cover with another small bowl portion of rice. Fold the leaves over, wrap the cake into a square shape, and tie it with bamboo strings.  - Place cakes in a pot padded with dong leaf stalks, pour in enough water to submerge the cakes, and boil on high heat. As the water boils off, add enough to keep the cakes submerged. Boil continuously for 12 hours. After the cakes are taken from the pot, press them to remove excess water. Soaked the sticky rice overnight, then drain and shake with salt.  - Soak crushed mung beans in water for 2-4 hours, wash away the husks, cook,  grind, and shape them into fist-sized balls  - Cut the pork into squares and season them with salt, pepper, and minced onion.  - Place dong leaves on a flat surface; put a small bowl portion of rice on it, sprinkle on half of a mong bean ball, place 2 pork squares in the middle, sprinkle on the other half of the mung bean ball, and cover with another small bowl portion of rice. Fold the leaves over, wrap the cake into a square shape, and tie it with bamboo strings.  - Place cakes in a pot padded with dong leaf stalks, pour in enough water to submerge the cakes, and boil on high heat. As the water boils off, add enough to keep the cakes submerged. Boil continuously for 12 hours. After the cakes are taken from the pot, press them to remove excess water.' is set on object 'Object Repository/Searching/Page_Vite  React  TS/input_The best offer that we offer to the w_af0838'

2023-07-31 14:32:00 - [MESSAGE][PASSED] - Text ' Soaked the sticky rice overnight, then drain and shake with salt.  - Soak crushed mung beans in water for 2-4 hours, wash away the husks, cook,  grind, and shape them into fist-sized balls  - Cut the pork into squares and season them with salt, pepper, and minced onion.  - Place dong leaves on a flat surface; put a small bowl portion of rice on it, sprinkle on half of a mong bean ball, place 2 pork squares in the middle, sprinkle on the other half of the mung bean ball, and cover with another small bowl portion of rice. Fold the leaves over, wrap the cake into a square shape, and tie it with bamboo strings.  - Place cakes in a pot padded with dong leaf stalks, pour in enough water to submerge the cakes, and boil on high heat. As the water boils off, add enough to keep the cakes submerged. Boil continuously for 12 hours. After the cakes are taken from the pot, press them to remove excess water. Soaked the sticky rice overnight, then drain and shake with salt.  - Soak crushed mung beans in water for 2-4 hours, wash away the husks, cook,  grind, and shape them into fist-sized balls  - Cut the pork into squares and season them with salt, pepper, and minced onion.  - Place dong leaves on a flat surface; put a small bowl portion of rice on it, sprinkle on half of a mong bean ball, place 2 pork squares in the middle, sprinkle on the other half of the mung bean ball, and cover with another small bowl portion of rice. Fold the leaves over, wrap the cake into a square shape, and tie it with bamboo strings.  - Place cakes in a pot padded with dong leaf stalks, pour in enough water to submerge the cakes, and boil on high heat. As the water boils off, add enough to keep the cakes submerged. Boil continuously for 12 hours. After the cakes are taken from the pot, press them to remove excess water.' is set on object 'Object Repository/Searching/Page_Vite  React  TS/input_The best offer that we offer to the w_af0838'

2023-07-31 14:32:00 - [TEST_STEP][PASSED] - verifyElementText(findTestObject("Object Repository/Searching/Page_Vite  React  TS/p_Too many characters, Enter major again"), "Too many characters, Enter major again"): Actual text and expected text of test object 'Object Repository/Searching/Page_Vite  React  TS/p_Too many characters, Enter major again' are matched.

2023-07-31 14:32:01 - [MESSAGE][PASSED] - Actual text and expected text of test object 'Object Repository/Searching/Page_Vite  React  TS/p_Too many characters, Enter major again' are matched.

2023-07-31 14:32:01 - [TEST_STEP][PASSED] - setText(findTestObject("Object Repository/Searching/Page_Vite  React  TS/input_The best offer that we offer to the w_af0838"), "' or 1=1--"): Text '' or 1=1--' is set on object 'Object Repository/Searching/Page_Vite  React  TS/input_The best offer that we offer to the w_af0838'

2023-07-31 14:32:02 - [MESSAGE][PASSED] - Text '' or 1=1--' is set on object 'Object Repository/Searching/Page_Vite  React  TS/input_The best offer that we offer to the w_af0838'

2023-07-31 14:32:02 - [TEST_STEP][PASSED] - click(findTestObject("Object Repository/Searching/Page_Vite  React  TS/div_Local specialtys areasThe best offer th_d9771b")): Object: 'Object Repository/Searching/Page_Vite  React  TS/div_Local specialtys areasThe best offer th_d9771b' is clicked on

2023-07-31 14:32:03 - [MESSAGE][PASSED] - Object: 'Object Repository/Searching/Page_Vite  React  TS/div_Local specialtys areasThe best offer th_d9771b' is clicked on

2023-07-31 14:32:03 - [TEST_STEP][PASSED] - verifyElementText(findTestObject("Object Repository/Searching/Page_Vite  React  TS/p_There is no result found with keyword  or 11--"), "There is no result found with keyword: ' or 1=1--"): Actual text and expected text of test object 'Object Repository/Searching/Page_Vite  React  TS/p_There is no result found with keyword  or 11--' are matched.

2023-07-31 14:32:07 - [MESSAGE][PASSED] - Actual text and expected text of test object 'Object Repository/Searching/Page_Vite  React  TS/p_There is no result found with keyword  or 11--' are matched.

2023-07-31 14:32:07 - [TEST_STEP][PASSED] - setText(findTestObject("Object Repository/Searching/Page_Vite  React  TS/input_The best offer that we offer to the w_af0838"), "<script>alert("hihiihi")</script>"): Text '<script>alert("hihiihi")</script>' is set on object 'Object Repository/Searching/Page_Vite  React  TS/input_The best offer that we offer to the w_af0838'

2023-07-31 14:32:08 - [MESSAGE][PASSED] - Text '<script>alert("hihiihi")</script>' is set on object 'Object Repository/Searching/Page_Vite  React  TS/input_The best offer that we offer to the w_af0838'

2023-07-31 14:32:08 - [TEST_STEP][PASSED] - verifyElementText(findTestObject("Object Repository/Searching/Page_Vite  React  TS/p_Invalid searching keyword"), "Invalid searching keyword"): Actual text and expected text of test object 'Object Repository/Searching/Page_Vite  React  TS/p_Invalid searching keyword' are matched.

2023-07-31 14:32:09 - [MESSAGE][PASSED] - Actual text and expected text of test object 'Object Repository/Searching/Page_Vite  React  TS/p_Invalid searching keyword' are matched.

2023-07-31 14:32:09 - [TEST_STEP][PASSED] - setText(findTestObject("Object Repository/Searching/Page_Vite  React  TS/input_The best offer that we offer to the w_af0838"), "b"): Text 'b' is set on object 'Object Repository/Searching/Page_Vite  React  TS/input_The best offer that we offer to the w_af0838'

2023-07-31 14:32:09 - [MESSAGE][PASSED] - Text 'b' is set on object 'Object Repository/Searching/Page_Vite  React  TS/input_The best offer that we offer to the w_af0838'

2023-07-31 14:32:09 - [TEST_STEP][PASSED] - verifyElementText(findTestObject("Object Repository/Searching/Page_Vite  React  TS/p_Searching keyword should be more than 1 letter"), "Searching keyword should be more than 1 letter"): Actual text and expected text of test object 'Object Repository/Searching/Page_Vite  React  TS/p_Searching keyword should be more than 1 letter' are matched.

2023-07-31 14:32:10 - [MESSAGE][PASSED] - Actual text and expected text of test object 'Object Repository/Searching/Page_Vite  React  TS/p_Searching keyword should be more than 1 letter' are matched.

2023-07-31 14:32:10 - [TEST_STEP][PASSED] - closeBrowser(): Browser is closed

2023-07-31 14:32:10 - [MESSAGE][PASSED] - Browser is closed]]></system-out>
         <system-err><![CDATA[]]></system-err>
      </testcase>
      <testcase name="Test Cases/getValue/test1" time="24.482" classname="Test Cases/getValue/test1" status="PASSED">
         <system-out><![CDATA[2023-07-31 14:32:10 - [TEST_CASE][PASSED] - Test Cases/getValue/test1: Test Cases/getValue/test1

2023-07-31 14:32:11 - [TEST_STEP][PASSED] - openBrowser(""): Browser is opened with url: ''

2023-07-31 14:32:11 - [MESSAGE][INFO] - Starting 'Chrome' driver

2023-07-31 14:32:11 - [MESSAGE][INFO] - Action delay is set to 0 milliseconds

2023-07-31 14:32:12 - [MESSAGE][PASSED] - Browser is opened with url: ''

2023-07-31 14:32:12 - [TEST_STEP][PASSED] - navigateToUrl("http://localhost:5173"): Navigate to 'http://localhost:5173' successfully

2023-07-31 14:32:14 - [MESSAGE][PASSED] - Navigate to 'http://localhost:5173' successfully

2023-07-31 14:32:14 - [TEST_STEP][PASSED] - click(findTestObject("hmmm/Page_Vite  React  TS/p_product")): Object: 'Object Repository/hmmm/Page_Vite  React  TS/p_product' is clicked on

2023-07-31 14:32:15 - [MESSAGE][PASSED] - Object: 'Object Repository/hmmm/Page_Vite  React  TS/p_product' is clicked on

2023-07-31 14:32:15 - [TEST_STEP][PASSED] - minVal = <not implemented yet for class: org.codehaus.groovy.ast.expr.EmptyExpression>: null

2023-07-31 14:32:15 - [TEST_STEP][PASSED] - maxVal = <not implemented yet for class: org.codehaus.groovy.ast.expr.EmptyExpression>: null

2023-07-31 14:32:15 - [TEST_STEP][PASSED] - getValue = <not implemented yet for class: org.codehaus.groovy.ast.expr.EmptyExpression>: null

2023-07-31 14:32:15 - [TEST_STEP][PASSED] - allPrice = <not implemented yet for class: org.codehaus.groovy.ast.expr.EmptyExpression>: null

2023-07-31 14:32:15 - [TEST_STEP][PASSED] - waitForElementPresent(findTestObject("Object Repository/test/minValue"), 20): Object 'Object Repository/test/minValue' is present

2023-07-31 14:32:20 - [MESSAGE][PASSED] - Object 'Object Repository/test/minValue' is present

2023-07-31 14:32:20 - [TEST_STEP][PASSED] - delay(10): Delayed 10 second(s)

2023-07-31 14:32:30 - [MESSAGE][PASSED] - Delayed 10 second(s)

2023-07-31 14:32:30 - [TEST_STEP][PASSED] - minVal = getAttribute(findTestObject("Object Repository/test/minValue"), "aria-valuenow"): Attribute 'aria-valuenow' of object 'Object Repository/test/minValue' is: '0'

2023-07-31 14:32:30 - [MESSAGE][PASSED] - Attribute 'aria-valuenow' of object 'Object Repository/test/minValue' is: '0'

2023-07-31 14:32:30 - [TEST_STEP][PASSED] - myIntMin = minVal.toInteger(): null

2023-07-31 14:32:30 - [TEST_STEP][PASSED] - println(myIntMin.getClass()): null

2023-07-31 14:32:30 - [TEST_STEP][PASSED] - maxVal = getAttribute(findTestObject("Object Repository/test/maxValue"), "aria-valuenow"): Attribute 'aria-valuenow' of object 'Object Repository/test/maxValue' is: '6000000'

2023-07-31 14:32:30 - [MESSAGE][PASSED] - Attribute 'aria-valuenow' of object 'Object Repository/test/maxValue' is: '6000000'

2023-07-31 14:32:30 - [TEST_STEP][PASSED] - myIntMax = maxVal.toInteger(): null

2023-07-31 14:32:30 - [TEST_STEP][PASSED] - println(myIntMax.getClass()): null

2023-07-31 14:32:30 - [TEST_STEP][PASSED] - result = getText(findTestObject("Object Repository/test/Price")): Text of object 'Object Repository/test/Price' is: '6.000.000 ₫'

2023-07-31 14:32:31 - [MESSAGE][PASSED] - Text of object 'Object Repository/test/Price' is: '6.000.000 ₫'

2023-07-31 14:32:31 - [TEST_STEP][PASSED] - list = new java.util.ArrayList(): null

2023-07-31 14:32:31 - [TEST_STEP][PASSED] - for ([i = 1, i <= 9, (i++)]): Text of object '' is: '6.000.000 ₫'

2023-07-31 14:32:31 - [TEST_STEP][PASSED] - to = new com.kms.katalon.core.testobject.TestObject(): null

2023-07-31 14:32:31 - [TEST_STEP][PASSED] - to.addProperty("xpath", EQUALS, "//*[@id="root"]/div/div[2]/div/div[3]/div[2]/div[1]/div[" + i + "]/a/div/div/div/p "): null

2023-07-31 14:32:31 - [TEST_STEP][PASSED] - list.add(getText(to)): Text of object '' is: '6.000.000 ₫'

2023-07-31 14:32:31 - [MESSAGE][PASSED] - Text of object '' is: '6.000.000 ₫'

2023-07-31 14:32:31 - [TEST_STEP][PASSED] - to = new com.kms.katalon.core.testobject.TestObject(): null

2023-07-31 14:32:31 - [TEST_STEP][PASSED] - to.addProperty("xpath", EQUALS, "//*[@id="root"]/div/div[2]/div/div[3]/div[2]/div[1]/div[" + i + "]/a/div/div/div/p "): null

2023-07-31 14:32:31 - [TEST_STEP][PASSED] - list.add(getText(to)): Text of object '' is: '6.000.000 ₫'

2023-07-31 14:32:32 - [MESSAGE][PASSED] - Text of object '' is: '6.000.000 ₫'

2023-07-31 14:32:32 - [TEST_STEP][PASSED] - to = new com.kms.katalon.core.testobject.TestObject(): null

2023-07-31 14:32:32 - [TEST_STEP][PASSED] - to.addProperty("xpath", EQUALS, "//*[@id="root"]/div/div[2]/div/div[3]/div[2]/div[1]/div[" + i + "]/a/div/div/div/p "): null

2023-07-31 14:32:32 - [TEST_STEP][PASSED] - list.add(getText(to)): Text of object '' is: '6.000 ₫'

2023-07-31 14:32:32 - [MESSAGE][PASSED] - Text of object '' is: '6.000 ₫'

2023-07-31 14:32:32 - [TEST_STEP][PASSED] - to = new com.kms.katalon.core.testobject.TestObject(): null

2023-07-31 14:32:32 - [TEST_STEP][PASSED] - to.addProperty("xpath", EQUALS, "//*[@id="root"]/div/div[2]/div/div[3]/div[2]/div[1]/div[" + i + "]/a/div/div/div/p "): null

2023-07-31 14:32:32 - [TEST_STEP][PASSED] - list.add(getText(to)): Text of object '' is: '6.000.000 ₫'

2023-07-31 14:32:32 - [MESSAGE][PASSED] - Text of object '' is: '6.000.000 ₫'

2023-07-31 14:32:32 - [TEST_STEP][PASSED] - to = new com.kms.katalon.core.testobject.TestObject(): null

2023-07-31 14:32:32 - [TEST_STEP][PASSED] - to.addProperty("xpath", EQUALS, "//*[@id="root"]/div/div[2]/div/div[3]/div[2]/div[1]/div[" + i + "]/a/div/div/div/p "): null

2023-07-31 14:32:32 - [TEST_STEP][PASSED] - list.add(getText(to)): Text of object '' is: '6.000.000 ₫'

2023-07-31 14:32:33 - [MESSAGE][PASSED] - Text of object '' is: '6.000.000 ₫'

2023-07-31 14:32:33 - [TEST_STEP][PASSED] - to = new com.kms.katalon.core.testobject.TestObject(): null

2023-07-31 14:32:33 - [TEST_STEP][PASSED] - to.addProperty("xpath", EQUALS, "//*[@id="root"]/div/div[2]/div/div[3]/div[2]/div[1]/div[" + i + "]/a/div/div/div/p "): null

2023-07-31 14:32:33 - [TEST_STEP][PASSED] - list.add(getText(to)): Text of object '' is: '6.000.000 ₫'

2023-07-31 14:32:33 - [MESSAGE][PASSED] - Text of object '' is: '6.000.000 ₫'

2023-07-31 14:32:33 - [TEST_STEP][PASSED] - to = new com.kms.katalon.core.testobject.TestObject(): null

2023-07-31 14:32:33 - [TEST_STEP][PASSED] - to.addProperty("xpath", EQUALS, "//*[@id="root"]/div/div[2]/div/div[3]/div[2]/div[1]/div[" + i + "]/a/div/div/div/p "): null

2023-07-31 14:32:33 - [TEST_STEP][PASSED] - list.add(getText(to)): Text of object '' is: '6.000.000 ₫'

2023-07-31 14:32:33 - [MESSAGE][PASSED] - Text of object '' is: '6.000.000 ₫'

2023-07-31 14:32:33 - [TEST_STEP][PASSED] - to = new com.kms.katalon.core.testobject.TestObject(): null

2023-07-31 14:32:33 - [TEST_STEP][PASSED] - to.addProperty("xpath", EQUALS, "//*[@id="root"]/div/div[2]/div/div[3]/div[2]/div[1]/div[" + i + "]/a/div/div/div/p "): null

2023-07-31 14:32:33 - [TEST_STEP][PASSED] - list.add(getText(to)): Text of object '' is: '6.000.000 ₫'

2023-07-31 14:32:34 - [MESSAGE][PASSED] - Text of object '' is: '6.000.000 ₫'

2023-07-31 14:32:34 - [TEST_STEP][PASSED] - to = new com.kms.katalon.core.testobject.TestObject(): null

2023-07-31 14:32:34 - [TEST_STEP][PASSED] - to.addProperty("xpath", EQUALS, "//*[@id="root"]/div/div[2]/div/div[3]/div[2]/div[1]/div[" + i + "]/a/div/div/div/p "): null

2023-07-31 14:32:34 - [TEST_STEP][PASSED] - list.add(getText(to)): Text of object '' is: '6.000.000 ₫'

2023-07-31 14:32:34 - [MESSAGE][PASSED] - Text of object '' is: '6.000.000 ₫'

2023-07-31 14:32:34 - [TEST_STEP][PASSED] - println(Arrays.toString(list)): null

2023-07-31 14:32:34 - [TEST_STEP][PASSED] - newArray = []: null

2023-07-31 14:32:34 - [TEST_STEP][PASSED] - newList = list: null

2023-07-31 14:32:34 - [TEST_STEP][PASSED] - for ([i = 0, i < list.size(), (i++)]): null

2023-07-31 14:32:34 - [TEST_STEP][PASSED] - s = replaceAll("[₫]", "").trim(): null

2023-07-31 14:32:34 - [TEST_STEP][PASSED] - newArray.add(Integer.parseInt(s)): null

2023-07-31 14:32:34 - [TEST_STEP][PASSED] - s = replaceAll("[₫]", "").trim(): null

2023-07-31 14:32:34 - [TEST_STEP][PASSED] - newArray.add(Integer.parseInt(s)): null

2023-07-31 14:32:34 - [TEST_STEP][PASSED] - s = replaceAll("[₫]", "").trim(): null

2023-07-31 14:32:34 - [TEST_STEP][PASSED] - newArray.add(Integer.parseInt(s)): null

2023-07-31 14:32:34 - [TEST_STEP][PASSED] - s = replaceAll("[₫]", "").trim(): null

2023-07-31 14:32:34 - [TEST_STEP][PASSED] - newArray.add(Integer.parseInt(s)): null

2023-07-31 14:32:34 - [TEST_STEP][PASSED] - s = replaceAll("[₫]", "").trim(): null

2023-07-31 14:32:34 - [TEST_STEP][PASSED] - newArray.add(Integer.parseInt(s)): null

2023-07-31 14:32:34 - [TEST_STEP][PASSED] - s = replaceAll("[₫]", "").trim(): null

2023-07-31 14:32:34 - [TEST_STEP][PASSED] - newArray.add(Integer.parseInt(s)): null

2023-07-31 14:32:34 - [TEST_STEP][PASSED] - s = replaceAll("[₫]", "").trim(): null

2023-07-31 14:32:34 - [TEST_STEP][PASSED] - newArray.add(Integer.parseInt(s)): null

2023-07-31 14:32:34 - [TEST_STEP][PASSED] - s = replaceAll("[₫]", "").trim(): null

2023-07-31 14:32:34 - [TEST_STEP][PASSED] - newArray.add(Integer.parseInt(s)): null

2023-07-31 14:32:34 - [TEST_STEP][PASSED] - s = replaceAll("[₫]", "").trim(): null

2023-07-31 14:32:34 - [TEST_STEP][PASSED] - newArray.add(Integer.parseInt(s)): null

2023-07-31 14:32:34 - [TEST_STEP][PASSED] - resultValue = false: null

2023-07-31 14:32:34 - [TEST_STEP][PASSED] - for (int r : newArray): null

2023-07-31 14:32:34 - [TEST_STEP][PASSED] - if (r >= myIntMin && r <= myIntMax): null

2023-07-31 14:32:34 - [TEST_STEP][PASSED] - resultValue = true: null

2023-07-31 14:32:34 - [TEST_STEP][PASSED] - if (r >= myIntMin && r <= myIntMax): null

2023-07-31 14:32:34 - [TEST_STEP][PASSED] - resultValue = true: null

2023-07-31 14:32:34 - [TEST_STEP][PASSED] - if (r >= myIntMin && r <= myIntMax): null

2023-07-31 14:32:34 - [TEST_STEP][PASSED] - resultValue = true: null

2023-07-31 14:32:34 - [TEST_STEP][PASSED] - if (r >= myIntMin && r <= myIntMax): null

2023-07-31 14:32:34 - [TEST_STEP][PASSED] - resultValue = true: null

2023-07-31 14:32:34 - [TEST_STEP][PASSED] - if (r >= myIntMin && r <= myIntMax): null

2023-07-31 14:32:34 - [TEST_STEP][PASSED] - resultValue = true: null

2023-07-31 14:32:34 - [TEST_STEP][PASSED] - if (r >= myIntMin && r <= myIntMax): null

2023-07-31 14:32:34 - [TEST_STEP][PASSED] - resultValue = true: null

2023-07-31 14:32:34 - [TEST_STEP][PASSED] - if (r >= myIntMin && r <= myIntMax): null

2023-07-31 14:32:34 - [TEST_STEP][PASSED] - resultValue = true: null

2023-07-31 14:32:34 - [TEST_STEP][PASSED] - if (r >= myIntMin && r <= myIntMax): null

2023-07-31 14:32:34 - [TEST_STEP][PASSED] - resultValue = true: null

2023-07-31 14:32:34 - [TEST_STEP][PASSED] - if (r >= myIntMin && r <= myIntMax): null

2023-07-31 14:32:34 - [TEST_STEP][PASSED] - resultValue = true: null

2023-07-31 14:32:34 - [TEST_STEP][PASSED] - logInfo(newArray.toString()): [6000000, 6000000, 6000, 6000000, 6000000, 6000000, 6000000, 6000000, 6000000]

2023-07-31 14:32:34 - [MESSAGE][INFO] - [6000000, 6000000, 6000, 6000000, 6000000, 6000000, 6000000, 6000000, 6000000]

2023-07-31 14:32:34 - [TEST_STEP][PASSED] - println(resultValue): null

2023-07-31 14:32:34 - [TEST_STEP][PASSED] - closeBrowser(): Browser is closed

2023-07-31 14:32:35 - [MESSAGE][PASSED] - Browser is closed]]></system-out>
         <system-err><![CDATA[]]></system-err>
      </testcase>
      <testcase name="Test Cases/LC/Cart" time="73.233" classname="Test Cases/LC/Cart" status="PASSED">
         <system-out><![CDATA[2023-07-31 14:32:35 - [TEST_CASE][PASSED] - Test Cases/LC/Cart: Test Cases/LC/Cart

2023-07-31 14:32:35 - [TEST_STEP][PASSED] - openBrowser(""): Browser is opened with url: ''

2023-07-31 14:32:35 - [MESSAGE][INFO] - Starting 'Chrome' driver

2023-07-31 14:32:35 - [MESSAGE][INFO] - Action delay is set to 0 milliseconds

2023-07-31 14:32:37 - [MESSAGE][PASSED] - Browser is opened with url: ''

2023-07-31 14:32:37 - [TEST_STEP][PASSED] - navigateToUrl("http://localhost:5173/"): Navigate to 'http://localhost:5173/' successfully

2023-07-31 14:32:38 - [MESSAGE][PASSED] - Navigate to 'http://localhost:5173/' successfully

2023-07-31 14:32:38 - [TEST_STEP][PASSED] - maximizeWindow(): Current window maximized

2023-07-31 14:32:38 - [MESSAGE][PASSED] - Current window maximized

2023-07-31 14:32:38 - [TEST_STEP][PASSED] - click(findTestObject("Object Repository/Cart/Page_Vite  React  TS/p_product")): Object: 'Object Repository/Cart/Page_Vite  React  TS/p_product' is clicked on

2023-07-31 14:32:39 - [MESSAGE][PASSED] - Object: 'Object Repository/Cart/Page_Vite  React  TS/p_product' is clicked on

2023-07-31 14:32:39 - [TEST_STEP][PASSED] - setText(findTestObject("Object Repository/Cart/Page_Vite  React  TS/input_The best offer that we offer to the w_af0838"), "Bún"): Text 'Bún' is set on object 'Object Repository/Cart/Page_Vite  React  TS/input_The best offer that we offer to the w_af0838'

2023-07-31 14:32:44 - [MESSAGE][PASSED] - Text 'Bún' is set on object 'Object Repository/Cart/Page_Vite  React  TS/input_The best offer that we offer to the w_af0838'

2023-07-31 14:32:44 - [TEST_STEP][PASSED] - click(findTestObject("Object Repository/Cart/Page_Vite  React  TS/img_by category_chakra-image css-lxd7e7")): Object: 'Object Repository/Cart/Page_Vite  React  TS/img_by category_chakra-image css-lxd7e7' is clicked on

2023-07-31 14:32:48 - [MESSAGE][PASSED] - Object: 'Object Repository/Cart/Page_Vite  React  TS/img_by category_chakra-image css-lxd7e7' is clicked on

2023-07-31 14:32:48 - [TEST_STEP][PASSED] - click(findTestObject("Object Repository/Cart/Page_Vite  React  TS/p_Show more")): Object: 'Object Repository/Cart/Page_Vite  React  TS/p_Show more' is clicked on

2023-07-31 14:32:52 - [MESSAGE][PASSED] - Object: 'Object Repository/Cart/Page_Vite  React  TS/p_Show more' is clicked on

2023-07-31 14:32:52 - [TEST_STEP][PASSED] - click(findTestObject("Object Repository/Cart/Page_Vite  React  TS/p_Pellentesque habitan morbi tristiquePelle_e1746d")): Object: 'Object Repository/Cart/Page_Vite  React  TS/p_Pellentesque habitan morbi tristiquePelle_e1746d' is clicked on

2023-07-31 14:32:53 - [MESSAGE][PASSED] - Object: 'Object Repository/Cart/Page_Vite  React  TS/p_Pellentesque habitan morbi tristiquePelle_e1746d' is clicked on

2023-07-31 14:32:53 - [TEST_STEP][PASSED] - click(findTestObject("Object Repository/Cart/Page_Vite  React  TS/p_Show less")): Object: 'Object Repository/Cart/Page_Vite  React  TS/p_Show less' is clicked on

2023-07-31 14:32:53 - [MESSAGE][PASSED] - Object: 'Object Repository/Cart/Page_Vite  React  TS/p_Show less' is clicked on

2023-07-31 14:32:53 - [TEST_STEP][PASSED] - click(findTestObject("Object Repository/Cart/Page_Vite  React  TS/div_Add to cart_css-148p1cq")): Object: 'Object Repository/Cart/Page_Vite  React  TS/div_Add to cart_css-148p1cq' is clicked on

2023-07-31 14:32:54 - [MESSAGE][PASSED] - Object: 'Object Repository/Cart/Page_Vite  React  TS/div_Add to cart_css-148p1cq' is clicked on

2023-07-31 14:32:54 - [TEST_STEP][PASSED] - setText(findTestObject("Object Repository/Cart/Page_Vite  React  TS/input_Add to cart_chakra-input css-108b1as"), "2345678"): Text '2345678' is set on object 'Object Repository/Cart/Page_Vite  React  TS/input_Add to cart_chakra-input css-108b1as'

2023-07-31 14:32:55 - [MESSAGE][PASSED] - Text '2345678' is set on object 'Object Repository/Cart/Page_Vite  React  TS/input_Add to cart_chakra-input css-108b1as'

2023-07-31 14:32:55 - [TEST_STEP][PASSED] - click(findTestObject("Object Repository/Cart/Page_Vite  React  TS/button_Add to cart")): Object: 'Object Repository/Cart/Page_Vite  React  TS/button_Add to cart' is clicked on

2023-07-31 14:32:55 - [MESSAGE][PASSED] - Object: 'Object Repository/Cart/Page_Vite  React  TS/button_Add to cart' is clicked on

2023-07-31 14:32:55 - [TEST_STEP][PASSED] - verifyElementPresent(findTestObject("Object Repository/Cart/Page_Vite  React  TS/div_You item already in shopping cart"), 0): Object 'Object Repository/Cart/Page_Vite  React  TS/div_You item already in shopping cart' is present

2023-07-31 14:32:55 - [MESSAGE][WARNING] - Timeout '0' is invalid. Using default page load timeout: '30'

2023-07-31 14:32:56 - [MESSAGE][PASSED] - Object 'Object Repository/Cart/Page_Vite  React  TS/div_You item already in shopping cart' is present

2023-07-31 14:32:56 - [TEST_STEP][PASSED] - verifyElementPresent(findTestObject("Object Repository/Cart/Page_Vite  React  TS/div_Successfully"), 0): Object 'Object Repository/Cart/Page_Vite  React  TS/div_Successfully' is present

2023-07-31 14:32:56 - [MESSAGE][WARNING] - Timeout '0' is invalid. Using default page load timeout: '30'

2023-07-31 14:32:56 - [MESSAGE][PASSED] - Object 'Object Repository/Cart/Page_Vite  React  TS/div_Successfully' is present

2023-07-31 14:32:56 - [TEST_STEP][PASSED] - doubleClick(findTestObject("Object Repository/Cart/Page_Vite  React  TS/div_Add to cart_swiper-button-next")): Object: 'Object Repository/Cart/Page_Vite  React  TS/div_Add to cart_swiper-button-next' is double clicked on

2023-07-31 14:32:56 - [MESSAGE][PASSED] - Object: 'Object Repository/Cart/Page_Vite  React  TS/div_Add to cart_swiper-button-next' is double clicked on

2023-07-31 14:32:56 - [TEST_STEP][PASSED] - doubleClick(findTestObject("Object Repository/Cart/Page_Vite  React  TS/div_Add to cart_swiper-button-next")): Object: 'Object Repository/Cart/Page_Vite  React  TS/div_Add to cart_swiper-button-next' is double clicked on

2023-07-31 14:32:57 - [MESSAGE][PASSED] - Object: 'Object Repository/Cart/Page_Vite  React  TS/div_Add to cart_swiper-button-next' is double clicked on

2023-07-31 14:32:57 - [TEST_STEP][PASSED] - click(findTestObject("Object Repository/Cart/Page_Vite  React  TS/div_Add to cart_swiper-button-next")): Object: 'Object Repository/Cart/Page_Vite  React  TS/div_Add to cart_swiper-button-next' is clicked on

2023-07-31 14:32:57 - [MESSAGE][PASSED] - Object: 'Object Repository/Cart/Page_Vite  React  TS/div_Add to cart_swiper-button-next' is clicked on

2023-07-31 14:32:57 - [TEST_STEP][PASSED] - click(findTestObject("Object Repository/Cart/Page_Vite  React  TS/div_Add to cart_swiper-button-next")): Object: 'Object Repository/Cart/Page_Vite  React  TS/div_Add to cart_swiper-button-next' is clicked on

2023-07-31 14:32:58 - [MESSAGE][PASSED] - Object: 'Object Repository/Cart/Page_Vite  React  TS/div_Add to cart_swiper-button-next' is clicked on

2023-07-31 14:32:58 - [TEST_STEP][PASSED] - click(findTestObject("Object Repository/Cart/Page_Vite  React  TS/div_Add to cart_swiper-button-next")): Object: 'Object Repository/Cart/Page_Vite  React  TS/div_Add to cart_swiper-button-next' is clicked on

2023-07-31 14:32:58 - [MESSAGE][PASSED] - Object: 'Object Repository/Cart/Page_Vite  React  TS/div_Add to cart_swiper-button-next' is clicked on

2023-07-31 14:32:58 - [TEST_STEP][PASSED] - click(findTestObject("Object Repository/Cart/Page_Vite  React  TS/div_Add to cart_swiper-button-next")): Object: 'Object Repository/Cart/Page_Vite  React  TS/div_Add to cart_swiper-button-next' is clicked on

2023-07-31 14:32:59 - [MESSAGE][PASSED] - Object: 'Object Repository/Cart/Page_Vite  React  TS/div_Add to cart_swiper-button-next' is clicked on

2023-07-31 14:32:59 - [TEST_STEP][PASSED] - click(findTestObject("Object Repository/Cart/Page_Vite  React  TS/div_Add to cart_swiper-button-next")): Object: 'Object Repository/Cart/Page_Vite  React  TS/div_Add to cart_swiper-button-next' is clicked on

2023-07-31 14:32:59 - [MESSAGE][PASSED] - Object: 'Object Repository/Cart/Page_Vite  React  TS/div_Add to cart_swiper-button-next' is clicked on

2023-07-31 14:32:59 - [TEST_STEP][PASSED] - click(findTestObject("Object Repository/Cart/Page_Vite  React  TS/div_Add to cart_swiper-button-next")): Object: 'Object Repository/Cart/Page_Vite  React  TS/div_Add to cart_swiper-button-next' is clicked on

2023-07-31 14:33:00 - [MESSAGE][PASSED] - Object: 'Object Repository/Cart/Page_Vite  React  TS/div_Add to cart_swiper-button-next' is clicked on

2023-07-31 14:33:00 - [TEST_STEP][PASSED] - click(findTestObject("Object Repository/Cart/Page_Vite  React  TS/button_Reviews")): Object: 'Object Repository/Cart/Page_Vite  React  TS/button_Reviews' is clicked on

2023-07-31 14:33:00 - [MESSAGE][PASSED] - Object: 'Object Repository/Cart/Page_Vite  React  TS/button_Reviews' is clicked on

2023-07-31 14:33:00 - [TEST_STEP][PASSED] - click(findTestObject("Object Repository/Cart/Page_Vite  React  TS/button_Description")): Object: 'Object Repository/Cart/Page_Vite  React  TS/button_Description' is clicked on

2023-07-31 14:33:01 - [MESSAGE][PASSED] - Object: 'Object Repository/Cart/Page_Vite  React  TS/button_Description' is clicked on

2023-07-31 14:33:01 - [TEST_STEP][PASSED] - click(findTestObject("Object Repository/Cart/Page_Vite  React  TS/button_Add to cart")): Object: 'Object Repository/Cart/Page_Vite  React  TS/button_Add to cart' is clicked on

2023-07-31 14:33:01 - [MESSAGE][PASSED] - Object: 'Object Repository/Cart/Page_Vite  React  TS/button_Add to cart' is clicked on

2023-07-31 14:33:01 - [TEST_STEP][PASSED] - click(findTestObject("Object Repository/Cart/Page_Vite  React  TS/svg_Add to cart_chakra-icon css-1ev3uyk")): Object: 'Object Repository/Cart/Page_Vite  React  TS/svg_Add to cart_chakra-icon css-1ev3uyk' is clicked on

2023-07-31 14:33:02 - [MESSAGE][PASSED] - Object: 'Object Repository/Cart/Page_Vite  React  TS/svg_Add to cart_chakra-icon css-1ev3uyk' is clicked on

2023-07-31 14:33:02 - [TEST_STEP][PASSED] - click(findTestObject("Object Repository/Cart/Page_Vite  React  TS/button_bn bn_chakra-button css-1cquxk8")): Object: 'Object Repository/Cart/Page_Vite  React  TS/button_bn bn_chakra-button css-1cquxk8' is clicked on

2023-07-31 14:33:02 - [MESSAGE][PASSED] - Object: 'Object Repository/Cart/Page_Vite  React  TS/button_bn bn_chakra-button css-1cquxk8' is clicked on

2023-07-31 14:33:02 - [TEST_STEP][PASSED] - click(findTestObject("Object Repository/Cart/Page_Vite  React  TS/button_Cancel")): Object: 'Object Repository/Cart/Page_Vite  React  TS/button_Cancel' is clicked on

2023-07-31 14:33:03 - [MESSAGE][PASSED] - Object: 'Object Repository/Cart/Page_Vite  React  TS/button_Cancel' is clicked on

2023-07-31 14:33:03 - [TEST_STEP][PASSED] - setText(findTestObject("Object Repository/Cart/Page_Vite  React  TS/input_bn bn_chakra-input css-1868lrh"), "blackfriday"): Text 'blackfriday' is set on object 'Object Repository/Cart/Page_Vite  React  TS/input_bn bn_chakra-input css-1868lrh'

2023-07-31 14:33:04 - [MESSAGE][PASSED] - Text 'blackfriday' is set on object 'Object Repository/Cart/Page_Vite  React  TS/input_bn bn_chakra-input css-1868lrh'

2023-07-31 14:33:04 - [TEST_STEP][PASSED] - click(findTestObject("Object Repository/Cart/Page_Vite  React  TS/button_apply")): Object: 'Object Repository/Cart/Page_Vite  React  TS/button_apply' is clicked on

2023-07-31 14:33:04 - [MESSAGE][PASSED] - Object: 'Object Repository/Cart/Page_Vite  React  TS/button_apply' is clicked on

2023-07-31 14:33:04 - [TEST_STEP][PASSED] - click(findTestObject("Object Repository/Cart/Page_Vite  React  TS/p_- 1")): Object: 'Object Repository/Cart/Page_Vite  React  TS/p_- 1' is clicked on

2023-07-31 14:33:09 - [MESSAGE][PASSED] - Object: 'Object Repository/Cart/Page_Vite  React  TS/p_- 1' is clicked on

2023-07-31 14:33:09 - [TEST_STEP][PASSED] - click(findTestObject("Object Repository/Cart/Page_Vite  React  TS/svg_apply_chakra-icon css-onkibi")): Object: 'Object Repository/Cart/Page_Vite  React  TS/svg_apply_chakra-icon css-onkibi' is clicked on

2023-07-31 14:33:10 - [MESSAGE][PASSED] - Object: 'Object Repository/Cart/Page_Vite  React  TS/svg_apply_chakra-icon css-onkibi' is clicked on

2023-07-31 14:33:10 - [TEST_STEP][PASSED] - click(findTestObject("Object Repository/Cart/Page_Vite  React  TS/button_bn bn_chakra-button css-1cquxk8")): Object: 'Object Repository/Cart/Page_Vite  React  TS/button_bn bn_chakra-button css-1cquxk8' is clicked on

2023-07-31 14:33:10 - [MESSAGE][PASSED] - Object: 'Object Repository/Cart/Page_Vite  React  TS/button_bn bn_chakra-button css-1cquxk8' is clicked on

2023-07-31 14:33:10 - [TEST_STEP][PASSED] - click(findTestObject("Object Repository/Cart/Page_Vite  React  TS/button_Yes")): Object: 'Object Repository/Cart/Page_Vite  React  TS/button_Yes' is clicked on

2023-07-31 14:33:11 - [MESSAGE][PASSED] - Object: 'Object Repository/Cart/Page_Vite  React  TS/button_Yes' is clicked on

2023-07-31 14:33:11 - [TEST_STEP][PASSED] - click(findTestObject("Object Repository/Cart/Page_Vite  React  TS/button_OK")): Object: 'Object Repository/Cart/Page_Vite  React  TS/button_OK' is clicked on

2023-07-31 14:33:11 - [MESSAGE][PASSED] - Object: 'Object Repository/Cart/Page_Vite  React  TS/button_OK' is clicked on

2023-07-31 14:33:11 - [TEST_STEP][PASSED] - click(findTestObject("Object Repository/Cart/Page_Vite  React  TS/button_Back to shop")): Object: 'Object Repository/Cart/Page_Vite  React  TS/button_Back to shop' is clicked on

2023-07-31 14:33:12 - [MESSAGE][PASSED] - Object: 'Object Repository/Cart/Page_Vite  React  TS/button_Back to shop' is clicked on

2023-07-31 14:33:12 - [TEST_STEP][PASSED] - click(findTestObject("Object Repository/Cart/Page_Vite  React  TS/button_Buy now")): Object: 'Object Repository/Cart/Page_Vite  React  TS/button_Buy now' is clicked on

2023-07-31 14:33:16 - [MESSAGE][PASSED] - Object: 'Object Repository/Cart/Page_Vite  React  TS/button_Buy now' is clicked on

2023-07-31 14:33:16 - [TEST_STEP][PASSED] - click(findTestObject("Object Repository/Cart/Page_Vite  React  TS/button_Proceed to Checkout")): Object: 'Object Repository/Cart/Page_Vite  React  TS/button_Proceed to Checkout' is clicked on

2023-07-31 14:33:16 - [MESSAGE][PASSED] - Object: 'Object Repository/Cart/Page_Vite  React  TS/button_Proceed to Checkout' is clicked on

2023-07-31 14:33:16 - [TEST_STEP][PASSED] - click(findTestObject("Object Repository/Cart/Page_Vite  React  TS/button_23")): Object: 'Object Repository/Cart/Page_Vite  React  TS/button_23' is clicked on

2023-07-31 14:33:20 - [MESSAGE][PASSED] - Object: 'Object Repository/Cart/Page_Vite  React  TS/button_23' is clicked on

2023-07-31 14:33:20 - [TEST_STEP][PASSED] - selectOptionByValue(findTestObject("Object Repository/Cart/Page_Vite  React  TS/select_all NgtKh"), "15", true): All options with value '15' are selected in object 'Object Repository/Cart/Page_Vite  React  TS/select_all NgtKh'  using regular expression

2023-07-31 14:33:25 - [MESSAGE][PASSED] - All options with value '15' are selected in object 'Object Repository/Cart/Page_Vite  React  TS/select_all NgtKh'  using regular expression

2023-07-31 14:33:25 - [TEST_STEP][PASSED] - click(findTestObject("Object Repository/Cart/Page_Vite  React  TS/img_Banh khoai deo_chakra-image css-lxd7e7")): Object: 'Object Repository/Cart/Page_Vite  React  TS/img_Banh khoai deo_chakra-image css-lxd7e7' is clicked on

2023-07-31 14:33:30 - [MESSAGE][PASSED] - Object: 'Object Repository/Cart/Page_Vite  React  TS/img_Banh khoai deo_chakra-image css-lxd7e7' is clicked on

2023-07-31 14:33:30 - [TEST_STEP][PASSED] - click(findTestObject("Object Repository/Cart/Page_Vite  React  TS/button_Buy now")): Object: 'Object Repository/Cart/Page_Vite  React  TS/button_Buy now' is clicked on

2023-07-31 14:33:34 - [MESSAGE][PASSED] - Object: 'Object Repository/Cart/Page_Vite  React  TS/button_Buy now' is clicked on

2023-07-31 14:33:34 - [TEST_STEP][PASSED] - setText(findTestObject("Object Repository/Cart/Page_Vite  React  TS/input_bn bn_chakra-input css-1868lrh"), "eetyu"): Text 'eetyu' is set on object 'Object Repository/Cart/Page_Vite  React  TS/input_bn bn_chakra-input css-1868lrh'

2023-07-31 14:33:35 - [MESSAGE][PASSED] - Text 'eetyu' is set on object 'Object Repository/Cart/Page_Vite  React  TS/input_bn bn_chakra-input css-1868lrh'

2023-07-31 14:33:35 - [TEST_STEP][PASSED] - click(findTestObject("Object Repository/Cart/Page_Vite  React  TS/button_apply")): Object: 'Object Repository/Cart/Page_Vite  React  TS/button_apply' is clicked on

2023-07-31 14:33:35 - [MESSAGE][PASSED] - Object: 'Object Repository/Cart/Page_Vite  React  TS/button_apply' is clicked on

2023-07-31 14:33:35 - [TEST_STEP][PASSED] - verifyElementPresent(findTestObject("Object Repository/Cart/Page_Vite  React  TS/p_Your coupon is invalid"), 0): Object 'Object Repository/Cart/Page_Vite  React  TS/p_Your coupon is invalid' is present

2023-07-31 14:33:35 - [MESSAGE][WARNING] - Timeout '0' is invalid. Using default page load timeout: '30'

2023-07-31 14:33:39 - [MESSAGE][PASSED] - Object 'Object Repository/Cart/Page_Vite  React  TS/p_Your coupon is invalid' is present

2023-07-31 14:33:39 - [TEST_STEP][PASSED] - click(findTestObject("Object Repository/Cart/Page_Vite  React  TS/div_homeproductabout uscontact0Shopping car_242c25")): Object: 'Object Repository/Cart/Page_Vite  React  TS/div_homeproductabout uscontact0Shopping car_242c25' is clicked on

2023-07-31 14:33:39 - [MESSAGE][PASSED] - Object: 'Object Repository/Cart/Page_Vite  React  TS/div_homeproductabout uscontact0Shopping car_242c25' is clicked on

2023-07-31 14:33:39 - [TEST_STEP][PASSED] - setText(findTestObject("Object Repository/Cart/Page_Vite  React  TS/input_bn bn_chakra-input css-1868lrh"), "tyuioghjkl"): Text 'tyuioghjkl' is set on object 'Object Repository/Cart/Page_Vite  React  TS/input_bn bn_chakra-input css-1868lrh'

2023-07-31 14:33:40 - [MESSAGE][PASSED] - Text 'tyuioghjkl' is set on object 'Object Repository/Cart/Page_Vite  React  TS/input_bn bn_chakra-input css-1868lrh'

2023-07-31 14:33:40 - [TEST_STEP][PASSED] - click(findTestObject("Object Repository/Cart/Page_Vite  React  TS/div_homeproductabout uscontact0Shopping car_242c25")): Object: 'Object Repository/Cart/Page_Vite  React  TS/div_homeproductabout uscontact0Shopping car_242c25' is clicked on

2023-07-31 14:33:41 - [MESSAGE][PASSED] - Object: 'Object Repository/Cart/Page_Vite  React  TS/div_homeproductabout uscontact0Shopping car_242c25' is clicked on

2023-07-31 14:33:41 - [TEST_STEP][PASSED] - setText(findTestObject("Object Repository/Cart/Page_Vite  React  TS/input_bn bn_chakra-input css-1868lrh"), "blackfriday"): Text 'blackfriday' is set on object 'Object Repository/Cart/Page_Vite  React  TS/input_bn bn_chakra-input css-1868lrh'

2023-07-31 14:33:42 - [MESSAGE][PASSED] - Text 'blackfriday' is set on object 'Object Repository/Cart/Page_Vite  React  TS/input_bn bn_chakra-input css-1868lrh'

2023-07-31 14:33:42 - [TEST_STEP][PASSED] - click(findTestObject("Object Repository/Cart/Page_Vite  React  TS/button_apply")): Object: 'Object Repository/Cart/Page_Vite  React  TS/button_apply' is clicked on

2023-07-31 14:33:42 - [MESSAGE][PASSED] - Object: 'Object Repository/Cart/Page_Vite  React  TS/button_apply' is clicked on

2023-07-31 14:33:42 - [TEST_STEP][PASSED] - click(findTestObject("Object Repository/Cart/Page_Vite  React  TS/button_Clean Cart")): Object: 'Object Repository/Cart/Page_Vite  React  TS/button_Clean Cart' is clicked on

2023-07-31 14:33:46 - [MESSAGE][PASSED] - Object: 'Object Repository/Cart/Page_Vite  React  TS/button_Clean Cart' is clicked on

2023-07-31 14:33:46 - [TEST_STEP][PASSED] - click(findTestObject("Object Repository/Cart/Page_Vite  React  TS/button_Yes")): Object: 'Object Repository/Cart/Page_Vite  React  TS/button_Yes' is clicked on

2023-07-31 14:33:47 - [MESSAGE][PASSED] - Object: 'Object Repository/Cart/Page_Vite  React  TS/button_Yes' is clicked on

2023-07-31 14:33:47 - [TEST_STEP][PASSED] - click(findTestObject("Object Repository/Cart/Page_Vite  React  TS/button_OK")): Object: 'Object Repository/Cart/Page_Vite  React  TS/button_OK' is clicked on

2023-07-31 14:33:47 - [MESSAGE][PASSED] - Object: 'Object Repository/Cart/Page_Vite  React  TS/button_OK' is clicked on

2023-07-31 14:33:47 - [TEST_STEP][PASSED] - closeBrowser(): Browser is closed

2023-07-31 14:33:48 - [MESSAGE][PASSED] - Browser is closed]]></system-out>
         <system-err><![CDATA[]]></system-err>
      </testcase>
      <testcase name="Test Cases/LC/CheckOutpage" time="121.985" classname="Test Cases/LC/CheckOutpage" status="PASSED">
         <system-out><![CDATA[2023-07-31 14:33:48 - [TEST_CASE][PASSED] - Test Cases/LC/CheckOutpage: Test Cases/LC/CheckOutpage

2023-07-31 14:33:49 - [TEST_STEP][PASSED] - openBrowser(""): Browser is opened with url: ''

2023-07-31 14:33:49 - [MESSAGE][INFO] - Starting 'Chrome' driver

2023-07-31 14:33:49 - [MESSAGE][INFO] - Action delay is set to 0 milliseconds

2023-07-31 14:33:50 - [MESSAGE][PASSED] - Browser is opened with url: ''

2023-07-31 14:33:50 - [TEST_STEP][PASSED] - navigateToUrl("http://localhost:5173/"): Navigate to 'http://localhost:5173/' successfully

2023-07-31 14:33:52 - [MESSAGE][PASSED] - Navigate to 'http://localhost:5173/' successfully

2023-07-31 14:33:52 - [TEST_STEP][PASSED] - maximizeWindow(): Current window maximized

2023-07-31 14:33:52 - [MESSAGE][PASSED] - Current window maximized

2023-07-31 14:33:52 - [TEST_STEP][PASSED] - delay(10): Delayed 10 second(s)

2023-07-31 14:34:02 - [MESSAGE][PASSED] - Delayed 10 second(s)

2023-07-31 14:34:02 - [TEST_STEP][PASSED] - click(findTestObject("Object Repository/testcoi/Page_Local Specialty/p_product")): Object: 'Object Repository/testcoi/Page_Local Specialty/p_product' is clicked on

2023-07-31 14:34:03 - [MESSAGE][PASSED] - Object: 'Object Repository/testcoi/Page_Local Specialty/p_product' is clicked on

2023-07-31 14:34:03 - [TEST_STEP][PASSED] - click(findTestObject("Object Repository/testcoi/Page_Local Specialty/img_by category_chakra-image css-lxd7e7")): Object: 'Object Repository/testcoi/Page_Local Specialty/img_by category_chakra-image css-lxd7e7' is clicked on

2023-07-31 14:34:08 - [MESSAGE][PASSED] - Object: 'Object Repository/testcoi/Page_Local Specialty/img_by category_chakra-image css-lxd7e7' is clicked on

2023-07-31 14:34:08 - [TEST_STEP][PASSED] - setText(findTestObject("Object Repository/testcoi/Page_Local Specialty/input_Add to cart_chakra-input css-dpyc48"), "1234567"): Text '1234567' is set on object 'Object Repository/testcoi/Page_Local Specialty/input_Add to cart_chakra-input css-dpyc48'

2023-07-31 14:34:13 - [MESSAGE][PASSED] - Text '1234567' is set on object 'Object Repository/testcoi/Page_Local Specialty/input_Add to cart_chakra-input css-dpyc48'

2023-07-31 14:34:13 - [TEST_STEP][PASSED] - click(findTestObject("Object Repository/testcoi/Page_Local Specialty/button_Add to cart")): Object: 'Object Repository/testcoi/Page_Local Specialty/button_Add to cart' is clicked on

2023-07-31 14:34:13 - [MESSAGE][PASSED] - Object: 'Object Repository/testcoi/Page_Local Specialty/button_Add to cart' is clicked on

2023-07-31 14:34:13 - [TEST_STEP][PASSED] - verifyElementPresent(findTestObject("Object Repository/testcoi/Page_Local Specialty/div_SuccessfullyYou item already in shopping cart"), 0): Object 'Object Repository/testcoi/Page_Local Specialty/div_SuccessfullyYou item already in shopping cart' is present

2023-07-31 14:34:13 - [MESSAGE][WARNING] - Timeout '0' is invalid. Using default page load timeout: '30'

2023-07-31 14:34:14 - [MESSAGE][PASSED] - Object 'Object Repository/testcoi/Page_Local Specialty/div_SuccessfullyYou item already in shopping cart' is present

2023-07-31 14:34:14 - [TEST_STEP][PASSED] - click(findTestObject("Object Repository/testcoi/Page_Local Specialty/button_Buy now")): Object: 'Object Repository/testcoi/Page_Local Specialty/button_Buy now' is clicked on

2023-07-31 14:34:14 - [MESSAGE][PASSED] - Object: 'Object Repository/testcoi/Page_Local Specialty/button_Buy now' is clicked on

2023-07-31 14:34:14 - [TEST_STEP][PASSED] - setText(findTestObject("Object Repository/testcoi/Page_Local Specialty/input_Banh khoai ba Kha_chakra-input css-10tbmt2"), "blackfriday"): Text 'blackfriday' is set on object 'Object Repository/testcoi/Page_Local Specialty/input_Banh khoai ba Kha_chakra-input css-10tbmt2'

2023-07-31 14:34:16 - [MESSAGE][PASSED] - Text 'blackfriday' is set on object 'Object Repository/testcoi/Page_Local Specialty/input_Banh khoai ba Kha_chakra-input css-10tbmt2'

2023-07-31 14:34:16 - [TEST_STEP][PASSED] - click(findTestObject("Object Repository/testcoi/Page_Local Specialty/button_apply")): Object: 'Object Repository/testcoi/Page_Local Specialty/button_apply' is clicked on

2023-07-31 14:34:16 - [MESSAGE][PASSED] - Object: 'Object Repository/testcoi/Page_Local Specialty/button_apply' is clicked on

2023-07-31 14:34:16 - [TEST_STEP][PASSED] - verifyElementPresent(findTestObject("Object Repository/testcoi/Page_Local Specialty/div_SuccessfullyYour Coupon is applied succ_992caa"), 0): Object 'Object Repository/testcoi/Page_Local Specialty/div_SuccessfullyYour Coupon is applied succ_992caa' is present

2023-07-31 14:34:16 - [MESSAGE][WARNING] - Timeout '0' is invalid. Using default page load timeout: '30'

2023-07-31 14:34:20 - [MESSAGE][PASSED] - Object 'Object Repository/testcoi/Page_Local Specialty/div_SuccessfullyYour Coupon is applied succ_992caa' is present

2023-07-31 14:34:20 - [TEST_STEP][PASSED] - click(findTestObject("Object Repository/testcoi/Page_Local Specialty/button_Proceed to Checkout")): Object: 'Object Repository/testcoi/Page_Local Specialty/button_Proceed to Checkout' is clicked on

2023-07-31 14:34:21 - [MESSAGE][PASSED] - Object: 'Object Repository/testcoi/Page_Local Specialty/button_Proceed to Checkout' is clicked on

2023-07-31 14:34:21 - [TEST_STEP][PASSED] - click(findTestObject("Object Repository/testcoi/Page_Local Specialty/button_place order")): Object: 'Object Repository/testcoi/Page_Local Specialty/button_place order' is clicked on

2023-07-31 14:34:21 - [MESSAGE][PASSED] - Object: 'Object Repository/testcoi/Page_Local Specialty/button_place order' is clicked on

2023-07-31 14:34:21 - [TEST_STEP][PASSED] - verifyElementPresent(findTestObject("Object Repository/testcoi/Page_Local Specialty/div_First Name is required"), 0): Object 'Object Repository/testcoi/Page_Local Specialty/div_First Name is required' is present

2023-07-31 14:34:21 - [MESSAGE][WARNING] - Timeout '0' is invalid. Using default page load timeout: '30'

2023-07-31 14:34:22 - [MESSAGE][PASSED] - Object 'Object Repository/testcoi/Page_Local Specialty/div_First Name is required' is present

2023-07-31 14:34:22 - [TEST_STEP][PASSED] - verifyElementPresent(findTestObject("Object Repository/testcoi/Page_Local Specialty/div_Last Name is required"), 0): Object 'Object Repository/testcoi/Page_Local Specialty/div_Last Name is required' is present

2023-07-31 14:34:22 - [MESSAGE][WARNING] - Timeout '0' is invalid. Using default page load timeout: '30'

2023-07-31 14:34:23 - [MESSAGE][PASSED] - Object 'Object Repository/testcoi/Page_Local Specialty/div_Last Name is required' is present

2023-07-31 14:34:23 - [TEST_STEP][PASSED] - verifyElementPresent(findTestObject("Object Repository/testcoi/Page_Local Specialty/div_Email is required"), 0): Object 'Object Repository/testcoi/Page_Local Specialty/div_Email is required' is present

2023-07-31 14:34:23 - [MESSAGE][WARNING] - Timeout '0' is invalid. Using default page load timeout: '30'

2023-07-31 14:34:23 - [MESSAGE][PASSED] - Object 'Object Repository/testcoi/Page_Local Specialty/div_Email is required' is present

2023-07-31 14:34:23 - [TEST_STEP][PASSED] - verifyElementPresent(findTestObject("Object Repository/testcoi/Page_Local Specialty/div_Phone is required"), 0): Object 'Object Repository/testcoi/Page_Local Specialty/div_Phone is required' is present

2023-07-31 14:34:23 - [MESSAGE][WARNING] - Timeout '0' is invalid. Using default page load timeout: '30'

2023-07-31 14:34:24 - [MESSAGE][PASSED] - Object 'Object Repository/testcoi/Page_Local Specialty/div_Phone is required' is present

2023-07-31 14:34:24 - [TEST_STEP][PASSED] - verifyElementPresent(findTestObject("Object Repository/testcoi/Page_Local Specialty/div_Province is required"), 0): Object 'Object Repository/testcoi/Page_Local Specialty/div_Province is required' is present

2023-07-31 14:34:24 - [MESSAGE][WARNING] - Timeout '0' is invalid. Using default page load timeout: '30'

2023-07-31 14:34:24 - [MESSAGE][PASSED] - Object 'Object Repository/testcoi/Page_Local Specialty/div_Province is required' is present

2023-07-31 14:34:24 - [TEST_STEP][PASSED] - verifyElementPresent(findTestObject("Object Repository/testcoi/Page_Local Specialty/div_District is required"), 0): Object 'Object Repository/testcoi/Page_Local Specialty/div_District is required' is present

2023-07-31 14:34:24 - [MESSAGE][WARNING] - Timeout '0' is invalid. Using default page load timeout: '30'

2023-07-31 14:34:24 - [MESSAGE][PASSED] - Object 'Object Repository/testcoi/Page_Local Specialty/div_District is required' is present

2023-07-31 14:34:24 - [TEST_STEP][PASSED] - verifyElementPresent(findTestObject("Object Repository/testcoi/Page_Local Specialty/div_Ward is required"), 0): Object 'Object Repository/testcoi/Page_Local Specialty/div_Ward is required' is present

2023-07-31 14:34:24 - [MESSAGE][WARNING] - Timeout '0' is invalid. Using default page load timeout: '30'

2023-07-31 14:34:25 - [MESSAGE][PASSED] - Object 'Object Repository/testcoi/Page_Local Specialty/div_Ward is required' is present

2023-07-31 14:34:25 - [TEST_STEP][PASSED] - verifyElementPresent(findTestObject("Object Repository/testcoi/Page_Local Specialty/div_Address is required"), 0): Object 'Object Repository/testcoi/Page_Local Specialty/div_Address is required' is present

2023-07-31 14:34:25 - [MESSAGE][WARNING] - Timeout '0' is invalid. Using default page load timeout: '30'

2023-07-31 14:34:25 - [MESSAGE][PASSED] - Object 'Object Repository/testcoi/Page_Local Specialty/div_Address is required' is present

2023-07-31 14:34:25 - [TEST_STEP][PASSED] - setText(findTestObject("Object Repository/testcoi/Page_Local Specialty/input_First Name_first_name"), "chung ta rat tuyej,. vpifwh"): Text 'chung ta rat tuyej,. vpifwh' is set on object 'Object Repository/testcoi/Page_Local Specialty/input_First Name_first_name'

2023-07-31 14:34:26 - [MESSAGE][PASSED] - Text 'chung ta rat tuyej,. vpifwh' is set on object 'Object Repository/testcoi/Page_Local Specialty/input_First Name_first_name'

2023-07-31 14:34:26 - [TEST_STEP][PASSED] - sendKeys(findTestObject("Object Repository/testcoi/Page_Local Specialty/input_First Name_first_name"), Keys.chord(CONTROL, "a")): Keys 'CONTROL + a' sent to object: 'Object Repository/testcoi/Page_Local Specialty/input_First Name_first_name'

2023-07-31 14:34:27 - [MESSAGE][PASSED] - Keys 'CONTROL + a' sent to object: 'Object Repository/testcoi/Page_Local Specialty/input_First Name_first_name'

2023-07-31 14:34:27 - [TEST_STEP][PASSED] - sendKeys(findTestObject("Object Repository/testcoi/Page_Local Specialty/input_First Name_first_name"), Keys.chord(DELETE)): Keys 'DELETE + ' sent to object: 'Object Repository/testcoi/Page_Local Specialty/input_First Name_first_name'

2023-07-31 14:34:27 - [MESSAGE][PASSED] - Keys 'DELETE + ' sent to object: 'Object Repository/testcoi/Page_Local Specialty/input_First Name_first_name'

2023-07-31 14:34:27 - [TEST_STEP][PASSED] - clearText(findTestObject("Object Repository/testcoi/Page_Local Specialty/input_First Name_first_name")): Text of object 'Object Repository/testcoi/Page_Local Specialty/input_First Name_first_name' is cleared

2023-07-31 14:34:27 - [MESSAGE][PASSED] - Text of object 'Object Repository/testcoi/Page_Local Specialty/input_First Name_first_name' is cleared

2023-07-31 14:34:27 - [TEST_STEP][PASSED] - verifyElementPresent(findTestObject("Object Repository/testcoi/Page_Local Specialty/div_First Name can not include numbers and _fa2194"), 0): Object 'Object Repository/testcoi/Page_Local Specialty/div_First Name can not include numbers and _fa2194' is present

2023-07-31 14:34:28 - [MESSAGE][WARNING] - Timeout '0' is invalid. Using default page load timeout: '30'

2023-07-31 14:34:28 - [MESSAGE][PASSED] - Object 'Object Repository/testcoi/Page_Local Specialty/div_First Name can not include numbers and _fa2194' is present

2023-07-31 14:34:28 - [TEST_STEP][PASSED] - setText(findTestObject("Object Repository/testcoi/Page_Local Specialty/input_Last Name_last_name"), "chung ta rat , tuywrj"): Text 'chung ta rat , tuywrj' is set on object 'Object Repository/testcoi/Page_Local Specialty/input_Last Name_last_name'

2023-07-31 14:34:29 - [MESSAGE][PASSED] - Text 'chung ta rat , tuywrj' is set on object 'Object Repository/testcoi/Page_Local Specialty/input_Last Name_last_name'

2023-07-31 14:34:29 - [TEST_STEP][PASSED] - sendKeys(findTestObject("Object Repository/testcoi/Page_Local Specialty/input_Last Name_last_name"), Keys.chord(CONTROL, "a")): Keys 'CONTROL + a' sent to object: 'Object Repository/testcoi/Page_Local Specialty/input_Last Name_last_name'

2023-07-31 14:34:29 - [MESSAGE][PASSED] - Keys 'CONTROL + a' sent to object: 'Object Repository/testcoi/Page_Local Specialty/input_Last Name_last_name'

2023-07-31 14:34:29 - [TEST_STEP][PASSED] - sendKeys(findTestObject("Object Repository/testcoi/Page_Local Specialty/input_Last Name_last_name"), Keys.chord(DELETE)): Keys 'DELETE + ' sent to object: 'Object Repository/testcoi/Page_Local Specialty/input_Last Name_last_name'

2023-07-31 14:34:30 - [MESSAGE][PASSED] - Keys 'DELETE + ' sent to object: 'Object Repository/testcoi/Page_Local Specialty/input_Last Name_last_name'

2023-07-31 14:34:30 - [TEST_STEP][PASSED] - verifyElementPresent(findTestObject("Object Repository/testcoi/Page_Local Specialty/div_Last Name can not include number and sp_257390"), 0): Object 'Object Repository/testcoi/Page_Local Specialty/div_Last Name can not include number and sp_257390' is present

2023-07-31 14:34:30 - [MESSAGE][WARNING] - Timeout '0' is invalid. Using default page load timeout: '30'

2023-07-31 14:34:30 - [MESSAGE][PASSED] - Object 'Object Repository/testcoi/Page_Local Specialty/div_Last Name can not include number and sp_257390' is present

2023-07-31 14:34:30 - [TEST_STEP][PASSED] - setText(findTestObject("Object Repository/testcoi/Page_Local Specialty/input_Email_email"), "chung ta rat tuyejt voue ."): Text 'chung ta rat tuyejt voue .' is set on object 'Object Repository/testcoi/Page_Local Specialty/input_Email_email'

2023-07-31 14:34:31 - [MESSAGE][PASSED] - Text 'chung ta rat tuyejt voue .' is set on object 'Object Repository/testcoi/Page_Local Specialty/input_Email_email'

2023-07-31 14:34:31 - [TEST_STEP][PASSED] - sendKeys(findTestObject("Object Repository/testcoi/Page_Local Specialty/input_Email_email"), Keys.chord(CONTROL, "a")): Keys 'CONTROL + a' sent to object: 'Object Repository/testcoi/Page_Local Specialty/input_Email_email'

2023-07-31 14:34:32 - [MESSAGE][PASSED] - Keys 'CONTROL + a' sent to object: 'Object Repository/testcoi/Page_Local Specialty/input_Email_email'

2023-07-31 14:34:32 - [TEST_STEP][PASSED] - sendKeys(findTestObject("Object Repository/testcoi/Page_Local Specialty/input_Email_email"), Keys.chord(DELETE)): Keys 'DELETE + ' sent to object: 'Object Repository/testcoi/Page_Local Specialty/input_Email_email'

2023-07-31 14:34:32 - [MESSAGE][PASSED] - Keys 'DELETE + ' sent to object: 'Object Repository/testcoi/Page_Local Specialty/input_Email_email'

2023-07-31 14:34:32 - [TEST_STEP][PASSED] - verifyElementPresent(findTestObject("Object Repository/testcoi/Page_Local Specialty/div_Please input vaild email"), 0): Object 'Object Repository/testcoi/Page_Local Specialty/div_Please input vaild email' is present

2023-07-31 14:34:32 - [MESSAGE][WARNING] - Timeout '0' is invalid. Using default page load timeout: '30'

2023-07-31 14:34:32 - [MESSAGE][PASSED] - Object 'Object Repository/testcoi/Page_Local Specialty/div_Please input vaild email' is present

2023-07-31 14:34:32 - [TEST_STEP][PASSED] - click(findTestObject("Object Repository/testcoi/Page_Local Specialty/h2_Presonal details")): Object: 'Object Repository/testcoi/Page_Local Specialty/h2_Presonal details' is clicked on

2023-07-31 14:34:33 - [MESSAGE][PASSED] - Object: 'Object Repository/testcoi/Page_Local Specialty/h2_Presonal details' is clicked on

2023-07-31 14:34:33 - [TEST_STEP][PASSED] - setText(findTestObject("Object Repository/testcoi/Page_Local Specialty/input_First Name_first_name"), ""): Text '' is set on object 'Object Repository/testcoi/Page_Local Specialty/input_First Name_first_name'

2023-07-31 14:34:34 - [MESSAGE][PASSED] - Text '' is set on object 'Object Repository/testcoi/Page_Local Specialty/input_First Name_first_name'

2023-07-31 14:34:34 - [TEST_STEP][PASSED] - setText(findTestObject("Object Repository/testcoi/Page_Local Specialty/input_Last Name_last_name"), "chung ta rat , tuywrj"): Text 'chung ta rat , tuywrj' is set on object 'Object Repository/testcoi/Page_Local Specialty/input_Last Name_last_name'

2023-07-31 14:34:35 - [MESSAGE][PASSED] - Text 'chung ta rat , tuywrj' is set on object 'Object Repository/testcoi/Page_Local Specialty/input_Last Name_last_name'

2023-07-31 14:34:35 - [TEST_STEP][PASSED] - sendKeys(findTestObject("Object Repository/testcoi/Page_Local Specialty/input_Last Name_last_name"), Keys.chord(CONTROL, "a")): Keys 'CONTROL + a' sent to object: 'Object Repository/testcoi/Page_Local Specialty/input_Last Name_last_name'

2023-07-31 14:34:35 - [MESSAGE][PASSED] - Keys 'CONTROL + a' sent to object: 'Object Repository/testcoi/Page_Local Specialty/input_Last Name_last_name'

2023-07-31 14:34:35 - [TEST_STEP][PASSED] - sendKeys(findTestObject("Object Repository/testcoi/Page_Local Specialty/input_Last Name_last_name"), Keys.chord(DELETE)): Keys 'DELETE + ' sent to object: 'Object Repository/testcoi/Page_Local Specialty/input_Last Name_last_name'

2023-07-31 14:34:36 - [MESSAGE][PASSED] - Keys 'DELETE + ' sent to object: 'Object Repository/testcoi/Page_Local Specialty/input_Last Name_last_name'

2023-07-31 14:34:36 - [TEST_STEP][PASSED] - click(findTestObject("Object Repository/testcoi/Page_Local Specialty/input_First Name_first_name")): Object: 'Object Repository/testcoi/Page_Local Specialty/input_First Name_first_name' is clicked on

2023-07-31 14:34:36 - [MESSAGE][PASSED] - Object: 'Object Repository/testcoi/Page_Local Specialty/input_First Name_first_name' is clicked on

2023-07-31 14:34:36 - [TEST_STEP][PASSED] - setText(findTestObject("Object Repository/testcoi/Page_Local Specialty/input_Last Name_last_name"), ""): Text '' is set on object 'Object Repository/testcoi/Page_Local Specialty/input_Last Name_last_name'

2023-07-31 14:34:37 - [MESSAGE][PASSED] - Text '' is set on object 'Object Repository/testcoi/Page_Local Specialty/input_Last Name_last_name'

2023-07-31 14:34:37 - [TEST_STEP][PASSED] - setText(findTestObject("Object Repository/testcoi/Page_Local Specialty/input_Phone Number_phone"), ""): Text '' is set on object 'Object Repository/testcoi/Page_Local Specialty/input_Phone Number_phone'

2023-07-31 14:34:38 - [MESSAGE][PASSED] - Text '' is set on object 'Object Repository/testcoi/Page_Local Specialty/input_Phone Number_phone'

2023-07-31 14:34:38 - [TEST_STEP][PASSED] - click(findTestObject("Object Repository/testcoi/Page_Local Specialty/input_Email_email")): Object: 'Object Repository/testcoi/Page_Local Specialty/input_Email_email' is clicked on

2023-07-31 14:34:39 - [MESSAGE][PASSED] - Object: 'Object Repository/testcoi/Page_Local Specialty/input_Email_email' is clicked on

2023-07-31 14:34:39 - [TEST_STEP][PASSED] - click(findTestObject("Object Repository/testcoi/Page_Local Specialty/div_01Presonal details")): Object: 'Object Repository/testcoi/Page_Local Specialty/div_01Presonal details' is clicked on

2023-07-31 14:34:39 - [MESSAGE][PASSED] - Object: 'Object Repository/testcoi/Page_Local Specialty/div_01Presonal details' is clicked on

2023-07-31 14:34:39 - [TEST_STEP][PASSED] - setText(findTestObject("Object Repository/testcoi/Page_Local Specialty/input_Email_email"), ""): Text '' is set on object 'Object Repository/testcoi/Page_Local Specialty/input_Email_email'

2023-07-31 14:34:40 - [MESSAGE][PASSED] - Text '' is set on object 'Object Repository/testcoi/Page_Local Specialty/input_Email_email'

2023-07-31 14:34:40 - [TEST_STEP][PASSED] - setText(findTestObject("Object Repository/testcoi/Page_Local Specialty/input_First Name_first_name"), "@#$%^&*("): Text '@#$%^&*(' is set on object 'Object Repository/testcoi/Page_Local Specialty/input_First Name_first_name'

2023-07-31 14:34:41 - [MESSAGE][PASSED] - Text '@#$%^&*(' is set on object 'Object Repository/testcoi/Page_Local Specialty/input_First Name_first_name'

2023-07-31 14:34:41 - [TEST_STEP][PASSED] - sendKeys(findTestObject("Object Repository/testcoi/Page_Local Specialty/input_First Name_first_name"), Keys.chord(CONTROL, "a")): Keys 'CONTROL + a' sent to object: 'Object Repository/testcoi/Page_Local Specialty/input_First Name_first_name'

2023-07-31 14:34:42 - [MESSAGE][PASSED] - Keys 'CONTROL + a' sent to object: 'Object Repository/testcoi/Page_Local Specialty/input_First Name_first_name'

2023-07-31 14:34:42 - [TEST_STEP][PASSED] - sendKeys(findTestObject("Object Repository/testcoi/Page_Local Specialty/input_First Name_first_name"), Keys.chord(DELETE)): Keys 'DELETE + ' sent to object: 'Object Repository/testcoi/Page_Local Specialty/input_First Name_first_name'

2023-07-31 14:34:42 - [MESSAGE][PASSED] - Keys 'DELETE + ' sent to object: 'Object Repository/testcoi/Page_Local Specialty/input_First Name_first_name'

2023-07-31 14:34:42 - [TEST_STEP][PASSED] - setText(findTestObject("Object Repository/testcoi/Page_Local Specialty/input_Last Name_last_name"), "@#$%^&*()_"): Text '@#$%^&*()_' is set on object 'Object Repository/testcoi/Page_Local Specialty/input_Last Name_last_name'

2023-07-31 14:34:43 - [MESSAGE][PASSED] - Text '@#$%^&*()_' is set on object 'Object Repository/testcoi/Page_Local Specialty/input_Last Name_last_name'

2023-07-31 14:34:43 - [TEST_STEP][PASSED] - sendKeys(findTestObject("Object Repository/testcoi/Page_Local Specialty/input_Last Name_last_name"), Keys.chord(CONTROL, "a")): Keys 'CONTROL + a' sent to object: 'Object Repository/testcoi/Page_Local Specialty/input_Last Name_last_name'

2023-07-31 14:34:44 - [MESSAGE][PASSED] - Keys 'CONTROL + a' sent to object: 'Object Repository/testcoi/Page_Local Specialty/input_Last Name_last_name'

2023-07-31 14:34:44 - [TEST_STEP][PASSED] - sendKeys(findTestObject("Object Repository/testcoi/Page_Local Specialty/input_Last Name_last_name"), Keys.chord(DELETE)): Keys 'DELETE + ' sent to object: 'Object Repository/testcoi/Page_Local Specialty/input_Last Name_last_name'

2023-07-31 14:34:44 - [MESSAGE][PASSED] - Keys 'DELETE + ' sent to object: 'Object Repository/testcoi/Page_Local Specialty/input_Last Name_last_name'

2023-07-31 14:34:44 - [TEST_STEP][PASSED] - setText(findTestObject("Object Repository/testcoi/Page_Local Specialty/input_Email_email"), "@#$%^&*()_"): Text '@#$%^&*()_' is set on object 'Object Repository/testcoi/Page_Local Specialty/input_Email_email'

2023-07-31 14:34:45 - [MESSAGE][PASSED] - Text '@#$%^&*()_' is set on object 'Object Repository/testcoi/Page_Local Specialty/input_Email_email'

2023-07-31 14:34:45 - [TEST_STEP][PASSED] - sendKeys(findTestObject("Object Repository/testcoi/Page_Local Specialty/input_Email_email"), Keys.chord(CONTROL, "a")): Keys 'CONTROL + a' sent to object: 'Object Repository/testcoi/Page_Local Specialty/input_Email_email'

2023-07-31 14:34:46 - [MESSAGE][PASSED] - Keys 'CONTROL + a' sent to object: 'Object Repository/testcoi/Page_Local Specialty/input_Email_email'

2023-07-31 14:34:46 - [TEST_STEP][PASSED] - sendKeys(findTestObject("Object Repository/testcoi/Page_Local Specialty/input_Email_email"), Keys.chord(DELETE)): Keys 'DELETE + ' sent to object: 'Object Repository/testcoi/Page_Local Specialty/input_Email_email'

2023-07-31 14:34:46 - [MESSAGE][PASSED] - Keys 'DELETE + ' sent to object: 'Object Repository/testcoi/Page_Local Specialty/input_Email_email'

2023-07-31 14:34:46 - [TEST_STEP][PASSED] - verifyElementPresent(findTestObject("Object Repository/testcoi/Page_Local Specialty/div_First Name can not include numbers and _fa2194"), 0): Object 'Object Repository/testcoi/Page_Local Specialty/div_First Name can not include numbers and _fa2194' is present

2023-07-31 14:34:46 - [MESSAGE][WARNING] - Timeout '0' is invalid. Using default page load timeout: '30'

2023-07-31 14:34:46 - [MESSAGE][PASSED] - Object 'Object Repository/testcoi/Page_Local Specialty/div_First Name can not include numbers and _fa2194' is present

2023-07-31 14:34:46 - [TEST_STEP][PASSED] - verifyElementPresent(findTestObject("Object Repository/testcoi/Page_Local Specialty/div_Last Name can not include number and sp_257390"), 0): Object 'Object Repository/testcoi/Page_Local Specialty/div_Last Name can not include number and sp_257390' is present

2023-07-31 14:34:46 - [MESSAGE][WARNING] - Timeout '0' is invalid. Using default page load timeout: '30'

2023-07-31 14:34:47 - [MESSAGE][PASSED] - Object 'Object Repository/testcoi/Page_Local Specialty/div_Last Name can not include number and sp_257390' is present

2023-07-31 14:34:47 - [TEST_STEP][PASSED] - click(findTestObject("Object Repository/testcoi/Page_Local Specialty/div_Please input vaild email")): Object: 'Object Repository/testcoi/Page_Local Specialty/div_Please input vaild email' is clicked on

2023-07-31 14:34:47 - [MESSAGE][PASSED] - Object: 'Object Repository/testcoi/Page_Local Specialty/div_Please input vaild email' is clicked on

2023-07-31 14:34:47 - [TEST_STEP][PASSED] - verifyElementPresent(findTestObject("Object Repository/testcoi/Page_Local Specialty/div_Please input vaild email"), 0): Object 'Object Repository/testcoi/Page_Local Specialty/div_Please input vaild email' is present

2023-07-31 14:34:47 - [MESSAGE][WARNING] - Timeout '0' is invalid. Using default page load timeout: '30'

2023-07-31 14:34:48 - [MESSAGE][PASSED] - Object 'Object Repository/testcoi/Page_Local Specialty/div_Please input vaild email' is present

2023-07-31 14:34:48 - [TEST_STEP][PASSED] - setText(findTestObject("Object Repository/testcoi/Page_Local Specialty/input_Phone Number_phone"), ""): Text '' is set on object 'Object Repository/testcoi/Page_Local Specialty/input_Phone Number_phone'

2023-07-31 14:34:49 - [MESSAGE][PASSED] - Text '' is set on object 'Object Repository/testcoi/Page_Local Specialty/input_Phone Number_phone'

2023-07-31 14:34:49 - [TEST_STEP][PASSED] - verifyElementPresent(findTestObject("Object Repository/testcoi/Page_Local Specialty/div_Phone is required"), 0): Object 'Object Repository/testcoi/Page_Local Specialty/div_Phone is required' is present

2023-07-31 14:34:49 - [MESSAGE][WARNING] - Timeout '0' is invalid. Using default page load timeout: '30'

2023-07-31 14:34:49 - [MESSAGE][PASSED] - Object 'Object Repository/testcoi/Page_Local Specialty/div_Phone is required' is present

2023-07-31 14:34:49 - [TEST_STEP][PASSED] - click(findTestObject("Object Repository/testcoi/Page_Local Specialty/h2_01")): Object: 'Object Repository/testcoi/Page_Local Specialty/h2_01' is clicked on

2023-07-31 14:34:49 - [MESSAGE][PASSED] - Object: 'Object Repository/testcoi/Page_Local Specialty/h2_01' is clicked on

2023-07-31 14:34:49 - [TEST_STEP][PASSED] - setText(findTestObject("Object Repository/testcoi/Page_Local Specialty/input_First Name_first_name"), "Minh"): Text 'Minh' is set on object 'Object Repository/testcoi/Page_Local Specialty/input_First Name_first_name'

2023-07-31 14:34:50 - [MESSAGE][PASSED] - Text 'Minh' is set on object 'Object Repository/testcoi/Page_Local Specialty/input_First Name_first_name'

2023-07-31 14:34:50 - [TEST_STEP][PASSED] - click(findTestObject("Object Repository/testcoi/Page_Local Specialty/input_First Name_first_name")): Object: 'Object Repository/testcoi/Page_Local Specialty/input_First Name_first_name' is clicked on

2023-07-31 14:34:51 - [MESSAGE][PASSED] - Object: 'Object Repository/testcoi/Page_Local Specialty/input_First Name_first_name' is clicked on

2023-07-31 14:34:51 - [TEST_STEP][PASSED] - click(findTestObject("Object Repository/testcoi/Page_Local Specialty/div_checkout01Presonal detailsFirst NameLas_f3258d")): Object: 'Object Repository/testcoi/Page_Local Specialty/div_checkout01Presonal detailsFirst NameLas_f3258d' is clicked on

2023-07-31 14:34:51 - [MESSAGE][PASSED] - Object: 'Object Repository/testcoi/Page_Local Specialty/div_checkout01Presonal detailsFirst NameLas_f3258d' is clicked on

2023-07-31 14:34:51 - [TEST_STEP][PASSED] - click(findTestObject("Object Repository/testcoi/Page_Local Specialty/input_First Name_first_name")): Object: 'Object Repository/testcoi/Page_Local Specialty/input_First Name_first_name' is clicked on

2023-07-31 14:34:52 - [MESSAGE][PASSED] - Object: 'Object Repository/testcoi/Page_Local Specialty/input_First Name_first_name' is clicked on

2023-07-31 14:34:52 - [TEST_STEP][PASSED] - setText(findTestObject("Object Repository/testcoi/Page_Local Specialty/input_Last Name_last_name"), "Tuan"): Text 'Tuan' is set on object 'Object Repository/testcoi/Page_Local Specialty/input_Last Name_last_name'

2023-07-31 14:34:53 - [MESSAGE][PASSED] - Text 'Tuan' is set on object 'Object Repository/testcoi/Page_Local Specialty/input_Last Name_last_name'

2023-07-31 14:34:53 - [TEST_STEP][PASSED] - click(findTestObject("Object Repository/testcoi/Page_Local Specialty/div_checkout01Presonal detailsFirst NameLas_6c8f61")): Object: 'Object Repository/testcoi/Page_Local Specialty/div_checkout01Presonal detailsFirst NameLas_6c8f61' is clicked on

2023-07-31 14:34:53 - [MESSAGE][PASSED] - Object: 'Object Repository/testcoi/Page_Local Specialty/div_checkout01Presonal detailsFirst NameLas_6c8f61' is clicked on

2023-07-31 14:34:53 - [TEST_STEP][PASSED] - click(findTestObject("Object Repository/testcoi/Page_Local Specialty/input_Email_email")): Object: 'Object Repository/testcoi/Page_Local Specialty/input_Email_email' is clicked on

2023-07-31 14:34:54 - [MESSAGE][PASSED] - Object: 'Object Repository/testcoi/Page_Local Specialty/input_Email_email' is clicked on

2023-07-31 14:34:54 - [TEST_STEP][PASSED] - setText(findTestObject("Object Repository/testcoi/Page_Local Specialty/input_Phone Number_phone"), "0246283628"): Text '0246283628' is set on object 'Object Repository/testcoi/Page_Local Specialty/input_Phone Number_phone'

2023-07-31 14:34:55 - [MESSAGE][PASSED] - Text '0246283628' is set on object 'Object Repository/testcoi/Page_Local Specialty/input_Phone Number_phone'

2023-07-31 14:34:55 - [TEST_STEP][PASSED] - sendKeys(findTestObject("Object Repository/testcoi/Page_Local Specialty/input_Phone Number_phone"), Keys.chord(CONTROL, "a")): Keys 'CONTROL + a' sent to object: 'Object Repository/testcoi/Page_Local Specialty/input_Phone Number_phone'

2023-07-31 14:34:55 - [MESSAGE][PASSED] - Keys 'CONTROL + a' sent to object: 'Object Repository/testcoi/Page_Local Specialty/input_Phone Number_phone'

2023-07-31 14:34:55 - [TEST_STEP][PASSED] - sendKeys(findTestObject("Object Repository/testcoi/Page_Local Specialty/input_Phone Number_phone"), Keys.chord(DELETE)): Keys 'DELETE + ' sent to object: 'Object Repository/testcoi/Page_Local Specialty/input_Phone Number_phone'

2023-07-31 14:34:56 - [MESSAGE][PASSED] - Keys 'DELETE + ' sent to object: 'Object Repository/testcoi/Page_Local Specialty/input_Phone Number_phone'

2023-07-31 14:34:56 - [TEST_STEP][PASSED] - setText(findTestObject("Object Repository/testcoi/Page_Local Specialty/input_Email_email"), "@#$%^&*()_"): Text '@#$%^&*()_' is set on object 'Object Repository/testcoi/Page_Local Specialty/input_Email_email'

2023-07-31 14:34:57 - [MESSAGE][PASSED] - Text '@#$%^&*()_' is set on object 'Object Repository/testcoi/Page_Local Specialty/input_Email_email'

2023-07-31 14:34:57 - [TEST_STEP][PASSED] - sendKeys(findTestObject("Object Repository/testcoi/Page_Local Specialty/input_Email_email"), Keys.chord(CONTROL, "a")): Keys 'CONTROL + a' sent to object: 'Object Repository/testcoi/Page_Local Specialty/input_Email_email'

2023-07-31 14:34:57 - [MESSAGE][PASSED] - Keys 'CONTROL + a' sent to object: 'Object Repository/testcoi/Page_Local Specialty/input_Email_email'

2023-07-31 14:34:57 - [TEST_STEP][PASSED] - sendKeys(findTestObject("Object Repository/testcoi/Page_Local Specialty/input_Email_email"), Keys.chord(DELETE)): Keys 'DELETE + ' sent to object: 'Object Repository/testcoi/Page_Local Specialty/input_Email_email'

2023-07-31 14:34:58 - [MESSAGE][PASSED] - Keys 'DELETE + ' sent to object: 'Object Repository/testcoi/Page_Local Specialty/input_Email_email'

2023-07-31 14:34:58 - [TEST_STEP][PASSED] - click(findTestObject("Object Repository/testcoi/Page_Local Specialty/input_Email_email")): Object: 'Object Repository/testcoi/Page_Local Specialty/input_Email_email' is clicked on

2023-07-31 14:34:58 - [MESSAGE][PASSED] - Object: 'Object Repository/testcoi/Page_Local Specialty/input_Email_email' is clicked on

2023-07-31 14:34:58 - [TEST_STEP][PASSED] - setText(findTestObject("Object Repository/testcoi/Page_Local Specialty/input_Phone Number_phone"), "0346283628"): Text '0346283628' is set on object 'Object Repository/testcoi/Page_Local Specialty/input_Phone Number_phone'

2023-07-31 14:34:59 - [MESSAGE][PASSED] - Text '0346283628' is set on object 'Object Repository/testcoi/Page_Local Specialty/input_Phone Number_phone'

2023-07-31 14:34:59 - [TEST_STEP][PASSED] - click(findTestObject("Object Repository/testcoi/Page_Local Specialty/div_Phone Number")): Object: 'Object Repository/testcoi/Page_Local Specialty/div_Phone Number' is clicked on

2023-07-31 14:35:00 - [MESSAGE][PASSED] - Object: 'Object Repository/testcoi/Page_Local Specialty/div_Phone Number' is clicked on

2023-07-31 14:35:00 - [TEST_STEP][PASSED] - click(findTestObject("Object Repository/testcoi/Page_Local Specialty/div_01Presonal details")): Object: 'Object Repository/testcoi/Page_Local Specialty/div_01Presonal details' is clicked on

2023-07-31 14:35:00 - [MESSAGE][PASSED] - Object: 'Object Repository/testcoi/Page_Local Specialty/div_01Presonal details' is clicked on

2023-07-31 14:35:00 - [TEST_STEP][PASSED] - setText(findTestObject("Object Repository/testcoi/Page_Local Specialty/input_Email_email"), "@#$%^&*()_"): Text '@#$%^&*()_' is set on object 'Object Repository/testcoi/Page_Local Specialty/input_Email_email'

2023-07-31 14:35:01 - [MESSAGE][PASSED] - Text '@#$%^&*()_' is set on object 'Object Repository/testcoi/Page_Local Specialty/input_Email_email'

2023-07-31 14:35:01 - [TEST_STEP][PASSED] - sendKeys(findTestObject("Object Repository/testcoi/Page_Local Specialty/input_Email_email"), Keys.chord(CONTROL, "a")): Keys 'CONTROL + a' sent to object: 'Object Repository/testcoi/Page_Local Specialty/input_Email_email'

2023-07-31 14:35:02 - [MESSAGE][PASSED] - Keys 'CONTROL + a' sent to object: 'Object Repository/testcoi/Page_Local Specialty/input_Email_email'

2023-07-31 14:35:02 - [TEST_STEP][PASSED] - sendKeys(findTestObject("Object Repository/testcoi/Page_Local Specialty/input_Email_email"), Keys.chord(DELETE)): Keys 'DELETE + ' sent to object: 'Object Repository/testcoi/Page_Local Specialty/input_Email_email'

2023-07-31 14:35:02 - [MESSAGE][PASSED] - Keys 'DELETE + ' sent to object: 'Object Repository/testcoi/Page_Local Specialty/input_Email_email'

2023-07-31 14:35:02 - [TEST_STEP][PASSED] - verifyElementPresent(findTestObject("Object Repository/testcoi/Page_Local Specialty/div_Please input vaild email"), 0): Object 'Object Repository/testcoi/Page_Local Specialty/div_Please input vaild email' is present

2023-07-31 14:35:02 - [MESSAGE][WARNING] - Timeout '0' is invalid. Using default page load timeout: '30'

2023-07-31 14:35:02 - [MESSAGE][PASSED] - Object 'Object Repository/testcoi/Page_Local Specialty/div_Please input vaild email' is present

2023-07-31 14:35:02 - [TEST_STEP][PASSED] - click(findTestObject("Object Repository/testcoi/Page_Local Specialty/div_01Presonal details")): Object: 'Object Repository/testcoi/Page_Local Specialty/div_01Presonal details' is clicked on

2023-07-31 14:35:03 - [MESSAGE][PASSED] - Object: 'Object Repository/testcoi/Page_Local Specialty/div_01Presonal details' is clicked on

2023-07-31 14:35:03 - [TEST_STEP][PASSED] - setText(findTestObject("Object Repository/testcoi/Page_Local Specialty/input_Email_email"), "minhhoang23.com"): Text 'minhhoang23.com' is set on object 'Object Repository/testcoi/Page_Local Specialty/input_Email_email'

2023-07-31 14:35:04 - [MESSAGE][PASSED] - Text 'minhhoang23.com' is set on object 'Object Repository/testcoi/Page_Local Specialty/input_Email_email'

2023-07-31 14:35:04 - [TEST_STEP][PASSED] - sendKeys(findTestObject("Object Repository/testcoi/Page_Local Specialty/input_Email_email"), Keys.chord(CONTROL, "a")): Keys 'CONTROL + a' sent to object: 'Object Repository/testcoi/Page_Local Specialty/input_Email_email'

2023-07-31 14:35:04 - [MESSAGE][PASSED] - Keys 'CONTROL + a' sent to object: 'Object Repository/testcoi/Page_Local Specialty/input_Email_email'

2023-07-31 14:35:04 - [TEST_STEP][PASSED] - sendKeys(findTestObject("Object Repository/testcoi/Page_Local Specialty/input_Email_email"), Keys.chord(DELETE)): Keys 'DELETE + ' sent to object: 'Object Repository/testcoi/Page_Local Specialty/input_Email_email'

2023-07-31 14:35:05 - [MESSAGE][PASSED] - Keys 'DELETE + ' sent to object: 'Object Repository/testcoi/Page_Local Specialty/input_Email_email'

2023-07-31 14:35:05 - [TEST_STEP][PASSED] - verifyElementPresent(findTestObject("Object Repository/testcoi/Page_Local Specialty/input_Email_email"), 0): Object 'Object Repository/testcoi/Page_Local Specialty/input_Email_email' is present

2023-07-31 14:35:05 - [MESSAGE][WARNING] - Timeout '0' is invalid. Using default page load timeout: '30'

2023-07-31 14:35:05 - [MESSAGE][PASSED] - Object 'Object Repository/testcoi/Page_Local Specialty/input_Email_email' is present

2023-07-31 14:35:05 - [TEST_STEP][PASSED] - click(findTestObject("Object Repository/testcoi/Page_Local Specialty/input_Email_email")): Object: 'Object Repository/testcoi/Page_Local Specialty/input_Email_email' is clicked on

2023-07-31 14:35:05 - [MESSAGE][PASSED] - Object: 'Object Repository/testcoi/Page_Local Specialty/input_Email_email' is clicked on

2023-07-31 14:35:05 - [TEST_STEP][PASSED] - click(findTestObject("Object Repository/testcoi/Page_Local Specialty/div_01Presonal details")): Object: 'Object Repository/testcoi/Page_Local Specialty/div_01Presonal details' is clicked on

2023-07-31 14:35:06 - [MESSAGE][PASSED] - Object: 'Object Repository/testcoi/Page_Local Specialty/div_01Presonal details' is clicked on

2023-07-31 14:35:06 - [TEST_STEP][PASSED] - setText(findTestObject("Object Repository/testcoi/Page_Local Specialty/input_Email_email"), "minhhoang23.com"): Text 'minhhoang23.com' is set on object 'Object Repository/testcoi/Page_Local Specialty/input_Email_email'

2023-07-31 14:35:07 - [MESSAGE][PASSED] - Text 'minhhoang23.com' is set on object 'Object Repository/testcoi/Page_Local Specialty/input_Email_email'

2023-07-31 14:35:07 - [TEST_STEP][PASSED] - sendKeys(findTestObject("Object Repository/testcoi/Page_Local Specialty/input_Email_email"), Keys.chord(CONTROL, "a")): Keys 'CONTROL + a' sent to object: 'Object Repository/testcoi/Page_Local Specialty/input_Email_email'

2023-07-31 14:35:08 - [MESSAGE][PASSED] - Keys 'CONTROL + a' sent to object: 'Object Repository/testcoi/Page_Local Specialty/input_Email_email'

2023-07-31 14:35:08 - [TEST_STEP][PASSED] - sendKeys(findTestObject("Object Repository/testcoi/Page_Local Specialty/input_Email_email"), Keys.chord(DELETE)): Keys 'DELETE + ' sent to object: 'Object Repository/testcoi/Page_Local Specialty/input_Email_email'

2023-07-31 14:35:08 - [MESSAGE][PASSED] - Keys 'DELETE + ' sent to object: 'Object Repository/testcoi/Page_Local Specialty/input_Email_email'

2023-07-31 14:35:08 - [TEST_STEP][PASSED] - click(findTestObject("Object Repository/testcoi/Page_Local Specialty/div_01Presonal details")): Object: 'Object Repository/testcoi/Page_Local Specialty/div_01Presonal details' is clicked on

2023-07-31 14:35:09 - [MESSAGE][PASSED] - Object: 'Object Repository/testcoi/Page_Local Specialty/div_01Presonal details' is clicked on

2023-07-31 14:35:09 - [TEST_STEP][PASSED] - setText(findTestObject("Object Repository/testcoi/Page_Local Specialty/input_Email_email"), "minh hoang23A@.xom"): Text 'minh hoang23A@.xom' is set on object 'Object Repository/testcoi/Page_Local Specialty/input_Email_email'

2023-07-31 14:35:11 - [MESSAGE][PASSED] - Text 'minh hoang23A@.xom' is set on object 'Object Repository/testcoi/Page_Local Specialty/input_Email_email'

2023-07-31 14:35:11 - [TEST_STEP][PASSED] - sendKeys(findTestObject("Object Repository/testcoi/Page_Local Specialty/input_Email_email"), Keys.chord(CONTROL, "a")): Keys 'CONTROL + a' sent to object: 'Object Repository/testcoi/Page_Local Specialty/input_Email_email'

2023-07-31 14:35:11 - [MESSAGE][PASSED] - Keys 'CONTROL + a' sent to object: 'Object Repository/testcoi/Page_Local Specialty/input_Email_email'

2023-07-31 14:35:11 - [TEST_STEP][PASSED] - sendKeys(findTestObject("Object Repository/testcoi/Page_Local Specialty/input_Email_email"), Keys.chord(DELETE)): Keys 'DELETE + ' sent to object: 'Object Repository/testcoi/Page_Local Specialty/input_Email_email'

2023-07-31 14:35:11 - [MESSAGE][PASSED] - Keys 'DELETE + ' sent to object: 'Object Repository/testcoi/Page_Local Specialty/input_Email_email'

2023-07-31 14:35:11 - [TEST_STEP][PASSED] - sendKeys(findTestObject("Object Repository/testcoi/Page_Local Specialty/input_Email_email"), Keys.chord(ENTER)): Keys 'ENTER + ' sent to object: 'Object Repository/testcoi/Page_Local Specialty/input_Email_email'

2023-07-31 14:35:12 - [MESSAGE][PASSED] - Keys 'ENTER + ' sent to object: 'Object Repository/testcoi/Page_Local Specialty/input_Email_email'

2023-07-31 14:35:12 - [TEST_STEP][PASSED] - verifyElementPresent(findTestObject("Object Repository/testcoi/Page_Local Specialty/div_Please input vaild email"), 0): Object 'Object Repository/testcoi/Page_Local Specialty/div_Please input vaild email' is present

2023-07-31 14:35:12 - [MESSAGE][WARNING] - Timeout '0' is invalid. Using default page load timeout: '30'

2023-07-31 14:35:12 - [MESSAGE][PASSED] - Object 'Object Repository/testcoi/Page_Local Specialty/div_Please input vaild email' is present

2023-07-31 14:35:12 - [TEST_STEP][PASSED] - click(findTestObject("Object Repository/testcoi/Page_Local Specialty/div_01Presonal details")): Object: 'Object Repository/testcoi/Page_Local Specialty/div_01Presonal details' is clicked on

2023-07-31 14:35:13 - [MESSAGE][PASSED] - Object: 'Object Repository/testcoi/Page_Local Specialty/div_01Presonal details' is clicked on

2023-07-31 14:35:13 - [TEST_STEP][PASSED] - setText(findTestObject("Object Repository/testcoi/Page_Local Specialty/input_Email_email"), "minh@.gmail.com"): Text 'minh@.gmail.com' is set on object 'Object Repository/testcoi/Page_Local Specialty/input_Email_email'

2023-07-31 14:35:14 - [MESSAGE][PASSED] - Text 'minh@.gmail.com' is set on object 'Object Repository/testcoi/Page_Local Specialty/input_Email_email'

2023-07-31 14:35:14 - [TEST_STEP][PASSED] - sendKeys(findTestObject("Object Repository/testcoi/Page_Local Specialty/input_Email_email"), Keys.chord(CONTROL, "a")): Keys 'CONTROL + a' sent to object: 'Object Repository/testcoi/Page_Local Specialty/input_Email_email'

2023-07-31 14:35:15 - [MESSAGE][PASSED] - Keys 'CONTROL + a' sent to object: 'Object Repository/testcoi/Page_Local Specialty/input_Email_email'

2023-07-31 14:35:15 - [TEST_STEP][PASSED] - sendKeys(findTestObject("Object Repository/testcoi/Page_Local Specialty/input_Email_email"), Keys.chord(DELETE)): Keys 'DELETE + ' sent to object: 'Object Repository/testcoi/Page_Local Specialty/input_Email_email'

2023-07-31 14:35:15 - [MESSAGE][PASSED] - Keys 'DELETE + ' sent to object: 'Object Repository/testcoi/Page_Local Specialty/input_Email_email'

2023-07-31 14:35:15 - [TEST_STEP][PASSED] - verifyElementPresent(findTestObject("Object Repository/testcoi/Page_Local Specialty/div_Please input vaild email"), 0): Object 'Object Repository/testcoi/Page_Local Specialty/div_Please input vaild email' is present

2023-07-31 14:35:15 - [MESSAGE][WARNING] - Timeout '0' is invalid. Using default page load timeout: '30'

2023-07-31 14:35:16 - [MESSAGE][PASSED] - Object 'Object Repository/testcoi/Page_Local Specialty/div_Please input vaild email' is present

2023-07-31 14:35:16 - [TEST_STEP][PASSED] - click(findTestObject("Object Repository/testcoi/Page_Local Specialty/div_01Presonal details")): Object: 'Object Repository/testcoi/Page_Local Specialty/div_01Presonal details' is clicked on

2023-07-31 14:35:16 - [MESSAGE][PASSED] - Object: 'Object Repository/testcoi/Page_Local Specialty/div_01Presonal details' is clicked on

2023-07-31 14:35:16 - [TEST_STEP][PASSED] - setText(findTestObject("Object Repository/testcoi/Page_Local Specialty/input_Email_email"), "@minh.com"): Text '@minh.com' is set on object 'Object Repository/testcoi/Page_Local Specialty/input_Email_email'

2023-07-31 14:35:17 - [MESSAGE][PASSED] - Text '@minh.com' is set on object 'Object Repository/testcoi/Page_Local Specialty/input_Email_email'

2023-07-31 14:35:17 - [TEST_STEP][PASSED] - sendKeys(findTestObject("Object Repository/testcoi/Page_Local Specialty/input_Email_email"), Keys.chord(CONTROL, "a")): Keys 'CONTROL + a' sent to object: 'Object Repository/testcoi/Page_Local Specialty/input_Email_email'

2023-07-31 14:35:18 - [MESSAGE][PASSED] - Keys 'CONTROL + a' sent to object: 'Object Repository/testcoi/Page_Local Specialty/input_Email_email'

2023-07-31 14:35:18 - [TEST_STEP][PASSED] - sendKeys(findTestObject("Object Repository/testcoi/Page_Local Specialty/input_Email_email"), Keys.chord(DELETE)): Keys 'DELETE + ' sent to object: 'Object Repository/testcoi/Page_Local Specialty/input_Email_email'

2023-07-31 14:35:18 - [MESSAGE][PASSED] - Keys 'DELETE + ' sent to object: 'Object Repository/testcoi/Page_Local Specialty/input_Email_email'

2023-07-31 14:35:18 - [TEST_STEP][PASSED] - verifyElementPresent(findTestObject("Object Repository/testcoi/Page_Local Specialty/div_Please input vaild email"), 0): Object 'Object Repository/testcoi/Page_Local Specialty/div_Please input vaild email' is present

2023-07-31 14:35:18 - [MESSAGE][WARNING] - Timeout '0' is invalid. Using default page load timeout: '30'

2023-07-31 14:35:18 - [MESSAGE][PASSED] - Object 'Object Repository/testcoi/Page_Local Specialty/div_Please input vaild email' is present

2023-07-31 14:35:18 - [TEST_STEP][PASSED] - setText(findTestObject("Object Repository/testcoi/Page_Local Specialty/input_Email_email"), ""): Text '' is set on object 'Object Repository/testcoi/Page_Local Specialty/input_Email_email'

2023-07-31 14:35:19 - [MESSAGE][PASSED] - Text '' is set on object 'Object Repository/testcoi/Page_Local Specialty/input_Email_email'

2023-07-31 14:35:19 - [TEST_STEP][PASSED] - click(findTestObject("Object Repository/testcoi/Page_Local Specialty/div_01Presonal details")): Object: 'Object Repository/testcoi/Page_Local Specialty/div_01Presonal details' is clicked on

2023-07-31 14:35:20 - [MESSAGE][PASSED] - Object: 'Object Repository/testcoi/Page_Local Specialty/div_01Presonal details' is clicked on

2023-07-31 14:35:20 - [TEST_STEP][PASSED] - setText(findTestObject("Object Repository/testcoi/Page_Local Specialty/input_Email_email"), "minh23@gmail.com"): Text 'minh23@gmail.com' is set on object 'Object Repository/testcoi/Page_Local Specialty/input_Email_email'

2023-07-31 14:35:21 - [MESSAGE][PASSED] - Text 'minh23@gmail.com' is set on object 'Object Repository/testcoi/Page_Local Specialty/input_Email_email'

2023-07-31 14:35:21 - [TEST_STEP][PASSED] - selectOptionByValue(findTestObject("Object Repository/CheckOUt/Page_Local Specialty/select_Select your provinceThnh ph H NiTnh _4299c3 (1)"), "04", true): All options with value '04' are selected in object 'Object Repository/CheckOUt/Page_Local Specialty/select_Select your provinceThnh ph H NiTnh _4299c3 (1)'  using regular expression

2023-07-31 14:35:23 - [MESSAGE][PASSED] - All options with value '04' are selected in object 'Object Repository/CheckOUt/Page_Local Specialty/select_Select your provinceThnh ph H NiTnh _4299c3 (1)'  using regular expression

2023-07-31 14:35:23 - [TEST_STEP][PASSED] - selectOptionByValue(findTestObject("Object Repository/CheckOUt/Page_Local Specialty/select_Select your districtThnh ph Cao BngH_11cf5a"), "045", true): All options with value '045' are selected in object 'Object Repository/CheckOUt/Page_Local Specialty/select_Select your districtThnh ph Cao BngH_11cf5a'  using regular expression

2023-07-31 14:35:25 - [MESSAGE][PASSED] - All options with value '045' are selected in object 'Object Repository/CheckOUt/Page_Local Specialty/select_Select your districtThnh ph Cao BngH_11cf5a'  using regular expression

2023-07-31 14:35:25 - [TEST_STEP][PASSED] - selectOptionByValue(findTestObject("Object Repository/CheckOUt/Page_Local Specialty/select_Select your wardTh trn Thng NngX Cn _70b725"), "01378", true): All options with value '01378' are selected in object 'Object Repository/CheckOUt/Page_Local Specialty/select_Select your wardTh trn Thng NngX Cn _70b725'  using regular expression

2023-07-31 14:35:28 - [MESSAGE][PASSED] - All options with value '01378' are selected in object 'Object Repository/CheckOUt/Page_Local Specialty/select_Select your wardTh trn Thng NngX Cn _70b725'  using regular expression

2023-07-31 14:35:28 - [TEST_STEP][PASSED] - setText(findTestObject("Object Repository/testcoi/Page_Local Specialty/input_Your Street_street"), "101b lê hữu trác"): Text '101b lê hữu trác' is set on object 'Object Repository/testcoi/Page_Local Specialty/input_Your Street_street'

2023-07-31 14:35:29 - [MESSAGE][PASSED] - Text '101b lê hữu trác' is set on object 'Object Repository/testcoi/Page_Local Specialty/input_Your Street_street'

2023-07-31 14:35:29 - [TEST_STEP][PASSED] - click(findTestObject("Object Repository/testcoi/Page_Local Specialty/div_homeproductabout uscontact1checkout01Pr_df77c7")): Object: 'Object Repository/testcoi/Page_Local Specialty/div_homeproductabout uscontact1checkout01Pr_df77c7' is clicked on

2023-07-31 14:35:30 - [MESSAGE][PASSED] - Object: 'Object Repository/testcoi/Page_Local Specialty/div_homeproductabout uscontact1checkout01Pr_df77c7' is clicked on

2023-07-31 14:35:30 - [TEST_STEP][PASSED] - click(findTestObject("Object Repository/testcoi/Page_Local Specialty/button_place order")): Object: 'Object Repository/testcoi/Page_Local Specialty/button_place order' is clicked on

2023-07-31 14:35:30 - [MESSAGE][PASSED] - Object: 'Object Repository/testcoi/Page_Local Specialty/button_place order' is clicked on

2023-07-31 14:35:30 - [TEST_STEP][PASSED] - verifyElementPresent(findTestObject("Object Repository/testcoi/Page_Local Specialty/div_Choose your payment method"), 0): Object 'Object Repository/testcoi/Page_Local Specialty/div_Choose your payment method' is present

2023-07-31 14:35:30 - [MESSAGE][WARNING] - Timeout '0' is invalid. Using default page load timeout: '30'

2023-07-31 14:35:31 - [MESSAGE][PASSED] - Object 'Object Repository/testcoi/Page_Local Specialty/div_Choose your payment method' is present

2023-07-31 14:35:31 - [TEST_STEP][PASSED] - click(findTestObject("Object Repository/testcoi/Page_Local Specialty/label_cash")): Object: 'Object Repository/testcoi/Page_Local Specialty/label_cash' is clicked on

2023-07-31 14:35:31 - [MESSAGE][PASSED] - Object: 'Object Repository/testcoi/Page_Local Specialty/label_cash' is clicked on

2023-07-31 14:35:31 - [TEST_STEP][PASSED] - click(findTestObject("Object Repository/testcoi/Page_Local Specialty/button_place order")): Object: 'Object Repository/testcoi/Page_Local Specialty/button_place order' is clicked on

2023-07-31 14:35:32 - [MESSAGE][PASSED] - Object: 'Object Repository/testcoi/Page_Local Specialty/button_place order' is clicked on

2023-07-31 14:35:32 - [TEST_STEP][PASSED] - delay(10): Delayed 10 second(s)

2023-07-31 14:35:42 - [MESSAGE][PASSED] - Delayed 10 second(s)

2023-07-31 14:35:42 - [TEST_STEP][PASSED] - verifyElementPresent(findTestObject("Object Repository/testcoi/Page_Local Specialty/div_Full nameTuan Minhphone0346283628Order _7db2db"), 0): Object 'Object Repository/testcoi/Page_Local Specialty/div_Full nameTuan Minhphone0346283628Order _7db2db' is present

2023-07-31 14:35:42 - [MESSAGE][WARNING] - Timeout '0' is invalid. Using default page load timeout: '30'

2023-07-31 14:35:49 - [MESSAGE][PASSED] - Object 'Object Repository/testcoi/Page_Local Specialty/div_Full nameTuan Minhphone0346283628Order _7db2db' is present

2023-07-31 14:35:49 - [TEST_STEP][PASSED] - closeBrowser(): Browser is closed

2023-07-31 14:35:50 - [MESSAGE][PASSED] - Browser is closed]]></system-out>
         <system-err><![CDATA[]]></system-err>
      </testcase>
      <testcase name="Test Cases/LC/Filter" time="37.88" classname="Test Cases/LC/Filter" status="PASSED">
         <system-out><![CDATA[2023-07-31 14:35:50 - [TEST_CASE][PASSED] - Test Cases/LC/Filter: Test Cases/LC/Filter

2023-07-31 14:35:50 - [TEST_STEP][PASSED] - openBrowser(""): Browser is opened with url: ''

2023-07-31 14:35:50 - [MESSAGE][INFO] - Starting 'Chrome' driver

2023-07-31 14:35:50 - [MESSAGE][INFO] - Action delay is set to 0 milliseconds

2023-07-31 14:35:52 - [MESSAGE][PASSED] - Browser is opened with url: ''

2023-07-31 14:35:52 - [TEST_STEP][PASSED] - navigateToUrl("http://localhost:5173/"): Navigate to 'http://localhost:5173/' successfully

2023-07-31 14:35:54 - [MESSAGE][PASSED] - Navigate to 'http://localhost:5173/' successfully

2023-07-31 14:35:54 - [TEST_STEP][PASSED] - maximizeWindow(): Current window maximized

2023-07-31 14:35:54 - [MESSAGE][PASSED] - Current window maximized

2023-07-31 14:35:54 - [TEST_STEP][PASSED] - click(findTestObject("Filter/Page_Vite  React  TS/p_product")): Object: 'Object Repository/Filter/Page_Vite  React  TS/p_product' is clicked on

2023-07-31 14:35:55 - [MESSAGE][PASSED] - Object: 'Object Repository/Filter/Page_Vite  React  TS/p_product' is clicked on

2023-07-31 14:35:55 - [TEST_STEP][PASSED] - delay(8): Delayed 8 second(s)

2023-07-31 14:36:03 - [MESSAGE][PASSED] - Delayed 8 second(s)

2023-07-31 14:36:03 - [TEST_STEP][PASSED] - dragAndDropToObject(findTestObject("Filter/Page_Vite  React  TS/div_by price_example-track example-track-1"), findTestObject("Filter/Page_Vite  React  TS/div_by price_example-thumb example-thumb-0 active")): Dragged object with id 'Object Repository/Filter/Page_Vite  React  TS/div_by price_example-track example-track-1' to object with id 'TestObject - 'Object Repository/Filter/Page_Vite  React  TS/div_by price_example-thumb example-thumb-0 active'' successfully

2023-07-31 14:36:04 - [MESSAGE][PASSED] - Dragged object with id 'Object Repository/Filter/Page_Vite  React  TS/div_by price_example-track example-track-1' to object with id 'TestObject - 'Object Repository/Filter/Page_Vite  React  TS/div_by price_example-thumb example-thumb-0 active'' successfully

2023-07-31 14:36:04 - [TEST_STEP][PASSED] - selectOptionByValue(findTestObject("Object Repository/Filter/Page_Vite  React  TS/select_allKhMinhhonag (1)"), "20", true): All options with value '20' are selected in object 'Object Repository/Filter/Page_Vite  React  TS/select_allKhMinhhonag (1)'  using regular expression

2023-07-31 14:36:10 - [MESSAGE][PASSED] - All options with value '20' are selected in object 'Object Repository/Filter/Page_Vite  React  TS/select_allKhMinhhonag (1)'  using regular expression

2023-07-31 14:36:10 - [TEST_STEP][PASSED] - delay(8): Delayed 8 second(s)

2023-07-31 14:36:18 - [MESSAGE][PASSED] - Delayed 8 second(s)

2023-07-31 14:36:18 - [TEST_STEP][PASSED] - verifyElementText(findTestObject("Object Repository/Filter/Page_Vite  React  TS/p_There is no result found"), "There is no result found"): Actual text and expected text of test object 'Object Repository/Filter/Page_Vite  React  TS/p_There is no result found' are matched.

2023-07-31 14:36:18 - [MESSAGE][PASSED] - Actual text and expected text of test object 'Object Repository/Filter/Page_Vite  React  TS/p_There is no result found' are matched.

2023-07-31 14:36:18 - [TEST_STEP][PASSED] - selectOptionByValue(findTestObject("Object Repository/Filter/Page_Vite  React  TS/select_allKhMinhhonag (1)"), "15", true): All options with value '15' are selected in object 'Object Repository/Filter/Page_Vite  React  TS/select_allKhMinhhonag (1)'  using regular expression

2023-07-31 14:36:19 - [MESSAGE][PASSED] - All options with value '15' are selected in object 'Object Repository/Filter/Page_Vite  React  TS/select_allKhMinhhonag (1)'  using regular expression

2023-07-31 14:36:19 - [TEST_STEP][PASSED] - delay(8): Delayed 8 second(s)

2023-07-31 14:36:27 - [MESSAGE][PASSED] - Delayed 8 second(s)

2023-07-31 14:36:27 - [TEST_STEP][PASSED] - closeBrowser(): Browser is closed

2023-07-31 14:36:28 - [MESSAGE][PASSED] - Browser is closed]]></system-out>
         <system-err><![CDATA[]]></system-err>
      </testcase>
      <testcase name="Test Cases/LC/Searching" time="88.168" classname="Test Cases/LC/Searching" status="PASSED">
         <system-out><![CDATA[2023-07-31 14:36:28 - [TEST_CASE][PASSED] - Test Cases/LC/Searching: Test Cases/LC/Searching

2023-07-31 14:36:28 - [TEST_STEP][PASSED] - openBrowser(""): Browser is opened with url: ''

2023-07-31 14:36:28 - [MESSAGE][INFO] - Starting 'Chrome' driver

2023-07-31 14:36:28 - [MESSAGE][INFO] - Action delay is set to 0 milliseconds

2023-07-31 14:36:30 - [MESSAGE][PASSED] - Browser is opened with url: ''

2023-07-31 14:36:30 - [TEST_STEP][PASSED] - navigateToUrl("http://localhost:5173/"): Navigate to 'http://localhost:5173/' successfully

2023-07-31 14:36:31 - [MESSAGE][PASSED] - Navigate to 'http://localhost:5173/' successfully

2023-07-31 14:36:31 - [TEST_STEP][PASSED] - maximizeWindow(): Current window maximized

2023-07-31 14:36:31 - [MESSAGE][PASSED] - Current window maximized

2023-07-31 14:36:31 - [TEST_STEP][PASSED] - click(findTestObject("Object Repository/Searching/Page_Vite  React  TS/p_product")): Object: 'Object Repository/Searching/Page_Vite  React  TS/p_product' is clicked on

2023-07-31 14:36:32 - [MESSAGE][PASSED] - Object: 'Object Repository/Searching/Page_Vite  React  TS/p_product' is clicked on

2023-07-31 14:36:32 - [TEST_STEP][PASSED] - setText(findTestObject("Object Repository/Searching/Page_Vite  React  TS/input_The best offer that we offer to the w_af0838"), "Bún"): Text 'Bún' is set on object 'Object Repository/Searching/Page_Vite  React  TS/input_The best offer that we offer to the w_af0838'

2023-07-31 14:36:40 - [MESSAGE][PASSED] - Text 'Bún' is set on object 'Object Repository/Searching/Page_Vite  React  TS/input_The best offer that we offer to the w_af0838'

2023-07-31 14:36:40 - [TEST_STEP][PASSED] - click(findTestObject("Object Repository/Searching/Page_Vite  React  TS/div_Local specialtys areasThe best offer th_96ccf5")): Object: 'Object Repository/Searching/Page_Vite  React  TS/div_Local specialtys areasThe best offer th_96ccf5' is clicked on

2023-07-31 14:36:42 - [MESSAGE][PASSED] - Object: 'Object Repository/Searching/Page_Vite  React  TS/div_Local specialtys areasThe best offer th_96ccf5' is clicked on

2023-07-31 14:36:42 - [TEST_STEP][PASSED] - click(findTestObject("Object Repository/Searching/Page_Vite  React  TS/img_by category_chakra-image css-lxd7e7")): Object: 'Object Repository/Searching/Page_Vite  React  TS/img_by category_chakra-image css-lxd7e7' is clicked on

2023-07-31 14:36:46 - [MESSAGE][PASSED] - Object: 'Object Repository/Searching/Page_Vite  React  TS/img_by category_chakra-image css-lxd7e7' is clicked on

2023-07-31 14:36:46 - [TEST_STEP][PASSED] - click(findTestObject("Object Repository/Searching/Page_Vite  React  TS/button_Reviews")): Object: 'Object Repository/Searching/Page_Vite  React  TS/button_Reviews' is clicked on

2023-07-31 14:36:51 - [MESSAGE][PASSED] - Object: 'Object Repository/Searching/Page_Vite  React  TS/button_Reviews' is clicked on

2023-07-31 14:36:51 - [TEST_STEP][PASSED] - click(findTestObject("Object Repository/Searching/Page_Vite  React  TS/button_Description")): Object: 'Object Repository/Searching/Page_Vite  React  TS/button_Description' is clicked on

2023-07-31 14:36:53 - [MESSAGE][PASSED] - Object: 'Object Repository/Searching/Page_Vite  React  TS/button_Description' is clicked on

2023-07-31 14:36:53 - [TEST_STEP][PASSED] - click(findTestObject("Object Repository/Searching/Page_Vite  React  TS/button_Reviews")): Object: 'Object Repository/Searching/Page_Vite  React  TS/button_Reviews' is clicked on

2023-07-31 14:36:55 - [MESSAGE][PASSED] - Object: 'Object Repository/Searching/Page_Vite  React  TS/button_Reviews' is clicked on

2023-07-31 14:36:55 - [TEST_STEP][PASSED] - click(findTestObject("Object Repository/Searching/Page_Vite  React  TS/div_Add to cart_swiper-button-next")): Object: 'Object Repository/Searching/Page_Vite  React  TS/div_Add to cart_swiper-button-next' is clicked on

2023-07-31 14:36:57 - [MESSAGE][PASSED] - Object: 'Object Repository/Searching/Page_Vite  React  TS/div_Add to cart_swiper-button-next' is clicked on

2023-07-31 14:36:57 - [TEST_STEP][PASSED] - doubleClick(findTestObject("Object Repository/Searching/Page_Vite  React  TS/div_Add to cart_swiper-button-next")): Object: 'Object Repository/Searching/Page_Vite  React  TS/div_Add to cart_swiper-button-next' is double clicked on

2023-07-31 14:37:02 - [MESSAGE][PASSED] - Object: 'Object Repository/Searching/Page_Vite  React  TS/div_Add to cart_swiper-button-next' is double clicked on

2023-07-31 14:37:02 - [TEST_STEP][PASSED] - click(findTestObject("Object Repository/Searching/Page_Vite  React  TS/div_Add to cart_swiper-button-next")): Object: 'Object Repository/Searching/Page_Vite  React  TS/div_Add to cart_swiper-button-next' is clicked on

2023-07-31 14:37:04 - [MESSAGE][PASSED] - Object: 'Object Repository/Searching/Page_Vite  React  TS/div_Add to cart_swiper-button-next' is clicked on

2023-07-31 14:37:04 - [TEST_STEP][PASSED] - click(findTestObject("Object Repository/Searching/Page_Vite  React  TS/div_Add to cart_swiper-button-next")): Object: 'Object Repository/Searching/Page_Vite  React  TS/div_Add to cart_swiper-button-next' is clicked on

2023-07-31 14:37:06 - [MESSAGE][PASSED] - Object: 'Object Repository/Searching/Page_Vite  React  TS/div_Add to cart_swiper-button-next' is clicked on

2023-07-31 14:37:06 - [TEST_STEP][PASSED] - click(findTestObject("Object Repository/Searching/Page_Vite  React  TS/p_Show more")): Object: 'Object Repository/Searching/Page_Vite  React  TS/p_Show more' is clicked on

2023-07-31 14:37:08 - [MESSAGE][PASSED] - Object: 'Object Repository/Searching/Page_Vite  React  TS/p_Show more' is clicked on

2023-07-31 14:37:08 - [TEST_STEP][PASSED] - click(findTestObject("Object Repository/Searching/Page_Vite  React  TS/p_Show less")): Object: 'Object Repository/Searching/Page_Vite  React  TS/p_Show less' is clicked on

2023-07-31 14:37:10 - [MESSAGE][PASSED] - Object: 'Object Repository/Searching/Page_Vite  React  TS/p_Show less' is clicked on

2023-07-31 14:37:10 - [TEST_STEP][PASSED] - click(findTestObject("Object Repository/Searching/Page_Vite  React  TS/svg_Add to cart_chakra-icon css-a7mwtc")): Object: 'Object Repository/Searching/Page_Vite  React  TS/svg_Add to cart_chakra-icon css-a7mwtc' is clicked on

2023-07-31 14:37:12 - [MESSAGE][PASSED] - Object: 'Object Repository/Searching/Page_Vite  React  TS/svg_Add to cart_chakra-icon css-a7mwtc' is clicked on

2023-07-31 14:37:12 - [TEST_STEP][PASSED] - setText(findTestObject("Object Repository/Searching/Page_Vite  React  TS/input_Add to cart_chakra-input css-108b1as"), "23456789"): Text '23456789' is set on object 'Object Repository/Searching/Page_Vite  React  TS/input_Add to cart_chakra-input css-108b1as'

2023-07-31 14:37:19 - [MESSAGE][PASSED] - Text '23456789' is set on object 'Object Repository/Searching/Page_Vite  React  TS/input_Add to cart_chakra-input css-108b1as'

2023-07-31 14:37:19 - [TEST_STEP][PASSED] - click(findTestObject("Object Repository/Searching/Page_Vite  React  TS/button_Add to cart")): Object: 'Object Repository/Searching/Page_Vite  React  TS/button_Add to cart' is clicked on

2023-07-31 14:37:20 - [MESSAGE][PASSED] - Object: 'Object Repository/Searching/Page_Vite  React  TS/button_Add to cart' is clicked on

2023-07-31 14:37:20 - [TEST_STEP][PASSED] - verifyElementPresent(findTestObject("Object Repository/Searching/Page_Vite  React  TS/div_You item already in shopping cart"), 0): Object 'Object Repository/Searching/Page_Vite  React  TS/div_You item already in shopping cart' is present

2023-07-31 14:37:20 - [MESSAGE][WARNING] - Timeout '0' is invalid. Using default page load timeout: '30'

2023-07-31 14:37:20 - [MESSAGE][PASSED] - Object 'Object Repository/Searching/Page_Vite  React  TS/div_You item already in shopping cart' is present

2023-07-31 14:37:20 - [TEST_STEP][PASSED] - verifyElementPresent(findTestObject("Object Repository/Searching/Page_Vite  React  TS/div_Successfully"), 0): Object 'Object Repository/Searching/Page_Vite  React  TS/div_Successfully' is present

2023-07-31 14:37:20 - [MESSAGE][WARNING] - Timeout '0' is invalid. Using default page load timeout: '30'

2023-07-31 14:37:21 - [MESSAGE][PASSED] - Object 'Object Repository/Searching/Page_Vite  React  TS/div_Successfully' is present

2023-07-31 14:37:21 - [TEST_STEP][PASSED] - click(findTestObject("Object Repository/Searching/Page_Vite  React  TS/p_product")): Object: 'Object Repository/Searching/Page_Vite  React  TS/p_product' is clicked on

2023-07-31 14:37:22 - [MESSAGE][PASSED] - Object: 'Object Repository/Searching/Page_Vite  React  TS/p_product' is clicked on

2023-07-31 14:37:22 - [TEST_STEP][PASSED] - setText(findTestObject("Object Repository/Searching/Page_Vite  React  TS/input_The best offer that we offer to the w_af0838"), "Bánh tráng 73"): Text 'Bánh tráng 73' is set on object 'Object Repository/Searching/Page_Vite  React  TS/input_The best offer that we offer to the w_af0838'

2023-07-31 14:37:26 - [MESSAGE][PASSED] - Text 'Bánh tráng 73' is set on object 'Object Repository/Searching/Page_Vite  React  TS/input_The best offer that we offer to the w_af0838'

2023-07-31 14:37:26 - [TEST_STEP][PASSED] - verifyElementText(findTestObject("Object Repository/Searching/Page_Vite  React  TS/p_There is no result found with keyword Bnh_3d0075"), "There is no result found with keyword: Bánh tráng 73"): Actual text and expected text of test object 'Object Repository/Searching/Page_Vite  React  TS/p_There is no result found with keyword Bnh_3d0075' are matched.

2023-07-31 14:37:31 - [MESSAGE][PASSED] - Actual text and expected text of test object 'Object Repository/Searching/Page_Vite  React  TS/p_There is no result found with keyword Bnh_3d0075' are matched.

2023-07-31 14:37:31 - [TEST_STEP][PASSED] - click(findTestObject("Object Repository/Searching/Page_Vite  React  TS/div_The best offer that we offer to the wor_ba291f")): Object: 'Object Repository/Searching/Page_Vite  React  TS/div_The best offer that we offer to the wor_ba291f' is clicked on

2023-07-31 14:37:31 - [MESSAGE][PASSED] - Object: 'Object Repository/Searching/Page_Vite  React  TS/div_The best offer that we offer to the wor_ba291f' is clicked on

2023-07-31 14:37:31 - [TEST_STEP][PASSED] - setText(findTestObject("Object Repository/Searching/Page_Vite  React  TS/input_The best offer that we offer to the w_af0838"), "@#$%^&*()"): Text '@#$%^&*()' is set on object 'Object Repository/Searching/Page_Vite  React  TS/input_The best offer that we offer to the w_af0838'

2023-07-31 14:37:32 - [MESSAGE][PASSED] - Text '@#$%^&*()' is set on object 'Object Repository/Searching/Page_Vite  React  TS/input_The best offer that we offer to the w_af0838'

2023-07-31 14:37:32 - [TEST_STEP][PASSED] - click(findTestObject("Object Repository/Searching/Page_Vite  React  TS/div_Local specialtys areasThe best offer th_96ccf5")): Object: 'Object Repository/Searching/Page_Vite  React  TS/div_Local specialtys areasThe best offer th_96ccf5' is clicked on

2023-07-31 14:37:32 - [MESSAGE][PASSED] - Object: 'Object Repository/Searching/Page_Vite  React  TS/div_Local specialtys areasThe best offer th_96ccf5' is clicked on

2023-07-31 14:37:32 - [TEST_STEP][PASSED] - verifyElementText(findTestObject("Object Repository/Searching/Page_Vite  React  TS/p_There is no result found with keyword ()"), "There is no result found with keyword: @#$%^&*()"): Actual text and expected text of test object 'Object Repository/Searching/Page_Vite  React  TS/p_There is no result found with keyword ()' are matched.

2023-07-31 14:37:36 - [MESSAGE][PASSED] - Actual text and expected text of test object 'Object Repository/Searching/Page_Vite  React  TS/p_There is no result found with keyword ()' are matched.

2023-07-31 14:37:36 - [TEST_STEP][PASSED] - setText(findTestObject("Object Repository/Searching/Page_Vite  React  TS/input_The best offer that we offer to the w_af0838"), "34567890"): Text '34567890' is set on object 'Object Repository/Searching/Page_Vite  React  TS/input_The best offer that we offer to the w_af0838'

2023-07-31 14:37:37 - [MESSAGE][PASSED] - Text '34567890' is set on object 'Object Repository/Searching/Page_Vite  React  TS/input_The best offer that we offer to the w_af0838'

2023-07-31 14:37:37 - [TEST_STEP][PASSED] - verifyElementText(findTestObject("Object Repository/Searching/Page_Vite  React  TS/p_There is no result found with keyword 34567890"), "There is no result found with keyword: 34567890"): Actual text and expected text of test object 'Object Repository/Searching/Page_Vite  React  TS/p_There is no result found with keyword 34567890' are matched.

2023-07-31 14:37:41 - [MESSAGE][PASSED] - Actual text and expected text of test object 'Object Repository/Searching/Page_Vite  React  TS/p_There is no result found with keyword 34567890' are matched.

2023-07-31 14:37:41 - [TEST_STEP][PASSED] - click(findTestObject("Object Repository/Searching/Page_Vite  React  TS/div_Local specialtys areasThe best offer th_e97193")): Object: 'Object Repository/Searching/Page_Vite  React  TS/div_Local specialtys areasThe best offer th_e97193' is clicked on

2023-07-31 14:37:42 - [MESSAGE][PASSED] - Object: 'Object Repository/Searching/Page_Vite  React  TS/div_Local specialtys areasThe best offer th_e97193' is clicked on

2023-07-31 14:37:42 - [TEST_STEP][PASSED] - setText(findTestObject("Object Repository/Searching/Page_Vite  React  TS/input_The best offer that we offer to the w_af0838"), " Soaked the sticky rice overnight, then drain and shake with salt.  - Soak crushed mung beans in water for 2-4 hours, wash away the husks, cook,  grind, and shape them into fist-sized balls  - Cut the pork into squares and season them with salt, pepper, and minced onion.  - Place dong leaves on a flat surface; put a small bowl portion of rice on it, sprinkle on half of a mong bean ball, place 2 pork squares in the middle, sprinkle on the other half of the mung bean ball, and cover with another small bowl portion of rice. Fold the leaves over, wrap the cake into a square shape, and tie it with bamboo strings.  - Place cakes in a pot padded with dong leaf stalks, pour in enough water to submerge the cakes, and boil on high heat. As the water boils off, add enough to keep the cakes submerged. Boil continuously for 12 hours. After the cakes are taken from the pot, press them to remove excess water. Soaked the sticky rice overnight, then drain and shake with salt.  - Soak crushed mung beans in water for 2-4 hours, wash away the husks, cook,  grind, and shape them into fist-sized balls  - Cut the pork into squares and season them with salt, pepper, and minced onion.  - Place dong leaves on a flat surface; put a small bowl portion of rice on it, sprinkle on half of a mong bean ball, place 2 pork squares in the middle, sprinkle on the other half of the mung bean ball, and cover with another small bowl portion of rice. Fold the leaves over, wrap the cake into a square shape, and tie it with bamboo strings.  - Place cakes in a pot padded with dong leaf stalks, pour in enough water to submerge the cakes, and boil on high heat. As the water boils off, add enough to keep the cakes submerged. Boil continuously for 12 hours. After the cakes are taken from the pot, press them to remove excess water."): Text ' Soaked the sticky rice overnight, then drain and shake with salt.  - Soak crushed mung beans in water for 2-4 hours, wash away the husks, cook,  grind, and shape them into fist-sized balls  - Cut the pork into squares and season them with salt, pepper, and minced onion.  - Place dong leaves on a flat surface; put a small bowl portion of rice on it, sprinkle on half of a mong bean ball, place 2 pork squares in the middle, sprinkle on the other half of the mung bean ball, and cover with another small bowl portion of rice. Fold the leaves over, wrap the cake into a square shape, and tie it with bamboo strings.  - Place cakes in a pot padded with dong leaf stalks, pour in enough water to submerge the cakes, and boil on high heat. As the water boils off, add enough to keep the cakes submerged. Boil continuously for 12 hours. After the cakes are taken from the pot, press them to remove excess water. Soaked the sticky rice overnight, then drain and shake with salt.  - Soak crushed mung beans in water for 2-4 hours, wash away the husks, cook,  grind, and shape them into fist-sized balls  - Cut the pork into squares and season them with salt, pepper, and minced onion.  - Place dong leaves on a flat surface; put a small bowl portion of rice on it, sprinkle on half of a mong bean ball, place 2 pork squares in the middle, sprinkle on the other half of the mung bean ball, and cover with another small bowl portion of rice. Fold the leaves over, wrap the cake into a square shape, and tie it with bamboo strings.  - Place cakes in a pot padded with dong leaf stalks, pour in enough water to submerge the cakes, and boil on high heat. As the water boils off, add enough to keep the cakes submerged. Boil continuously for 12 hours. After the cakes are taken from the pot, press them to remove excess water.' is set on object 'Object Repository/Searching/Page_Vite  React  TS/input_The best offer that we offer to the w_af0838'

2023-07-31 14:37:46 - [MESSAGE][PASSED] - Text ' Soaked the sticky rice overnight, then drain and shake with salt.  - Soak crushed mung beans in water for 2-4 hours, wash away the husks, cook,  grind, and shape them into fist-sized balls  - Cut the pork into squares and season them with salt, pepper, and minced onion.  - Place dong leaves on a flat surface; put a small bowl portion of rice on it, sprinkle on half of a mong bean ball, place 2 pork squares in the middle, sprinkle on the other half of the mung bean ball, and cover with another small bowl portion of rice. Fold the leaves over, wrap the cake into a square shape, and tie it with bamboo strings.  - Place cakes in a pot padded with dong leaf stalks, pour in enough water to submerge the cakes, and boil on high heat. As the water boils off, add enough to keep the cakes submerged. Boil continuously for 12 hours. After the cakes are taken from the pot, press them to remove excess water. Soaked the sticky rice overnight, then drain and shake with salt.  - Soak crushed mung beans in water for 2-4 hours, wash away the husks, cook,  grind, and shape them into fist-sized balls  - Cut the pork into squares and season them with salt, pepper, and minced onion.  - Place dong leaves on a flat surface; put a small bowl portion of rice on it, sprinkle on half of a mong bean ball, place 2 pork squares in the middle, sprinkle on the other half of the mung bean ball, and cover with another small bowl portion of rice. Fold the leaves over, wrap the cake into a square shape, and tie it with bamboo strings.  - Place cakes in a pot padded with dong leaf stalks, pour in enough water to submerge the cakes, and boil on high heat. As the water boils off, add enough to keep the cakes submerged. Boil continuously for 12 hours. After the cakes are taken from the pot, press them to remove excess water.' is set on object 'Object Repository/Searching/Page_Vite  React  TS/input_The best offer that we offer to the w_af0838'

2023-07-31 14:37:46 - [TEST_STEP][PASSED] - verifyElementText(findTestObject("Object Repository/Searching/Page_Vite  React  TS/p_Too many characters, Enter major again"), "Too many characters, Enter major again"): Actual text and expected text of test object 'Object Repository/Searching/Page_Vite  React  TS/p_Too many characters, Enter major again' are matched.

2023-07-31 14:37:47 - [MESSAGE][PASSED] - Actual text and expected text of test object 'Object Repository/Searching/Page_Vite  React  TS/p_Too many characters, Enter major again' are matched.

2023-07-31 14:37:47 - [TEST_STEP][PASSED] - setText(findTestObject("Object Repository/Searching/Page_Vite  React  TS/input_The best offer that we offer to the w_af0838"), "' or 1=1--"): Text '' or 1=1--' is set on object 'Object Repository/Searching/Page_Vite  React  TS/input_The best offer that we offer to the w_af0838'

2023-07-31 14:37:47 - [MESSAGE][PASSED] - Text '' or 1=1--' is set on object 'Object Repository/Searching/Page_Vite  React  TS/input_The best offer that we offer to the w_af0838'

2023-07-31 14:37:47 - [TEST_STEP][PASSED] - click(findTestObject("Object Repository/Searching/Page_Vite  React  TS/div_Local specialtys areasThe best offer th_d9771b")): Object: 'Object Repository/Searching/Page_Vite  React  TS/div_Local specialtys areasThe best offer th_d9771b' is clicked on

2023-07-31 14:37:48 - [MESSAGE][PASSED] - Object: 'Object Repository/Searching/Page_Vite  React  TS/div_Local specialtys areasThe best offer th_d9771b' is clicked on

2023-07-31 14:37:48 - [TEST_STEP][PASSED] - verifyElementText(findTestObject("Object Repository/Searching/Page_Vite  React  TS/p_There is no result found with keyword  or 11--"), "There is no result found with keyword: ' or 1=1--"): Actual text and expected text of test object 'Object Repository/Searching/Page_Vite  React  TS/p_There is no result found with keyword  or 11--' are matched.

2023-07-31 14:37:52 - [MESSAGE][PASSED] - Actual text and expected text of test object 'Object Repository/Searching/Page_Vite  React  TS/p_There is no result found with keyword  or 11--' are matched.

2023-07-31 14:37:52 - [TEST_STEP][PASSED] - setText(findTestObject("Object Repository/Searching/Page_Vite  React  TS/input_The best offer that we offer to the w_af0838"), "<script>alert("hihiihi")</script>"): Text '<script>alert("hihiihi")</script>' is set on object 'Object Repository/Searching/Page_Vite  React  TS/input_The best offer that we offer to the w_af0838'

2023-07-31 14:37:53 - [MESSAGE][PASSED] - Text '<script>alert("hihiihi")</script>' is set on object 'Object Repository/Searching/Page_Vite  React  TS/input_The best offer that we offer to the w_af0838'

2023-07-31 14:37:53 - [TEST_STEP][PASSED] - verifyElementText(findTestObject("Object Repository/Searching/Page_Vite  React  TS/p_Invalid searching keyword"), "Invalid searching keyword"): Actual text and expected text of test object 'Object Repository/Searching/Page_Vite  React  TS/p_Invalid searching keyword' are matched.

2023-07-31 14:37:54 - [MESSAGE][PASSED] - Actual text and expected text of test object 'Object Repository/Searching/Page_Vite  React  TS/p_Invalid searching keyword' are matched.

2023-07-31 14:37:54 - [TEST_STEP][PASSED] - setText(findTestObject("Object Repository/Searching/Page_Vite  React  TS/input_The best offer that we offer to the w_af0838"), "b"): Text 'b' is set on object 'Object Repository/Searching/Page_Vite  React  TS/input_The best offer that we offer to the w_af0838'

2023-07-31 14:37:54 - [MESSAGE][PASSED] - Text 'b' is set on object 'Object Repository/Searching/Page_Vite  React  TS/input_The best offer that we offer to the w_af0838'

2023-07-31 14:37:54 - [TEST_STEP][PASSED] - verifyElementText(findTestObject("Object Repository/Searching/Page_Vite  React  TS/p_Searching keyword should be more than 1 letter"), "Searching keyword should be more than 1 letter"): Actual text and expected text of test object 'Object Repository/Searching/Page_Vite  React  TS/p_Searching keyword should be more than 1 letter' are matched.

2023-07-31 14:37:55 - [MESSAGE][PASSED] - Actual text and expected text of test object 'Object Repository/Searching/Page_Vite  React  TS/p_Searching keyword should be more than 1 letter' are matched.

2023-07-31 14:37:55 - [TEST_STEP][PASSED] - closeBrowser(): Browser is closed

2023-07-31 14:37:56 - [MESSAGE][PASSED] - Browser is closed]]></system-out>
         <system-err><![CDATA[]]></system-err>
      </testcase>
      <testcase name="Test Cases/LC/Test3" time="57.81" classname="Test Cases/LC/Test3" status="FAILED">
         <failure type="FAILED" message="Test Cases/LC/Test3 FAILED.
Reason:
com.kms.katalon.core.exception.StepFailedException: Unable to get attribute 'aria-valuenow' of object 'Object Repository/getText/Page_Vite  React  TS/minValue'
	at com.kms.katalon.core.webui.keyword.internal.WebUIKeywordMain.stepFailed(WebUIKeywordMain.groovy:64)
	at com.kms.katalon.core.webui.keyword.internal.WebUIKeywordMain.runKeyword(WebUIKeywordMain.groovy:26)
	at com.kms.katalon.core.webui.keyword.builtin.GetAttributeKeyword.getAttribute(GetAttributeKeyword.groovy:93)
	at com.kms.katalon.core.webui.keyword.builtin.GetAttributeKeyword.execute(GetAttributeKeyword.groovy:68)
	at com.kms.katalon.core.keyword.internal.KeywordExecutor.executeKeywordForPlatform(KeywordExecutor.groovy:74)
	at com.kms.katalon.core.webui.keyword.WebUiBuiltInKeywords.getAttribute(WebUiBuiltInKeywords.groovy:951)
	at com.kms.katalon.core.webui.keyword.WebUiBuiltInKeywords$getAttribute$11.call(Unknown Source)
	at Test3.run(Test3:34)
	at com.kms.katalon.core.main.ScriptEngine.run(ScriptEngine.java:194)
	at com.kms.katalon.core.main.ScriptEngine.runScriptAsRawText(ScriptEngine.java:119)
	at com.kms.katalon.core.main.TestCaseExecutor.runScript(TestCaseExecutor.java:448)
	at com.kms.katalon.core.main.TestCaseExecutor.doExecute(TestCaseExecutor.java:439)
	at com.kms.katalon.core.main.TestCaseExecutor.processExecutionPhase(TestCaseExecutor.java:418)
	at com.kms.katalon.core.main.TestCaseExecutor.accessMainPhase(TestCaseExecutor.java:410)
	at com.kms.katalon.core.main.TestCaseExecutor.execute(TestCaseExecutor.java:285)
	at com.kms.katalon.core.common.CommonExecutor.accessTestCaseMainPhase(CommonExecutor.java:65)
	at com.kms.katalon.core.main.TestSuiteExecutor.accessTestSuiteMainPhase(TestSuiteExecutor.java:148)
	at com.kms.katalon.core.main.TestSuiteExecutor.execute(TestSuiteExecutor.java:106)
	at com.kms.katalon.core.main.TestCaseMain.startTestSuite(TestCaseMain.java:187)
	at com.kms.katalon.core.main.TestCaseMain$startTestSuite$0.call(Unknown Source)
	at TempTestSuite1690788547787.run(TempTestSuite1690788547787.groovy:36)
Caused by: com.kms.katalon.core.webui.exception.WebElementNotFoundException: Web element with id: 'Object Repository/getText/Page_Vite  React  TS/minValue' located by '//div[@class =&quot;example-thumb example-thumb-0 &quot;]' not found
	at com.kms.katalon.core.webui.common.WebUiCommonHelper.findWebElement(WebUiCommonHelper.java:1381)
	at com.kms.katalon.core.webui.keyword.internal.WebUIAbstractKeyword.findWebElement(WebUIAbstractKeyword.groovy:27)
	at com.kms.katalon.core.webui.keyword.internal.WebUIAbstractKeyword.findWebElement(WebUIAbstractKeyword.groovy:26)
	at com.kms.katalon.core.webui.keyword.builtin.GetAttributeKeyword$_getAttribute_closure1.doCall(GetAttributeKeyword.groovy:83)
	at com.kms.katalon.core.webui.keyword.builtin.GetAttributeKeyword$_getAttribute_closure1.call(GetAttributeKeyword.groovy)
	at com.kms.katalon.core.webui.keyword.internal.WebUIKeywordMain.runKeyword(WebUIKeywordMain.groovy:20)
	... 19 more
"/>
         <system-out><![CDATA[2023-07-31 14:37:56 - [TEST_CASE][FAILED] - Test Cases/LC/Test3: Test Cases/LC/Test3 FAILED.
Reason:
com.kms.katalon.core.exception.StepFailedException: Unable to get attribute 'aria-valuenow' of object 'Object Repository/getText/Page_Vite  React  TS/minValue'
	at com.kms.katalon.core.webui.keyword.internal.WebUIKeywordMain.stepFailed(WebUIKeywordMain.groovy:64)
	at com.kms.katalon.core.webui.keyword.internal.WebUIKeywordMain.runKeyword(WebUIKeywordMain.groovy:26)
	at com.kms.katalon.core.webui.keyword.builtin.GetAttributeKeyword.getAttribute(GetAttributeKeyword.groovy:93)
	at com.kms.katalon.core.webui.keyword.builtin.GetAttributeKeyword.execute(GetAttributeKeyword.groovy:68)
	at com.kms.katalon.core.keyword.internal.KeywordExecutor.executeKeywordForPlatform(KeywordExecutor.groovy:74)
	at com.kms.katalon.core.webui.keyword.WebUiBuiltInKeywords.getAttribute(WebUiBuiltInKeywords.groovy:951)
	at com.kms.katalon.core.webui.keyword.WebUiBuiltInKeywords$getAttribute$11.call(Unknown Source)
	at Test3.run(Test3:34)
	at com.kms.katalon.core.main.ScriptEngine.run(ScriptEngine.java:194)
	at com.kms.katalon.core.main.ScriptEngine.runScriptAsRawText(ScriptEngine.java:119)
	at com.kms.katalon.core.main.TestCaseExecutor.runScript(TestCaseExecutor.java:448)
	at com.kms.katalon.core.main.TestCaseExecutor.doExecute(TestCaseExecutor.java:439)
	at com.kms.katalon.core.main.TestCaseExecutor.processExecutionPhase(TestCaseExecutor.java:418)
	at com.kms.katalon.core.main.TestCaseExecutor.accessMainPhase(TestCaseExecutor.java:410)
	at com.kms.katalon.core.main.TestCaseExecutor.execute(TestCaseExecutor.java:285)
	at com.kms.katalon.core.common.CommonExecutor.accessTestCaseMainPhase(CommonExecutor.java:65)
	at com.kms.katalon.core.main.TestSuiteExecutor.accessTestSuiteMainPhase(TestSuiteExecutor.java:148)
	at com.kms.katalon.core.main.TestSuiteExecutor.execute(TestSuiteExecutor.java:106)
	at com.kms.katalon.core.main.TestCaseMain.startTestSuite(TestCaseMain.java:187)
	at com.kms.katalon.core.main.TestCaseMain$startTestSuite$0.call(Unknown Source)
	at TempTestSuite1690788547787.run(TempTestSuite1690788547787.groovy:36)
Caused by: com.kms.katalon.core.webui.exception.WebElementNotFoundException: Web element with id: 'Object Repository/getText/Page_Vite  React  TS/minValue' located by '//div[@class ="example-thumb example-thumb-0 "]' not found
	at com.kms.katalon.core.webui.common.WebUiCommonHelper.findWebElement(WebUiCommonHelper.java:1381)
	at com.kms.katalon.core.webui.keyword.internal.WebUIAbstractKeyword.findWebElement(WebUIAbstractKeyword.groovy:27)
	at com.kms.katalon.core.webui.keyword.internal.WebUIAbstractKeyword.findWebElement(WebUIAbstractKeyword.groovy:26)
	at com.kms.katalon.core.webui.keyword.builtin.GetAttributeKeyword$_getAttribute_closure1.doCall(GetAttributeKeyword.groovy:83)
	at com.kms.katalon.core.webui.keyword.builtin.GetAttributeKeyword$_getAttribute_closure1.call(GetAttributeKeyword.groovy)
	at com.kms.katalon.core.webui.keyword.internal.WebUIKeywordMain.runKeyword(WebUIKeywordMain.groovy:20)
	... 19 more


2023-07-31 14:37:57 - [TEST_STEP][PASSED] - openBrowser(""): Browser is opened with url: ''

2023-07-31 14:37:57 - [MESSAGE][INFO] - Starting 'Chrome' driver

2023-07-31 14:37:57 - [MESSAGE][INFO] - Action delay is set to 0 milliseconds

2023-07-31 14:37:59 - [MESSAGE][PASSED] - Browser is opened with url: ''

2023-07-31 14:37:59 - [TEST_STEP][PASSED] - navigateToUrl("http://localhost:5173/"): Navigate to 'http://localhost:5173/' successfully

2023-07-31 14:38:01 - [MESSAGE][PASSED] - Navigate to 'http://localhost:5173/' successfully

2023-07-31 14:38:01 - [TEST_STEP][PASSED] - click(findTestObject("Object Repository/getText/Page_Vite  React  TS/p_product")): Object: 'Object Repository/getText/Page_Vite  React  TS/p_product' is clicked on

2023-07-31 14:38:02 - [MESSAGE][PASSED] - Object: 'Object Repository/getText/Page_Vite  React  TS/p_product' is clicked on

2023-07-31 14:38:02 - [TEST_STEP][PASSED] - delay(10): Delayed 10 second(s)

2023-07-31 14:38:12 - [MESSAGE][PASSED] - Delayed 10 second(s)

2023-07-31 14:38:12 - [TEST_STEP][PASSED] - click(findTestObject("Object Repository/getText/Page_Vite  React  TS/div_by price_horizontal-slider")): Object: 'Object Repository/getText/Page_Vite  React  TS/div_by price_horizontal-slider' is clicked on

2023-07-31 14:38:12 - [MESSAGE][PASSED] - Object: 'Object Repository/getText/Page_Vite  React  TS/div_by price_horizontal-slider' is clicked on

2023-07-31 14:38:12 - [TEST_STEP][PASSED] - delay(10): Delayed 10 second(s)

2023-07-31 14:38:22 - [MESSAGE][PASSED] - Delayed 10 second(s)

2023-07-31 14:38:22 - [TEST_STEP][FAILED] - minValue = getAttribute(findTestObject("Object Repository/getText/Page_Vite  React  TS/minValue"), "aria-valuenow"): Unable to get attribute 'aria-valuenow' of object 'Object Repository/getText/Page_Vite  React  TS/minValue' (Root cause: com.kms.katalon.core.exception.StepFailedException: Unable to get attribute 'aria-valuenow' of object 'Object Repository/getText/Page_Vite  React  TS/minValue'
	at com.kms.katalon.core.webui.keyword.internal.WebUIKeywordMain.stepFailed(WebUIKeywordMain.groovy:64)
	at com.kms.katalon.core.webui.keyword.internal.WebUIKeywordMain.runKeyword(WebUIKeywordMain.groovy:26)
	at com.kms.katalon.core.webui.keyword.builtin.GetAttributeKeyword.getAttribute(GetAttributeKeyword.groovy:93)
	at com.kms.katalon.core.webui.keyword.builtin.GetAttributeKeyword.execute(GetAttributeKeyword.groovy:68)
	at com.kms.katalon.core.keyword.internal.KeywordExecutor.executeKeywordForPlatform(KeywordExecutor.groovy:74)
	at com.kms.katalon.core.webui.keyword.WebUiBuiltInKeywords.getAttribute(WebUiBuiltInKeywords.groovy:951)
	at com.kms.katalon.core.webui.keyword.WebUiBuiltInKeywords$getAttribute$11.call(Unknown Source)
	at Test3.run(Test3:34)
	at com.kms.katalon.core.main.ScriptEngine.run(ScriptEngine.java:194)
	at com.kms.katalon.core.main.ScriptEngine.runScriptAsRawText(ScriptEngine.java:119)
	at com.kms.katalon.core.main.TestCaseExecutor.runScript(TestCaseExecutor.java:448)
	at com.kms.katalon.core.main.TestCaseExecutor.doExecute(TestCaseExecutor.java:439)
	at com.kms.katalon.core.main.TestCaseExecutor.processExecutionPhase(TestCaseExecutor.java:418)
	at com.kms.katalon.core.main.TestCaseExecutor.accessMainPhase(TestCaseExecutor.java:410)
	at com.kms.katalon.core.main.TestCaseExecutor.execute(TestCaseExecutor.java:285)
	at com.kms.katalon.core.common.CommonExecutor.accessTestCaseMainPhase(CommonExecutor.java:65)
	at com.kms.katalon.core.main.TestSuiteExecutor.accessTestSuiteMainPhase(TestSuiteExecutor.java:148)
	at com.kms.katalon.core.main.TestSuiteExecutor.execute(TestSuiteExecutor.java:106)
	at com.kms.katalon.core.main.TestCaseMain.startTestSuite(TestCaseMain.java:187)
	at com.kms.katalon.core.main.TestCaseMain$startTestSuite$0.call(Unknown Source)
	at TempTestSuite1690788547787.run(TempTestSuite1690788547787.groovy:36)
Caused by: com.kms.katalon.core.webui.exception.WebElementNotFoundException: Web element with id: 'Object Repository/getText/Page_Vite  React  TS/minValue' located by '//div[@class ="example-thumb example-thumb-0 "]' not found
	at com.kms.katalon.core.webui.common.WebUiCommonHelper.findWebElement(WebUiCommonHelper.java:1381)
	at com.kms.katalon.core.webui.keyword.internal.WebUIAbstractKeyword.findWebElement(WebUIAbstractKeyword.groovy:27)
	at com.kms.katalon.core.webui.keyword.internal.WebUIAbstractKeyword.findWebElement(WebUIAbstractKeyword.groovy:26)
	at com.kms.katalon.core.webui.keyword.builtin.GetAttributeKeyword$_getAttribute_closure1.doCall(GetAttributeKeyword.groovy:83)
	at com.kms.katalon.core.webui.keyword.builtin.GetAttributeKeyword$_getAttribute_closure1.call(GetAttributeKeyword.groovy)
	at com.kms.katalon.core.webui.keyword.internal.WebUIKeywordMain.runKeyword(WebUIKeywordMain.groovy:20)
	at com.kms.katalon.core.webui.keyword.builtin.GetAttributeKeyword.getAttribute(GetAttributeKeyword.groovy:93)
	at com.kms.katalon.core.webui.keyword.builtin.GetAttributeKeyword.execute(GetAttributeKeyword.groovy:68)
	at com.kms.katalon.core.keyword.internal.KeywordExecutor.executeKeywordForPlatform(KeywordExecutor.groovy:74)
	at com.kms.katalon.core.webui.keyword.WebUiBuiltInKeywords.getAttribute(WebUiBuiltInKeywords.groovy:951)
	at com.kms.katalon.core.webui.keyword.WebUiBuiltInKeywords$getAttribute$11.call(Unknown Source)
	at Script1689577189801.run(Script1689577189801.groovy:34)
	... 13 more
)

2023-07-31 14:38:54 - [MESSAGE][INFO] - Unable to find the element located by 'By.xpath: //div[@class ="example-thumb example-thumb-0 "]'. Please recheck the objects properties to make sure the desired element is located. 

2023-07-31 14:38:54 - [MESSAGE][FAILED] - Unable to get attribute 'aria-valuenow' of object 'Object Repository/getText/Page_Vite  React  TS/minValue' (Root cause: com.kms.katalon.core.exception.StepFailedException: Unable to get attribute 'aria-valuenow' of object 'Object Repository/getText/Page_Vite  React  TS/minValue'
	at com.kms.katalon.core.webui.keyword.internal.WebUIKeywordMain.stepFailed(WebUIKeywordMain.groovy:64)
	at com.kms.katalon.core.webui.keyword.internal.WebUIKeywordMain.runKeyword(WebUIKeywordMain.groovy:26)
	at com.kms.katalon.core.webui.keyword.builtin.GetAttributeKeyword.getAttribute(GetAttributeKeyword.groovy:93)
	at com.kms.katalon.core.webui.keyword.builtin.GetAttributeKeyword.execute(GetAttributeKeyword.groovy:68)
	at com.kms.katalon.core.keyword.internal.KeywordExecutor.executeKeywordForPlatform(KeywordExecutor.groovy:74)
	at com.kms.katalon.core.webui.keyword.WebUiBuiltInKeywords.getAttribute(WebUiBuiltInKeywords.groovy:951)
	at com.kms.katalon.core.webui.keyword.WebUiBuiltInKeywords$getAttribute$11.call(Unknown Source)
	at Test3.run(Test3:34)
	at com.kms.katalon.core.main.ScriptEngine.run(ScriptEngine.java:194)
	at com.kms.katalon.core.main.ScriptEngine.runScriptAsRawText(ScriptEngine.java:119)
	at com.kms.katalon.core.main.TestCaseExecutor.runScript(TestCaseExecutor.java:448)
	at com.kms.katalon.core.main.TestCaseExecutor.doExecute(TestCaseExecutor.java:439)
	at com.kms.katalon.core.main.TestCaseExecutor.processExecutionPhase(TestCaseExecutor.java:418)
	at com.kms.katalon.core.main.TestCaseExecutor.accessMainPhase(TestCaseExecutor.java:410)
	at com.kms.katalon.core.main.TestCaseExecutor.execute(TestCaseExecutor.java:285)
	at com.kms.katalon.core.common.CommonExecutor.accessTestCaseMainPhase(CommonExecutor.java:65)
	at com.kms.katalon.core.main.TestSuiteExecutor.accessTestSuiteMainPhase(TestSuiteExecutor.java:148)
	at com.kms.katalon.core.main.TestSuiteExecutor.execute(TestSuiteExecutor.java:106)
	at com.kms.katalon.core.main.TestCaseMain.startTestSuite(TestCaseMain.java:187)
	at com.kms.katalon.core.main.TestCaseMain$startTestSuite$0.call(Unknown Source)
	at TempTestSuite1690788547787.run(TempTestSuite1690788547787.groovy:36)
Caused by: com.kms.katalon.core.webui.exception.WebElementNotFoundException: Web element with id: 'Object Repository/getText/Page_Vite  React  TS/minValue' located by '//div[@class ="example-thumb example-thumb-0 "]' not found
	at com.kms.katalon.core.webui.common.WebUiCommonHelper.findWebElement(WebUiCommonHelper.java:1381)
	at com.kms.katalon.core.webui.keyword.internal.WebUIAbstractKeyword.findWebElement(WebUIAbstractKeyword.groovy:27)
	at com.kms.katalon.core.webui.keyword.internal.WebUIAbstractKeyword.findWebElement(WebUIAbstractKeyword.groovy:26)
	at com.kms.katalon.core.webui.keyword.builtin.GetAttributeKeyword$_getAttribute_closure1.doCall(GetAttributeKeyword.groovy:83)
	at com.kms.katalon.core.webui.keyword.builtin.GetAttributeKeyword$_getAttribute_closure1.call(GetAttributeKeyword.groovy)
	at com.kms.katalon.core.webui.keyword.internal.WebUIKeywordMain.runKeyword(WebUIKeywordMain.groovy:20)
	at com.kms.katalon.core.webui.keyword.builtin.GetAttributeKeyword.getAttribute(GetAttributeKeyword.groovy:93)
	at com.kms.katalon.core.webui.keyword.builtin.GetAttributeKeyword.execute(GetAttributeKeyword.groovy:68)
	at com.kms.katalon.core.keyword.internal.KeywordExecutor.executeKeywordForPlatform(KeywordExecutor.groovy:74)
	at com.kms.katalon.core.webui.keyword.WebUiBuiltInKeywords.getAttribute(WebUiBuiltInKeywords.groovy:951)
	at com.kms.katalon.core.webui.keyword.WebUiBuiltInKeywords$getAttribute$11.call(Unknown Source)
	at Script1689577189801.run(Script1689577189801.groovy:34)
	... 13 more
)
[[ATTACHMENT|C:\\Users\\htminh\\git\\test3\\Reports\\20230731_142907\\LC\\20230731_142907\\1690789134326.png]]]]></system-out>
         <system-err><![CDATA[2023-07-31 14:37:56 - [TEST_CASE][FAILED] - Test Cases/LC/Test3: Test Cases/LC/Test3 FAILED.
Reason:
com.kms.katalon.core.exception.StepFailedException: Unable to get attribute 'aria-valuenow' of object 'Object Repository/getText/Page_Vite  React  TS/minValue'
	at com.kms.katalon.core.webui.keyword.internal.WebUIKeywordMain.stepFailed(WebUIKeywordMain.groovy:64)
	at com.kms.katalon.core.webui.keyword.internal.WebUIKeywordMain.runKeyword(WebUIKeywordMain.groovy:26)
	at com.kms.katalon.core.webui.keyword.builtin.GetAttributeKeyword.getAttribute(GetAttributeKeyword.groovy:93)
	at com.kms.katalon.core.webui.keyword.builtin.GetAttributeKeyword.execute(GetAttributeKeyword.groovy:68)
	at com.kms.katalon.core.keyword.internal.KeywordExecutor.executeKeywordForPlatform(KeywordExecutor.groovy:74)
	at com.kms.katalon.core.webui.keyword.WebUiBuiltInKeywords.getAttribute(WebUiBuiltInKeywords.groovy:951)
	at com.kms.katalon.core.webui.keyword.WebUiBuiltInKeywords$getAttribute$11.call(Unknown Source)
	at Test3.run(Test3:34)
	at com.kms.katalon.core.main.ScriptEngine.run(ScriptEngine.java:194)
	at com.kms.katalon.core.main.ScriptEngine.runScriptAsRawText(ScriptEngine.java:119)
	at com.kms.katalon.core.main.TestCaseExecutor.runScript(TestCaseExecutor.java:448)
	at com.kms.katalon.core.main.TestCaseExecutor.doExecute(TestCaseExecutor.java:439)
	at com.kms.katalon.core.main.TestCaseExecutor.processExecutionPhase(TestCaseExecutor.java:418)
	at com.kms.katalon.core.main.TestCaseExecutor.accessMainPhase(TestCaseExecutor.java:410)
	at com.kms.katalon.core.main.TestCaseExecutor.execute(TestCaseExecutor.java:285)
	at com.kms.katalon.core.common.CommonExecutor.accessTestCaseMainPhase(CommonExecutor.java:65)
	at com.kms.katalon.core.main.TestSuiteExecutor.accessTestSuiteMainPhase(TestSuiteExecutor.java:148)
	at com.kms.katalon.core.main.TestSuiteExecutor.execute(TestSuiteExecutor.java:106)
	at com.kms.katalon.core.main.TestCaseMain.startTestSuite(TestCaseMain.java:187)
	at com.kms.katalon.core.main.TestCaseMain$startTestSuite$0.call(Unknown Source)
	at TempTestSuite1690788547787.run(TempTestSuite1690788547787.groovy:36)
Caused by: com.kms.katalon.core.webui.exception.WebElementNotFoundException: Web element with id: 'Object Repository/getText/Page_Vite  React  TS/minValue' located by '//div[@class ="example-thumb example-thumb-0 "]' not found
	at com.kms.katalon.core.webui.common.WebUiCommonHelper.findWebElement(WebUiCommonHelper.java:1381)
	at com.kms.katalon.core.webui.keyword.internal.WebUIAbstractKeyword.findWebElement(WebUIAbstractKeyword.groovy:27)
	at com.kms.katalon.core.webui.keyword.internal.WebUIAbstractKeyword.findWebElement(WebUIAbstractKeyword.groovy:26)
	at com.kms.katalon.core.webui.keyword.builtin.GetAttributeKeyword$_getAttribute_closure1.doCall(GetAttributeKeyword.groovy:83)
	at com.kms.katalon.core.webui.keyword.builtin.GetAttributeKeyword$_getAttribute_closure1.call(GetAttributeKeyword.groovy)
	at com.kms.katalon.core.webui.keyword.internal.WebUIKeywordMain.runKeyword(WebUIKeywordMain.groovy:20)
	... 19 more]]></system-err>
      </testcase>
      <testcase name="Test Cases/getValue/test1" time="26.868" classname="Test Cases/getValue/test1" status="PASSED">
         <system-out><![CDATA[2023-07-31 14:38:54 - [TEST_CASE][PASSED] - Test Cases/getValue/test1: Test Cases/getValue/test1

2023-07-31 14:38:54 - [TEST_STEP][PASSED] - openBrowser(""): Browser is opened with url: ''

2023-07-31 14:38:54 - [MESSAGE][WARNING] - A browser is already opened. Closing browser and opening a new one

2023-07-31 14:38:55 - [MESSAGE][INFO] - Starting 'Chrome' driver

2023-07-31 14:38:55 - [MESSAGE][INFO] - Action delay is set to 0 milliseconds

2023-07-31 14:38:57 - [MESSAGE][PASSED] - Browser is opened with url: ''

2023-07-31 14:38:57 - [TEST_STEP][PASSED] - navigateToUrl("http://localhost:5173"): Navigate to 'http://localhost:5173' successfully

2023-07-31 14:38:59 - [MESSAGE][PASSED] - Navigate to 'http://localhost:5173' successfully

2023-07-31 14:38:59 - [TEST_STEP][PASSED] - click(findTestObject("hmmm/Page_Vite  React  TS/p_product")): Object: 'Object Repository/hmmm/Page_Vite  React  TS/p_product' is clicked on

2023-07-31 14:39:00 - [MESSAGE][PASSED] - Object: 'Object Repository/hmmm/Page_Vite  React  TS/p_product' is clicked on

2023-07-31 14:39:00 - [TEST_STEP][PASSED] - minVal = <not implemented yet for class: org.codehaus.groovy.ast.expr.EmptyExpression>: null

2023-07-31 14:39:00 - [TEST_STEP][PASSED] - maxVal = <not implemented yet for class: org.codehaus.groovy.ast.expr.EmptyExpression>: null

2023-07-31 14:39:00 - [TEST_STEP][PASSED] - getValue = <not implemented yet for class: org.codehaus.groovy.ast.expr.EmptyExpression>: null

2023-07-31 14:39:00 - [TEST_STEP][PASSED] - allPrice = <not implemented yet for class: org.codehaus.groovy.ast.expr.EmptyExpression>: null

2023-07-31 14:39:00 - [TEST_STEP][PASSED] - waitForElementPresent(findTestObject("Object Repository/test/minValue"), 20): Object 'Object Repository/test/minValue' is present

2023-07-31 14:39:06 - [MESSAGE][PASSED] - Object 'Object Repository/test/minValue' is present

2023-07-31 14:39:06 - [TEST_STEP][PASSED] - delay(10): Delayed 10 second(s)

2023-07-31 14:39:16 - [MESSAGE][PASSED] - Delayed 10 second(s)

2023-07-31 14:39:16 - [TEST_STEP][PASSED] - minVal = getAttribute(findTestObject("Object Repository/test/minValue"), "aria-valuenow"): Attribute 'aria-valuenow' of object 'Object Repository/test/minValue' is: '815789'

2023-07-31 14:39:16 - [MESSAGE][PASSED] - Attribute 'aria-valuenow' of object 'Object Repository/test/minValue' is: '815789'

2023-07-31 14:39:16 - [TEST_STEP][PASSED] - myIntMin = minVal.toInteger(): null

2023-07-31 14:39:16 - [TEST_STEP][PASSED] - println(myIntMin.getClass()): null

2023-07-31 14:39:16 - [TEST_STEP][PASSED] - maxVal = getAttribute(findTestObject("Object Repository/test/maxValue"), "aria-valuenow"): Attribute 'aria-valuenow' of object 'Object Repository/test/maxValue' is: '6000000'

2023-07-31 14:39:17 - [MESSAGE][PASSED] - Attribute 'aria-valuenow' of object 'Object Repository/test/maxValue' is: '6000000'

2023-07-31 14:39:17 - [TEST_STEP][PASSED] - myIntMax = maxVal.toInteger(): null

2023-07-31 14:39:17 - [TEST_STEP][PASSED] - println(myIntMax.getClass()): null

2023-07-31 14:39:17 - [TEST_STEP][PASSED] - result = getText(findTestObject("Object Repository/test/Price")): Text of object 'Object Repository/test/Price' is: '6.000.000 ₫'

2023-07-31 14:39:17 - [MESSAGE][PASSED] - Text of object 'Object Repository/test/Price' is: '6.000.000 ₫'

2023-07-31 14:39:17 - [TEST_STEP][PASSED] - list = new java.util.ArrayList(): null

2023-07-31 14:39:17 - [TEST_STEP][PASSED] - for ([i = 1, i <= 9, (i++)]): Text of object '' is: '1.400.000 ₫'

2023-07-31 14:39:17 - [TEST_STEP][PASSED] - to = new com.kms.katalon.core.testobject.TestObject(): null

2023-07-31 14:39:17 - [TEST_STEP][PASSED] - to.addProperty("xpath", EQUALS, "//*[@id="root"]/div/div[2]/div/div[3]/div[2]/div[1]/div[" + i + "]/a/div/div/div/p "): null

2023-07-31 14:39:17 - [TEST_STEP][PASSED] - list.add(getText(to)): Text of object '' is: '6.000.000 ₫'

2023-07-31 14:39:18 - [MESSAGE][PASSED] - Text of object '' is: '6.000.000 ₫'

2023-07-31 14:39:18 - [TEST_STEP][PASSED] - to = new com.kms.katalon.core.testobject.TestObject(): null

2023-07-31 14:39:18 - [TEST_STEP][PASSED] - to.addProperty("xpath", EQUALS, "//*[@id="root"]/div/div[2]/div/div[3]/div[2]/div[1]/div[" + i + "]/a/div/div/div/p "): null

2023-07-31 14:39:18 - [TEST_STEP][PASSED] - list.add(getText(to)): Text of object '' is: '6.000.000 ₫'

2023-07-31 14:39:18 - [MESSAGE][PASSED] - Text of object '' is: '6.000.000 ₫'

2023-07-31 14:39:18 - [TEST_STEP][PASSED] - to = new com.kms.katalon.core.testobject.TestObject(): null

2023-07-31 14:39:18 - [TEST_STEP][PASSED] - to.addProperty("xpath", EQUALS, "//*[@id="root"]/div/div[2]/div/div[3]/div[2]/div[1]/div[" + i + "]/a/div/div/div/p "): null

2023-07-31 14:39:18 - [TEST_STEP][PASSED] - list.add(getText(to)): Text of object '' is: '6.000.000 ₫'

2023-07-31 14:39:18 - [MESSAGE][PASSED] - Text of object '' is: '6.000.000 ₫'

2023-07-31 14:39:18 - [TEST_STEP][PASSED] - to = new com.kms.katalon.core.testobject.TestObject(): null

2023-07-31 14:39:18 - [TEST_STEP][PASSED] - to.addProperty("xpath", EQUALS, "//*[@id="root"]/div/div[2]/div/div[3]/div[2]/div[1]/div[" + i + "]/a/div/div/div/p "): null

2023-07-31 14:39:18 - [TEST_STEP][PASSED] - list.add(getText(to)): Text of object '' is: '6.000.000 ₫'

2023-07-31 14:39:19 - [MESSAGE][PASSED] - Text of object '' is: '6.000.000 ₫'

2023-07-31 14:39:19 - [TEST_STEP][PASSED] - to = new com.kms.katalon.core.testobject.TestObject(): null

2023-07-31 14:39:19 - [TEST_STEP][PASSED] - to.addProperty("xpath", EQUALS, "//*[@id="root"]/div/div[2]/div/div[3]/div[2]/div[1]/div[" + i + "]/a/div/div/div/p "): null

2023-07-31 14:39:19 - [TEST_STEP][PASSED] - list.add(getText(to)): Text of object '' is: '6.000.000 ₫'

2023-07-31 14:39:19 - [MESSAGE][PASSED] - Text of object '' is: '6.000.000 ₫'

2023-07-31 14:39:19 - [TEST_STEP][PASSED] - to = new com.kms.katalon.core.testobject.TestObject(): null

2023-07-31 14:39:19 - [TEST_STEP][PASSED] - to.addProperty("xpath", EQUALS, "//*[@id="root"]/div/div[2]/div/div[3]/div[2]/div[1]/div[" + i + "]/a/div/div/div/p "): null

2023-07-31 14:39:19 - [TEST_STEP][PASSED] - list.add(getText(to)): Text of object '' is: '6.000.000 ₫'

2023-07-31 14:39:19 - [MESSAGE][PASSED] - Text of object '' is: '6.000.000 ₫'

2023-07-31 14:39:19 - [TEST_STEP][PASSED] - to = new com.kms.katalon.core.testobject.TestObject(): null

2023-07-31 14:39:19 - [TEST_STEP][PASSED] - to.addProperty("xpath", EQUALS, "//*[@id="root"]/div/div[2]/div/div[3]/div[2]/div[1]/div[" + i + "]/a/div/div/div/p "): null

2023-07-31 14:39:19 - [TEST_STEP][PASSED] - list.add(getText(to)): Text of object '' is: '6.000.000 ₫'

2023-07-31 14:39:19 - [MESSAGE][PASSED] - Text of object '' is: '6.000.000 ₫'

2023-07-31 14:39:19 - [TEST_STEP][PASSED] - to = new com.kms.katalon.core.testobject.TestObject(): null

2023-07-31 14:39:19 - [TEST_STEP][PASSED] - to.addProperty("xpath", EQUALS, "//*[@id="root"]/div/div[2]/div/div[3]/div[2]/div[1]/div[" + i + "]/a/div/div/div/p "): null

2023-07-31 14:39:19 - [TEST_STEP][PASSED] - list.add(getText(to)): Text of object '' is: '6.000.000 ₫'

2023-07-31 14:39:20 - [MESSAGE][PASSED] - Text of object '' is: '6.000.000 ₫'

2023-07-31 14:39:20 - [TEST_STEP][PASSED] - to = new com.kms.katalon.core.testobject.TestObject(): null

2023-07-31 14:39:20 - [TEST_STEP][PASSED] - to.addProperty("xpath", EQUALS, "//*[@id="root"]/div/div[2]/div/div[3]/div[2]/div[1]/div[" + i + "]/a/div/div/div/p "): null

2023-07-31 14:39:20 - [TEST_STEP][PASSED] - list.add(getText(to)): Text of object '' is: '1.400.000 ₫'

2023-07-31 14:39:20 - [MESSAGE][PASSED] - Text of object '' is: '1.400.000 ₫'

2023-07-31 14:39:20 - [TEST_STEP][PASSED] - println(Arrays.toString(list)): null

2023-07-31 14:39:20 - [TEST_STEP][PASSED] - newArray = []: null

2023-07-31 14:39:20 - [TEST_STEP][PASSED] - newList = list: null

2023-07-31 14:39:20 - [TEST_STEP][PASSED] - for ([i = 0, i < list.size(), (i++)]): null

2023-07-31 14:39:20 - [TEST_STEP][PASSED] - s = replaceAll("[₫]", "").trim(): null

2023-07-31 14:39:20 - [TEST_STEP][PASSED] - newArray.add(Integer.parseInt(s)): null

2023-07-31 14:39:20 - [TEST_STEP][PASSED] - s = replaceAll("[₫]", "").trim(): null

2023-07-31 14:39:20 - [TEST_STEP][PASSED] - newArray.add(Integer.parseInt(s)): null

2023-07-31 14:39:20 - [TEST_STEP][PASSED] - s = replaceAll("[₫]", "").trim(): null

2023-07-31 14:39:20 - [TEST_STEP][PASSED] - newArray.add(Integer.parseInt(s)): null

2023-07-31 14:39:20 - [TEST_STEP][PASSED] - s = replaceAll("[₫]", "").trim(): null

2023-07-31 14:39:20 - [TEST_STEP][PASSED] - newArray.add(Integer.parseInt(s)): null

2023-07-31 14:39:20 - [TEST_STEP][PASSED] - s = replaceAll("[₫]", "").trim(): null

2023-07-31 14:39:20 - [TEST_STEP][PASSED] - newArray.add(Integer.parseInt(s)): null

2023-07-31 14:39:20 - [TEST_STEP][PASSED] - s = replaceAll("[₫]", "").trim(): null

2023-07-31 14:39:20 - [TEST_STEP][PASSED] - newArray.add(Integer.parseInt(s)): null

2023-07-31 14:39:20 - [TEST_STEP][PASSED] - s = replaceAll("[₫]", "").trim(): null

2023-07-31 14:39:20 - [TEST_STEP][PASSED] - newArray.add(Integer.parseInt(s)): null

2023-07-31 14:39:20 - [TEST_STEP][PASSED] - s = replaceAll("[₫]", "").trim(): null

2023-07-31 14:39:20 - [TEST_STEP][PASSED] - newArray.add(Integer.parseInt(s)): null

2023-07-31 14:39:20 - [TEST_STEP][PASSED] - s = replaceAll("[₫]", "").trim(): null

2023-07-31 14:39:20 - [TEST_STEP][PASSED] - newArray.add(Integer.parseInt(s)): null

2023-07-31 14:39:20 - [TEST_STEP][PASSED] - resultValue = false: null

2023-07-31 14:39:20 - [TEST_STEP][PASSED] - for (int r : newArray): null

2023-07-31 14:39:20 - [TEST_STEP][PASSED] - if (r >= myIntMin && r <= myIntMax): null

2023-07-31 14:39:20 - [TEST_STEP][PASSED] - resultValue = true: null

2023-07-31 14:39:20 - [TEST_STEP][PASSED] - if (r >= myIntMin && r <= myIntMax): null

2023-07-31 14:39:20 - [TEST_STEP][PASSED] - resultValue = true: null

2023-07-31 14:39:20 - [TEST_STEP][PASSED] - if (r >= myIntMin && r <= myIntMax): null

2023-07-31 14:39:20 - [TEST_STEP][PASSED] - resultValue = true: null

2023-07-31 14:39:20 - [TEST_STEP][PASSED] - if (r >= myIntMin && r <= myIntMax): null

2023-07-31 14:39:20 - [TEST_STEP][PASSED] - resultValue = true: null

2023-07-31 14:39:20 - [TEST_STEP][PASSED] - if (r >= myIntMin && r <= myIntMax): null

2023-07-31 14:39:20 - [TEST_STEP][PASSED] - resultValue = true: null

2023-07-31 14:39:20 - [TEST_STEP][PASSED] - if (r >= myIntMin && r <= myIntMax): null

2023-07-31 14:39:20 - [TEST_STEP][PASSED] - resultValue = true: null

2023-07-31 14:39:20 - [TEST_STEP][PASSED] - if (r >= myIntMin && r <= myIntMax): null

2023-07-31 14:39:20 - [TEST_STEP][PASSED] - resultValue = true: null

2023-07-31 14:39:20 - [TEST_STEP][PASSED] - if (r >= myIntMin && r <= myIntMax): null

2023-07-31 14:39:20 - [TEST_STEP][PASSED] - resultValue = true: null

2023-07-31 14:39:20 - [TEST_STEP][PASSED] - if (r >= myIntMin && r <= myIntMax): null

2023-07-31 14:39:20 - [TEST_STEP][PASSED] - resultValue = true: null

2023-07-31 14:39:20 - [TEST_STEP][PASSED] - logInfo(newArray.toString()): [6000000, 6000000, 6000000, 6000000, 6000000, 6000000, 6000000, 6000000, 1400000]

2023-07-31 14:39:20 - [MESSAGE][INFO] - [6000000, 6000000, 6000000, 6000000, 6000000, 6000000, 6000000, 6000000, 1400000]

2023-07-31 14:39:20 - [TEST_STEP][PASSED] - println(resultValue): null

2023-07-31 14:39:20 - [TEST_STEP][PASSED] - closeBrowser(): Browser is closed

2023-07-31 14:39:21 - [MESSAGE][PASSED] - Browser is closed]]></system-out>
         <system-err><![CDATA[]]></system-err>
      </testcase>
      <system-out><![CDATA[2023-07-31 14:29:19 - [TEST_SUITE][FAILED] - LC: Test Cases/LC/Test3 FAILED.
Reason:
com.kms.katalon.core.exception.StepFailedException: Unable to get attribute 'aria-valuenow' of object 'Object Repository/getText/Page_Vite  React  TS/minValue'
	at com.kms.katalon.core.webui.keyword.internal.WebUIKeywordMain.stepFailed(WebUIKeywordMain.groovy:64)
	at com.kms.katalon.core.webui.keyword.internal.WebUIKeywordMain.runKeyword(WebUIKeywordMain.groovy:26)
	at com.kms.katalon.core.webui.keyword.builtin.GetAttributeKeyword.getAttribute(GetAttributeKeyword.groovy:93)
	at com.kms.katalon.core.webui.keyword.builtin.GetAttributeKeyword.execute(GetAttributeKeyword.groovy:68)
	at com.kms.katalon.core.keyword.internal.KeywordExecutor.executeKeywordForPlatform(KeywordExecutor.groovy:74)
	at com.kms.katalon.core.webui.keyword.WebUiBuiltInKeywords.getAttribute(WebUiBuiltInKeywords.groovy:951)
	at com.kms.katalon.core.webui.keyword.WebUiBuiltInKeywords$getAttribute$11.call(Unknown Source)
	at Test3.run(Test3:34)
	at com.kms.katalon.core.main.ScriptEngine.run(ScriptEngine.java:194)
	at com.kms.katalon.core.main.ScriptEngine.runScriptAsRawText(ScriptEngine.java:119)
	at com.kms.katalon.core.main.TestCaseExecutor.runScript(TestCaseExecutor.java:448)
	at com.kms.katalon.core.main.TestCaseExecutor.doExecute(TestCaseExecutor.java:439)
	at com.kms.katalon.core.main.TestCaseExecutor.processExecutionPhase(TestCaseExecutor.java:418)
	at com.kms.katalon.core.main.TestCaseExecutor.accessMainPhase(TestCaseExecutor.java:410)
	at com.kms.katalon.core.main.TestCaseExecutor.execute(TestCaseExecutor.java:285)
	at com.kms.katalon.core.common.CommonExecutor.accessTestCaseMainPhase(CommonExecutor.java:65)
	at com.kms.katalon.core.main.TestSuiteExecutor.accessTestSuiteMainPhase(TestSuiteExecutor.java:148)
	at com.kms.katalon.core.main.TestSuiteExecutor.execute(TestSuiteExecutor.java:106)
	at com.kms.katalon.core.main.TestCaseMain.startTestSuite(TestCaseMain.java:187)
	at com.kms.katalon.core.main.TestCaseMain$startTestSuite$0.call(Unknown Source)
	at TempTestSuite1690788547787.run(TempTestSuite1690788547787.groovy:36)
Caused by: com.kms.katalon.core.webui.exception.WebElementNotFoundException: Web element with id: 'Object Repository/getText/Page_Vite  React  TS/minValue' located by '//div[@class ="example-thumb example-thumb-0 "]' not found
	at com.kms.katalon.core.webui.common.WebUiCommonHelper.findWebElement(WebUiCommonHelper.java:1381)
	at com.kms.katalon.core.webui.keyword.internal.WebUIAbstractKeyword.findWebElement(WebUIAbstractKeyword.groovy:27)
	at com.kms.katalon.core.webui.keyword.internal.WebUIAbstractKeyword.findWebElement(WebUIAbstractKeyword.groovy:26)
	at com.kms.katalon.core.webui.keyword.builtin.GetAttributeKeyword$_getAttribute_closure1.doCall(GetAttributeKeyword.groovy:83)
	at com.kms.katalon.core.webui.keyword.builtin.GetAttributeKeyword$_getAttribute_closure1.call(GetAttributeKeyword.groovy)
	at com.kms.katalon.core.webui.keyword.internal.WebUIKeywordMain.runKeyword(WebUIKeywordMain.groovy:20)
	... 19 more]]></system-out>
      <system-err><![CDATA[2023-07-31 14:29:19 - [TEST_SUITE][FAILED] - LC: Test Cases/LC/Test3 FAILED.
Reason:
com.kms.katalon.core.exception.StepFailedException: Unable to get attribute 'aria-valuenow' of object 'Object Repository/getText/Page_Vite  React  TS/minValue'
	at com.kms.katalon.core.webui.keyword.internal.WebUIKeywordMain.stepFailed(WebUIKeywordMain.groovy:64)
	at com.kms.katalon.core.webui.keyword.internal.WebUIKeywordMain.runKeyword(WebUIKeywordMain.groovy:26)
	at com.kms.katalon.core.webui.keyword.builtin.GetAttributeKeyword.getAttribute(GetAttributeKeyword.groovy:93)
	at com.kms.katalon.core.webui.keyword.builtin.GetAttributeKeyword.execute(GetAttributeKeyword.groovy:68)
	at com.kms.katalon.core.keyword.internal.KeywordExecutor.executeKeywordForPlatform(KeywordExecutor.groovy:74)
	at com.kms.katalon.core.webui.keyword.WebUiBuiltInKeywords.getAttribute(WebUiBuiltInKeywords.groovy:951)
	at com.kms.katalon.core.webui.keyword.WebUiBuiltInKeywords$getAttribute$11.call(Unknown Source)
	at Test3.run(Test3:34)
	at com.kms.katalon.core.main.ScriptEngine.run(ScriptEngine.java:194)
	at com.kms.katalon.core.main.ScriptEngine.runScriptAsRawText(ScriptEngine.java:119)
	at com.kms.katalon.core.main.TestCaseExecutor.runScript(TestCaseExecutor.java:448)
	at com.kms.katalon.core.main.TestCaseExecutor.doExecute(TestCaseExecutor.java:439)
	at com.kms.katalon.core.main.TestCaseExecutor.processExecutionPhase(TestCaseExecutor.java:418)
	at com.kms.katalon.core.main.TestCaseExecutor.accessMainPhase(TestCaseExecutor.java:410)
	at com.kms.katalon.core.main.TestCaseExecutor.execute(TestCaseExecutor.java:285)
	at com.kms.katalon.core.common.CommonExecutor.accessTestCaseMainPhase(CommonExecutor.java:65)
	at com.kms.katalon.core.main.TestSuiteExecutor.accessTestSuiteMainPhase(TestSuiteExecutor.java:148)
	at com.kms.katalon.core.main.TestSuiteExecutor.execute(TestSuiteExecutor.java:106)
	at com.kms.katalon.core.main.TestCaseMain.startTestSuite(TestCaseMain.java:187)
	at com.kms.katalon.core.main.TestCaseMain$startTestSuite$0.call(Unknown Source)
	at TempTestSuite1690788547787.run(TempTestSuite1690788547787.groovy:36)
Caused by: com.kms.katalon.core.webui.exception.WebElementNotFoundException: Web element with id: 'Object Repository/getText/Page_Vite  React  TS/minValue' located by '//div[@class ="example-thumb example-thumb-0 "]' not found
	at com.kms.katalon.core.webui.common.WebUiCommonHelper.findWebElement(WebUiCommonHelper.java:1381)
	at com.kms.katalon.core.webui.keyword.internal.WebUIAbstractKeyword.findWebElement(WebUIAbstractKeyword.groovy:27)
	at com.kms.katalon.core.webui.keyword.internal.WebUIAbstractKeyword.findWebElement(WebUIAbstractKeyword.groovy:26)
	at com.kms.katalon.core.webui.keyword.builtin.GetAttributeKeyword$_getAttribute_closure1.doCall(GetAttributeKeyword.groovy:83)
	at com.kms.katalon.core.webui.keyword.builtin.GetAttributeKeyword$_getAttribute_closure1.call(GetAttributeKeyword.groovy)
	at com.kms.katalon.core.webui.keyword.internal.WebUIKeywordMain.runKeyword(WebUIKeywordMain.groovy:20)
	... 19 more]]></system-err>
   </testsuite>
</testsuites>
