<?xml version="1.0" encoding="UTF-8"?>
<testsuites name="LC" time="194.275" tests="2" failures="1" errors="0">
   <testsuite name="LC" tests="2" failures="1" errors="0" time="194.275" skipped="0" timestamp="2023-07-12 16:58:48" hostname="htminh - host.docker.internal" id="Test Suites/LC">
      <properties>
         <property name="deviceName" value=""/>
         <property name="devicePlatform" value=""/>
         <property name="logFolder" value="C:\\Users\\htminh\\git\\test3\\Reports\\20230712_165839\\LC\\20230712_165839"/>
         <property name="logFiles" value="C:\\Users\\htminh\\git\\test3\\Reports\\20230712_165839\\LC\\20230712_165839\\execution0.log"/>
         <property name="attachments" value="C:\\Users\\htminh\\git\\test3\\Reports\\20230712_165839\\LC\\20230712_165839\\1689156122348.png"/>
         <property name="hostName" value="htminh - host.docker.internal"/>
         <property name="os" value="Windows 10 64bit"/>
         <property name="katalonVersion" value="8.6.5.208"/>
         <property name="browser" value="Chrome 114.0.0.0"/>
         <property name="hostAddress" value="192.168.79.183"/>
         <property name="sessionId" value="e34de2892f3bdb988c80ad6509754dca"/>
         <property name="seleniumVersion" value="3.141.59"/>
         <property name="proxyInformation" value="ProxyInformation { proxyOption=NO_PROXY, proxyServerType=HTTP, username=, password=********, proxyServerAddress=, proxyServerPort=0, executionList=&quot;&quot;, isApplyToDesiredCapabilities=true }"/>
         <property name="platform" value="Windows 10"/>
      </properties>
      <testcase name="Test Cases/LC/Searching" time="112.096" classname="Test Cases/LC/Searching" status="PASSED">
         <system-out><![CDATA[2023-07-12 16:58:49 - [TEST_CASE][PASSED] - Test Cases/LC/Searching: Test Cases/LC/Searching

2023-07-12 16:58:49 - [TEST_STEP][PASSED] - openBrowser(""): Browser is opened with url: ''

2023-07-12 16:58:50 - [MESSAGE][INFO] - Starting 'Chrome' driver

2023-07-12 16:58:50 - [MESSAGE][INFO] - Action delay is set to 0 milliseconds

2023-07-12 16:58:52 - [MESSAGE][PASSED] - Browser is opened with url: ''

2023-07-12 16:58:52 - [TEST_STEP][PASSED] - navigateToUrl("http://localhost:5173/"): Navigate to 'http://localhost:5173/' successfully

2023-07-12 16:58:54 - [MESSAGE][PASSED] - Navigate to 'http://localhost:5173/' successfully

2023-07-12 16:58:54 - [TEST_STEP][PASSED] - maximizeWindow(): Current window maximized

2023-07-12 16:58:54 - [MESSAGE][PASSED] - Current window maximized

2023-07-12 16:58:54 - [TEST_STEP][PASSED] - click(findTestObject("Object Repository/Searching1/Page_Vite  React  TS/p_product (1)")): Object: 'Object Repository/Searching1/Page_Vite  React  TS/p_product (1)' is clicked on

2023-07-12 16:58:55 - [MESSAGE][PASSED] - Object: 'Object Repository/Searching1/Page_Vite  React  TS/p_product (1)' is clicked on

2023-07-12 16:58:55 - [TEST_STEP][PASSED] - delay(5): Delayed 5 second(s)

2023-07-12 16:59:00 - [MESSAGE][PASSED] - Delayed 5 second(s)

2023-07-12 16:59:00 - [TEST_STEP][PASSED] - setText(findTestObject("Object Repository/Searching1/Page_Vite  React  TS/input_Minhhonag_chakra-input css-1pdm0hx (3)"), "Bún"): Text 'Bún' is set on object 'Object Repository/Searching1/Page_Vite  React  TS/input_Minhhonag_chakra-input css-1pdm0hx (3)'

2023-07-12 16:59:00 - [MESSAGE][PASSED] - Text 'Bún' is set on object 'Object Repository/Searching1/Page_Vite  React  TS/input_Minhhonag_chakra-input css-1pdm0hx (3)'

2023-07-12 16:59:00 - [TEST_STEP][PASSED] - click(findTestObject("Object Repository/Searching1/Page_Vite  React  TS/div_Local specialtys areasThe best offer th_178a87 (1)")): Object: 'Object Repository/Searching1/Page_Vite  React  TS/div_Local specialtys areasThe best offer th_178a87 (1)' is clicked on

2023-07-12 16:59:01 - [MESSAGE][PASSED] - Object: 'Object Repository/Searching1/Page_Vite  React  TS/div_Local specialtys areasThe best offer th_178a87 (1)' is clicked on

2023-07-12 16:59:01 - [TEST_STEP][PASSED] - delay(3): Delayed 3 second(s)

2023-07-12 16:59:04 - [MESSAGE][PASSED] - Delayed 3 second(s)

2023-07-12 16:59:04 - [TEST_STEP][PASSED] - click(findTestObject("Object Repository/Searching1/Page_Vite  React  TS/button_2 (1)")): Object: 'Object Repository/Searching1/Page_Vite  React  TS/button_2 (1)' is clicked on

2023-07-12 16:59:05 - [MESSAGE][PASSED] - Object: 'Object Repository/Searching1/Page_Vite  React  TS/button_2 (1)' is clicked on

2023-07-12 16:59:05 - [TEST_STEP][PASSED] - delay(3): Delayed 3 second(s)

2023-07-12 16:59:08 - [MESSAGE][PASSED] - Delayed 3 second(s)

2023-07-12 16:59:08 - [TEST_STEP][PASSED] - click(findTestObject("Object Repository/Searching1/Page_Vite  React  TS/button_3 (1)")): Object: 'Object Repository/Searching1/Page_Vite  React  TS/button_3 (1)' is clicked on

2023-07-12 16:59:09 - [MESSAGE][PASSED] - Object: 'Object Repository/Searching1/Page_Vite  React  TS/button_3 (1)' is clicked on

2023-07-12 16:59:09 - [TEST_STEP][PASSED] - delay(3): Delayed 3 second(s)

2023-07-12 16:59:12 - [MESSAGE][PASSED] - Delayed 3 second(s)

2023-07-12 16:59:12 - [TEST_STEP][PASSED] - delay(3): Delayed 3 second(s)

2023-07-12 16:59:15 - [MESSAGE][PASSED] - Delayed 3 second(s)

2023-07-12 16:59:15 - [TEST_STEP][PASSED] - setText(findTestObject("Object Repository/Searching1/Page_Vite  React  TS/input_Minhhonag_chakra-input css-1pdm0hx (1)"), "Bánh Tráng 73"): Text 'Bánh Tráng 73' is set on object 'Object Repository/Searching1/Page_Vite  React  TS/input_Minhhonag_chakra-input css-1pdm0hx (1)'

2023-07-12 16:59:16 - [MESSAGE][PASSED] - Text 'Bánh Tráng 73' is set on object 'Object Repository/Searching1/Page_Vite  React  TS/input_Minhhonag_chakra-input css-1pdm0hx (1)'

2023-07-12 16:59:16 - [TEST_STEP][PASSED] - delay(5): Delayed 5 second(s)

2023-07-12 16:59:21 - [MESSAGE][PASSED] - Delayed 5 second(s)

2023-07-12 16:59:21 - [TEST_STEP][PASSED] - click(findTestObject("Object Repository/Searching1/Page_Vite  React  TS/span_Filter_chakra-radio__control css-vtg3j9")): Object: 'Object Repository/Searching1/Page_Vite  React  TS/span_Filter_chakra-radio__control css-vtg3j9' is clicked on

2023-07-12 16:59:21 - [MESSAGE][PASSED] - Object: 'Object Repository/Searching1/Page_Vite  React  TS/span_Filter_chakra-radio__control css-vtg3j9' is clicked on

2023-07-12 16:59:21 - [TEST_STEP][PASSED] - click(findTestObject("Object Repository/Searching1/Page_Vite  React  TS/span_Filter_chakra-radio__control css-vtg3j9")): Object: 'Object Repository/Searching1/Page_Vite  React  TS/span_Filter_chakra-radio__control css-vtg3j9' is clicked on

2023-07-12 16:59:24 - [MESSAGE][PASSED] - Object: 'Object Repository/Searching1/Page_Vite  React  TS/span_Filter_chakra-radio__control css-vtg3j9' is clicked on

2023-07-12 16:59:24 - [TEST_STEP][PASSED] - click(findTestObject("Object Repository/Searching1/Page_Vite  React  TS/label_More than 800.000")): Object: 'Object Repository/Searching1/Page_Vite  React  TS/label_More than 800.000' is clicked on

2023-07-12 16:59:25 - [MESSAGE][PASSED] - Object: 'Object Repository/Searching1/Page_Vite  React  TS/label_More than 800.000' is clicked on

2023-07-12 16:59:25 - [TEST_STEP][PASSED] - setText(findTestObject("Object Repository/Searching1/Page_Vite  React  TS/input_Minhhonag_chakra-input css-1pdm0hx (1)"), "@#$%^&*()"): Text '@#$%^&*()' is set on object 'Object Repository/Searching1/Page_Vite  React  TS/input_Minhhonag_chakra-input css-1pdm0hx (1)'

2023-07-12 16:59:28 - [MESSAGE][PASSED] - Text '@#$%^&*()' is set on object 'Object Repository/Searching1/Page_Vite  React  TS/input_Minhhonag_chakra-input css-1pdm0hx (1)'

2023-07-12 16:59:28 - [TEST_STEP][PASSED] - delay(5): Delayed 5 second(s)

2023-07-12 16:59:33 - [MESSAGE][PASSED] - Delayed 5 second(s)

2023-07-12 16:59:33 - [TEST_STEP][PASSED] - verifyElementText(findTestObject("Object Repository/Searching1/Page_Vite  React  TS/ErrosSearchMessage"), "There is no result found with keyword: @#$%^&*()"): Actual text and expected text of test object 'Object Repository/Searching1/Page_Vite  React  TS/ErrosSearchMessage' are matched.

2023-07-12 16:59:34 - [MESSAGE][PASSED] - Actual text and expected text of test object 'Object Repository/Searching1/Page_Vite  React  TS/ErrosSearchMessage' are matched.

2023-07-12 16:59:34 - [TEST_STEP][PASSED] - click(findTestObject("Object Repository/Searching1/Page_Vite  React  TS/div_Local specialtys areasThe best offer th_ff2b61")): Object: 'Object Repository/Searching1/Page_Vite  React  TS/div_Local specialtys areasThe best offer th_ff2b61' is clicked on

2023-07-12 16:59:34 - [MESSAGE][PASSED] - Object: 'Object Repository/Searching1/Page_Vite  React  TS/div_Local specialtys areasThe best offer th_ff2b61' is clicked on

2023-07-12 16:59:34 - [TEST_STEP][PASSED] - click(findTestObject("Object Repository/Searching1/Page_Vite  React  TS/span_Filter_chakra-radio__control css-vtg3j9")): Object: 'Object Repository/Searching1/Page_Vite  React  TS/span_Filter_chakra-radio__control css-vtg3j9' is clicked on

2023-07-12 16:59:34 - [MESSAGE][PASSED] - Object: 'Object Repository/Searching1/Page_Vite  React  TS/span_Filter_chakra-radio__control css-vtg3j9' is clicked on

2023-07-12 16:59:34 - [TEST_STEP][PASSED] - click(findTestObject("Object Repository/Searching1/Page_Vite  React  TS/span_Filter_chakra-radio__control css-vtg3j9")): Object: 'Object Repository/Searching1/Page_Vite  React  TS/span_Filter_chakra-radio__control css-vtg3j9' is clicked on

2023-07-12 16:59:38 - [MESSAGE][PASSED] - Object: 'Object Repository/Searching1/Page_Vite  React  TS/span_Filter_chakra-radio__control css-vtg3j9' is clicked on

2023-07-12 16:59:38 - [TEST_STEP][PASSED] - click(findTestObject("Object Repository/Searching1/Page_Vite  React  TS/label_More than 800.000")): Object: 'Object Repository/Searching1/Page_Vite  React  TS/label_More than 800.000' is clicked on

2023-07-12 16:59:38 - [MESSAGE][PASSED] - Object: 'Object Repository/Searching1/Page_Vite  React  TS/label_More than 800.000' is clicked on

2023-07-12 16:59:38 - [TEST_STEP][PASSED] - click(findTestObject("Object Repository/Searching1/Page_Vite  React  TS/div_Local specialtys areasThe best offer th_421523")): Object: 'Object Repository/Searching1/Page_Vite  React  TS/div_Local specialtys areasThe best offer th_421523' is clicked on

2023-07-12 16:59:41 - [MESSAGE][PASSED] - Object: 'Object Repository/Searching1/Page_Vite  React  TS/div_Local specialtys areasThe best offer th_421523' is clicked on

2023-07-12 16:59:41 - [TEST_STEP][PASSED] - click(findTestObject("Object Repository/Searching1/Page_Vite  React  TS/div_allKhMinhhonag")): Object: 'Object Repository/Searching1/Page_Vite  React  TS/div_allKhMinhhonag' is clicked on

2023-07-12 16:59:42 - [MESSAGE][PASSED] - Object: 'Object Repository/Searching1/Page_Vite  React  TS/div_allKhMinhhonag' is clicked on

2023-07-12 16:59:42 - [TEST_STEP][PASSED] - delay(5): Delayed 5 second(s)

2023-07-12 16:59:47 - [MESSAGE][PASSED] - Delayed 5 second(s)

2023-07-12 16:59:47 - [TEST_STEP][PASSED] - setText(findTestObject("Searching1/Page_Vite  React  TS/input_Minhhonag_chakra-input css-1pdm0hx (1)"), " 76543"): Text ' 76543' is set on object 'Object Repository/Searching1/Page_Vite  React  TS/input_Minhhonag_chakra-input css-1pdm0hx (1)'

2023-07-12 16:59:47 - [MESSAGE][PASSED] - Text ' 76543' is set on object 'Object Repository/Searching1/Page_Vite  React  TS/input_Minhhonag_chakra-input css-1pdm0hx (1)'

2023-07-12 16:59:47 - [TEST_STEP][PASSED] - delay(5): Delayed 5 second(s)

2023-07-12 16:59:52 - [MESSAGE][PASSED] - Delayed 5 second(s)

2023-07-12 16:59:52 - [TEST_STEP][PASSED] - verifyElementText(findTestObject("Object Repository/Searching1/Page_Vite  React  TS/ErrosSearchMessage"), "There is no result found with keyword: 76543"): Actual text and expected text of test object 'Object Repository/Searching1/Page_Vite  React  TS/ErrosSearchMessage' are matched.

2023-07-12 16:59:53 - [MESSAGE][PASSED] - Actual text and expected text of test object 'Object Repository/Searching1/Page_Vite  React  TS/ErrosSearchMessage' are matched.

2023-07-12 16:59:53 - [TEST_STEP][PASSED] - click(findTestObject("Object Repository/Searching1/Page_Vite  React  TS/span_Filter_chakra-radio__control css-vtg3j9")): Object: 'Object Repository/Searching1/Page_Vite  React  TS/span_Filter_chakra-radio__control css-vtg3j9' is clicked on

2023-07-12 16:59:53 - [MESSAGE][PASSED] - Object: 'Object Repository/Searching1/Page_Vite  React  TS/span_Filter_chakra-radio__control css-vtg3j9' is clicked on

2023-07-12 16:59:53 - [TEST_STEP][PASSED] - click(findTestObject("Object Repository/Searching1/Page_Vite  React  TS/span_Filter_chakra-radio__control css-vtg3j9")): Object: 'Object Repository/Searching1/Page_Vite  React  TS/span_Filter_chakra-radio__control css-vtg3j9' is clicked on

2023-07-12 16:59:56 - [MESSAGE][PASSED] - Object: 'Object Repository/Searching1/Page_Vite  React  TS/span_Filter_chakra-radio__control css-vtg3j9' is clicked on

2023-07-12 16:59:56 - [TEST_STEP][PASSED] - click(findTestObject("Object Repository/Searching1/Page_Vite  React  TS/span_Filter_chakra-radio__control css-vtg3j9")): Object: 'Object Repository/Searching1/Page_Vite  React  TS/span_Filter_chakra-radio__control css-vtg3j9' is clicked on

2023-07-12 16:59:57 - [MESSAGE][PASSED] - Object: 'Object Repository/Searching1/Page_Vite  React  TS/span_Filter_chakra-radio__control css-vtg3j9' is clicked on

2023-07-12 16:59:57 - [TEST_STEP][PASSED] - delay(5): Delayed 5 second(s)

2023-07-12 17:00:02 - [MESSAGE][PASSED] - Delayed 5 second(s)

2023-07-12 17:00:02 - [TEST_STEP][PASSED] - setText(findTestObject("Searching1/Page_Vite  React  TS/input_Minhhonag_chakra-input css-1pdm0hx (1)"), " Chung Cake is a traditional cake of Vietnam. The cake implies gratitude of later generations to their forefather and hometown. Ingredients of Chung Cake include sticky rice, green bean, pork, dong leaves, and other additional spices as salt and pepper. Chung Cake is often made on traditional Tet Holiday of Vietnamese people and Hung King Festival (on the 10th day of the third lunar month). Chung Cake has the oldest history in traditional Vietnam cuisine. It is mentioned regularly in historical documents. The traditional cake has a significant position in the heart of Vietnamese people. The cake originated from a legend relating to Lang Lieu Prince, son of the 6th Hung King. The legend recalls the next generation about the national tradition. It is also a meaningful explanation and origin "): Text ' Chung Cake is a traditional cake of Vietnam. The cake implies gratitude of later generations to their forefather and hometown. Ingredients of Chung Cake include sticky rice, green bean, pork, dong leaves, and other additional spices as salt and pepper. Chung Cake is often made on traditional Tet Holiday of Vietnamese people and Hung King Festival (on the 10th day of the third lunar month). Chung Cake has the oldest history in traditional Vietnam cuisine. It is mentioned regularly in historical documents. The traditional cake has a significant position in the heart of Vietnamese people. The cake originated from a legend relating to Lang Lieu Prince, son of the 6th Hung King. The legend recalls the next generation about the national tradition. It is also a meaningful explanation and origin ' is set on object 'Object Repository/Searching1/Page_Vite  React  TS/input_Minhhonag_chakra-input css-1pdm0hx (1)'

2023-07-12 17:00:03 - [MESSAGE][PASSED] - Text ' Chung Cake is a traditional cake of Vietnam. The cake implies gratitude of later generations to their forefather and hometown. Ingredients of Chung Cake include sticky rice, green bean, pork, dong leaves, and other additional spices as salt and pepper. Chung Cake is often made on traditional Tet Holiday of Vietnamese people and Hung King Festival (on the 10th day of the third lunar month). Chung Cake has the oldest history in traditional Vietnam cuisine. It is mentioned regularly in historical documents. The traditional cake has a significant position in the heart of Vietnamese people. The cake originated from a legend relating to Lang Lieu Prince, son of the 6th Hung King. The legend recalls the next generation about the national tradition. It is also a meaningful explanation and origin ' is set on object 'Object Repository/Searching1/Page_Vite  React  TS/input_Minhhonag_chakra-input css-1pdm0hx (1)'

2023-07-12 17:00:03 - [TEST_STEP][PASSED] - verifyElementText(findTestObject("Object Repository/Searching1/Page_Vite  React  TS/ErrosTooMuchCharacter"), "Too many characters, Enter major again"): Actual text and expected text of test object 'Object Repository/Searching1/Page_Vite  React  TS/ErrosTooMuchCharacter' are matched.

2023-07-12 17:00:05 - [MESSAGE][PASSED] - Actual text and expected text of test object 'Object Repository/Searching1/Page_Vite  React  TS/ErrosTooMuchCharacter' are matched.

2023-07-12 17:00:05 - [TEST_STEP][PASSED] - delay(5): Delayed 5 second(s)

2023-07-12 17:00:10 - [MESSAGE][PASSED] - Delayed 5 second(s)

2023-07-12 17:00:10 - [TEST_STEP][PASSED] - setText(findTestObject("Searching1/Page_Vite  React  TS/input_Minhhonag_chakra-input css-1pdm0hx (1)"), " Cá nục Lào"): Text ' Cá nục Lào' is set on object 'Object Repository/Searching1/Page_Vite  React  TS/input_Minhhonag_chakra-input css-1pdm0hx (1)'

2023-07-12 17:00:11 - [MESSAGE][PASSED] - Text ' Cá nục Lào' is set on object 'Object Repository/Searching1/Page_Vite  React  TS/input_Minhhonag_chakra-input css-1pdm0hx (1)'

2023-07-12 17:00:11 - [TEST_STEP][PASSED] - verifyElementText(findTestObject("Object Repository/Searching1/Page_Vite  React  TS/ErrosSearchMessage"), "There is no result found with keyword: Cá nục Lào"): Actual text and expected text of test object 'Object Repository/Searching1/Page_Vite  React  TS/ErrosSearchMessage' are matched.

2023-07-12 17:00:15 - [MESSAGE][PASSED] - Actual text and expected text of test object 'Object Repository/Searching1/Page_Vite  React  TS/ErrosSearchMessage' are matched.

2023-07-12 17:00:15 - [TEST_STEP][PASSED] - delay(5): Delayed 5 second(s)

2023-07-12 17:00:21 - [MESSAGE][PASSED] - Delayed 5 second(s)

2023-07-12 17:00:21 - [TEST_STEP][PASSED] - setText(findTestObject("Object Repository/Searching1/Page_Vite  React  TS/input_Minhhonag_chakra-input css-1pdm0hx"), "' or 1=1--"): Text '' or 1=1--' is set on object 'Object Repository/Searching1/Page_Vite  React  TS/input_Minhhonag_chakra-input css-1pdm0hx'

2023-07-12 17:00:21 - [MESSAGE][PASSED] - Text '' or 1=1--' is set on object 'Object Repository/Searching1/Page_Vite  React  TS/input_Minhhonag_chakra-input css-1pdm0hx'

2023-07-12 17:00:21 - [TEST_STEP][PASSED] - click(findTestObject("Object Repository/Searching1/Page_Vite  React  TS/div_Local specialtys areasThe best offer th_178a87")): Object: 'Object Repository/Searching1/Page_Vite  React  TS/div_Local specialtys areasThe best offer th_178a87' is clicked on

2023-07-12 17:00:22 - [MESSAGE][PASSED] - Object: 'Object Repository/Searching1/Page_Vite  React  TS/div_Local specialtys areasThe best offer th_178a87' is clicked on

2023-07-12 17:00:22 - [TEST_STEP][PASSED] - delay(5): Delayed 5 second(s)

2023-07-12 17:00:27 - [MESSAGE][PASSED] - Delayed 5 second(s)

2023-07-12 17:00:27 - [TEST_STEP][PASSED] - verifyElementText(findTestObject("Object Repository/Searching1/Page_Vite  React  TS/p_There is no result found with keyword  or 11--"), "There is no result found with keyword: ' or 1=1--"): Actual text and expected text of test object 'Object Repository/Searching1/Page_Vite  React  TS/p_There is no result found with keyword  or 11--' are matched.

2023-07-12 17:00:27 - [MESSAGE][PASSED] - Actual text and expected text of test object 'Object Repository/Searching1/Page_Vite  React  TS/p_There is no result found with keyword  or 11--' are matched.

2023-07-12 17:00:27 - [TEST_STEP][PASSED] - setText(findTestObject("Object Repository/Searching1/Page_Vite  React  TS/input_Minhhonag_chakra-input css-1pdm0hx"), "<script>alert("hihiihi")</script>"): Text '<script>alert("hihiihi")</script>' is set on object 'Object Repository/Searching1/Page_Vite  React  TS/input_Minhhonag_chakra-input css-1pdm0hx'

2023-07-12 17:00:28 - [MESSAGE][PASSED] - Text '<script>alert("hihiihi")</script>' is set on object 'Object Repository/Searching1/Page_Vite  React  TS/input_Minhhonag_chakra-input css-1pdm0hx'

2023-07-12 17:00:28 - [TEST_STEP][PASSED] - click(findTestObject("Object Repository/Searching1/Page_Vite  React  TS/div_homeproductabout uscontact0Local specia_fa4591")): Object: 'Object Repository/Searching1/Page_Vite  React  TS/div_homeproductabout uscontact0Local specia_fa4591' is clicked on

2023-07-12 17:00:28 - [MESSAGE][PASSED] - Object: 'Object Repository/Searching1/Page_Vite  React  TS/div_homeproductabout uscontact0Local specia_fa4591' is clicked on

2023-07-12 17:00:28 - [TEST_STEP][PASSED] - delay(5): Delayed 5 second(s)

2023-07-12 17:00:33 - [MESSAGE][PASSED] - Delayed 5 second(s)

2023-07-12 17:00:33 - [TEST_STEP][PASSED] - verifyElementText(findTestObject("Object Repository/Searching1/Page_Vite  React  TS/p_Invalid searching keyword"), "Invalid searching keyword"): Actual text and expected text of test object 'Object Repository/Searching1/Page_Vite  React  TS/p_Invalid searching keyword' are matched.

2023-07-12 17:00:34 - [MESSAGE][PASSED] - Actual text and expected text of test object 'Object Repository/Searching1/Page_Vite  React  TS/p_Invalid searching keyword' are matched.

2023-07-12 17:00:34 - [TEST_STEP][PASSED] - setText(findTestObject("Object Repository/Searching1/Page_Vite  React  TS/input_Minhhonag_chakra-input css-1pdm0hx"), "b"): Text 'b' is set on object 'Object Repository/Searching1/Page_Vite  React  TS/input_Minhhonag_chakra-input css-1pdm0hx'

2023-07-12 17:00:34 - [MESSAGE][PASSED] - Text 'b' is set on object 'Object Repository/Searching1/Page_Vite  React  TS/input_Minhhonag_chakra-input css-1pdm0hx'

2023-07-12 17:00:34 - [TEST_STEP][PASSED] - delay(5): Delayed 5 second(s)

2023-07-12 17:00:39 - [MESSAGE][PASSED] - Delayed 5 second(s)

2023-07-12 17:00:39 - [TEST_STEP][PASSED] - verifyElementText(findTestObject("Object Repository/Searching1/Page_Vite  React  TS/p_Searching keyword should be more than 1 letter"), "Searching keyword should be more than 1 letter"): Actual text and expected text of test object 'Object Repository/Searching1/Page_Vite  React  TS/p_Searching keyword should be more than 1 letter' are matched.

2023-07-12 17:00:40 - [MESSAGE][PASSED] - Actual text and expected text of test object 'Object Repository/Searching1/Page_Vite  React  TS/p_Searching keyword should be more than 1 letter' are matched.

2023-07-12 17:00:40 - [TEST_STEP][PASSED] - closeBrowser(): Browser is closed

2023-07-12 17:00:41 - [MESSAGE][PASSED] - Browser is closed]]></system-out>
         <system-err><![CDATA[]]></system-err>
      </testcase>
      <testcase name="Test Cases/LC/Product detail" time="81.776" classname="Test Cases/LC/Product detail" status="FAILED">
         <failure type="FAILED" message="Test Cases/LC/Product detail FAILED.
Reason:
com.kms.katalon.core.exception.StepFailedException: Unable to click on object 'Object Repository/productdetail/Page_Vite  React  TS/p_product'
	at com.kms.katalon.core.webui.keyword.internal.WebUIKeywordMain.stepFailed(WebUIKeywordMain.groovy:64)
	at com.kms.katalon.core.webui.keyword.internal.WebUIKeywordMain.runKeyword(WebUIKeywordMain.groovy:26)
	at com.kms.katalon.core.webui.keyword.builtin.ClickKeyword.click(ClickKeyword.groovy:74)
	at com.kms.katalon.core.webui.keyword.builtin.ClickKeyword.execute(ClickKeyword.groovy:40)
	at com.kms.katalon.core.keyword.internal.KeywordExecutor.executeKeywordForPlatform(KeywordExecutor.groovy:74)
	at com.kms.katalon.core.webui.keyword.WebUiBuiltInKeywords.click(WebUiBuiltInKeywords.groovy:620)
	at com.kms.katalon.core.webui.keyword.WebUiBuiltInKeywords$click$2.call(Unknown Source)
	at Product detail.run(Product detail:55)
	at com.kms.katalon.core.main.ScriptEngine.run(ScriptEngine.java:194)
	at com.kms.katalon.core.main.ScriptEngine.runScriptAsRawText(ScriptEngine.java:119)
	at com.kms.katalon.core.main.TestCaseExecutor.runScript(TestCaseExecutor.java:448)
	at com.kms.katalon.core.main.TestCaseExecutor.doExecute(TestCaseExecutor.java:439)
	at com.kms.katalon.core.main.TestCaseExecutor.processExecutionPhase(TestCaseExecutor.java:418)
	at com.kms.katalon.core.main.TestCaseExecutor.accessMainPhase(TestCaseExecutor.java:410)
	at com.kms.katalon.core.main.TestCaseExecutor.execute(TestCaseExecutor.java:285)
	at com.kms.katalon.core.common.CommonExecutor.accessTestCaseMainPhase(CommonExecutor.java:65)
	at com.kms.katalon.core.main.TestSuiteExecutor.accessTestSuiteMainPhase(TestSuiteExecutor.java:148)
	at com.kms.katalon.core.main.TestSuiteExecutor.execute(TestSuiteExecutor.java:106)
	at com.kms.katalon.core.main.TestCaseMain.startTestSuite(TestCaseMain.java:187)
	at com.kms.katalon.core.main.TestCaseMain$startTestSuite$0.call(Unknown Source)
	at TempTestSuite1689155919766.run(TempTestSuite1689155919766.groovy:36)
Caused by: org.openqa.selenium.ElementClickInterceptedException: element click intercepted: Element &lt;p class=&quot;chakra-text css-r547q5&quot;>...&lt;/p> is not clickable at point (1174, 54). Other element would receive the click: &lt;div data-status=&quot;success&quot; id=&quot;toast-1-description&quot; class=&quot;chakra-alert__desc css-161kwbg&quot;>...&lt;/div>
  (Session info: chrome=114.0.5735.199)
Build info: version: '3.141.59', revision: 'e82be7d358', time: '2018-11-14T08:25:53'
System info: host: 'DN-AAVN-WS-650', ip: '192.168.79.183', os.name: 'Windows 10', os.arch: 'amd64', os.version: '10.0', java.version: '1.8.0_362'
Driver info: com.kms.katalon.selenium.driver.CChromeDriver
Capabilities {acceptInsecureCerts: false, browserName: chrome, browserVersion: 114.0.5735.199, chrome: {chromedriverVersion: 113.0.5672.24 (65f30d4e8051..., userDataDir: C:\Users\htminh\AppData\Loc...}, goog:chromeOptions: {debuggerAddress: localhost:57748}, javascriptEnabled: true, networkConnectionEnabled: false, pageLoadStrategy: normal, platform: WINDOWS, platformName: WINDOWS, proxy: Proxy(), setWindowRect: true, strictFileInteractability: false, timeouts: {implicit: 0, pageLoad: 300000, script: 30000}, unhandledPromptBehavior: dismiss and notify, webauthn:extension:credBlob: true, webauthn:extension:largeBlob: true, webauthn:extension:minPinLength: true, webauthn:extension:prf: true, webauthn:virtualAuthenticators: true}
Session ID: e34de2892f3bdb988c80ad6509754dca
	at org.openqa.selenium.remote.http.W3CHttpResponseCodec.createException(W3CHttpResponseCodec.java:187)
	at org.openqa.selenium.remote.http.W3CHttpResponseCodec.decode(W3CHttpResponseCodec.java:122)
	at org.openqa.selenium.remote.http.W3CHttpResponseCodec.decode(W3CHttpResponseCodec.java:49)
	at org.openqa.selenium.remote.HttpCommandExecutor.execute(HttpCommandExecutor.java:158)
	at org.openqa.selenium.remote.service.DriverCommandExecutor.execute(DriverCommandExecutor.java:83)
	at org.openqa.selenium.remote.RemoteWebDriver.execute(RemoteWebDriver.java:552)
	at com.kms.katalon.selenium.driver.CChromeDriver.execute(CChromeDriver.java:19)
	at org.openqa.selenium.remote.RemoteWebElement.execute(RemoteWebElement.java:285)
	at org.openqa.selenium.remote.RemoteWebElement.click(RemoteWebElement.java:84)
	at org.openqa.selenium.support.events.EventFiringWebDriver$EventFiringWebElement.lambda$new$0(EventFiringWebDriver.java:404)
	at com.sun.proxy.$Proxy11.click(Unknown Source)
	at org.openqa.selenium.support.events.EventFiringWebDriver$EventFiringWebElement.click(EventFiringWebDriver.java:417)
	at org.openqa.selenium.WebElement$click.call(Unknown Source)
	at com.kms.katalon.core.webui.keyword.builtin.ClickKeyword.clickUntilSuccessWithTimeout(ClickKeyword.groovy:81)
	at com.kms.katalon.core.webui.keyword.builtin.ClickKeyword.clickUntilSuccessWithTimeout(ClickKeyword.groovy)
	at com.kms.katalon.core.webui.keyword.builtin.ClickKeyword$_click_closure1.doCall(ClickKeyword.groovy:67)
	at com.kms.katalon.core.webui.keyword.builtin.ClickKeyword$_click_closure1.call(ClickKeyword.groovy)
	at com.kms.katalon.core.webui.keyword.internal.WebUIKeywordMain.runKeyword(WebUIKeywordMain.groovy:20)
	... 19 more
"/>
         <system-out><![CDATA[2023-07-12 17:00:41 - [TEST_CASE][FAILED] - Test Cases/LC/Product detail: Test Cases/LC/Product detail FAILED.
Reason:
com.kms.katalon.core.exception.StepFailedException: Unable to click on object 'Object Repository/productdetail/Page_Vite  React  TS/p_product'
	at com.kms.katalon.core.webui.keyword.internal.WebUIKeywordMain.stepFailed(WebUIKeywordMain.groovy:64)
	at com.kms.katalon.core.webui.keyword.internal.WebUIKeywordMain.runKeyword(WebUIKeywordMain.groovy:26)
	at com.kms.katalon.core.webui.keyword.builtin.ClickKeyword.click(ClickKeyword.groovy:74)
	at com.kms.katalon.core.webui.keyword.builtin.ClickKeyword.execute(ClickKeyword.groovy:40)
	at com.kms.katalon.core.keyword.internal.KeywordExecutor.executeKeywordForPlatform(KeywordExecutor.groovy:74)
	at com.kms.katalon.core.webui.keyword.WebUiBuiltInKeywords.click(WebUiBuiltInKeywords.groovy:620)
	at com.kms.katalon.core.webui.keyword.WebUiBuiltInKeywords$click$2.call(Unknown Source)
	at Product detail.run(Product detail:55)
	at com.kms.katalon.core.main.ScriptEngine.run(ScriptEngine.java:194)
	at com.kms.katalon.core.main.ScriptEngine.runScriptAsRawText(ScriptEngine.java:119)
	at com.kms.katalon.core.main.TestCaseExecutor.runScript(TestCaseExecutor.java:448)
	at com.kms.katalon.core.main.TestCaseExecutor.doExecute(TestCaseExecutor.java:439)
	at com.kms.katalon.core.main.TestCaseExecutor.processExecutionPhase(TestCaseExecutor.java:418)
	at com.kms.katalon.core.main.TestCaseExecutor.accessMainPhase(TestCaseExecutor.java:410)
	at com.kms.katalon.core.main.TestCaseExecutor.execute(TestCaseExecutor.java:285)
	at com.kms.katalon.core.common.CommonExecutor.accessTestCaseMainPhase(CommonExecutor.java:65)
	at com.kms.katalon.core.main.TestSuiteExecutor.accessTestSuiteMainPhase(TestSuiteExecutor.java:148)
	at com.kms.katalon.core.main.TestSuiteExecutor.execute(TestSuiteExecutor.java:106)
	at com.kms.katalon.core.main.TestCaseMain.startTestSuite(TestCaseMain.java:187)
	at com.kms.katalon.core.main.TestCaseMain$startTestSuite$0.call(Unknown Source)
	at TempTestSuite1689155919766.run(TempTestSuite1689155919766.groovy:36)
Caused by: org.openqa.selenium.ElementClickInterceptedException: element click intercepted: Element <p class="chakra-text css-r547q5">...</p> is not clickable at point (1174, 54). Other element would receive the click: <div data-status="success" id="toast-1-description" class="chakra-alert__desc css-161kwbg">...</div>
  (Session info: chrome=114.0.5735.199)
Build info: version: '3.141.59', revision: 'e82be7d358', time: '2018-11-14T08:25:53'
System info: host: 'DN-AAVN-WS-650', ip: '192.168.79.183', os.name: 'Windows 10', os.arch: 'amd64', os.version: '10.0', java.version: '1.8.0_362'
Driver info: com.kms.katalon.selenium.driver.CChromeDriver
Capabilities {acceptInsecureCerts: false, browserName: chrome, browserVersion: 114.0.5735.199, chrome: {chromedriverVersion: 113.0.5672.24 (65f30d4e8051..., userDataDir: C:\Users\htminh\AppData\Loc...}, goog:chromeOptions: {debuggerAddress: localhost:57748}, javascriptEnabled: true, networkConnectionEnabled: false, pageLoadStrategy: normal, platform: WINDOWS, platformName: WINDOWS, proxy: Proxy(), setWindowRect: true, strictFileInteractability: false, timeouts: {implicit: 0, pageLoad: 300000, script: 30000}, unhandledPromptBehavior: dismiss and notify, webauthn:extension:credBlob: true, webauthn:extension:largeBlob: true, webauthn:extension:minPinLength: true, webauthn:extension:prf: true, webauthn:virtualAuthenticators: true}
Session ID: e34de2892f3bdb988c80ad6509754dca
	at org.openqa.selenium.remote.http.W3CHttpResponseCodec.createException(W3CHttpResponseCodec.java:187)
	at org.openqa.selenium.remote.http.W3CHttpResponseCodec.decode(W3CHttpResponseCodec.java:122)
	at org.openqa.selenium.remote.http.W3CHttpResponseCodec.decode(W3CHttpResponseCodec.java:49)
	at org.openqa.selenium.remote.HttpCommandExecutor.execute(HttpCommandExecutor.java:158)
	at org.openqa.selenium.remote.service.DriverCommandExecutor.execute(DriverCommandExecutor.java:83)
	at org.openqa.selenium.remote.RemoteWebDriver.execute(RemoteWebDriver.java:552)
	at com.kms.katalon.selenium.driver.CChromeDriver.execute(CChromeDriver.java:19)
	at org.openqa.selenium.remote.RemoteWebElement.execute(RemoteWebElement.java:285)
	at org.openqa.selenium.remote.RemoteWebElement.click(RemoteWebElement.java:84)
	at org.openqa.selenium.support.events.EventFiringWebDriver$EventFiringWebElement.lambda$new$0(EventFiringWebDriver.java:404)
	at com.sun.proxy.$Proxy11.click(Unknown Source)
	at org.openqa.selenium.support.events.EventFiringWebDriver$EventFiringWebElement.click(EventFiringWebDriver.java:417)
	at org.openqa.selenium.WebElement$click.call(Unknown Source)
	at com.kms.katalon.core.webui.keyword.builtin.ClickKeyword.clickUntilSuccessWithTimeout(ClickKeyword.groovy:81)
	at com.kms.katalon.core.webui.keyword.builtin.ClickKeyword.clickUntilSuccessWithTimeout(ClickKeyword.groovy)
	at com.kms.katalon.core.webui.keyword.builtin.ClickKeyword$_click_closure1.doCall(ClickKeyword.groovy:67)
	at com.kms.katalon.core.webui.keyword.builtin.ClickKeyword$_click_closure1.call(ClickKeyword.groovy)
	at com.kms.katalon.core.webui.keyword.internal.WebUIKeywordMain.runKeyword(WebUIKeywordMain.groovy:20)
	... 19 more


2023-07-12 17:00:41 - [TEST_STEP][PASSED] - openBrowser(""): Browser is opened with url: ''

2023-07-12 17:00:41 - [MESSAGE][INFO] - Starting 'Chrome' driver

2023-07-12 17:00:41 - [MESSAGE][INFO] - Action delay is set to 0 milliseconds

2023-07-12 17:00:43 - [MESSAGE][PASSED] - Browser is opened with url: ''

2023-07-12 17:00:43 - [TEST_STEP][PASSED] - navigateToUrl("http://localhost:5173/"): Navigate to 'http://localhost:5173/' successfully

2023-07-12 17:00:44 - [MESSAGE][PASSED] - Navigate to 'http://localhost:5173/' successfully

2023-07-12 17:00:44 - [TEST_STEP][PASSED] - maximizeWindow(): Current window maximized

2023-07-12 17:00:44 - [MESSAGE][PASSED] - Current window maximized

2023-07-12 17:00:44 - [TEST_STEP][PASSED] - click(findTestObject("Object Repository/productdetail/Page_Vite  React  TS/p_product")): Object: 'Object Repository/productdetail/Page_Vite  React  TS/p_product' is clicked on

2023-07-12 17:00:44 - [MESSAGE][PASSED] - Object: 'Object Repository/productdetail/Page_Vite  React  TS/p_product' is clicked on

2023-07-12 17:00:44 - [TEST_STEP][PASSED] - click(findTestObject("Object Repository/productdetail/Page_Vite  React  TS/button_22")): Object: 'Object Repository/productdetail/Page_Vite  React  TS/button_22' is clicked on

2023-07-12 17:00:50 - [MESSAGE][PASSED] - Object: 'Object Repository/productdetail/Page_Vite  React  TS/button_22' is clicked on

2023-07-12 17:00:50 - [TEST_STEP][PASSED] - click(findTestObject("Object Repository/productdetail/Page_Vite  React  TS/img_d_chakra-image css-lxd7e7")): Object: 'Object Repository/productdetail/Page_Vite  React  TS/img_d_chakra-image css-lxd7e7' is clicked on

2023-07-12 17:00:55 - [MESSAGE][PASSED] - Object: 'Object Repository/productdetail/Page_Vite  React  TS/img_d_chakra-image css-lxd7e7' is clicked on

2023-07-12 17:00:55 - [TEST_STEP][PASSED] - click(findTestObject("Object Repository/productdetail/Page_Vite  React  TS/div_Add to cart_swiper-button-next")): Object: 'Object Repository/productdetail/Page_Vite  React  TS/div_Add to cart_swiper-button-next' is clicked on

2023-07-12 17:01:01 - [MESSAGE][PASSED] - Object: 'Object Repository/productdetail/Page_Vite  React  TS/div_Add to cart_swiper-button-next' is clicked on

2023-07-12 17:01:01 - [TEST_STEP][PASSED] - click(findTestObject("Object Repository/productdetail/Page_Vite  React  TS/div_Add to cart_swiper-button-next")): Object: 'Object Repository/productdetail/Page_Vite  React  TS/div_Add to cart_swiper-button-next' is clicked on

2023-07-12 17:01:03 - [MESSAGE][PASSED] - Object: 'Object Repository/productdetail/Page_Vite  React  TS/div_Add to cart_swiper-button-next' is clicked on

2023-07-12 17:01:03 - [TEST_STEP][PASSED] - doubleClick(findTestObject("Object Repository/productdetail/Page_Vite  React  TS/div_Add to cart_swiper-button-next")): Object: 'Object Repository/productdetail/Page_Vite  React  TS/div_Add to cart_swiper-button-next' is double clicked on

2023-07-12 17:01:06 - [MESSAGE][PASSED] - Object: 'Object Repository/productdetail/Page_Vite  React  TS/div_Add to cart_swiper-button-next' is double clicked on

2023-07-12 17:01:06 - [TEST_STEP][PASSED] - click(findTestObject("Object Repository/productdetail/Page_Vite  React  TS/div_Add to cart_swiper-button-next")): Object: 'Object Repository/productdetail/Page_Vite  React  TS/div_Add to cart_swiper-button-next' is clicked on

2023-07-12 17:01:08 - [MESSAGE][PASSED] - Object: 'Object Repository/productdetail/Page_Vite  React  TS/div_Add to cart_swiper-button-next' is clicked on

2023-07-12 17:01:08 - [TEST_STEP][PASSED] - click(findTestObject("Object Repository/productdetail/Page_Vite  React  TS/button_Add to cart")): Object: 'Object Repository/productdetail/Page_Vite  React  TS/button_Add to cart' is clicked on

2023-07-12 17:01:10 - [MESSAGE][PASSED] - Object: 'Object Repository/productdetail/Page_Vite  React  TS/button_Add to cart' is clicked on

2023-07-12 17:01:10 - [TEST_STEP][PASSED] - verifyElementPresent(findTestObject("Object Repository/productdetail/Page_Vite  React  TS/div_You item already in shopping cart"), 0): Object 'Object Repository/productdetail/Page_Vite  React  TS/div_You item already in shopping cart' is present

2023-07-12 17:01:10 - [MESSAGE][WARNING] - Timeout '0' is invalid. Using default page load timeout: '30'

2023-07-12 17:01:12 - [MESSAGE][PASSED] - Object 'Object Repository/productdetail/Page_Vite  React  TS/div_You item already in shopping cart' is present

2023-07-12 17:01:12 - [TEST_STEP][PASSED] - verifyElementPresent(findTestObject("Object Repository/productdetail/Page_Vite  React  TS/div_Successfully"), 0): Object 'Object Repository/productdetail/Page_Vite  React  TS/div_Successfully' is present

2023-07-12 17:01:12 - [MESSAGE][WARNING] - Timeout '0' is invalid. Using default page load timeout: '30'

2023-07-12 17:01:14 - [MESSAGE][PASSED] - Object 'Object Repository/productdetail/Page_Vite  React  TS/div_Successfully' is present

2023-07-12 17:01:14 - [TEST_STEP][PASSED] - setText(findTestObject("productdetail/Page_Vite  React  TS/input_Add to cart_chakra-input css-108b1as"), "1345678"): Text '1345678' is set on object 'Object Repository/productdetail/Page_Vite  React  TS/input_Add to cart_chakra-input css-108b1as'

2023-07-12 17:01:18 - [MESSAGE][PASSED] - Text '1345678' is set on object 'Object Repository/productdetail/Page_Vite  React  TS/input_Add to cart_chakra-input css-108b1as'

2023-07-12 17:01:18 - [TEST_STEP][PASSED] - click(findTestObject("Object Repository/productdetail/Page_Vite  React  TS/button_Buy now")): Object: 'Object Repository/productdetail/Page_Vite  React  TS/button_Buy now' is clicked on

2023-07-12 17:01:20 - [MESSAGE][PASSED] - Object: 'Object Repository/productdetail/Page_Vite  React  TS/button_Buy now' is clicked on

2023-07-12 17:01:20 - [TEST_STEP][PASSED] - click(findTestObject("Object Repository/productdetail/Page_Vite  React  TS/a_Gi ch bnh 29")): Object: 'Object Repository/productdetail/Page_Vite  React  TS/a_Gi ch bnh 29' is clicked on

2023-07-12 17:01:22 - [MESSAGE][PASSED] - Object: 'Object Repository/productdetail/Page_Vite  React  TS/a_Gi ch bnh 29' is clicked on

2023-07-12 17:01:22 - [TEST_STEP][PASSED] - click(findTestObject("Object Repository/productdetail/Page_Vite  React  TS/button_Reviews")): Object: 'Object Repository/productdetail/Page_Vite  React  TS/button_Reviews' is clicked on

2023-07-12 17:01:27 - [MESSAGE][PASSED] - Object: 'Object Repository/productdetail/Page_Vite  React  TS/button_Reviews' is clicked on

2023-07-12 17:01:27 - [TEST_STEP][FAILED] - click(findTestObject("Object Repository/productdetail/Page_Vite  React  TS/p_product")): Unable to click on object 'Object Repository/productdetail/Page_Vite  React  TS/p_product' (Root cause: com.kms.katalon.core.exception.StepFailedException: Unable to click on object 'Object Repository/productdetail/Page_Vite  React  TS/p_product'
	at com.kms.katalon.core.webui.keyword.internal.WebUIKeywordMain.stepFailed(WebUIKeywordMain.groovy:64)
	at com.kms.katalon.core.webui.keyword.internal.WebUIKeywordMain.runKeyword(WebUIKeywordMain.groovy:26)
	at com.kms.katalon.core.webui.keyword.builtin.ClickKeyword.click(ClickKeyword.groovy:74)
	at com.kms.katalon.core.webui.keyword.builtin.ClickKeyword.execute(ClickKeyword.groovy:40)
	at com.kms.katalon.core.keyword.internal.KeywordExecutor.executeKeywordForPlatform(KeywordExecutor.groovy:74)
	at com.kms.katalon.core.webui.keyword.WebUiBuiltInKeywords.click(WebUiBuiltInKeywords.groovy:620)
	at com.kms.katalon.core.webui.keyword.WebUiBuiltInKeywords$click$2.call(Unknown Source)
	at Product detail.run(Product detail:55)
	at com.kms.katalon.core.main.ScriptEngine.run(ScriptEngine.java:194)
	at com.kms.katalon.core.main.ScriptEngine.runScriptAsRawText(ScriptEngine.java:119)
	at com.kms.katalon.core.main.TestCaseExecutor.runScript(TestCaseExecutor.java:448)
	at com.kms.katalon.core.main.TestCaseExecutor.doExecute(TestCaseExecutor.java:439)
	at com.kms.katalon.core.main.TestCaseExecutor.processExecutionPhase(TestCaseExecutor.java:418)
	at com.kms.katalon.core.main.TestCaseExecutor.accessMainPhase(TestCaseExecutor.java:410)
	at com.kms.katalon.core.main.TestCaseExecutor.execute(TestCaseExecutor.java:285)
	at com.kms.katalon.core.common.CommonExecutor.accessTestCaseMainPhase(CommonExecutor.java:65)
	at com.kms.katalon.core.main.TestSuiteExecutor.accessTestSuiteMainPhase(TestSuiteExecutor.java:148)
	at com.kms.katalon.core.main.TestSuiteExecutor.execute(TestSuiteExecutor.java:106)
	at com.kms.katalon.core.main.TestCaseMain.startTestSuite(TestCaseMain.java:187)
	at com.kms.katalon.core.main.TestCaseMain$startTestSuite$0.call(Unknown Source)
	at TempTestSuite1689155919766.run(TempTestSuite1689155919766.groovy:36)
Caused by: org.openqa.selenium.ElementClickInterceptedException: element click intercepted: Element <p class="chakra-text css-r547q5">...</p> is not clickable at point (1174, 54). Other element would receive the click: <div data-status="success" id="toast-1-description" class="chakra-alert__desc css-161kwbg">...</div>
  (Session info: chrome=114.0.5735.199)
Build info: version: '3.141.59', revision: 'e82be7d358', time: '2018-11-14T08:25:53'
System info: host: 'DN-AAVN-WS-650', ip: '192.168.79.183', os.name: 'Windows 10', os.arch: 'amd64', os.version: '10.0', java.version: '1.8.0_362'
Driver info: com.kms.katalon.selenium.driver.CChromeDriver
Capabilities {acceptInsecureCerts: false, browserName: chrome, browserVersion: 114.0.5735.199, chrome: {chromedriverVersion: 113.0.5672.24 (65f30d4e8051..., userDataDir: C:\Users\htminh\AppData\Loc...}, goog:chromeOptions: {debuggerAddress: localhost:57748}, javascriptEnabled: true, networkConnectionEnabled: false, pageLoadStrategy: normal, platform: WINDOWS, platformName: WINDOWS, proxy: Proxy(), setWindowRect: true, strictFileInteractability: false, timeouts: {implicit: 0, pageLoad: 300000, script: 30000}, unhandledPromptBehavior: dismiss and notify, webauthn:extension:credBlob: true, webauthn:extension:largeBlob: true, webauthn:extension:minPinLength: true, webauthn:extension:prf: true, webauthn:virtualAuthenticators: true}
Session ID: e34de2892f3bdb988c80ad6509754dca
	at org.openqa.selenium.remote.http.W3CHttpResponseCodec.createException(W3CHttpResponseCodec.java:187)
	at org.openqa.selenium.remote.http.W3CHttpResponseCodec.decode(W3CHttpResponseCodec.java:122)
	at org.openqa.selenium.remote.http.W3CHttpResponseCodec.decode(W3CHttpResponseCodec.java:49)
	at org.openqa.selenium.remote.HttpCommandExecutor.execute(HttpCommandExecutor.java:158)
	at org.openqa.selenium.remote.service.DriverCommandExecutor.execute(DriverCommandExecutor.java:83)
	at org.openqa.selenium.remote.RemoteWebDriver.execute(RemoteWebDriver.java:552)
	at com.kms.katalon.selenium.driver.CChromeDriver.execute(CChromeDriver.java:19)
	at org.openqa.selenium.remote.RemoteWebElement.execute(RemoteWebElement.java:285)
	at org.openqa.selenium.remote.RemoteWebElement.click(RemoteWebElement.java:84)
	at org.openqa.selenium.support.events.EventFiringWebDriver$EventFiringWebElement.lambda$new$0(EventFiringWebDriver.java:404)
	at com.sun.proxy.$Proxy11.click(Unknown Source)
	at org.openqa.selenium.support.events.EventFiringWebDriver$EventFiringWebElement.click(EventFiringWebDriver.java:417)
	at org.openqa.selenium.WebElement$click.call(Unknown Source)
	at com.kms.katalon.core.webui.keyword.builtin.ClickKeyword.clickUntilSuccessWithTimeout(ClickKeyword.groovy:81)
	at com.kms.katalon.core.webui.keyword.builtin.ClickKeyword.clickUntilSuccessWithTimeout(ClickKeyword.groovy)
	at com.kms.katalon.core.webui.keyword.builtin.ClickKeyword$_click_closure1.doCall(ClickKeyword.groovy:67)
	at com.kms.katalon.core.webui.keyword.builtin.ClickKeyword$_click_closure1.call(ClickKeyword.groovy)
	at com.kms.katalon.core.webui.keyword.internal.WebUIKeywordMain.runKeyword(WebUIKeywordMain.groovy:20)
	at com.kms.katalon.core.webui.keyword.builtin.ClickKeyword.click(ClickKeyword.groovy:74)
	at com.kms.katalon.core.webui.keyword.builtin.ClickKeyword.execute(ClickKeyword.groovy:40)
	at com.kms.katalon.core.keyword.internal.KeywordExecutor.executeKeywordForPlatform(KeywordExecutor.groovy:74)
	at com.kms.katalon.core.webui.keyword.WebUiBuiltInKeywords.click(WebUiBuiltInKeywords.groovy:620)
	at com.kms.katalon.core.webui.keyword.WebUiBuiltInKeywords$click$2.call(Unknown Source)
	at Script1689154368245.run(Script1689154368245.groovy:55)
	... 13 more
)

2023-07-12 17:02:02 - [MESSAGE][FAILED] - Unable to click on object 'Object Repository/productdetail/Page_Vite  React  TS/p_product' (Root cause: com.kms.katalon.core.exception.StepFailedException: Unable to click on object 'Object Repository/productdetail/Page_Vite  React  TS/p_product'
	at com.kms.katalon.core.webui.keyword.internal.WebUIKeywordMain.stepFailed(WebUIKeywordMain.groovy:64)
	at com.kms.katalon.core.webui.keyword.internal.WebUIKeywordMain.runKeyword(WebUIKeywordMain.groovy:26)
	at com.kms.katalon.core.webui.keyword.builtin.ClickKeyword.click(ClickKeyword.groovy:74)
	at com.kms.katalon.core.webui.keyword.builtin.ClickKeyword.execute(ClickKeyword.groovy:40)
	at com.kms.katalon.core.keyword.internal.KeywordExecutor.executeKeywordForPlatform(KeywordExecutor.groovy:74)
	at com.kms.katalon.core.webui.keyword.WebUiBuiltInKeywords.click(WebUiBuiltInKeywords.groovy:620)
	at com.kms.katalon.core.webui.keyword.WebUiBuiltInKeywords$click$2.call(Unknown Source)
	at Product detail.run(Product detail:55)
	at com.kms.katalon.core.main.ScriptEngine.run(ScriptEngine.java:194)
	at com.kms.katalon.core.main.ScriptEngine.runScriptAsRawText(ScriptEngine.java:119)
	at com.kms.katalon.core.main.TestCaseExecutor.runScript(TestCaseExecutor.java:448)
	at com.kms.katalon.core.main.TestCaseExecutor.doExecute(TestCaseExecutor.java:439)
	at com.kms.katalon.core.main.TestCaseExecutor.processExecutionPhase(TestCaseExecutor.java:418)
	at com.kms.katalon.core.main.TestCaseExecutor.accessMainPhase(TestCaseExecutor.java:410)
	at com.kms.katalon.core.main.TestCaseExecutor.execute(TestCaseExecutor.java:285)
	at com.kms.katalon.core.common.CommonExecutor.accessTestCaseMainPhase(CommonExecutor.java:65)
	at com.kms.katalon.core.main.TestSuiteExecutor.accessTestSuiteMainPhase(TestSuiteExecutor.java:148)
	at com.kms.katalon.core.main.TestSuiteExecutor.execute(TestSuiteExecutor.java:106)
	at com.kms.katalon.core.main.TestCaseMain.startTestSuite(TestCaseMain.java:187)
	at com.kms.katalon.core.main.TestCaseMain$startTestSuite$0.call(Unknown Source)
	at TempTestSuite1689155919766.run(TempTestSuite1689155919766.groovy:36)
Caused by: org.openqa.selenium.ElementClickInterceptedException: element click intercepted: Element <p class="chakra-text css-r547q5">...</p> is not clickable at point (1174, 54). Other element would receive the click: <div data-status="success" id="toast-1-description" class="chakra-alert__desc css-161kwbg">...</div>
  (Session info: chrome=114.0.5735.199)
Build info: version: '3.141.59', revision: 'e82be7d358', time: '2018-11-14T08:25:53'
System info: host: 'DN-AAVN-WS-650', ip: '192.168.79.183', os.name: 'Windows 10', os.arch: 'amd64', os.version: '10.0', java.version: '1.8.0_362'
Driver info: com.kms.katalon.selenium.driver.CChromeDriver
Capabilities {acceptInsecureCerts: false, browserName: chrome, browserVersion: 114.0.5735.199, chrome: {chromedriverVersion: 113.0.5672.24 (65f30d4e8051..., userDataDir: C:\Users\htminh\AppData\Loc...}, goog:chromeOptions: {debuggerAddress: localhost:57748}, javascriptEnabled: true, networkConnectionEnabled: false, pageLoadStrategy: normal, platform: WINDOWS, platformName: WINDOWS, proxy: Proxy(), setWindowRect: true, strictFileInteractability: false, timeouts: {implicit: 0, pageLoad: 300000, script: 30000}, unhandledPromptBehavior: dismiss and notify, webauthn:extension:credBlob: true, webauthn:extension:largeBlob: true, webauthn:extension:minPinLength: true, webauthn:extension:prf: true, webauthn:virtualAuthenticators: true}
Session ID: e34de2892f3bdb988c80ad6509754dca
	at org.openqa.selenium.remote.http.W3CHttpResponseCodec.createException(W3CHttpResponseCodec.java:187)
	at org.openqa.selenium.remote.http.W3CHttpResponseCodec.decode(W3CHttpResponseCodec.java:122)
	at org.openqa.selenium.remote.http.W3CHttpResponseCodec.decode(W3CHttpResponseCodec.java:49)
	at org.openqa.selenium.remote.HttpCommandExecutor.execute(HttpCommandExecutor.java:158)
	at org.openqa.selenium.remote.service.DriverCommandExecutor.execute(DriverCommandExecutor.java:83)
	at org.openqa.selenium.remote.RemoteWebDriver.execute(RemoteWebDriver.java:552)
	at com.kms.katalon.selenium.driver.CChromeDriver.execute(CChromeDriver.java:19)
	at org.openqa.selenium.remote.RemoteWebElement.execute(RemoteWebElement.java:285)
	at org.openqa.selenium.remote.RemoteWebElement.click(RemoteWebElement.java:84)
	at org.openqa.selenium.support.events.EventFiringWebDriver$EventFiringWebElement.lambda$new$0(EventFiringWebDriver.java:404)
	at com.sun.proxy.$Proxy11.click(Unknown Source)
	at org.openqa.selenium.support.events.EventFiringWebDriver$EventFiringWebElement.click(EventFiringWebDriver.java:417)
	at org.openqa.selenium.WebElement$click.call(Unknown Source)
	at com.kms.katalon.core.webui.keyword.builtin.ClickKeyword.clickUntilSuccessWithTimeout(ClickKeyword.groovy:81)
	at com.kms.katalon.core.webui.keyword.builtin.ClickKeyword.clickUntilSuccessWithTimeout(ClickKeyword.groovy)
	at com.kms.katalon.core.webui.keyword.builtin.ClickKeyword$_click_closure1.doCall(ClickKeyword.groovy:67)
	at com.kms.katalon.core.webui.keyword.builtin.ClickKeyword$_click_closure1.call(ClickKeyword.groovy)
	at com.kms.katalon.core.webui.keyword.internal.WebUIKeywordMain.runKeyword(WebUIKeywordMain.groovy:20)
	at com.kms.katalon.core.webui.keyword.builtin.ClickKeyword.click(ClickKeyword.groovy:74)
	at com.kms.katalon.core.webui.keyword.builtin.ClickKeyword.execute(ClickKeyword.groovy:40)
	at com.kms.katalon.core.keyword.internal.KeywordExecutor.executeKeywordForPlatform(KeywordExecutor.groovy:74)
	at com.kms.katalon.core.webui.keyword.WebUiBuiltInKeywords.click(WebUiBuiltInKeywords.groovy:620)
	at com.kms.katalon.core.webui.keyword.WebUiBuiltInKeywords$click$2.call(Unknown Source)
	at Script1689154368245.run(Script1689154368245.groovy:55)
	... 13 more
)
[[ATTACHMENT|C:\\Users\\htminh\\git\\test3\\Reports\\20230712_165839\\LC\\20230712_165839\\1689156122348.png]]]]></system-out>
         <system-err><![CDATA[2023-07-12 17:00:41 - [TEST_CASE][FAILED] - Test Cases/LC/Product detail: Test Cases/LC/Product detail FAILED.
Reason:
com.kms.katalon.core.exception.StepFailedException: Unable to click on object 'Object Repository/productdetail/Page_Vite  React  TS/p_product'
	at com.kms.katalon.core.webui.keyword.internal.WebUIKeywordMain.stepFailed(WebUIKeywordMain.groovy:64)
	at com.kms.katalon.core.webui.keyword.internal.WebUIKeywordMain.runKeyword(WebUIKeywordMain.groovy:26)
	at com.kms.katalon.core.webui.keyword.builtin.ClickKeyword.click(ClickKeyword.groovy:74)
	at com.kms.katalon.core.webui.keyword.builtin.ClickKeyword.execute(ClickKeyword.groovy:40)
	at com.kms.katalon.core.keyword.internal.KeywordExecutor.executeKeywordForPlatform(KeywordExecutor.groovy:74)
	at com.kms.katalon.core.webui.keyword.WebUiBuiltInKeywords.click(WebUiBuiltInKeywords.groovy:620)
	at com.kms.katalon.core.webui.keyword.WebUiBuiltInKeywords$click$2.call(Unknown Source)
	at Product detail.run(Product detail:55)
	at com.kms.katalon.core.main.ScriptEngine.run(ScriptEngine.java:194)
	at com.kms.katalon.core.main.ScriptEngine.runScriptAsRawText(ScriptEngine.java:119)
	at com.kms.katalon.core.main.TestCaseExecutor.runScript(TestCaseExecutor.java:448)
	at com.kms.katalon.core.main.TestCaseExecutor.doExecute(TestCaseExecutor.java:439)
	at com.kms.katalon.core.main.TestCaseExecutor.processExecutionPhase(TestCaseExecutor.java:418)
	at com.kms.katalon.core.main.TestCaseExecutor.accessMainPhase(TestCaseExecutor.java:410)
	at com.kms.katalon.core.main.TestCaseExecutor.execute(TestCaseExecutor.java:285)
	at com.kms.katalon.core.common.CommonExecutor.accessTestCaseMainPhase(CommonExecutor.java:65)
	at com.kms.katalon.core.main.TestSuiteExecutor.accessTestSuiteMainPhase(TestSuiteExecutor.java:148)
	at com.kms.katalon.core.main.TestSuiteExecutor.execute(TestSuiteExecutor.java:106)
	at com.kms.katalon.core.main.TestCaseMain.startTestSuite(TestCaseMain.java:187)
	at com.kms.katalon.core.main.TestCaseMain$startTestSuite$0.call(Unknown Source)
	at TempTestSuite1689155919766.run(TempTestSuite1689155919766.groovy:36)
Caused by: org.openqa.selenium.ElementClickInterceptedException: element click intercepted: Element <p class="chakra-text css-r547q5">...</p> is not clickable at point (1174, 54). Other element would receive the click: <div data-status="success" id="toast-1-description" class="chakra-alert__desc css-161kwbg">...</div>
  (Session info: chrome=114.0.5735.199)
Build info: version: '3.141.59', revision: 'e82be7d358', time: '2018-11-14T08:25:53'
System info: host: 'DN-AAVN-WS-650', ip: '192.168.79.183', os.name: 'Windows 10', os.arch: 'amd64', os.version: '10.0', java.version: '1.8.0_362'
Driver info: com.kms.katalon.selenium.driver.CChromeDriver
Capabilities {acceptInsecureCerts: false, browserName: chrome, browserVersion: 114.0.5735.199, chrome: {chromedriverVersion: 113.0.5672.24 (65f30d4e8051..., userDataDir: C:\Users\htminh\AppData\Loc...}, goog:chromeOptions: {debuggerAddress: localhost:57748}, javascriptEnabled: true, networkConnectionEnabled: false, pageLoadStrategy: normal, platform: WINDOWS, platformName: WINDOWS, proxy: Proxy(), setWindowRect: true, strictFileInteractability: false, timeouts: {implicit: 0, pageLoad: 300000, script: 30000}, unhandledPromptBehavior: dismiss and notify, webauthn:extension:credBlob: true, webauthn:extension:largeBlob: true, webauthn:extension:minPinLength: true, webauthn:extension:prf: true, webauthn:virtualAuthenticators: true}
Session ID: e34de2892f3bdb988c80ad6509754dca
	at org.openqa.selenium.remote.http.W3CHttpResponseCodec.createException(W3CHttpResponseCodec.java:187)
	at org.openqa.selenium.remote.http.W3CHttpResponseCodec.decode(W3CHttpResponseCodec.java:122)
	at org.openqa.selenium.remote.http.W3CHttpResponseCodec.decode(W3CHttpResponseCodec.java:49)
	at org.openqa.selenium.remote.HttpCommandExecutor.execute(HttpCommandExecutor.java:158)
	at org.openqa.selenium.remote.service.DriverCommandExecutor.execute(DriverCommandExecutor.java:83)
	at org.openqa.selenium.remote.RemoteWebDriver.execute(RemoteWebDriver.java:552)
	at com.kms.katalon.selenium.driver.CChromeDriver.execute(CChromeDriver.java:19)
	at org.openqa.selenium.remote.RemoteWebElement.execute(RemoteWebElement.java:285)
	at org.openqa.selenium.remote.RemoteWebElement.click(RemoteWebElement.java:84)
	at org.openqa.selenium.support.events.EventFiringWebDriver$EventFiringWebElement.lambda$new$0(EventFiringWebDriver.java:404)
	at com.sun.proxy.$Proxy11.click(Unknown Source)
	at org.openqa.selenium.support.events.EventFiringWebDriver$EventFiringWebElement.click(EventFiringWebDriver.java:417)
	at org.openqa.selenium.WebElement$click.call(Unknown Source)
	at com.kms.katalon.core.webui.keyword.builtin.ClickKeyword.clickUntilSuccessWithTimeout(ClickKeyword.groovy:81)
	at com.kms.katalon.core.webui.keyword.builtin.ClickKeyword.clickUntilSuccessWithTimeout(ClickKeyword.groovy)
	at com.kms.katalon.core.webui.keyword.builtin.ClickKeyword$_click_closure1.doCall(ClickKeyword.groovy:67)
	at com.kms.katalon.core.webui.keyword.builtin.ClickKeyword$_click_closure1.call(ClickKeyword.groovy)
	at com.kms.katalon.core.webui.keyword.internal.WebUIKeywordMain.runKeyword(WebUIKeywordMain.groovy:20)
	... 19 more]]></system-err>
      </testcase>
      <system-out><![CDATA[2023-07-12 16:58:48 - [TEST_SUITE][FAILED] - LC: Test Cases/LC/Product detail FAILED.
Reason:
com.kms.katalon.core.exception.StepFailedException: Unable to click on object 'Object Repository/productdetail/Page_Vite  React  TS/p_product'
	at com.kms.katalon.core.webui.keyword.internal.WebUIKeywordMain.stepFailed(WebUIKeywordMain.groovy:64)
	at com.kms.katalon.core.webui.keyword.internal.WebUIKeywordMain.runKeyword(WebUIKeywordMain.groovy:26)
	at com.kms.katalon.core.webui.keyword.builtin.ClickKeyword.click(ClickKeyword.groovy:74)
	at com.kms.katalon.core.webui.keyword.builtin.ClickKeyword.execute(ClickKeyword.groovy:40)
	at com.kms.katalon.core.keyword.internal.KeywordExecutor.executeKeywordForPlatform(KeywordExecutor.groovy:74)
	at com.kms.katalon.core.webui.keyword.WebUiBuiltInKeywords.click(WebUiBuiltInKeywords.groovy:620)
	at com.kms.katalon.core.webui.keyword.WebUiBuiltInKeywords$click$2.call(Unknown Source)
	at Product detail.run(Product detail:55)
	at com.kms.katalon.core.main.ScriptEngine.run(ScriptEngine.java:194)
	at com.kms.katalon.core.main.ScriptEngine.runScriptAsRawText(ScriptEngine.java:119)
	at com.kms.katalon.core.main.TestCaseExecutor.runScript(TestCaseExecutor.java:448)
	at com.kms.katalon.core.main.TestCaseExecutor.doExecute(TestCaseExecutor.java:439)
	at com.kms.katalon.core.main.TestCaseExecutor.processExecutionPhase(TestCaseExecutor.java:418)
	at com.kms.katalon.core.main.TestCaseExecutor.accessMainPhase(TestCaseExecutor.java:410)
	at com.kms.katalon.core.main.TestCaseExecutor.execute(TestCaseExecutor.java:285)
	at com.kms.katalon.core.common.CommonExecutor.accessTestCaseMainPhase(CommonExecutor.java:65)
	at com.kms.katalon.core.main.TestSuiteExecutor.accessTestSuiteMainPhase(TestSuiteExecutor.java:148)
	at com.kms.katalon.core.main.TestSuiteExecutor.execute(TestSuiteExecutor.java:106)
	at com.kms.katalon.core.main.TestCaseMain.startTestSuite(TestCaseMain.java:187)
	at com.kms.katalon.core.main.TestCaseMain$startTestSuite$0.call(Unknown Source)
	at TempTestSuite1689155919766.run(TempTestSuite1689155919766.groovy:36)
Caused by: org.openqa.selenium.ElementClickInterceptedException: element click intercepted: Element <p class="chakra-text css-r547q5">...</p> is not clickable at point (1174, 54). Other element would receive the click: <div data-status="success" id="toast-1-description" class="chakra-alert__desc css-161kwbg">...</div>
  (Session info: chrome=114.0.5735.199)
Build info: version: '3.141.59', revision: 'e82be7d358', time: '2018-11-14T08:25:53'
System info: host: 'DN-AAVN-WS-650', ip: '192.168.79.183', os.name: 'Windows 10', os.arch: 'amd64', os.version: '10.0', java.version: '1.8.0_362'
Driver info: com.kms.katalon.selenium.driver.CChromeDriver
Capabilities {acceptInsecureCerts: false, browserName: chrome, browserVersion: 114.0.5735.199, chrome: {chromedriverVersion: 113.0.5672.24 (65f30d4e8051..., userDataDir: C:\Users\htminh\AppData\Loc...}, goog:chromeOptions: {debuggerAddress: localhost:57748}, javascriptEnabled: true, networkConnectionEnabled: false, pageLoadStrategy: normal, platform: WINDOWS, platformName: WINDOWS, proxy: Proxy(), setWindowRect: true, strictFileInteractability: false, timeouts: {implicit: 0, pageLoad: 300000, script: 30000}, unhandledPromptBehavior: dismiss and notify, webauthn:extension:credBlob: true, webauthn:extension:largeBlob: true, webauthn:extension:minPinLength: true, webauthn:extension:prf: true, webauthn:virtualAuthenticators: true}
Session ID: e34de2892f3bdb988c80ad6509754dca
	at org.openqa.selenium.remote.http.W3CHttpResponseCodec.createException(W3CHttpResponseCodec.java:187)
	at org.openqa.selenium.remote.http.W3CHttpResponseCodec.decode(W3CHttpResponseCodec.java:122)
	at org.openqa.selenium.remote.http.W3CHttpResponseCodec.decode(W3CHttpResponseCodec.java:49)
	at org.openqa.selenium.remote.HttpCommandExecutor.execute(HttpCommandExecutor.java:158)
	at org.openqa.selenium.remote.service.DriverCommandExecutor.execute(DriverCommandExecutor.java:83)
	at org.openqa.selenium.remote.RemoteWebDriver.execute(RemoteWebDriver.java:552)
	at com.kms.katalon.selenium.driver.CChromeDriver.execute(CChromeDriver.java:19)
	at org.openqa.selenium.remote.RemoteWebElement.execute(RemoteWebElement.java:285)
	at org.openqa.selenium.remote.RemoteWebElement.click(RemoteWebElement.java:84)
	at org.openqa.selenium.support.events.EventFiringWebDriver$EventFiringWebElement.lambda$new$0(EventFiringWebDriver.java:404)
	at com.sun.proxy.$Proxy11.click(Unknown Source)
	at org.openqa.selenium.support.events.EventFiringWebDriver$EventFiringWebElement.click(EventFiringWebDriver.java:417)
	at org.openqa.selenium.WebElement$click.call(Unknown Source)
	at com.kms.katalon.core.webui.keyword.builtin.ClickKeyword.clickUntilSuccessWithTimeout(ClickKeyword.groovy:81)
	at com.kms.katalon.core.webui.keyword.builtin.ClickKeyword.clickUntilSuccessWithTimeout(ClickKeyword.groovy)
	at com.kms.katalon.core.webui.keyword.builtin.ClickKeyword$_click_closure1.doCall(ClickKeyword.groovy:67)
	at com.kms.katalon.core.webui.keyword.builtin.ClickKeyword$_click_closure1.call(ClickKeyword.groovy)
	at com.kms.katalon.core.webui.keyword.internal.WebUIKeywordMain.runKeyword(WebUIKeywordMain.groovy:20)
	... 19 more]]></system-out>
      <system-err><![CDATA[2023-07-12 16:58:48 - [TEST_SUITE][FAILED] - LC: Test Cases/LC/Product detail FAILED.
Reason:
com.kms.katalon.core.exception.StepFailedException: Unable to click on object 'Object Repository/productdetail/Page_Vite  React  TS/p_product'
	at com.kms.katalon.core.webui.keyword.internal.WebUIKeywordMain.stepFailed(WebUIKeywordMain.groovy:64)
	at com.kms.katalon.core.webui.keyword.internal.WebUIKeywordMain.runKeyword(WebUIKeywordMain.groovy:26)
	at com.kms.katalon.core.webui.keyword.builtin.ClickKeyword.click(ClickKeyword.groovy:74)
	at com.kms.katalon.core.webui.keyword.builtin.ClickKeyword.execute(ClickKeyword.groovy:40)
	at com.kms.katalon.core.keyword.internal.KeywordExecutor.executeKeywordForPlatform(KeywordExecutor.groovy:74)
	at com.kms.katalon.core.webui.keyword.WebUiBuiltInKeywords.click(WebUiBuiltInKeywords.groovy:620)
	at com.kms.katalon.core.webui.keyword.WebUiBuiltInKeywords$click$2.call(Unknown Source)
	at Product detail.run(Product detail:55)
	at com.kms.katalon.core.main.ScriptEngine.run(ScriptEngine.java:194)
	at com.kms.katalon.core.main.ScriptEngine.runScriptAsRawText(ScriptEngine.java:119)
	at com.kms.katalon.core.main.TestCaseExecutor.runScript(TestCaseExecutor.java:448)
	at com.kms.katalon.core.main.TestCaseExecutor.doExecute(TestCaseExecutor.java:439)
	at com.kms.katalon.core.main.TestCaseExecutor.processExecutionPhase(TestCaseExecutor.java:418)
	at com.kms.katalon.core.main.TestCaseExecutor.accessMainPhase(TestCaseExecutor.java:410)
	at com.kms.katalon.core.main.TestCaseExecutor.execute(TestCaseExecutor.java:285)
	at com.kms.katalon.core.common.CommonExecutor.accessTestCaseMainPhase(CommonExecutor.java:65)
	at com.kms.katalon.core.main.TestSuiteExecutor.accessTestSuiteMainPhase(TestSuiteExecutor.java:148)
	at com.kms.katalon.core.main.TestSuiteExecutor.execute(TestSuiteExecutor.java:106)
	at com.kms.katalon.core.main.TestCaseMain.startTestSuite(TestCaseMain.java:187)
	at com.kms.katalon.core.main.TestCaseMain$startTestSuite$0.call(Unknown Source)
	at TempTestSuite1689155919766.run(TempTestSuite1689155919766.groovy:36)
Caused by: org.openqa.selenium.ElementClickInterceptedException: element click intercepted: Element <p class="chakra-text css-r547q5">...</p> is not clickable at point (1174, 54). Other element would receive the click: <div data-status="success" id="toast-1-description" class="chakra-alert__desc css-161kwbg">...</div>
  (Session info: chrome=114.0.5735.199)
Build info: version: '3.141.59', revision: 'e82be7d358', time: '2018-11-14T08:25:53'
System info: host: 'DN-AAVN-WS-650', ip: '192.168.79.183', os.name: 'Windows 10', os.arch: 'amd64', os.version: '10.0', java.version: '1.8.0_362'
Driver info: com.kms.katalon.selenium.driver.CChromeDriver
Capabilities {acceptInsecureCerts: false, browserName: chrome, browserVersion: 114.0.5735.199, chrome: {chromedriverVersion: 113.0.5672.24 (65f30d4e8051..., userDataDir: C:\Users\htminh\AppData\Loc...}, goog:chromeOptions: {debuggerAddress: localhost:57748}, javascriptEnabled: true, networkConnectionEnabled: false, pageLoadStrategy: normal, platform: WINDOWS, platformName: WINDOWS, proxy: Proxy(), setWindowRect: true, strictFileInteractability: false, timeouts: {implicit: 0, pageLoad: 300000, script: 30000}, unhandledPromptBehavior: dismiss and notify, webauthn:extension:credBlob: true, webauthn:extension:largeBlob: true, webauthn:extension:minPinLength: true, webauthn:extension:prf: true, webauthn:virtualAuthenticators: true}
Session ID: e34de2892f3bdb988c80ad6509754dca
	at org.openqa.selenium.remote.http.W3CHttpResponseCodec.createException(W3CHttpResponseCodec.java:187)
	at org.openqa.selenium.remote.http.W3CHttpResponseCodec.decode(W3CHttpResponseCodec.java:122)
	at org.openqa.selenium.remote.http.W3CHttpResponseCodec.decode(W3CHttpResponseCodec.java:49)
	at org.openqa.selenium.remote.HttpCommandExecutor.execute(HttpCommandExecutor.java:158)
	at org.openqa.selenium.remote.service.DriverCommandExecutor.execute(DriverCommandExecutor.java:83)
	at org.openqa.selenium.remote.RemoteWebDriver.execute(RemoteWebDriver.java:552)
	at com.kms.katalon.selenium.driver.CChromeDriver.execute(CChromeDriver.java:19)
	at org.openqa.selenium.remote.RemoteWebElement.execute(RemoteWebElement.java:285)
	at org.openqa.selenium.remote.RemoteWebElement.click(RemoteWebElement.java:84)
	at org.openqa.selenium.support.events.EventFiringWebDriver$EventFiringWebElement.lambda$new$0(EventFiringWebDriver.java:404)
	at com.sun.proxy.$Proxy11.click(Unknown Source)
	at org.openqa.selenium.support.events.EventFiringWebDriver$EventFiringWebElement.click(EventFiringWebDriver.java:417)
	at org.openqa.selenium.WebElement$click.call(Unknown Source)
	at com.kms.katalon.core.webui.keyword.builtin.ClickKeyword.clickUntilSuccessWithTimeout(ClickKeyword.groovy:81)
	at com.kms.katalon.core.webui.keyword.builtin.ClickKeyword.clickUntilSuccessWithTimeout(ClickKeyword.groovy)
	at com.kms.katalon.core.webui.keyword.builtin.ClickKeyword$_click_closure1.doCall(ClickKeyword.groovy:67)
	at com.kms.katalon.core.webui.keyword.builtin.ClickKeyword$_click_closure1.call(ClickKeyword.groovy)
	at com.kms.katalon.core.webui.keyword.internal.WebUIKeywordMain.runKeyword(WebUIKeywordMain.groovy:20)
	... 19 more]]></system-err>
   </testsuite>
</testsuites>
