<?xml version="1.0" encoding="UTF-8"?>
<testsuites name="LC" time="232.59" tests="4" failures="1" errors="0">
   <testsuite name="LC" tests="4" failures="1" errors="0" time="232.59" skipped="0" timestamp="2023-07-25 10:56:47" hostname="htminh - host.docker.internal" id="Test Suites/LC">
      <properties>
         <property name="deviceName" value=""/>
         <property name="devicePlatform" value=""/>
         <property name="logFolder" value="C:\\Users\\htminh\\git\\test3\\Reports\\20230725_105637\\LC\\20230725_105637"/>
         <property name="logFiles" value="C:\\Users\\htminh\\git\\test3\\Reports\\20230725_105637\\LC\\20230725_105637\\execution0.log"/>
         <property name="attachments" value="C:\\Users\\htminh\\git\\test3\\Reports\\20230725_105637\\LC\\20230725_105637\\1690257525092.png"/>
         <property name="hostName" value="htminh - host.docker.internal"/>
         <property name="os" value="Windows 10 64bit"/>
         <property name="katalonVersion" value="8.6.5.208"/>
         <property name="browser" value="Chrome 114.0.0.0"/>
         <property name="hostAddress" value="192.168.79.183"/>
         <property name="sessionId" value="18449093ec0af215227b0f6a11c01d22"/>
         <property name="seleniumVersion" value="3.141.59"/>
         <property name="proxyInformation" value="ProxyInformation { proxyOption=NO_PROXY, proxyServerType=HTTP, username=, password=********, proxyServerAddress=, proxyServerPort=0, executionList=&quot;&quot;, isApplyToDesiredCapabilities=true }"/>
         <property name="platform" value="Windows 10"/>
      </properties>
      <testcase name="Test Cases/LC/Cart" time="117.196" classname="Test Cases/LC/Cart" status="FAILED">
         <failure type="FAILED" message="Test Cases/LC/Cart FAILED.
Reason:
com.kms.katalon.core.exception.StepFailedException: Unable to click on object 'Object Repository/Cart/Page_Vite  React  TS/button_apply'
	at com.kms.katalon.core.webui.keyword.internal.WebUIKeywordMain.stepFailed(WebUIKeywordMain.groovy:64)
	at com.kms.katalon.core.webui.keyword.internal.WebUIKeywordMain.runKeyword(WebUIKeywordMain.groovy:26)
	at com.kms.katalon.core.webui.keyword.builtin.ClickKeyword.click(ClickKeyword.groovy:74)
	at com.kms.katalon.core.webui.keyword.builtin.ClickKeyword.execute(ClickKeyword.groovy:40)
	at com.kms.katalon.core.keyword.internal.KeywordExecutor.executeKeywordForPlatform(KeywordExecutor.groovy:74)
	at com.kms.katalon.core.webui.keyword.WebUiBuiltInKeywords.click(WebUiBuiltInKeywords.groovy:620)
	at com.kms.katalon.core.webui.keyword.WebUiBuiltInKeywords$click$2.call(Unknown Source)
	at Cart.run(Cart:83)
	at com.kms.katalon.core.main.ScriptEngine.run(ScriptEngine.java:194)
	at com.kms.katalon.core.main.ScriptEngine.runScriptAsRawText(ScriptEngine.java:119)
	at com.kms.katalon.core.main.TestCaseExecutor.runScript(TestCaseExecutor.java:448)
	at com.kms.katalon.core.main.TestCaseExecutor.doExecute(TestCaseExecutor.java:439)
	at com.kms.katalon.core.main.TestCaseExecutor.processExecutionPhase(TestCaseExecutor.java:418)
	at com.kms.katalon.core.main.TestCaseExecutor.accessMainPhase(TestCaseExecutor.java:410)
	at com.kms.katalon.core.main.TestCaseExecutor.execute(TestCaseExecutor.java:285)
	at com.kms.katalon.core.common.CommonExecutor.accessTestCaseMainPhase(CommonExecutor.java:65)
	at com.kms.katalon.core.main.TestSuiteExecutor.accessTestSuiteMainPhase(TestSuiteExecutor.java:148)
	at com.kms.katalon.core.main.TestSuiteExecutor.execute(TestSuiteExecutor.java:106)
	at com.kms.katalon.core.main.TestCaseMain.startTestSuite(TestCaseMain.java:187)
	at com.kms.katalon.core.main.TestCaseMain$startTestSuite$0.call(Unknown Source)
	at TempTestSuite1690257397520.run(TempTestSuite1690257397520.groovy:36)
Caused by: org.openqa.selenium.ElementClickInterceptedException: element click intercepted: Element &lt;button type=&quot;button&quot; class=&quot;chakra-button css-upv2ae&quot;>...&lt;/button> is not clickable at point (936, 514). Other element would receive the click: &lt;div class=&quot;swal2-container swal2-center swal2-backdrop-hide&quot; style=&quot;overflow-y: hidden;&quot;>...&lt;/div>
  (Session info: chrome=114.0.5735.248)
Build info: version: '3.141.59', revision: 'e82be7d358', time: '2018-11-14T08:25:53'
System info: host: 'DN-AAVN-WS-650', ip: '192.168.79.183', os.name: 'Windows 10', os.arch: 'amd64', os.version: '10.0', java.version: '1.8.0_362'
Driver info: com.kms.katalon.selenium.driver.CChromeDriver
Capabilities {acceptInsecureCerts: false, browserName: chrome, browserVersion: 114.0.5735.248, chrome: {chromedriverVersion: 113.0.5672.24 (65f30d4e8051..., userDataDir: C:\Users\htminh\AppData\Loc...}, goog:chromeOptions: {debuggerAddress: localhost:53302}, javascriptEnabled: true, networkConnectionEnabled: false, pageLoadStrategy: normal, platform: WINDOWS, platformName: WINDOWS, proxy: Proxy(), setWindowRect: true, strictFileInteractability: false, timeouts: {implicit: 0, pageLoad: 300000, script: 30000}, unhandledPromptBehavior: dismiss and notify, webauthn:extension:credBlob: true, webauthn:extension:largeBlob: true, webauthn:extension:minPinLength: true, webauthn:extension:prf: true, webauthn:virtualAuthenticators: true}
Session ID: b4aefdcdc9c8d13756d303f3cdb55a4f
	at org.openqa.selenium.remote.http.W3CHttpResponseCodec.createException(W3CHttpResponseCodec.java:187)
	at org.openqa.selenium.remote.http.W3CHttpResponseCodec.decode(W3CHttpResponseCodec.java:122)
	at org.openqa.selenium.remote.http.W3CHttpResponseCodec.decode(W3CHttpResponseCodec.java:49)
	at org.openqa.selenium.remote.HttpCommandExecutor.execute(HttpCommandExecutor.java:158)
	at org.openqa.selenium.remote.service.DriverCommandExecutor.execute(DriverCommandExecutor.java:83)
	at org.openqa.selenium.remote.RemoteWebDriver.execute(RemoteWebDriver.java:552)
	at com.kms.katalon.selenium.driver.CChromeDriver.execute(CChromeDriver.java:19)
	at org.openqa.selenium.remote.RemoteWebElement.execute(RemoteWebElement.java:285)
	at org.openqa.selenium.remote.RemoteWebElement.click(RemoteWebElement.java:84)
	at org.openqa.selenium.support.events.EventFiringWebDriver$EventFiringWebElement.lambda$new$0(EventFiringWebDriver.java:404)
	at com.sun.proxy.$Proxy11.click(Unknown Source)
	at org.openqa.selenium.support.events.EventFiringWebDriver$EventFiringWebElement.click(EventFiringWebDriver.java:417)
	at org.openqa.selenium.WebElement$click.call(Unknown Source)
	at com.kms.katalon.core.webui.keyword.builtin.ClickKeyword.clickUntilSuccessWithTimeout(ClickKeyword.groovy:81)
	at com.kms.katalon.core.webui.keyword.builtin.ClickKeyword.clickUntilSuccessWithTimeout(ClickKeyword.groovy)
	at com.kms.katalon.core.webui.keyword.builtin.ClickKeyword$_click_closure1.doCall(ClickKeyword.groovy:67)
	at com.kms.katalon.core.webui.keyword.builtin.ClickKeyword$_click_closure1.call(ClickKeyword.groovy)
	at com.kms.katalon.core.webui.keyword.internal.WebUIKeywordMain.runKeyword(WebUIKeywordMain.groovy:20)
	... 19 more
"/>
         <system-out><![CDATA[2023-07-25 10:56:48 - [TEST_CASE][FAILED] - Test Cases/LC/Cart: Test Cases/LC/Cart FAILED.
Reason:
com.kms.katalon.core.exception.StepFailedException: Unable to click on object 'Object Repository/Cart/Page_Vite  React  TS/button_apply'
	at com.kms.katalon.core.webui.keyword.internal.WebUIKeywordMain.stepFailed(WebUIKeywordMain.groovy:64)
	at com.kms.katalon.core.webui.keyword.internal.WebUIKeywordMain.runKeyword(WebUIKeywordMain.groovy:26)
	at com.kms.katalon.core.webui.keyword.builtin.ClickKeyword.click(ClickKeyword.groovy:74)
	at com.kms.katalon.core.webui.keyword.builtin.ClickKeyword.execute(ClickKeyword.groovy:40)
	at com.kms.katalon.core.keyword.internal.KeywordExecutor.executeKeywordForPlatform(KeywordExecutor.groovy:74)
	at com.kms.katalon.core.webui.keyword.WebUiBuiltInKeywords.click(WebUiBuiltInKeywords.groovy:620)
	at com.kms.katalon.core.webui.keyword.WebUiBuiltInKeywords$click$2.call(Unknown Source)
	at Cart.run(Cart:83)
	at com.kms.katalon.core.main.ScriptEngine.run(ScriptEngine.java:194)
	at com.kms.katalon.core.main.ScriptEngine.runScriptAsRawText(ScriptEngine.java:119)
	at com.kms.katalon.core.main.TestCaseExecutor.runScript(TestCaseExecutor.java:448)
	at com.kms.katalon.core.main.TestCaseExecutor.doExecute(TestCaseExecutor.java:439)
	at com.kms.katalon.core.main.TestCaseExecutor.processExecutionPhase(TestCaseExecutor.java:418)
	at com.kms.katalon.core.main.TestCaseExecutor.accessMainPhase(TestCaseExecutor.java:410)
	at com.kms.katalon.core.main.TestCaseExecutor.execute(TestCaseExecutor.java:285)
	at com.kms.katalon.core.common.CommonExecutor.accessTestCaseMainPhase(CommonExecutor.java:65)
	at com.kms.katalon.core.main.TestSuiteExecutor.accessTestSuiteMainPhase(TestSuiteExecutor.java:148)
	at com.kms.katalon.core.main.TestSuiteExecutor.execute(TestSuiteExecutor.java:106)
	at com.kms.katalon.core.main.TestCaseMain.startTestSuite(TestCaseMain.java:187)
	at com.kms.katalon.core.main.TestCaseMain$startTestSuite$0.call(Unknown Source)
	at TempTestSuite1690257397520.run(TempTestSuite1690257397520.groovy:36)
Caused by: org.openqa.selenium.ElementClickInterceptedException: element click intercepted: Element <button type="button" class="chakra-button css-upv2ae">...</button> is not clickable at point (936, 514). Other element would receive the click: <div class="swal2-container swal2-center swal2-backdrop-hide" style="overflow-y: hidden;">...</div>
  (Session info: chrome=114.0.5735.248)
Build info: version: '3.141.59', revision: 'e82be7d358', time: '2018-11-14T08:25:53'
System info: host: 'DN-AAVN-WS-650', ip: '192.168.79.183', os.name: 'Windows 10', os.arch: 'amd64', os.version: '10.0', java.version: '1.8.0_362'
Driver info: com.kms.katalon.selenium.driver.CChromeDriver
Capabilities {acceptInsecureCerts: false, browserName: chrome, browserVersion: 114.0.5735.248, chrome: {chromedriverVersion: 113.0.5672.24 (65f30d4e8051..., userDataDir: C:\Users\htminh\AppData\Loc...}, goog:chromeOptions: {debuggerAddress: localhost:53302}, javascriptEnabled: true, networkConnectionEnabled: false, pageLoadStrategy: normal, platform: WINDOWS, platformName: WINDOWS, proxy: Proxy(), setWindowRect: true, strictFileInteractability: false, timeouts: {implicit: 0, pageLoad: 300000, script: 30000}, unhandledPromptBehavior: dismiss and notify, webauthn:extension:credBlob: true, webauthn:extension:largeBlob: true, webauthn:extension:minPinLength: true, webauthn:extension:prf: true, webauthn:virtualAuthenticators: true}
Session ID: b4aefdcdc9c8d13756d303f3cdb55a4f
	at org.openqa.selenium.remote.http.W3CHttpResponseCodec.createException(W3CHttpResponseCodec.java:187)
	at org.openqa.selenium.remote.http.W3CHttpResponseCodec.decode(W3CHttpResponseCodec.java:122)
	at org.openqa.selenium.remote.http.W3CHttpResponseCodec.decode(W3CHttpResponseCodec.java:49)
	at org.openqa.selenium.remote.HttpCommandExecutor.execute(HttpCommandExecutor.java:158)
	at org.openqa.selenium.remote.service.DriverCommandExecutor.execute(DriverCommandExecutor.java:83)
	at org.openqa.selenium.remote.RemoteWebDriver.execute(RemoteWebDriver.java:552)
	at com.kms.katalon.selenium.driver.CChromeDriver.execute(CChromeDriver.java:19)
	at org.openqa.selenium.remote.RemoteWebElement.execute(RemoteWebElement.java:285)
	at org.openqa.selenium.remote.RemoteWebElement.click(RemoteWebElement.java:84)
	at org.openqa.selenium.support.events.EventFiringWebDriver$EventFiringWebElement.lambda$new$0(EventFiringWebDriver.java:404)
	at com.sun.proxy.$Proxy11.click(Unknown Source)
	at org.openqa.selenium.support.events.EventFiringWebDriver$EventFiringWebElement.click(EventFiringWebDriver.java:417)
	at org.openqa.selenium.WebElement$click.call(Unknown Source)
	at com.kms.katalon.core.webui.keyword.builtin.ClickKeyword.clickUntilSuccessWithTimeout(ClickKeyword.groovy:81)
	at com.kms.katalon.core.webui.keyword.builtin.ClickKeyword.clickUntilSuccessWithTimeout(ClickKeyword.groovy)
	at com.kms.katalon.core.webui.keyword.builtin.ClickKeyword$_click_closure1.doCall(ClickKeyword.groovy:67)
	at com.kms.katalon.core.webui.keyword.builtin.ClickKeyword$_click_closure1.call(ClickKeyword.groovy)
	at com.kms.katalon.core.webui.keyword.internal.WebUIKeywordMain.runKeyword(WebUIKeywordMain.groovy:20)
	... 19 more


2023-07-25 10:56:48 - [TEST_STEP][PASSED] - openBrowser(""): Browser is opened with url: ''

2023-07-25 10:56:49 - [MESSAGE][INFO] - Starting 'Chrome' driver

2023-07-25 10:56:49 - [MESSAGE][INFO] - Action delay is set to 0 milliseconds

2023-07-25 10:56:51 - [MESSAGE][PASSED] - Browser is opened with url: ''

2023-07-25 10:56:51 - [TEST_STEP][PASSED] - navigateToUrl("http://localhost:5173/"): Navigate to 'http://localhost:5173/' successfully

2023-07-25 10:56:53 - [MESSAGE][PASSED] - Navigate to 'http://localhost:5173/' successfully

2023-07-25 10:56:53 - [TEST_STEP][PASSED] - maximizeWindow(): Current window maximized

2023-07-25 10:56:53 - [MESSAGE][PASSED] - Current window maximized

2023-07-25 10:56:53 - [TEST_STEP][PASSED] - click(findTestObject("Object Repository/Cart/Page_Vite  React  TS/p_product")): Object: 'Object Repository/Cart/Page_Vite  React  TS/p_product' is clicked on

2023-07-25 10:56:54 - [MESSAGE][PASSED] - Object: 'Object Repository/Cart/Page_Vite  React  TS/p_product' is clicked on

2023-07-25 10:56:54 - [TEST_STEP][PASSED] - setText(findTestObject("Object Repository/Cart/Page_Vite  React  TS/input_The best offer that we offer to the w_af0838"), "Bún"): Text 'Bún' is set on object 'Object Repository/Cart/Page_Vite  React  TS/input_The best offer that we offer to the w_af0838'

2023-07-25 10:57:03 - [MESSAGE][PASSED] - Text 'Bún' is set on object 'Object Repository/Cart/Page_Vite  React  TS/input_The best offer that we offer to the w_af0838'

2023-07-25 10:57:03 - [TEST_STEP][PASSED] - click(findTestObject("Object Repository/Cart/Page_Vite  React  TS/img_by category_chakra-image css-lxd7e7")): Object: 'Object Repository/Cart/Page_Vite  React  TS/img_by category_chakra-image css-lxd7e7' is clicked on

2023-07-25 10:57:08 - [MESSAGE][PASSED] - Object: 'Object Repository/Cart/Page_Vite  React  TS/img_by category_chakra-image css-lxd7e7' is clicked on

2023-07-25 10:57:08 - [TEST_STEP][PASSED] - click(findTestObject("Object Repository/Cart/Page_Vite  React  TS/p_Show more")): Object: 'Object Repository/Cart/Page_Vite  React  TS/p_Show more' is clicked on

2023-07-25 10:57:12 - [MESSAGE][PASSED] - Object: 'Object Repository/Cart/Page_Vite  React  TS/p_Show more' is clicked on

2023-07-25 10:57:12 - [TEST_STEP][PASSED] - click(findTestObject("Object Repository/Cart/Page_Vite  React  TS/p_Pellentesque habitan morbi tristiquePelle_e1746d")): Object: 'Object Repository/Cart/Page_Vite  React  TS/p_Pellentesque habitan morbi tristiquePelle_e1746d' is clicked on

2023-07-25 10:57:14 - [MESSAGE][PASSED] - Object: 'Object Repository/Cart/Page_Vite  React  TS/p_Pellentesque habitan morbi tristiquePelle_e1746d' is clicked on

2023-07-25 10:57:14 - [TEST_STEP][PASSED] - click(findTestObject("Object Repository/Cart/Page_Vite  React  TS/p_Show less")): Object: 'Object Repository/Cart/Page_Vite  React  TS/p_Show less' is clicked on

2023-07-25 10:57:16 - [MESSAGE][PASSED] - Object: 'Object Repository/Cart/Page_Vite  React  TS/p_Show less' is clicked on

2023-07-25 10:57:16 - [TEST_STEP][PASSED] - click(findTestObject("Object Repository/Cart/Page_Vite  React  TS/div_Add to cart_css-148p1cq")): Object: 'Object Repository/Cart/Page_Vite  React  TS/div_Add to cart_css-148p1cq' is clicked on

2023-07-25 10:57:18 - [MESSAGE][PASSED] - Object: 'Object Repository/Cart/Page_Vite  React  TS/div_Add to cart_css-148p1cq' is clicked on

2023-07-25 10:57:18 - [TEST_STEP][PASSED] - setText(findTestObject("Object Repository/Cart/Page_Vite  React  TS/input_Add to cart_chakra-input css-108b1as"), "2345678"): Text '2345678' is set on object 'Object Repository/Cart/Page_Vite  React  TS/input_Add to cart_chakra-input css-108b1as'

2023-07-25 10:57:22 - [MESSAGE][PASSED] - Text '2345678' is set on object 'Object Repository/Cart/Page_Vite  React  TS/input_Add to cart_chakra-input css-108b1as'

2023-07-25 10:57:22 - [TEST_STEP][PASSED] - click(findTestObject("Object Repository/Cart/Page_Vite  React  TS/button_Add to cart")): Object: 'Object Repository/Cart/Page_Vite  React  TS/button_Add to cart' is clicked on

2023-07-25 10:57:24 - [MESSAGE][PASSED] - Object: 'Object Repository/Cart/Page_Vite  React  TS/button_Add to cart' is clicked on

2023-07-25 10:57:24 - [TEST_STEP][PASSED] - verifyElementPresent(findTestObject("Object Repository/Cart/Page_Vite  React  TS/div_You item already in shopping cart"), 0): Object 'Object Repository/Cart/Page_Vite  React  TS/div_You item already in shopping cart' is present

2023-07-25 10:57:24 - [MESSAGE][WARNING] - Timeout '0' is invalid. Using default page load timeout: '30'

2023-07-25 10:57:26 - [MESSAGE][PASSED] - Object 'Object Repository/Cart/Page_Vite  React  TS/div_You item already in shopping cart' is present

2023-07-25 10:57:26 - [TEST_STEP][PASSED] - verifyElementPresent(findTestObject("Object Repository/Cart/Page_Vite  React  TS/div_Successfully"), 0): Object 'Object Repository/Cart/Page_Vite  React  TS/div_Successfully' is present

2023-07-25 10:57:26 - [MESSAGE][WARNING] - Timeout '0' is invalid. Using default page load timeout: '30'

2023-07-25 10:57:28 - [MESSAGE][PASSED] - Object 'Object Repository/Cart/Page_Vite  React  TS/div_Successfully' is present

2023-07-25 10:57:28 - [TEST_STEP][PASSED] - doubleClick(findTestObject("Object Repository/Cart/Page_Vite  React  TS/div_Add to cart_swiper-button-next")): Object: 'Object Repository/Cart/Page_Vite  React  TS/div_Add to cart_swiper-button-next' is double clicked on

2023-07-25 10:57:35 - [MESSAGE][PASSED] - Object: 'Object Repository/Cart/Page_Vite  React  TS/div_Add to cart_swiper-button-next' is double clicked on

2023-07-25 10:57:35 - [TEST_STEP][PASSED] - doubleClick(findTestObject("Object Repository/Cart/Page_Vite  React  TS/div_Add to cart_swiper-button-next")): Object: 'Object Repository/Cart/Page_Vite  React  TS/div_Add to cart_swiper-button-next' is double clicked on

2023-07-25 10:57:42 - [MESSAGE][PASSED] - Object: 'Object Repository/Cart/Page_Vite  React  TS/div_Add to cart_swiper-button-next' is double clicked on

2023-07-25 10:57:42 - [TEST_STEP][PASSED] - click(findTestObject("Object Repository/Cart/Page_Vite  React  TS/div_Add to cart_swiper-button-next")): Object: 'Object Repository/Cart/Page_Vite  React  TS/div_Add to cart_swiper-button-next' is clicked on

2023-07-25 10:57:44 - [MESSAGE][PASSED] - Object: 'Object Repository/Cart/Page_Vite  React  TS/div_Add to cart_swiper-button-next' is clicked on

2023-07-25 10:57:44 - [TEST_STEP][PASSED] - click(findTestObject("Object Repository/Cart/Page_Vite  React  TS/div_Add to cart_swiper-button-next")): Object: 'Object Repository/Cart/Page_Vite  React  TS/div_Add to cart_swiper-button-next' is clicked on

2023-07-25 10:57:46 - [MESSAGE][PASSED] - Object: 'Object Repository/Cart/Page_Vite  React  TS/div_Add to cart_swiper-button-next' is clicked on

2023-07-25 10:57:46 - [TEST_STEP][PASSED] - click(findTestObject("Object Repository/Cart/Page_Vite  React  TS/div_Add to cart_swiper-button-next")): Object: 'Object Repository/Cart/Page_Vite  React  TS/div_Add to cart_swiper-button-next' is clicked on

2023-07-25 10:57:48 - [MESSAGE][PASSED] - Object: 'Object Repository/Cart/Page_Vite  React  TS/div_Add to cart_swiper-button-next' is clicked on

2023-07-25 10:57:48 - [TEST_STEP][PASSED] - click(findTestObject("Object Repository/Cart/Page_Vite  React  TS/div_Add to cart_swiper-button-next")): Object: 'Object Repository/Cart/Page_Vite  React  TS/div_Add to cart_swiper-button-next' is clicked on

2023-07-25 10:57:50 - [MESSAGE][PASSED] - Object: 'Object Repository/Cart/Page_Vite  React  TS/div_Add to cart_swiper-button-next' is clicked on

2023-07-25 10:57:50 - [TEST_STEP][PASSED] - click(findTestObject("Object Repository/Cart/Page_Vite  React  TS/div_Add to cart_swiper-button-next")): Object: 'Object Repository/Cart/Page_Vite  React  TS/div_Add to cart_swiper-button-next' is clicked on

2023-07-25 10:57:52 - [MESSAGE][PASSED] - Object: 'Object Repository/Cart/Page_Vite  React  TS/div_Add to cart_swiper-button-next' is clicked on

2023-07-25 10:57:52 - [TEST_STEP][PASSED] - click(findTestObject("Object Repository/Cart/Page_Vite  React  TS/div_Add to cart_swiper-button-next")): Object: 'Object Repository/Cart/Page_Vite  React  TS/div_Add to cart_swiper-button-next' is clicked on

2023-07-25 10:57:54 - [MESSAGE][PASSED] - Object: 'Object Repository/Cart/Page_Vite  React  TS/div_Add to cart_swiper-button-next' is clicked on

2023-07-25 10:57:54 - [TEST_STEP][PASSED] - click(findTestObject("Object Repository/Cart/Page_Vite  React  TS/button_Reviews")): Object: 'Object Repository/Cart/Page_Vite  React  TS/button_Reviews' is clicked on

2023-07-25 10:57:56 - [MESSAGE][PASSED] - Object: 'Object Repository/Cart/Page_Vite  React  TS/button_Reviews' is clicked on

2023-07-25 10:57:56 - [TEST_STEP][PASSED] - click(findTestObject("Object Repository/Cart/Page_Vite  React  TS/button_Description")): Object: 'Object Repository/Cart/Page_Vite  React  TS/button_Description' is clicked on

2023-07-25 10:57:58 - [MESSAGE][PASSED] - Object: 'Object Repository/Cart/Page_Vite  React  TS/button_Description' is clicked on

2023-07-25 10:57:58 - [TEST_STEP][PASSED] - click(findTestObject("Object Repository/Cart/Page_Vite  React  TS/button_Add to cart")): Object: 'Object Repository/Cart/Page_Vite  React  TS/button_Add to cart' is clicked on

2023-07-25 10:58:00 - [MESSAGE][PASSED] - Object: 'Object Repository/Cart/Page_Vite  React  TS/button_Add to cart' is clicked on

2023-07-25 10:58:00 - [TEST_STEP][PASSED] - click(findTestObject("Object Repository/Cart/Page_Vite  React  TS/svg_Add to cart_chakra-icon css-1ev3uyk")): Object: 'Object Repository/Cart/Page_Vite  React  TS/svg_Add to cart_chakra-icon css-1ev3uyk' is clicked on

2023-07-25 10:58:02 - [MESSAGE][PASSED] - Object: 'Object Repository/Cart/Page_Vite  React  TS/svg_Add to cart_chakra-icon css-1ev3uyk' is clicked on

2023-07-25 10:58:02 - [TEST_STEP][PASSED] - click(findTestObject("Object Repository/Cart/Page_Vite  React  TS/button_bn bn_chakra-button css-1cquxk8")): Object: 'Object Repository/Cart/Page_Vite  React  TS/button_bn bn_chakra-button css-1cquxk8' is clicked on

2023-07-25 10:58:04 - [MESSAGE][PASSED] - Object: 'Object Repository/Cart/Page_Vite  React  TS/button_bn bn_chakra-button css-1cquxk8' is clicked on

2023-07-25 10:58:04 - [TEST_STEP][PASSED] - click(findTestObject("Object Repository/Cart/Page_Vite  React  TS/button_Cancel")): Object: 'Object Repository/Cart/Page_Vite  React  TS/button_Cancel' is clicked on

2023-07-25 10:58:06 - [MESSAGE][PASSED] - Object: 'Object Repository/Cart/Page_Vite  React  TS/button_Cancel' is clicked on

2023-07-25 10:58:06 - [TEST_STEP][PASSED] - setText(findTestObject("Object Repository/Cart/Page_Vite  React  TS/input_bn bn_chakra-input css-1868lrh"), "blackfriday"): Text 'blackfriday' is set on object 'Object Repository/Cart/Page_Vite  React  TS/input_bn bn_chakra-input css-1868lrh'

2023-07-25 10:58:10 - [MESSAGE][PASSED] - Text 'blackfriday' is set on object 'Object Repository/Cart/Page_Vite  React  TS/input_bn bn_chakra-input css-1868lrh'

2023-07-25 10:58:10 - [TEST_STEP][FAILED] - click(findTestObject("Object Repository/Cart/Page_Vite  React  TS/button_apply")): Unable to click on object 'Object Repository/Cart/Page_Vite  React  TS/button_apply' (Root cause: com.kms.katalon.core.exception.StepFailedException: Unable to click on object 'Object Repository/Cart/Page_Vite  React  TS/button_apply'
	at com.kms.katalon.core.webui.keyword.internal.WebUIKeywordMain.stepFailed(WebUIKeywordMain.groovy:64)
	at com.kms.katalon.core.webui.keyword.internal.WebUIKeywordMain.runKeyword(WebUIKeywordMain.groovy:26)
	at com.kms.katalon.core.webui.keyword.builtin.ClickKeyword.click(ClickKeyword.groovy:74)
	at com.kms.katalon.core.webui.keyword.builtin.ClickKeyword.execute(ClickKeyword.groovy:40)
	at com.kms.katalon.core.keyword.internal.KeywordExecutor.executeKeywordForPlatform(KeywordExecutor.groovy:74)
	at com.kms.katalon.core.webui.keyword.WebUiBuiltInKeywords.click(WebUiBuiltInKeywords.groovy:620)
	at com.kms.katalon.core.webui.keyword.WebUiBuiltInKeywords$click$2.call(Unknown Source)
	at Cart.run(Cart:83)
	at com.kms.katalon.core.main.ScriptEngine.run(ScriptEngine.java:194)
	at com.kms.katalon.core.main.ScriptEngine.runScriptAsRawText(ScriptEngine.java:119)
	at com.kms.katalon.core.main.TestCaseExecutor.runScript(TestCaseExecutor.java:448)
	at com.kms.katalon.core.main.TestCaseExecutor.doExecute(TestCaseExecutor.java:439)
	at com.kms.katalon.core.main.TestCaseExecutor.processExecutionPhase(TestCaseExecutor.java:418)
	at com.kms.katalon.core.main.TestCaseExecutor.accessMainPhase(TestCaseExecutor.java:410)
	at com.kms.katalon.core.main.TestCaseExecutor.execute(TestCaseExecutor.java:285)
	at com.kms.katalon.core.common.CommonExecutor.accessTestCaseMainPhase(CommonExecutor.java:65)
	at com.kms.katalon.core.main.TestSuiteExecutor.accessTestSuiteMainPhase(TestSuiteExecutor.java:148)
	at com.kms.katalon.core.main.TestSuiteExecutor.execute(TestSuiteExecutor.java:106)
	at com.kms.katalon.core.main.TestCaseMain.startTestSuite(TestCaseMain.java:187)
	at com.kms.katalon.core.main.TestCaseMain$startTestSuite$0.call(Unknown Source)
	at TempTestSuite1690257397520.run(TempTestSuite1690257397520.groovy:36)
Caused by: org.openqa.selenium.ElementClickInterceptedException: element click intercepted: Element <button type="button" class="chakra-button css-upv2ae">...</button> is not clickable at point (936, 514). Other element would receive the click: <div class="swal2-container swal2-center swal2-backdrop-hide" style="overflow-y: hidden;">...</div>
  (Session info: chrome=114.0.5735.248)
Build info: version: '3.141.59', revision: 'e82be7d358', time: '2018-11-14T08:25:53'
System info: host: 'DN-AAVN-WS-650', ip: '192.168.79.183', os.name: 'Windows 10', os.arch: 'amd64', os.version: '10.0', java.version: '1.8.0_362'
Driver info: com.kms.katalon.selenium.driver.CChromeDriver
Capabilities {acceptInsecureCerts: false, browserName: chrome, browserVersion: 114.0.5735.248, chrome: {chromedriverVersion: 113.0.5672.24 (65f30d4e8051..., userDataDir: C:\Users\htminh\AppData\Loc...}, goog:chromeOptions: {debuggerAddress: localhost:53302}, javascriptEnabled: true, networkConnectionEnabled: false, pageLoadStrategy: normal, platform: WINDOWS, platformName: WINDOWS, proxy: Proxy(), setWindowRect: true, strictFileInteractability: false, timeouts: {implicit: 0, pageLoad: 300000, script: 30000}, unhandledPromptBehavior: dismiss and notify, webauthn:extension:credBlob: true, webauthn:extension:largeBlob: true, webauthn:extension:minPinLength: true, webauthn:extension:prf: true, webauthn:virtualAuthenticators: true}
Session ID: b4aefdcdc9c8d13756d303f3cdb55a4f
	at org.openqa.selenium.remote.http.W3CHttpResponseCodec.createException(W3CHttpResponseCodec.java:187)
	at org.openqa.selenium.remote.http.W3CHttpResponseCodec.decode(W3CHttpResponseCodec.java:122)
	at org.openqa.selenium.remote.http.W3CHttpResponseCodec.decode(W3CHttpResponseCodec.java:49)
	at org.openqa.selenium.remote.HttpCommandExecutor.execute(HttpCommandExecutor.java:158)
	at org.openqa.selenium.remote.service.DriverCommandExecutor.execute(DriverCommandExecutor.java:83)
	at org.openqa.selenium.remote.RemoteWebDriver.execute(RemoteWebDriver.java:552)
	at com.kms.katalon.selenium.driver.CChromeDriver.execute(CChromeDriver.java:19)
	at org.openqa.selenium.remote.RemoteWebElement.execute(RemoteWebElement.java:285)
	at org.openqa.selenium.remote.RemoteWebElement.click(RemoteWebElement.java:84)
	at org.openqa.selenium.support.events.EventFiringWebDriver$EventFiringWebElement.lambda$new$0(EventFiringWebDriver.java:404)
	at com.sun.proxy.$Proxy11.click(Unknown Source)
	at org.openqa.selenium.support.events.EventFiringWebDriver$EventFiringWebElement.click(EventFiringWebDriver.java:417)
	at org.openqa.selenium.WebElement$click.call(Unknown Source)
	at com.kms.katalon.core.webui.keyword.builtin.ClickKeyword.clickUntilSuccessWithTimeout(ClickKeyword.groovy:81)
	at com.kms.katalon.core.webui.keyword.builtin.ClickKeyword.clickUntilSuccessWithTimeout(ClickKeyword.groovy)
	at com.kms.katalon.core.webui.keyword.builtin.ClickKeyword$_click_closure1.doCall(ClickKeyword.groovy:67)
	at com.kms.katalon.core.webui.keyword.builtin.ClickKeyword$_click_closure1.call(ClickKeyword.groovy)
	at com.kms.katalon.core.webui.keyword.internal.WebUIKeywordMain.runKeyword(WebUIKeywordMain.groovy:20)
	at com.kms.katalon.core.webui.keyword.builtin.ClickKeyword.click(ClickKeyword.groovy:74)
	at com.kms.katalon.core.webui.keyword.builtin.ClickKeyword.execute(ClickKeyword.groovy:40)
	at com.kms.katalon.core.keyword.internal.KeywordExecutor.executeKeywordForPlatform(KeywordExecutor.groovy:74)
	at com.kms.katalon.core.webui.keyword.WebUiBuiltInKeywords.click(WebUiBuiltInKeywords.groovy:620)
	at com.kms.katalon.core.webui.keyword.WebUiBuiltInKeywords$click$2.call(Unknown Source)
	at Script1689583147608.run(Script1689583147608.groovy:83)
	... 13 more
)

2023-07-25 10:58:45 - [MESSAGE][FAILED] - Unable to click on object 'Object Repository/Cart/Page_Vite  React  TS/button_apply' (Root cause: com.kms.katalon.core.exception.StepFailedException: Unable to click on object 'Object Repository/Cart/Page_Vite  React  TS/button_apply'
	at com.kms.katalon.core.webui.keyword.internal.WebUIKeywordMain.stepFailed(WebUIKeywordMain.groovy:64)
	at com.kms.katalon.core.webui.keyword.internal.WebUIKeywordMain.runKeyword(WebUIKeywordMain.groovy:26)
	at com.kms.katalon.core.webui.keyword.builtin.ClickKeyword.click(ClickKeyword.groovy:74)
	at com.kms.katalon.core.webui.keyword.builtin.ClickKeyword.execute(ClickKeyword.groovy:40)
	at com.kms.katalon.core.keyword.internal.KeywordExecutor.executeKeywordForPlatform(KeywordExecutor.groovy:74)
	at com.kms.katalon.core.webui.keyword.WebUiBuiltInKeywords.click(WebUiBuiltInKeywords.groovy:620)
	at com.kms.katalon.core.webui.keyword.WebUiBuiltInKeywords$click$2.call(Unknown Source)
	at Cart.run(Cart:83)
	at com.kms.katalon.core.main.ScriptEngine.run(ScriptEngine.java:194)
	at com.kms.katalon.core.main.ScriptEngine.runScriptAsRawText(ScriptEngine.java:119)
	at com.kms.katalon.core.main.TestCaseExecutor.runScript(TestCaseExecutor.java:448)
	at com.kms.katalon.core.main.TestCaseExecutor.doExecute(TestCaseExecutor.java:439)
	at com.kms.katalon.core.main.TestCaseExecutor.processExecutionPhase(TestCaseExecutor.java:418)
	at com.kms.katalon.core.main.TestCaseExecutor.accessMainPhase(TestCaseExecutor.java:410)
	at com.kms.katalon.core.main.TestCaseExecutor.execute(TestCaseExecutor.java:285)
	at com.kms.katalon.core.common.CommonExecutor.accessTestCaseMainPhase(CommonExecutor.java:65)
	at com.kms.katalon.core.main.TestSuiteExecutor.accessTestSuiteMainPhase(TestSuiteExecutor.java:148)
	at com.kms.katalon.core.main.TestSuiteExecutor.execute(TestSuiteExecutor.java:106)
	at com.kms.katalon.core.main.TestCaseMain.startTestSuite(TestCaseMain.java:187)
	at com.kms.katalon.core.main.TestCaseMain$startTestSuite$0.call(Unknown Source)
	at TempTestSuite1690257397520.run(TempTestSuite1690257397520.groovy:36)
Caused by: org.openqa.selenium.ElementClickInterceptedException: element click intercepted: Element <button type="button" class="chakra-button css-upv2ae">...</button> is not clickable at point (936, 514). Other element would receive the click: <div class="swal2-container swal2-center swal2-backdrop-hide" style="overflow-y: hidden;">...</div>
  (Session info: chrome=114.0.5735.248)
Build info: version: '3.141.59', revision: 'e82be7d358', time: '2018-11-14T08:25:53'
System info: host: 'DN-AAVN-WS-650', ip: '192.168.79.183', os.name: 'Windows 10', os.arch: 'amd64', os.version: '10.0', java.version: '1.8.0_362'
Driver info: com.kms.katalon.selenium.driver.CChromeDriver
Capabilities {acceptInsecureCerts: false, browserName: chrome, browserVersion: 114.0.5735.248, chrome: {chromedriverVersion: 113.0.5672.24 (65f30d4e8051..., userDataDir: C:\Users\htminh\AppData\Loc...}, goog:chromeOptions: {debuggerAddress: localhost:53302}, javascriptEnabled: true, networkConnectionEnabled: false, pageLoadStrategy: normal, platform: WINDOWS, platformName: WINDOWS, proxy: Proxy(), setWindowRect: true, strictFileInteractability: false, timeouts: {implicit: 0, pageLoad: 300000, script: 30000}, unhandledPromptBehavior: dismiss and notify, webauthn:extension:credBlob: true, webauthn:extension:largeBlob: true, webauthn:extension:minPinLength: true, webauthn:extension:prf: true, webauthn:virtualAuthenticators: true}
Session ID: b4aefdcdc9c8d13756d303f3cdb55a4f
	at org.openqa.selenium.remote.http.W3CHttpResponseCodec.createException(W3CHttpResponseCodec.java:187)
	at org.openqa.selenium.remote.http.W3CHttpResponseCodec.decode(W3CHttpResponseCodec.java:122)
	at org.openqa.selenium.remote.http.W3CHttpResponseCodec.decode(W3CHttpResponseCodec.java:49)
	at org.openqa.selenium.remote.HttpCommandExecutor.execute(HttpCommandExecutor.java:158)
	at org.openqa.selenium.remote.service.DriverCommandExecutor.execute(DriverCommandExecutor.java:83)
	at org.openqa.selenium.remote.RemoteWebDriver.execute(RemoteWebDriver.java:552)
	at com.kms.katalon.selenium.driver.CChromeDriver.execute(CChromeDriver.java:19)
	at org.openqa.selenium.remote.RemoteWebElement.execute(RemoteWebElement.java:285)
	at org.openqa.selenium.remote.RemoteWebElement.click(RemoteWebElement.java:84)
	at org.openqa.selenium.support.events.EventFiringWebDriver$EventFiringWebElement.lambda$new$0(EventFiringWebDriver.java:404)
	at com.sun.proxy.$Proxy11.click(Unknown Source)
	at org.openqa.selenium.support.events.EventFiringWebDriver$EventFiringWebElement.click(EventFiringWebDriver.java:417)
	at org.openqa.selenium.WebElement$click.call(Unknown Source)
	at com.kms.katalon.core.webui.keyword.builtin.ClickKeyword.clickUntilSuccessWithTimeout(ClickKeyword.groovy:81)
	at com.kms.katalon.core.webui.keyword.builtin.ClickKeyword.clickUntilSuccessWithTimeout(ClickKeyword.groovy)
	at com.kms.katalon.core.webui.keyword.builtin.ClickKeyword$_click_closure1.doCall(ClickKeyword.groovy:67)
	at com.kms.katalon.core.webui.keyword.builtin.ClickKeyword$_click_closure1.call(ClickKeyword.groovy)
	at com.kms.katalon.core.webui.keyword.internal.WebUIKeywordMain.runKeyword(WebUIKeywordMain.groovy:20)
	at com.kms.katalon.core.webui.keyword.builtin.ClickKeyword.click(ClickKeyword.groovy:74)
	at com.kms.katalon.core.webui.keyword.builtin.ClickKeyword.execute(ClickKeyword.groovy:40)
	at com.kms.katalon.core.keyword.internal.KeywordExecutor.executeKeywordForPlatform(KeywordExecutor.groovy:74)
	at com.kms.katalon.core.webui.keyword.WebUiBuiltInKeywords.click(WebUiBuiltInKeywords.groovy:620)
	at com.kms.katalon.core.webui.keyword.WebUiBuiltInKeywords$click$2.call(Unknown Source)
	at Script1689583147608.run(Script1689583147608.groovy:83)
	... 13 more
)
[[ATTACHMENT|C:\\Users\\htminh\\git\\test3\\Reports\\20230725_105637\\LC\\20230725_105637\\1690257525092.png]]]]></system-out>
         <system-err><![CDATA[2023-07-25 10:56:48 - [TEST_CASE][FAILED] - Test Cases/LC/Cart: Test Cases/LC/Cart FAILED.
Reason:
com.kms.katalon.core.exception.StepFailedException: Unable to click on object 'Object Repository/Cart/Page_Vite  React  TS/button_apply'
	at com.kms.katalon.core.webui.keyword.internal.WebUIKeywordMain.stepFailed(WebUIKeywordMain.groovy:64)
	at com.kms.katalon.core.webui.keyword.internal.WebUIKeywordMain.runKeyword(WebUIKeywordMain.groovy:26)
	at com.kms.katalon.core.webui.keyword.builtin.ClickKeyword.click(ClickKeyword.groovy:74)
	at com.kms.katalon.core.webui.keyword.builtin.ClickKeyword.execute(ClickKeyword.groovy:40)
	at com.kms.katalon.core.keyword.internal.KeywordExecutor.executeKeywordForPlatform(KeywordExecutor.groovy:74)
	at com.kms.katalon.core.webui.keyword.WebUiBuiltInKeywords.click(WebUiBuiltInKeywords.groovy:620)
	at com.kms.katalon.core.webui.keyword.WebUiBuiltInKeywords$click$2.call(Unknown Source)
	at Cart.run(Cart:83)
	at com.kms.katalon.core.main.ScriptEngine.run(ScriptEngine.java:194)
	at com.kms.katalon.core.main.ScriptEngine.runScriptAsRawText(ScriptEngine.java:119)
	at com.kms.katalon.core.main.TestCaseExecutor.runScript(TestCaseExecutor.java:448)
	at com.kms.katalon.core.main.TestCaseExecutor.doExecute(TestCaseExecutor.java:439)
	at com.kms.katalon.core.main.TestCaseExecutor.processExecutionPhase(TestCaseExecutor.java:418)
	at com.kms.katalon.core.main.TestCaseExecutor.accessMainPhase(TestCaseExecutor.java:410)
	at com.kms.katalon.core.main.TestCaseExecutor.execute(TestCaseExecutor.java:285)
	at com.kms.katalon.core.common.CommonExecutor.accessTestCaseMainPhase(CommonExecutor.java:65)
	at com.kms.katalon.core.main.TestSuiteExecutor.accessTestSuiteMainPhase(TestSuiteExecutor.java:148)
	at com.kms.katalon.core.main.TestSuiteExecutor.execute(TestSuiteExecutor.java:106)
	at com.kms.katalon.core.main.TestCaseMain.startTestSuite(TestCaseMain.java:187)
	at com.kms.katalon.core.main.TestCaseMain$startTestSuite$0.call(Unknown Source)
	at TempTestSuite1690257397520.run(TempTestSuite1690257397520.groovy:36)
Caused by: org.openqa.selenium.ElementClickInterceptedException: element click intercepted: Element <button type="button" class="chakra-button css-upv2ae">...</button> is not clickable at point (936, 514). Other element would receive the click: <div class="swal2-container swal2-center swal2-backdrop-hide" style="overflow-y: hidden;">...</div>
  (Session info: chrome=114.0.5735.248)
Build info: version: '3.141.59', revision: 'e82be7d358', time: '2018-11-14T08:25:53'
System info: host: 'DN-AAVN-WS-650', ip: '192.168.79.183', os.name: 'Windows 10', os.arch: 'amd64', os.version: '10.0', java.version: '1.8.0_362'
Driver info: com.kms.katalon.selenium.driver.CChromeDriver
Capabilities {acceptInsecureCerts: false, browserName: chrome, browserVersion: 114.0.5735.248, chrome: {chromedriverVersion: 113.0.5672.24 (65f30d4e8051..., userDataDir: C:\Users\htminh\AppData\Loc...}, goog:chromeOptions: {debuggerAddress: localhost:53302}, javascriptEnabled: true, networkConnectionEnabled: false, pageLoadStrategy: normal, platform: WINDOWS, platformName: WINDOWS, proxy: Proxy(), setWindowRect: true, strictFileInteractability: false, timeouts: {implicit: 0, pageLoad: 300000, script: 30000}, unhandledPromptBehavior: dismiss and notify, webauthn:extension:credBlob: true, webauthn:extension:largeBlob: true, webauthn:extension:minPinLength: true, webauthn:extension:prf: true, webauthn:virtualAuthenticators: true}
Session ID: b4aefdcdc9c8d13756d303f3cdb55a4f
	at org.openqa.selenium.remote.http.W3CHttpResponseCodec.createException(W3CHttpResponseCodec.java:187)
	at org.openqa.selenium.remote.http.W3CHttpResponseCodec.decode(W3CHttpResponseCodec.java:122)
	at org.openqa.selenium.remote.http.W3CHttpResponseCodec.decode(W3CHttpResponseCodec.java:49)
	at org.openqa.selenium.remote.HttpCommandExecutor.execute(HttpCommandExecutor.java:158)
	at org.openqa.selenium.remote.service.DriverCommandExecutor.execute(DriverCommandExecutor.java:83)
	at org.openqa.selenium.remote.RemoteWebDriver.execute(RemoteWebDriver.java:552)
	at com.kms.katalon.selenium.driver.CChromeDriver.execute(CChromeDriver.java:19)
	at org.openqa.selenium.remote.RemoteWebElement.execute(RemoteWebElement.java:285)
	at org.openqa.selenium.remote.RemoteWebElement.click(RemoteWebElement.java:84)
	at org.openqa.selenium.support.events.EventFiringWebDriver$EventFiringWebElement.lambda$new$0(EventFiringWebDriver.java:404)
	at com.sun.proxy.$Proxy11.click(Unknown Source)
	at org.openqa.selenium.support.events.EventFiringWebDriver$EventFiringWebElement.click(EventFiringWebDriver.java:417)
	at org.openqa.selenium.WebElement$click.call(Unknown Source)
	at com.kms.katalon.core.webui.keyword.builtin.ClickKeyword.clickUntilSuccessWithTimeout(ClickKeyword.groovy:81)
	at com.kms.katalon.core.webui.keyword.builtin.ClickKeyword.clickUntilSuccessWithTimeout(ClickKeyword.groovy)
	at com.kms.katalon.core.webui.keyword.builtin.ClickKeyword$_click_closure1.doCall(ClickKeyword.groovy:67)
	at com.kms.katalon.core.webui.keyword.builtin.ClickKeyword$_click_closure1.call(ClickKeyword.groovy)
	at com.kms.katalon.core.webui.keyword.internal.WebUIKeywordMain.runKeyword(WebUIKeywordMain.groovy:20)
	... 19 more]]></system-err>
      </testcase>
      <testcase name="Test Cases/LC/Filter" time="38.406" classname="Test Cases/LC/Filter" status="PASSED">
         <system-out><![CDATA[2023-07-25 10:58:45 - [TEST_CASE][PASSED] - Test Cases/LC/Filter: Test Cases/LC/Filter

2023-07-25 10:58:45 - [TEST_STEP][PASSED] - openBrowser(""): Browser is opened with url: ''

2023-07-25 10:58:45 - [MESSAGE][WARNING] - A browser is already opened. Closing browser and opening a new one

2023-07-25 10:58:46 - [MESSAGE][INFO] - Starting 'Chrome' driver

2023-07-25 10:58:46 - [MESSAGE][INFO] - Action delay is set to 0 milliseconds

2023-07-25 10:58:48 - [MESSAGE][PASSED] - Browser is opened with url: ''

2023-07-25 10:58:48 - [TEST_STEP][PASSED] - navigateToUrl("http://localhost:5173/"): Navigate to 'http://localhost:5173/' successfully

2023-07-25 10:58:49 - [MESSAGE][PASSED] - Navigate to 'http://localhost:5173/' successfully

2023-07-25 10:58:49 - [TEST_STEP][PASSED] - maximizeWindow(): Current window maximized

2023-07-25 10:58:50 - [MESSAGE][PASSED] - Current window maximized

2023-07-25 10:58:50 - [TEST_STEP][PASSED] - click(findTestObject("Filter/Page_Vite  React  TS/p_product")): Object: 'Object Repository/Filter/Page_Vite  React  TS/p_product' is clicked on

2023-07-25 10:58:50 - [MESSAGE][PASSED] - Object: 'Object Repository/Filter/Page_Vite  React  TS/p_product' is clicked on

2023-07-25 10:58:50 - [TEST_STEP][PASSED] - delay(8): Delayed 8 second(s)

2023-07-25 10:58:58 - [MESSAGE][PASSED] - Delayed 8 second(s)

2023-07-25 10:58:58 - [TEST_STEP][PASSED] - dragAndDropToObject(findTestObject("Filter/Page_Vite  React  TS/div_by price_example-track example-track-1"), findTestObject("Filter/Page_Vite  React  TS/div_by price_example-thumb example-thumb-0 active")): Dragged object with id 'Object Repository/Filter/Page_Vite  React  TS/div_by price_example-track example-track-1' to object with id 'TestObject - 'Object Repository/Filter/Page_Vite  React  TS/div_by price_example-thumb example-thumb-0 active'' successfully

2023-07-25 10:59:00 - [MESSAGE][PASSED] - Dragged object with id 'Object Repository/Filter/Page_Vite  React  TS/div_by price_example-track example-track-1' to object with id 'TestObject - 'Object Repository/Filter/Page_Vite  React  TS/div_by price_example-thumb example-thumb-0 active'' successfully

2023-07-25 10:59:00 - [TEST_STEP][PASSED] - selectOptionByValue(findTestObject("Object Repository/Filter/Page_Vite  React  TS/select_allKhMinhhonag (1)"), "20", true): All options with value '20' are selected in object 'Object Repository/Filter/Page_Vite  React  TS/select_allKhMinhhonag (1)'  using regular expression

2023-07-25 10:59:05 - [MESSAGE][PASSED] - All options with value '20' are selected in object 'Object Repository/Filter/Page_Vite  React  TS/select_allKhMinhhonag (1)'  using regular expression

2023-07-25 10:59:05 - [TEST_STEP][PASSED] - delay(8): Delayed 8 second(s)

2023-07-25 10:59:13 - [MESSAGE][PASSED] - Delayed 8 second(s)

2023-07-25 10:59:13 - [TEST_STEP][PASSED] - verifyElementText(findTestObject("Object Repository/Filter/Page_Vite  React  TS/p_There is no result found"), "There is no result found"): Actual text and expected text of test object 'Object Repository/Filter/Page_Vite  React  TS/p_There is no result found' are matched.

2023-07-25 10:59:14 - [MESSAGE][PASSED] - Actual text and expected text of test object 'Object Repository/Filter/Page_Vite  React  TS/p_There is no result found' are matched.

2023-07-25 10:59:14 - [TEST_STEP][PASSED] - selectOptionByValue(findTestObject("Object Repository/Filter/Page_Vite  React  TS/select_allKhMinhhonag (1)"), "15", true): All options with value '15' are selected in object 'Object Repository/Filter/Page_Vite  React  TS/select_allKhMinhhonag (1)'  using regular expression

2023-07-25 10:59:15 - [MESSAGE][PASSED] - All options with value '15' are selected in object 'Object Repository/Filter/Page_Vite  React  TS/select_allKhMinhhonag (1)'  using regular expression

2023-07-25 10:59:15 - [TEST_STEP][PASSED] - delay(8): Delayed 8 second(s)

2023-07-25 10:59:23 - [MESSAGE][PASSED] - Delayed 8 second(s)

2023-07-25 10:59:23 - [TEST_STEP][PASSED] - closeBrowser(): Browser is closed

2023-07-25 10:59:23 - [MESSAGE][PASSED] - Browser is closed]]></system-out>
         <system-err><![CDATA[]]></system-err>
      </testcase>
      <testcase name="Test Cases/LC/Searching" time="54.124" classname="Test Cases/LC/Searching" status="PASSED">
         <system-out><![CDATA[2023-07-25 10:59:23 - [TEST_CASE][PASSED] - Test Cases/LC/Searching: Test Cases/LC/Searching

2023-07-25 10:59:24 - [TEST_STEP][PASSED] - openBrowser(""): Browser is opened with url: ''

2023-07-25 10:59:24 - [MESSAGE][INFO] - Starting 'Chrome' driver

2023-07-25 10:59:24 - [MESSAGE][INFO] - Action delay is set to 0 milliseconds

2023-07-25 10:59:25 - [MESSAGE][PASSED] - Browser is opened with url: ''

2023-07-25 10:59:25 - [TEST_STEP][PASSED] - navigateToUrl("http://localhost:5173/"): Navigate to 'http://localhost:5173/' successfully

2023-07-25 10:59:27 - [MESSAGE][PASSED] - Navigate to 'http://localhost:5173/' successfully

2023-07-25 10:59:27 - [TEST_STEP][PASSED] - maximizeWindow(): Current window maximized

2023-07-25 10:59:27 - [MESSAGE][PASSED] - Current window maximized

2023-07-25 10:59:27 - [TEST_STEP][PASSED] - click(findTestObject("Object Repository/Searching/Page_Vite  React  TS/p_product")): Object: 'Object Repository/Searching/Page_Vite  React  TS/p_product' is clicked on

2023-07-25 10:59:28 - [MESSAGE][PASSED] - Object: 'Object Repository/Searching/Page_Vite  React  TS/p_product' is clicked on

2023-07-25 10:59:28 - [TEST_STEP][PASSED] - setText(findTestObject("Object Repository/Searching/Page_Vite  React  TS/input_The best offer that we offer to the w_af0838"), "Bún"): Text 'Bún' is set on object 'Object Repository/Searching/Page_Vite  React  TS/input_The best offer that we offer to the w_af0838'

2023-07-25 10:59:32 - [MESSAGE][PASSED] - Text 'Bún' is set on object 'Object Repository/Searching/Page_Vite  React  TS/input_The best offer that we offer to the w_af0838'

2023-07-25 10:59:32 - [TEST_STEP][PASSED] - click(findTestObject("Object Repository/Searching/Page_Vite  React  TS/div_Local specialtys areasThe best offer th_96ccf5")): Object: 'Object Repository/Searching/Page_Vite  React  TS/div_Local specialtys areasThe best offer th_96ccf5' is clicked on

2023-07-25 10:59:36 - [MESSAGE][PASSED] - Object: 'Object Repository/Searching/Page_Vite  React  TS/div_Local specialtys areasThe best offer th_96ccf5' is clicked on

2023-07-25 10:59:36 - [TEST_STEP][PASSED] - click(findTestObject("Object Repository/Searching/Page_Vite  React  TS/img_by category_chakra-image css-lxd7e7")): Object: 'Object Repository/Searching/Page_Vite  React  TS/img_by category_chakra-image css-lxd7e7' is clicked on

2023-07-25 10:59:36 - [MESSAGE][PASSED] - Object: 'Object Repository/Searching/Page_Vite  React  TS/img_by category_chakra-image css-lxd7e7' is clicked on

2023-07-25 10:59:36 - [TEST_STEP][PASSED] - click(findTestObject("Object Repository/Searching/Page_Vite  React  TS/button_Reviews")): Object: 'Object Repository/Searching/Page_Vite  React  TS/button_Reviews' is clicked on

2023-07-25 10:59:40 - [MESSAGE][PASSED] - Object: 'Object Repository/Searching/Page_Vite  React  TS/button_Reviews' is clicked on

2023-07-25 10:59:40 - [TEST_STEP][PASSED] - click(findTestObject("Object Repository/Searching/Page_Vite  React  TS/button_Description")): Object: 'Object Repository/Searching/Page_Vite  React  TS/button_Description' is clicked on

2023-07-25 10:59:40 - [MESSAGE][PASSED] - Object: 'Object Repository/Searching/Page_Vite  React  TS/button_Description' is clicked on

2023-07-25 10:59:40 - [TEST_STEP][PASSED] - click(findTestObject("Object Repository/Searching/Page_Vite  React  TS/button_Reviews")): Object: 'Object Repository/Searching/Page_Vite  React  TS/button_Reviews' is clicked on

2023-07-25 10:59:41 - [MESSAGE][PASSED] - Object: 'Object Repository/Searching/Page_Vite  React  TS/button_Reviews' is clicked on

2023-07-25 10:59:41 - [TEST_STEP][PASSED] - click(findTestObject("Object Repository/Searching/Page_Vite  React  TS/div_Add to cart_swiper-button-next")): Object: 'Object Repository/Searching/Page_Vite  React  TS/div_Add to cart_swiper-button-next' is clicked on

2023-07-25 10:59:41 - [MESSAGE][PASSED] - Object: 'Object Repository/Searching/Page_Vite  React  TS/div_Add to cart_swiper-button-next' is clicked on

2023-07-25 10:59:41 - [TEST_STEP][PASSED] - doubleClick(findTestObject("Object Repository/Searching/Page_Vite  React  TS/div_Add to cart_swiper-button-next")): Object: 'Object Repository/Searching/Page_Vite  React  TS/div_Add to cart_swiper-button-next' is double clicked on

2023-07-25 10:59:42 - [MESSAGE][PASSED] - Object: 'Object Repository/Searching/Page_Vite  React  TS/div_Add to cart_swiper-button-next' is double clicked on

2023-07-25 10:59:42 - [TEST_STEP][PASSED] - click(findTestObject("Object Repository/Searching/Page_Vite  React  TS/div_Add to cart_swiper-button-next")): Object: 'Object Repository/Searching/Page_Vite  React  TS/div_Add to cart_swiper-button-next' is clicked on

2023-07-25 10:59:42 - [MESSAGE][PASSED] - Object: 'Object Repository/Searching/Page_Vite  React  TS/div_Add to cart_swiper-button-next' is clicked on

2023-07-25 10:59:42 - [TEST_STEP][PASSED] - click(findTestObject("Object Repository/Searching/Page_Vite  React  TS/div_Add to cart_swiper-button-next")): Object: 'Object Repository/Searching/Page_Vite  React  TS/div_Add to cart_swiper-button-next' is clicked on

2023-07-25 10:59:43 - [MESSAGE][PASSED] - Object: 'Object Repository/Searching/Page_Vite  React  TS/div_Add to cart_swiper-button-next' is clicked on

2023-07-25 10:59:43 - [TEST_STEP][PASSED] - click(findTestObject("Object Repository/Searching/Page_Vite  React  TS/p_Show more")): Object: 'Object Repository/Searching/Page_Vite  React  TS/p_Show more' is clicked on

2023-07-25 10:59:43 - [MESSAGE][PASSED] - Object: 'Object Repository/Searching/Page_Vite  React  TS/p_Show more' is clicked on

2023-07-25 10:59:43 - [TEST_STEP][PASSED] - click(findTestObject("Object Repository/Searching/Page_Vite  React  TS/p_Show less")): Object: 'Object Repository/Searching/Page_Vite  React  TS/p_Show less' is clicked on

2023-07-25 10:59:44 - [MESSAGE][PASSED] - Object: 'Object Repository/Searching/Page_Vite  React  TS/p_Show less' is clicked on

2023-07-25 10:59:44 - [TEST_STEP][PASSED] - click(findTestObject("Object Repository/Searching/Page_Vite  React  TS/svg_Add to cart_chakra-icon css-a7mwtc")): Object: 'Object Repository/Searching/Page_Vite  React  TS/svg_Add to cart_chakra-icon css-a7mwtc' is clicked on

2023-07-25 10:59:44 - [MESSAGE][PASSED] - Object: 'Object Repository/Searching/Page_Vite  React  TS/svg_Add to cart_chakra-icon css-a7mwtc' is clicked on

2023-07-25 10:59:44 - [TEST_STEP][PASSED] - setText(findTestObject("Object Repository/Searching/Page_Vite  React  TS/input_Add to cart_chakra-input css-108b1as"), "23456789"): Text '23456789' is set on object 'Object Repository/Searching/Page_Vite  React  TS/input_Add to cart_chakra-input css-108b1as'

2023-07-25 10:59:45 - [MESSAGE][PASSED] - Text '23456789' is set on object 'Object Repository/Searching/Page_Vite  React  TS/input_Add to cart_chakra-input css-108b1as'

2023-07-25 10:59:45 - [TEST_STEP][PASSED] - click(findTestObject("Object Repository/Searching/Page_Vite  React  TS/button_Add to cart")): Object: 'Object Repository/Searching/Page_Vite  React  TS/button_Add to cart' is clicked on

2023-07-25 10:59:45 - [MESSAGE][PASSED] - Object: 'Object Repository/Searching/Page_Vite  React  TS/button_Add to cart' is clicked on

2023-07-25 10:59:45 - [TEST_STEP][PASSED] - verifyElementPresent(findTestObject("Object Repository/Searching/Page_Vite  React  TS/div_You item already in shopping cart"), 0): Object 'Object Repository/Searching/Page_Vite  React  TS/div_You item already in shopping cart' is present

2023-07-25 10:59:46 - [MESSAGE][WARNING] - Timeout '0' is invalid. Using default page load timeout: '30'

2023-07-25 10:59:46 - [MESSAGE][PASSED] - Object 'Object Repository/Searching/Page_Vite  React  TS/div_You item already in shopping cart' is present

2023-07-25 10:59:46 - [TEST_STEP][PASSED] - verifyElementPresent(findTestObject("Object Repository/Searching/Page_Vite  React  TS/div_Successfully"), 0): Object 'Object Repository/Searching/Page_Vite  React  TS/div_Successfully' is present

2023-07-25 10:59:46 - [MESSAGE][WARNING] - Timeout '0' is invalid. Using default page load timeout: '30'

2023-07-25 10:59:46 - [MESSAGE][PASSED] - Object 'Object Repository/Searching/Page_Vite  React  TS/div_Successfully' is present

2023-07-25 10:59:46 - [TEST_STEP][PASSED] - click(findTestObject("Object Repository/Searching/Page_Vite  React  TS/p_product")): Object: 'Object Repository/Searching/Page_Vite  React  TS/p_product' is clicked on

2023-07-25 10:59:47 - [MESSAGE][PASSED] - Object: 'Object Repository/Searching/Page_Vite  React  TS/p_product' is clicked on

2023-07-25 10:59:47 - [TEST_STEP][PASSED] - setText(findTestObject("Object Repository/Searching/Page_Vite  React  TS/input_The best offer that we offer to the w_af0838"), "Bánh tráng 73"): Text 'Bánh tráng 73' is set on object 'Object Repository/Searching/Page_Vite  React  TS/input_The best offer that we offer to the w_af0838'

2023-07-25 10:59:52 - [MESSAGE][PASSED] - Text 'Bánh tráng 73' is set on object 'Object Repository/Searching/Page_Vite  React  TS/input_The best offer that we offer to the w_af0838'

2023-07-25 10:59:52 - [TEST_STEP][PASSED] - verifyElementText(findTestObject("Object Repository/Searching/Page_Vite  React  TS/p_There is no result found with keyword Bnh_3d0075"), "There is no result found with keyword: Bánh tráng 73"): Actual text and expected text of test object 'Object Repository/Searching/Page_Vite  React  TS/p_There is no result found with keyword Bnh_3d0075' are matched.

2023-07-25 10:59:56 - [MESSAGE][PASSED] - Actual text and expected text of test object 'Object Repository/Searching/Page_Vite  React  TS/p_There is no result found with keyword Bnh_3d0075' are matched.

2023-07-25 10:59:56 - [TEST_STEP][PASSED] - click(findTestObject("Object Repository/Searching/Page_Vite  React  TS/div_The best offer that we offer to the wor_ba291f")): Object: 'Object Repository/Searching/Page_Vite  React  TS/div_The best offer that we offer to the wor_ba291f' is clicked on

2023-07-25 10:59:56 - [MESSAGE][PASSED] - Object: 'Object Repository/Searching/Page_Vite  React  TS/div_The best offer that we offer to the wor_ba291f' is clicked on

2023-07-25 10:59:56 - [TEST_STEP][PASSED] - setText(findTestObject("Object Repository/Searching/Page_Vite  React  TS/input_The best offer that we offer to the w_af0838"), "@#$%^&*()"): Text '@#$%^&*()' is set on object 'Object Repository/Searching/Page_Vite  React  TS/input_The best offer that we offer to the w_af0838'

2023-07-25 10:59:57 - [MESSAGE][PASSED] - Text '@#$%^&*()' is set on object 'Object Repository/Searching/Page_Vite  React  TS/input_The best offer that we offer to the w_af0838'

2023-07-25 10:59:57 - [TEST_STEP][PASSED] - click(findTestObject("Object Repository/Searching/Page_Vite  React  TS/div_Local specialtys areasThe best offer th_96ccf5")): Object: 'Object Repository/Searching/Page_Vite  React  TS/div_Local specialtys areasThe best offer th_96ccf5' is clicked on

2023-07-25 10:59:58 - [MESSAGE][PASSED] - Object: 'Object Repository/Searching/Page_Vite  React  TS/div_Local specialtys areasThe best offer th_96ccf5' is clicked on

2023-07-25 10:59:58 - [TEST_STEP][PASSED] - verifyElementText(findTestObject("Object Repository/Searching/Page_Vite  React  TS/p_There is no result found with keyword ()"), "There is no result found with keyword: @#$%^&*()"): Actual text and expected text of test object 'Object Repository/Searching/Page_Vite  React  TS/p_There is no result found with keyword ()' are matched.

2023-07-25 11:00:02 - [MESSAGE][PASSED] - Actual text and expected text of test object 'Object Repository/Searching/Page_Vite  React  TS/p_There is no result found with keyword ()' are matched.

2023-07-25 11:00:02 - [TEST_STEP][PASSED] - setText(findTestObject("Object Repository/Searching/Page_Vite  React  TS/input_The best offer that we offer to the w_af0838"), "34567890"): Text '34567890' is set on object 'Object Repository/Searching/Page_Vite  React  TS/input_The best offer that we offer to the w_af0838'

2023-07-25 11:00:03 - [MESSAGE][PASSED] - Text '34567890' is set on object 'Object Repository/Searching/Page_Vite  React  TS/input_The best offer that we offer to the w_af0838'

2023-07-25 11:00:03 - [TEST_STEP][PASSED] - verifyElementText(findTestObject("Object Repository/Searching/Page_Vite  React  TS/p_There is no result found with keyword 34567890"), "There is no result found with keyword: 34567890"): Actual text and expected text of test object 'Object Repository/Searching/Page_Vite  React  TS/p_There is no result found with keyword 34567890' are matched.

2023-07-25 11:00:06 - [MESSAGE][PASSED] - Actual text and expected text of test object 'Object Repository/Searching/Page_Vite  React  TS/p_There is no result found with keyword 34567890' are matched.

2023-07-25 11:00:06 - [TEST_STEP][PASSED] - click(findTestObject("Object Repository/Searching/Page_Vite  React  TS/div_Local specialtys areasThe best offer th_e97193")): Object: 'Object Repository/Searching/Page_Vite  React  TS/div_Local specialtys areasThe best offer th_e97193' is clicked on

2023-07-25 11:00:07 - [MESSAGE][PASSED] - Object: 'Object Repository/Searching/Page_Vite  React  TS/div_Local specialtys areasThe best offer th_e97193' is clicked on

2023-07-25 11:00:07 - [TEST_STEP][PASSED] - setText(findTestObject("Object Repository/Searching/Page_Vite  React  TS/input_The best offer that we offer to the w_af0838"), " Soaked the sticky rice overnight, then drain and shake with salt.  - Soak crushed mung beans in water for 2-4 hours, wash away the husks, cook,  grind, and shape them into fist-sized balls  - Cut the pork into squares and season them with salt, pepper, and minced onion.  - Place dong leaves on a flat surface; put a small bowl portion of rice on it, sprinkle on half of a mong bean ball, place 2 pork squares in the middle, sprinkle on the other half of the mung bean ball, and cover with another small bowl portion of rice. Fold the leaves over, wrap the cake into a square shape, and tie it with bamboo strings.  - Place cakes in a pot padded with dong leaf stalks, pour in enough water to submerge the cakes, and boil on high heat. As the water boils off, add enough to keep the cakes submerged. Boil continuously for 12 hours. After the cakes are taken from the pot, press them to remove excess water. Soaked the sticky rice overnight, then drain and shake with salt.  - Soak crushed mung beans in water for 2-4 hours, wash away the husks, cook,  grind, and shape them into fist-sized balls  - Cut the pork into squares and season them with salt, pepper, and minced onion.  - Place dong leaves on a flat surface; put a small bowl portion of rice on it, sprinkle on half of a mong bean ball, place 2 pork squares in the middle, sprinkle on the other half of the mung bean ball, and cover with another small bowl portion of rice. Fold the leaves over, wrap the cake into a square shape, and tie it with bamboo strings.  - Place cakes in a pot padded with dong leaf stalks, pour in enough water to submerge the cakes, and boil on high heat. As the water boils off, add enough to keep the cakes submerged. Boil continuously for 12 hours. After the cakes are taken from the pot, press them to remove excess water."): Text ' Soaked the sticky rice overnight, then drain and shake with salt.  - Soak crushed mung beans in water for 2-4 hours, wash away the husks, cook,  grind, and shape them into fist-sized balls  - Cut the pork into squares and season them with salt, pepper, and minced onion.  - Place dong leaves on a flat surface; put a small bowl portion of rice on it, sprinkle on half of a mong bean ball, place 2 pork squares in the middle, sprinkle on the other half of the mung bean ball, and cover with another small bowl portion of rice. Fold the leaves over, wrap the cake into a square shape, and tie it with bamboo strings.  - Place cakes in a pot padded with dong leaf stalks, pour in enough water to submerge the cakes, and boil on high heat. As the water boils off, add enough to keep the cakes submerged. Boil continuously for 12 hours. After the cakes are taken from the pot, press them to remove excess water. Soaked the sticky rice overnight, then drain and shake with salt.  - Soak crushed mung beans in water for 2-4 hours, wash away the husks, cook,  grind, and shape them into fist-sized balls  - Cut the pork into squares and season them with salt, pepper, and minced onion.  - Place dong leaves on a flat surface; put a small bowl portion of rice on it, sprinkle on half of a mong bean ball, place 2 pork squares in the middle, sprinkle on the other half of the mung bean ball, and cover with another small bowl portion of rice. Fold the leaves over, wrap the cake into a square shape, and tie it with bamboo strings.  - Place cakes in a pot padded with dong leaf stalks, pour in enough water to submerge the cakes, and boil on high heat. As the water boils off, add enough to keep the cakes submerged. Boil continuously for 12 hours. After the cakes are taken from the pot, press them to remove excess water.' is set on object 'Object Repository/Searching/Page_Vite  React  TS/input_The best offer that we offer to the w_af0838'

2023-07-25 11:00:09 - [MESSAGE][PASSED] - Text ' Soaked the sticky rice overnight, then drain and shake with salt.  - Soak crushed mung beans in water for 2-4 hours, wash away the husks, cook,  grind, and shape them into fist-sized balls  - Cut the pork into squares and season them with salt, pepper, and minced onion.  - Place dong leaves on a flat surface; put a small bowl portion of rice on it, sprinkle on half of a mong bean ball, place 2 pork squares in the middle, sprinkle on the other half of the mung bean ball, and cover with another small bowl portion of rice. Fold the leaves over, wrap the cake into a square shape, and tie it with bamboo strings.  - Place cakes in a pot padded with dong leaf stalks, pour in enough water to submerge the cakes, and boil on high heat. As the water boils off, add enough to keep the cakes submerged. Boil continuously for 12 hours. After the cakes are taken from the pot, press them to remove excess water. Soaked the sticky rice overnight, then drain and shake with salt.  - Soak crushed mung beans in water for 2-4 hours, wash away the husks, cook,  grind, and shape them into fist-sized balls  - Cut the pork into squares and season them with salt, pepper, and minced onion.  - Place dong leaves on a flat surface; put a small bowl portion of rice on it, sprinkle on half of a mong bean ball, place 2 pork squares in the middle, sprinkle on the other half of the mung bean ball, and cover with another small bowl portion of rice. Fold the leaves over, wrap the cake into a square shape, and tie it with bamboo strings.  - Place cakes in a pot padded with dong leaf stalks, pour in enough water to submerge the cakes, and boil on high heat. As the water boils off, add enough to keep the cakes submerged. Boil continuously for 12 hours. After the cakes are taken from the pot, press them to remove excess water.' is set on object 'Object Repository/Searching/Page_Vite  React  TS/input_The best offer that we offer to the w_af0838'

2023-07-25 11:00:09 - [TEST_STEP][PASSED] - verifyElementText(findTestObject("Object Repository/Searching/Page_Vite  React  TS/p_Too many characters, Enter major again"), "Too many characters, Enter major again"): Actual text and expected text of test object 'Object Repository/Searching/Page_Vite  React  TS/p_Too many characters, Enter major again' are matched.

2023-07-25 11:00:10 - [MESSAGE][PASSED] - Actual text and expected text of test object 'Object Repository/Searching/Page_Vite  React  TS/p_Too many characters, Enter major again' are matched.

2023-07-25 11:00:10 - [TEST_STEP][PASSED] - setText(findTestObject("Object Repository/Searching/Page_Vite  React  TS/input_The best offer that we offer to the w_af0838"), "' or 1=1--"): Text '' or 1=1--' is set on object 'Object Repository/Searching/Page_Vite  React  TS/input_The best offer that we offer to the w_af0838'

2023-07-25 11:00:11 - [MESSAGE][PASSED] - Text '' or 1=1--' is set on object 'Object Repository/Searching/Page_Vite  React  TS/input_The best offer that we offer to the w_af0838'

2023-07-25 11:00:11 - [TEST_STEP][PASSED] - click(findTestObject("Object Repository/Searching/Page_Vite  React  TS/div_Local specialtys areasThe best offer th_d9771b")): Object: 'Object Repository/Searching/Page_Vite  React  TS/div_Local specialtys areasThe best offer th_d9771b' is clicked on

2023-07-25 11:00:12 - [MESSAGE][PASSED] - Object: 'Object Repository/Searching/Page_Vite  React  TS/div_Local specialtys areasThe best offer th_d9771b' is clicked on

2023-07-25 11:00:12 - [TEST_STEP][PASSED] - verifyElementText(findTestObject("Object Repository/Searching/Page_Vite  React  TS/p_There is no result found with keyword  or 11--"), "There is no result found with keyword: ' or 1=1--"): Actual text and expected text of test object 'Object Repository/Searching/Page_Vite  React  TS/p_There is no result found with keyword  or 11--' are matched.

2023-07-25 11:00:14 - [MESSAGE][PASSED] - Actual text and expected text of test object 'Object Repository/Searching/Page_Vite  React  TS/p_There is no result found with keyword  or 11--' are matched.

2023-07-25 11:00:14 - [TEST_STEP][PASSED] - setText(findTestObject("Object Repository/Searching/Page_Vite  React  TS/input_The best offer that we offer to the w_af0838"), "<script>alert("hihiihi")</script>"): Text '<script>alert("hihiihi")</script>' is set on object 'Object Repository/Searching/Page_Vite  React  TS/input_The best offer that we offer to the w_af0838'

2023-07-25 11:00:15 - [MESSAGE][PASSED] - Text '<script>alert("hihiihi")</script>' is set on object 'Object Repository/Searching/Page_Vite  React  TS/input_The best offer that we offer to the w_af0838'

2023-07-25 11:00:15 - [TEST_STEP][PASSED] - verifyElementText(findTestObject("Object Repository/Searching/Page_Vite  React  TS/p_Invalid searching keyword"), "Invalid searching keyword"): Actual text and expected text of test object 'Object Repository/Searching/Page_Vite  React  TS/p_Invalid searching keyword' are matched.

2023-07-25 11:00:16 - [MESSAGE][PASSED] - Actual text and expected text of test object 'Object Repository/Searching/Page_Vite  React  TS/p_Invalid searching keyword' are matched.

2023-07-25 11:00:16 - [TEST_STEP][PASSED] - setText(findTestObject("Object Repository/Searching/Page_Vite  React  TS/input_The best offer that we offer to the w_af0838"), "b"): Text 'b' is set on object 'Object Repository/Searching/Page_Vite  React  TS/input_The best offer that we offer to the w_af0838'

2023-07-25 11:00:16 - [MESSAGE][PASSED] - Text 'b' is set on object 'Object Repository/Searching/Page_Vite  React  TS/input_The best offer that we offer to the w_af0838'

2023-07-25 11:00:16 - [TEST_STEP][PASSED] - verifyElementText(findTestObject("Object Repository/Searching/Page_Vite  React  TS/p_Searching keyword should be more than 1 letter"), "Searching keyword should be more than 1 letter"): Actual text and expected text of test object 'Object Repository/Searching/Page_Vite  React  TS/p_Searching keyword should be more than 1 letter' are matched.

2023-07-25 11:00:17 - [MESSAGE][PASSED] - Actual text and expected text of test object 'Object Repository/Searching/Page_Vite  React  TS/p_Searching keyword should be more than 1 letter' are matched.

2023-07-25 11:00:17 - [TEST_STEP][PASSED] - closeBrowser(): Browser is closed

2023-07-25 11:00:18 - [MESSAGE][PASSED] - Browser is closed]]></system-out>
         <system-err><![CDATA[]]></system-err>
      </testcase>
      <testcase name="Test Cases/getValue/test1" time="22.5" classname="Test Cases/getValue/test1" status="PASSED">
         <system-out><![CDATA[2023-07-25 11:00:18 - [TEST_CASE][PASSED] - Test Cases/getValue/test1: Test Cases/getValue/test1

2023-07-25 11:00:18 - [TEST_STEP][PASSED] - openBrowser(""): Browser is opened with url: ''

2023-07-25 11:00:18 - [MESSAGE][INFO] - Starting 'Chrome' driver

2023-07-25 11:00:18 - [MESSAGE][INFO] - Action delay is set to 0 milliseconds

2023-07-25 11:00:19 - [MESSAGE][PASSED] - Browser is opened with url: ''

2023-07-25 11:00:19 - [TEST_STEP][PASSED] - navigateToUrl("http://localhost:5173"): Navigate to 'http://localhost:5173' successfully

2023-07-25 11:00:21 - [MESSAGE][PASSED] - Navigate to 'http://localhost:5173' successfully

2023-07-25 11:00:21 - [TEST_STEP][PASSED] - click(findTestObject("hmmm/Page_Vite  React  TS/p_product")): Object: 'Object Repository/hmmm/Page_Vite  React  TS/p_product' is clicked on

2023-07-25 11:00:22 - [MESSAGE][PASSED] - Object: 'Object Repository/hmmm/Page_Vite  React  TS/p_product' is clicked on

2023-07-25 11:00:22 - [TEST_STEP][PASSED] - minVal = <not implemented yet for class: org.codehaus.groovy.ast.expr.EmptyExpression>: null

2023-07-25 11:00:22 - [TEST_STEP][PASSED] - maxVal = <not implemented yet for class: org.codehaus.groovy.ast.expr.EmptyExpression>: null

2023-07-25 11:00:22 - [TEST_STEP][PASSED] - getValue = <not implemented yet for class: org.codehaus.groovy.ast.expr.EmptyExpression>: null

2023-07-25 11:00:22 - [TEST_STEP][PASSED] - allPrice = <not implemented yet for class: org.codehaus.groovy.ast.expr.EmptyExpression>: null

2023-07-25 11:00:22 - [TEST_STEP][PASSED] - waitForElementPresent(findTestObject("Object Repository/test/minValue"), 20): Object 'Object Repository/test/minValue' is present

2023-07-25 11:00:25 - [MESSAGE][PASSED] - Object 'Object Repository/test/minValue' is present

2023-07-25 11:00:25 - [TEST_STEP][PASSED] - delay(10): Delayed 10 second(s)

2023-07-25 11:00:35 - [MESSAGE][PASSED] - Delayed 10 second(s)

2023-07-25 11:00:35 - [TEST_STEP][PASSED] - minVal = getAttribute(findTestObject("Object Repository/test/minValue"), "aria-valuenow"): Attribute 'aria-valuenow' of object 'Object Repository/test/minValue' is: '0'

2023-07-25 11:00:36 - [MESSAGE][PASSED] - Attribute 'aria-valuenow' of object 'Object Repository/test/minValue' is: '0'

2023-07-25 11:00:36 - [TEST_STEP][PASSED] - myIntMin = minVal.toInteger(): null

2023-07-25 11:00:36 - [TEST_STEP][PASSED] - println(myIntMin.getClass()): null

2023-07-25 11:00:36 - [TEST_STEP][PASSED] - maxVal = getAttribute(findTestObject("Object Repository/test/maxValue"), "aria-valuenow"): Attribute 'aria-valuenow' of object 'Object Repository/test/maxValue' is: '6000000'

2023-07-25 11:00:36 - [MESSAGE][PASSED] - Attribute 'aria-valuenow' of object 'Object Repository/test/maxValue' is: '6000000'

2023-07-25 11:00:36 - [TEST_STEP][PASSED] - myIntMax = maxVal.toInteger(): null

2023-07-25 11:00:36 - [TEST_STEP][PASSED] - println(myIntMax.getClass()): null

2023-07-25 11:00:36 - [TEST_STEP][PASSED] - result = getText(findTestObject("Object Repository/test/Price")): Text of object 'Object Repository/test/Price' is: '6.000.000 ₫'

2023-07-25 11:00:36 - [MESSAGE][PASSED] - Text of object 'Object Repository/test/Price' is: '6.000.000 ₫'

2023-07-25 11:00:36 - [TEST_STEP][PASSED] - list = new java.util.ArrayList(): null

2023-07-25 11:00:36 - [TEST_STEP][PASSED] - for ([i = 1, i <= 9, (i++)]): Text of object '' is: '6.000.000 ₫'

2023-07-25 11:00:36 - [TEST_STEP][PASSED] - to = new com.kms.katalon.core.testobject.TestObject(): null

2023-07-25 11:00:36 - [TEST_STEP][PASSED] - to.addProperty("xpath", EQUALS, "//*[@id="root"]/div/div[2]/div/div[3]/div[2]/div[1]/div[" + i + "]/a/div/div/div/p "): null

2023-07-25 11:00:36 - [TEST_STEP][PASSED] - list.add(getText(to)): Text of object '' is: '6.000.000 ₫'

2023-07-25 11:00:37 - [MESSAGE][PASSED] - Text of object '' is: '6.000.000 ₫'

2023-07-25 11:00:37 - [TEST_STEP][PASSED] - to = new com.kms.katalon.core.testobject.TestObject(): null

2023-07-25 11:00:37 - [TEST_STEP][PASSED] - to.addProperty("xpath", EQUALS, "//*[@id="root"]/div/div[2]/div/div[3]/div[2]/div[1]/div[" + i + "]/a/div/div/div/p "): null

2023-07-25 11:00:37 - [TEST_STEP][PASSED] - list.add(getText(to)): Text of object '' is: '6.000.000 ₫'

2023-07-25 11:00:37 - [MESSAGE][PASSED] - Text of object '' is: '6.000.000 ₫'

2023-07-25 11:00:37 - [TEST_STEP][PASSED] - to = new com.kms.katalon.core.testobject.TestObject(): null

2023-07-25 11:00:37 - [TEST_STEP][PASSED] - to.addProperty("xpath", EQUALS, "//*[@id="root"]/div/div[2]/div/div[3]/div[2]/div[1]/div[" + i + "]/a/div/div/div/p "): null

2023-07-25 11:00:37 - [TEST_STEP][PASSED] - list.add(getText(to)): Text of object '' is: '6.000 ₫'

2023-07-25 11:00:37 - [MESSAGE][PASSED] - Text of object '' is: '6.000 ₫'

2023-07-25 11:00:37 - [TEST_STEP][PASSED] - to = new com.kms.katalon.core.testobject.TestObject(): null

2023-07-25 11:00:37 - [TEST_STEP][PASSED] - to.addProperty("xpath", EQUALS, "//*[@id="root"]/div/div[2]/div/div[3]/div[2]/div[1]/div[" + i + "]/a/div/div/div/p "): null

2023-07-25 11:00:37 - [TEST_STEP][PASSED] - list.add(getText(to)): Text of object '' is: '6.000.000 ₫'

2023-07-25 11:00:37 - [MESSAGE][PASSED] - Text of object '' is: '6.000.000 ₫'

2023-07-25 11:00:37 - [TEST_STEP][PASSED] - to = new com.kms.katalon.core.testobject.TestObject(): null

2023-07-25 11:00:37 - [TEST_STEP][PASSED] - to.addProperty("xpath", EQUALS, "//*[@id="root"]/div/div[2]/div/div[3]/div[2]/div[1]/div[" + i + "]/a/div/div/div/p "): null

2023-07-25 11:00:37 - [TEST_STEP][PASSED] - list.add(getText(to)): Text of object '' is: '6.000.000 ₫'

2023-07-25 11:00:38 - [MESSAGE][PASSED] - Text of object '' is: '6.000.000 ₫'

2023-07-25 11:00:38 - [TEST_STEP][PASSED] - to = new com.kms.katalon.core.testobject.TestObject(): null

2023-07-25 11:00:38 - [TEST_STEP][PASSED] - to.addProperty("xpath", EQUALS, "//*[@id="root"]/div/div[2]/div/div[3]/div[2]/div[1]/div[" + i + "]/a/div/div/div/p "): null

2023-07-25 11:00:38 - [TEST_STEP][PASSED] - list.add(getText(to)): Text of object '' is: '6.000.000 ₫'

2023-07-25 11:00:38 - [MESSAGE][PASSED] - Text of object '' is: '6.000.000 ₫'

2023-07-25 11:00:38 - [TEST_STEP][PASSED] - to = new com.kms.katalon.core.testobject.TestObject(): null

2023-07-25 11:00:38 - [TEST_STEP][PASSED] - to.addProperty("xpath", EQUALS, "//*[@id="root"]/div/div[2]/div/div[3]/div[2]/div[1]/div[" + i + "]/a/div/div/div/p "): null

2023-07-25 11:00:38 - [TEST_STEP][PASSED] - list.add(getText(to)): Text of object '' is: '6.000.000 ₫'

2023-07-25 11:00:38 - [MESSAGE][PASSED] - Text of object '' is: '6.000.000 ₫'

2023-07-25 11:00:38 - [TEST_STEP][PASSED] - to = new com.kms.katalon.core.testobject.TestObject(): null

2023-07-25 11:00:38 - [TEST_STEP][PASSED] - to.addProperty("xpath", EQUALS, "//*[@id="root"]/div/div[2]/div/div[3]/div[2]/div[1]/div[" + i + "]/a/div/div/div/p "): null

2023-07-25 11:00:38 - [TEST_STEP][PASSED] - list.add(getText(to)): Text of object '' is: '6.000.000 ₫'

2023-07-25 11:00:39 - [MESSAGE][PASSED] - Text of object '' is: '6.000.000 ₫'

2023-07-25 11:00:39 - [TEST_STEP][PASSED] - to = new com.kms.katalon.core.testobject.TestObject(): null

2023-07-25 11:00:39 - [TEST_STEP][PASSED] - to.addProperty("xpath", EQUALS, "//*[@id="root"]/div/div[2]/div/div[3]/div[2]/div[1]/div[" + i + "]/a/div/div/div/p "): null

2023-07-25 11:00:39 - [TEST_STEP][PASSED] - list.add(getText(to)): Text of object '' is: '6.000.000 ₫'

2023-07-25 11:00:39 - [MESSAGE][PASSED] - Text of object '' is: '6.000.000 ₫'

2023-07-25 11:00:39 - [TEST_STEP][PASSED] - println(Arrays.toString(list)): null

2023-07-25 11:00:39 - [TEST_STEP][PASSED] - newArray = []: null

2023-07-25 11:00:39 - [TEST_STEP][PASSED] - newList = list: null

2023-07-25 11:00:39 - [TEST_STEP][PASSED] - for ([i = 0, i < list.size(), (i++)]): null

2023-07-25 11:00:39 - [TEST_STEP][PASSED] - s = replaceAll("[₫]", "").trim(): null

2023-07-25 11:00:39 - [TEST_STEP][PASSED] - newArray.add(Integer.parseInt(s)): null

2023-07-25 11:00:39 - [TEST_STEP][PASSED] - s = replaceAll("[₫]", "").trim(): null

2023-07-25 11:00:39 - [TEST_STEP][PASSED] - newArray.add(Integer.parseInt(s)): null

2023-07-25 11:00:39 - [TEST_STEP][PASSED] - s = replaceAll("[₫]", "").trim(): null

2023-07-25 11:00:39 - [TEST_STEP][PASSED] - newArray.add(Integer.parseInt(s)): null

2023-07-25 11:00:39 - [TEST_STEP][PASSED] - s = replaceAll("[₫]", "").trim(): null

2023-07-25 11:00:39 - [TEST_STEP][PASSED] - newArray.add(Integer.parseInt(s)): null

2023-07-25 11:00:39 - [TEST_STEP][PASSED] - s = replaceAll("[₫]", "").trim(): null

2023-07-25 11:00:39 - [TEST_STEP][PASSED] - newArray.add(Integer.parseInt(s)): null

2023-07-25 11:00:39 - [TEST_STEP][PASSED] - s = replaceAll("[₫]", "").trim(): null

2023-07-25 11:00:39 - [TEST_STEP][PASSED] - newArray.add(Integer.parseInt(s)): null

2023-07-25 11:00:39 - [TEST_STEP][PASSED] - s = replaceAll("[₫]", "").trim(): null

2023-07-25 11:00:39 - [TEST_STEP][PASSED] - newArray.add(Integer.parseInt(s)): null

2023-07-25 11:00:39 - [TEST_STEP][PASSED] - s = replaceAll("[₫]", "").trim(): null

2023-07-25 11:00:39 - [TEST_STEP][PASSED] - newArray.add(Integer.parseInt(s)): null

2023-07-25 11:00:39 - [TEST_STEP][PASSED] - s = replaceAll("[₫]", "").trim(): null

2023-07-25 11:00:39 - [TEST_STEP][PASSED] - newArray.add(Integer.parseInt(s)): null

2023-07-25 11:00:39 - [TEST_STEP][PASSED] - resultValue = false: null

2023-07-25 11:00:39 - [TEST_STEP][PASSED] - for (int r : newArray): null

2023-07-25 11:00:39 - [TEST_STEP][PASSED] - if (r >= myIntMin && r <= myIntMax): null

2023-07-25 11:00:39 - [TEST_STEP][PASSED] - resultValue = true: null

2023-07-25 11:00:39 - [TEST_STEP][PASSED] - if (r >= myIntMin && r <= myIntMax): null

2023-07-25 11:00:39 - [TEST_STEP][PASSED] - resultValue = true: null

2023-07-25 11:00:39 - [TEST_STEP][PASSED] - if (r >= myIntMin && r <= myIntMax): null

2023-07-25 11:00:39 - [TEST_STEP][PASSED] - resultValue = true: null

2023-07-25 11:00:39 - [TEST_STEP][PASSED] - if (r >= myIntMin && r <= myIntMax): null

2023-07-25 11:00:39 - [TEST_STEP][PASSED] - resultValue = true: null

2023-07-25 11:00:39 - [TEST_STEP][PASSED] - if (r >= myIntMin && r <= myIntMax): null

2023-07-25 11:00:39 - [TEST_STEP][PASSED] - resultValue = true: null

2023-07-25 11:00:39 - [TEST_STEP][PASSED] - if (r >= myIntMin && r <= myIntMax): null

2023-07-25 11:00:39 - [TEST_STEP][PASSED] - resultValue = true: null

2023-07-25 11:00:39 - [TEST_STEP][PASSED] - if (r >= myIntMin && r <= myIntMax): null

2023-07-25 11:00:39 - [TEST_STEP][PASSED] - resultValue = true: null

2023-07-25 11:00:39 - [TEST_STEP][PASSED] - if (r >= myIntMin && r <= myIntMax): null

2023-07-25 11:00:39 - [TEST_STEP][PASSED] - resultValue = true: null

2023-07-25 11:00:39 - [TEST_STEP][PASSED] - if (r >= myIntMin && r <= myIntMax): null

2023-07-25 11:00:39 - [TEST_STEP][PASSED] - resultValue = true: null

2023-07-25 11:00:39 - [TEST_STEP][PASSED] - logInfo(newArray.toString()): [6000000, 6000000, 6000, 6000000, 6000000, 6000000, 6000000, 6000000, 6000000]

2023-07-25 11:00:39 - [MESSAGE][INFO] - [6000000, 6000000, 6000, 6000000, 6000000, 6000000, 6000000, 6000000, 6000000]

2023-07-25 11:00:39 - [TEST_STEP][PASSED] - println(resultValue): null

2023-07-25 11:00:39 - [TEST_STEP][PASSED] - closeBrowser(): Browser is closed

2023-07-25 11:00:40 - [MESSAGE][PASSED] - Browser is closed]]></system-out>
         <system-err><![CDATA[]]></system-err>
      </testcase>
      <system-out><![CDATA[2023-07-25 10:56:47 - [TEST_SUITE][FAILED] - LC: Test Cases/LC/Cart FAILED.
Reason:
com.kms.katalon.core.exception.StepFailedException: Unable to click on object 'Object Repository/Cart/Page_Vite  React  TS/button_apply'
	at com.kms.katalon.core.webui.keyword.internal.WebUIKeywordMain.stepFailed(WebUIKeywordMain.groovy:64)
	at com.kms.katalon.core.webui.keyword.internal.WebUIKeywordMain.runKeyword(WebUIKeywordMain.groovy:26)
	at com.kms.katalon.core.webui.keyword.builtin.ClickKeyword.click(ClickKeyword.groovy:74)
	at com.kms.katalon.core.webui.keyword.builtin.ClickKeyword.execute(ClickKeyword.groovy:40)
	at com.kms.katalon.core.keyword.internal.KeywordExecutor.executeKeywordForPlatform(KeywordExecutor.groovy:74)
	at com.kms.katalon.core.webui.keyword.WebUiBuiltInKeywords.click(WebUiBuiltInKeywords.groovy:620)
	at com.kms.katalon.core.webui.keyword.WebUiBuiltInKeywords$click$2.call(Unknown Source)
	at Cart.run(Cart:83)
	at com.kms.katalon.core.main.ScriptEngine.run(ScriptEngine.java:194)
	at com.kms.katalon.core.main.ScriptEngine.runScriptAsRawText(ScriptEngine.java:119)
	at com.kms.katalon.core.main.TestCaseExecutor.runScript(TestCaseExecutor.java:448)
	at com.kms.katalon.core.main.TestCaseExecutor.doExecute(TestCaseExecutor.java:439)
	at com.kms.katalon.core.main.TestCaseExecutor.processExecutionPhase(TestCaseExecutor.java:418)
	at com.kms.katalon.core.main.TestCaseExecutor.accessMainPhase(TestCaseExecutor.java:410)
	at com.kms.katalon.core.main.TestCaseExecutor.execute(TestCaseExecutor.java:285)
	at com.kms.katalon.core.common.CommonExecutor.accessTestCaseMainPhase(CommonExecutor.java:65)
	at com.kms.katalon.core.main.TestSuiteExecutor.accessTestSuiteMainPhase(TestSuiteExecutor.java:148)
	at com.kms.katalon.core.main.TestSuiteExecutor.execute(TestSuiteExecutor.java:106)
	at com.kms.katalon.core.main.TestCaseMain.startTestSuite(TestCaseMain.java:187)
	at com.kms.katalon.core.main.TestCaseMain$startTestSuite$0.call(Unknown Source)
	at TempTestSuite1690257397520.run(TempTestSuite1690257397520.groovy:36)
Caused by: org.openqa.selenium.ElementClickInterceptedException: element click intercepted: Element <button type="button" class="chakra-button css-upv2ae">...</button> is not clickable at point (936, 514). Other element would receive the click: <div class="swal2-container swal2-center swal2-backdrop-hide" style="overflow-y: hidden;">...</div>
  (Session info: chrome=114.0.5735.248)
Build info: version: '3.141.59', revision: 'e82be7d358', time: '2018-11-14T08:25:53'
System info: host: 'DN-AAVN-WS-650', ip: '192.168.79.183', os.name: 'Windows 10', os.arch: 'amd64', os.version: '10.0', java.version: '1.8.0_362'
Driver info: com.kms.katalon.selenium.driver.CChromeDriver
Capabilities {acceptInsecureCerts: false, browserName: chrome, browserVersion: 114.0.5735.248, chrome: {chromedriverVersion: 113.0.5672.24 (65f30d4e8051..., userDataDir: C:\Users\htminh\AppData\Loc...}, goog:chromeOptions: {debuggerAddress: localhost:53302}, javascriptEnabled: true, networkConnectionEnabled: false, pageLoadStrategy: normal, platform: WINDOWS, platformName: WINDOWS, proxy: Proxy(), setWindowRect: true, strictFileInteractability: false, timeouts: {implicit: 0, pageLoad: 300000, script: 30000}, unhandledPromptBehavior: dismiss and notify, webauthn:extension:credBlob: true, webauthn:extension:largeBlob: true, webauthn:extension:minPinLength: true, webauthn:extension:prf: true, webauthn:virtualAuthenticators: true}
Session ID: b4aefdcdc9c8d13756d303f3cdb55a4f
	at org.openqa.selenium.remote.http.W3CHttpResponseCodec.createException(W3CHttpResponseCodec.java:187)
	at org.openqa.selenium.remote.http.W3CHttpResponseCodec.decode(W3CHttpResponseCodec.java:122)
	at org.openqa.selenium.remote.http.W3CHttpResponseCodec.decode(W3CHttpResponseCodec.java:49)
	at org.openqa.selenium.remote.HttpCommandExecutor.execute(HttpCommandExecutor.java:158)
	at org.openqa.selenium.remote.service.DriverCommandExecutor.execute(DriverCommandExecutor.java:83)
	at org.openqa.selenium.remote.RemoteWebDriver.execute(RemoteWebDriver.java:552)
	at com.kms.katalon.selenium.driver.CChromeDriver.execute(CChromeDriver.java:19)
	at org.openqa.selenium.remote.RemoteWebElement.execute(RemoteWebElement.java:285)
	at org.openqa.selenium.remote.RemoteWebElement.click(RemoteWebElement.java:84)
	at org.openqa.selenium.support.events.EventFiringWebDriver$EventFiringWebElement.lambda$new$0(EventFiringWebDriver.java:404)
	at com.sun.proxy.$Proxy11.click(Unknown Source)
	at org.openqa.selenium.support.events.EventFiringWebDriver$EventFiringWebElement.click(EventFiringWebDriver.java:417)
	at org.openqa.selenium.WebElement$click.call(Unknown Source)
	at com.kms.katalon.core.webui.keyword.builtin.ClickKeyword.clickUntilSuccessWithTimeout(ClickKeyword.groovy:81)
	at com.kms.katalon.core.webui.keyword.builtin.ClickKeyword.clickUntilSuccessWithTimeout(ClickKeyword.groovy)
	at com.kms.katalon.core.webui.keyword.builtin.ClickKeyword$_click_closure1.doCall(ClickKeyword.groovy:67)
	at com.kms.katalon.core.webui.keyword.builtin.ClickKeyword$_click_closure1.call(ClickKeyword.groovy)
	at com.kms.katalon.core.webui.keyword.internal.WebUIKeywordMain.runKeyword(WebUIKeywordMain.groovy:20)
	... 19 more]]></system-out>
      <system-err><![CDATA[2023-07-25 10:56:47 - [TEST_SUITE][FAILED] - LC: Test Cases/LC/Cart FAILED.
Reason:
com.kms.katalon.core.exception.StepFailedException: Unable to click on object 'Object Repository/Cart/Page_Vite  React  TS/button_apply'
	at com.kms.katalon.core.webui.keyword.internal.WebUIKeywordMain.stepFailed(WebUIKeywordMain.groovy:64)
	at com.kms.katalon.core.webui.keyword.internal.WebUIKeywordMain.runKeyword(WebUIKeywordMain.groovy:26)
	at com.kms.katalon.core.webui.keyword.builtin.ClickKeyword.click(ClickKeyword.groovy:74)
	at com.kms.katalon.core.webui.keyword.builtin.ClickKeyword.execute(ClickKeyword.groovy:40)
	at com.kms.katalon.core.keyword.internal.KeywordExecutor.executeKeywordForPlatform(KeywordExecutor.groovy:74)
	at com.kms.katalon.core.webui.keyword.WebUiBuiltInKeywords.click(WebUiBuiltInKeywords.groovy:620)
	at com.kms.katalon.core.webui.keyword.WebUiBuiltInKeywords$click$2.call(Unknown Source)
	at Cart.run(Cart:83)
	at com.kms.katalon.core.main.ScriptEngine.run(ScriptEngine.java:194)
	at com.kms.katalon.core.main.ScriptEngine.runScriptAsRawText(ScriptEngine.java:119)
	at com.kms.katalon.core.main.TestCaseExecutor.runScript(TestCaseExecutor.java:448)
	at com.kms.katalon.core.main.TestCaseExecutor.doExecute(TestCaseExecutor.java:439)
	at com.kms.katalon.core.main.TestCaseExecutor.processExecutionPhase(TestCaseExecutor.java:418)
	at com.kms.katalon.core.main.TestCaseExecutor.accessMainPhase(TestCaseExecutor.java:410)
	at com.kms.katalon.core.main.TestCaseExecutor.execute(TestCaseExecutor.java:285)
	at com.kms.katalon.core.common.CommonExecutor.accessTestCaseMainPhase(CommonExecutor.java:65)
	at com.kms.katalon.core.main.TestSuiteExecutor.accessTestSuiteMainPhase(TestSuiteExecutor.java:148)
	at com.kms.katalon.core.main.TestSuiteExecutor.execute(TestSuiteExecutor.java:106)
	at com.kms.katalon.core.main.TestCaseMain.startTestSuite(TestCaseMain.java:187)
	at com.kms.katalon.core.main.TestCaseMain$startTestSuite$0.call(Unknown Source)
	at TempTestSuite1690257397520.run(TempTestSuite1690257397520.groovy:36)
Caused by: org.openqa.selenium.ElementClickInterceptedException: element click intercepted: Element <button type="button" class="chakra-button css-upv2ae">...</button> is not clickable at point (936, 514). Other element would receive the click: <div class="swal2-container swal2-center swal2-backdrop-hide" style="overflow-y: hidden;">...</div>
  (Session info: chrome=114.0.5735.248)
Build info: version: '3.141.59', revision: 'e82be7d358', time: '2018-11-14T08:25:53'
System info: host: 'DN-AAVN-WS-650', ip: '192.168.79.183', os.name: 'Windows 10', os.arch: 'amd64', os.version: '10.0', java.version: '1.8.0_362'
Driver info: com.kms.katalon.selenium.driver.CChromeDriver
Capabilities {acceptInsecureCerts: false, browserName: chrome, browserVersion: 114.0.5735.248, chrome: {chromedriverVersion: 113.0.5672.24 (65f30d4e8051..., userDataDir: C:\Users\htminh\AppData\Loc...}, goog:chromeOptions: {debuggerAddress: localhost:53302}, javascriptEnabled: true, networkConnectionEnabled: false, pageLoadStrategy: normal, platform: WINDOWS, platformName: WINDOWS, proxy: Proxy(), setWindowRect: true, strictFileInteractability: false, timeouts: {implicit: 0, pageLoad: 300000, script: 30000}, unhandledPromptBehavior: dismiss and notify, webauthn:extension:credBlob: true, webauthn:extension:largeBlob: true, webauthn:extension:minPinLength: true, webauthn:extension:prf: true, webauthn:virtualAuthenticators: true}
Session ID: b4aefdcdc9c8d13756d303f3cdb55a4f
	at org.openqa.selenium.remote.http.W3CHttpResponseCodec.createException(W3CHttpResponseCodec.java:187)
	at org.openqa.selenium.remote.http.W3CHttpResponseCodec.decode(W3CHttpResponseCodec.java:122)
	at org.openqa.selenium.remote.http.W3CHttpResponseCodec.decode(W3CHttpResponseCodec.java:49)
	at org.openqa.selenium.remote.HttpCommandExecutor.execute(HttpCommandExecutor.java:158)
	at org.openqa.selenium.remote.service.DriverCommandExecutor.execute(DriverCommandExecutor.java:83)
	at org.openqa.selenium.remote.RemoteWebDriver.execute(RemoteWebDriver.java:552)
	at com.kms.katalon.selenium.driver.CChromeDriver.execute(CChromeDriver.java:19)
	at org.openqa.selenium.remote.RemoteWebElement.execute(RemoteWebElement.java:285)
	at org.openqa.selenium.remote.RemoteWebElement.click(RemoteWebElement.java:84)
	at org.openqa.selenium.support.events.EventFiringWebDriver$EventFiringWebElement.lambda$new$0(EventFiringWebDriver.java:404)
	at com.sun.proxy.$Proxy11.click(Unknown Source)
	at org.openqa.selenium.support.events.EventFiringWebDriver$EventFiringWebElement.click(EventFiringWebDriver.java:417)
	at org.openqa.selenium.WebElement$click.call(Unknown Source)
	at com.kms.katalon.core.webui.keyword.builtin.ClickKeyword.clickUntilSuccessWithTimeout(ClickKeyword.groovy:81)
	at com.kms.katalon.core.webui.keyword.builtin.ClickKeyword.clickUntilSuccessWithTimeout(ClickKeyword.groovy)
	at com.kms.katalon.core.webui.keyword.builtin.ClickKeyword$_click_closure1.doCall(ClickKeyword.groovy:67)
	at com.kms.katalon.core.webui.keyword.builtin.ClickKeyword$_click_closure1.call(ClickKeyword.groovy)
	at com.kms.katalon.core.webui.keyword.internal.WebUIKeywordMain.runKeyword(WebUIKeywordMain.groovy:20)
	... 19 more]]></system-err>
   </testsuite>
</testsuites>
