<?xml version="1.0" encoding="UTF-8"?>
<testsuites name="LC" time="109.242" tests="2" failures="1" errors="0">
   <testsuite name="LC" tests="2" failures="1" errors="0" time="109.242" skipped="0" timestamp="2023-08-01 10:20:05" hostname="htminh - host.docker.internal" id="Test Suites/LC">
      <properties>
         <property name="deviceName" value=""/>
         <property name="devicePlatform" value=""/>
         <property name="logFolder" value="C:\\Users\\htminh\\git\\test3\\Reports\\20230801_101951\\LC\\20230801_101951"/>
         <property name="logFiles" value="C:\\Users\\htminh\\git\\test3\\Reports\\20230801_101951\\LC\\20230801_101951\\execution0.log"/>
         <property name="attachments" value="C:\\Users\\htminh\\git\\test3\\Reports\\20230801_101951\\LC\\20230801_101951\\1690860070141.png, C:\\Users\\htminh\\git\\test3\\Reports\\20230801_101951\\LC\\20230801_101951\\1690860070568.png"/>
         <property name="hostName" value="htminh - host.docker.internal"/>
         <property name="os" value="Windows 10 64bit"/>
         <property name="katalonVersion" value="8.6.5.208"/>
         <property name="browser" value="Chrome 115.0.0.0"/>
         <property name="hostAddress" value="192.168.79.183"/>
         <property name="sessionId" value="e91113fc57a2bc171ff206a884c43fd9"/>
         <property name="seleniumVersion" value="3.141.59"/>
         <property name="proxyInformation" value="ProxyInformation { proxyOption=NO_PROXY, proxyServerType=HTTP, username=, password=********, proxyServerAddress=, proxyServerPort=0, executionList=&quot;&quot;, isApplyToDesiredCapabilities=true }"/>
         <property name="platform" value="Windows 10"/>
      </properties>
      <testcase name="Test Cases/LC/Cart" time="64.434" classname="Test Cases/LC/Cart" status="FAILED">
         <failure type="FAILED" message="Test Cases/LC/Cart FAILED.
Reason:
com.kms.katalon.core.exception.StepFailedException: Unable to verify object 'Object Repository/Cart/Page_Vite  React  TS/div_Successfully' is present
	at com.kms.katalon.core.webui.keyword.internal.WebUIKeywordMain.stepFailed(WebUIKeywordMain.groovy:64)
	at com.kms.katalon.core.webui.keyword.internal.WebUIKeywordMain.runKeyword(WebUIKeywordMain.groovy:26)
	at com.kms.katalon.core.webui.keyword.builtin.VerifyElementPresentKeyword.verifyElementPresent(VerifyElementPresentKeyword.groovy:92)
	at com.kms.katalon.core.webui.keyword.builtin.VerifyElementPresentKeyword.execute(VerifyElementPresentKeyword.groovy:68)
	at com.kms.katalon.core.keyword.internal.KeywordExecutor.executeKeywordForPlatform(KeywordExecutor.groovy:74)
	at com.kms.katalon.core.webui.keyword.WebUiBuiltInKeywords.verifyElementPresent(WebUiBuiltInKeywords.groovy:1464)
	at com.kms.katalon.core.webui.keyword.WebUiBuiltInKeywords$verifyElementPresent$4.call(Unknown Source)
	at Cart.run(Cart:49)
	at com.kms.katalon.core.main.ScriptEngine.run(ScriptEngine.java:194)
	at com.kms.katalon.core.main.ScriptEngine.runScriptAsRawText(ScriptEngine.java:119)
	at com.kms.katalon.core.main.TestCaseExecutor.runScript(TestCaseExecutor.java:448)
	at com.kms.katalon.core.main.TestCaseExecutor.doExecute(TestCaseExecutor.java:439)
	at com.kms.katalon.core.main.TestCaseExecutor.processExecutionPhase(TestCaseExecutor.java:418)
	at com.kms.katalon.core.main.TestCaseExecutor.accessMainPhase(TestCaseExecutor.java:410)
	at com.kms.katalon.core.main.TestCaseExecutor.execute(TestCaseExecutor.java:285)
	at com.kms.katalon.core.common.CommonExecutor.accessTestCaseMainPhase(CommonExecutor.java:65)
	at com.kms.katalon.core.main.TestSuiteExecutor.accessTestSuiteMainPhase(TestSuiteExecutor.java:148)
	at com.kms.katalon.core.main.TestSuiteExecutor.execute(TestSuiteExecutor.java:106)
	at com.kms.katalon.core.main.TestCaseMain.startTestSuite(TestCaseMain.java:187)
	at com.kms.katalon.core.main.TestCaseMain$startTestSuite$0.call(Unknown Source)
	at TempTestSuite1690859991435.run(TempTestSuite1690859991435.groovy:36)
Caused by: com.kms.katalon.core.exception.StepFailedException: com.kms.katalon.core.webui.exception.WebElementNotFoundException: Web element with id: 'Object Repository/Cart/Page_Vite  React  TS/div_Successfully' located by '//div[@id = 'toast-1-title' and (text() = 'Successfully' or . = 'Successfully')]' not found
	at com.kms.katalon.core.webui.keyword.internal.WebUIKeywordMain.stepFailed(WebUIKeywordMain.groovy:64)
	at com.kms.katalon.core.webui.keyword.builtin.VerifyElementPresentKeyword$_verifyElementPresent_closure1.doCall(VerifyElementPresentKeyword.groovy:85)
	at com.kms.katalon.core.webui.keyword.builtin.VerifyElementPresentKeyword$_verifyElementPresent_closure1.call(VerifyElementPresentKeyword.groovy)
	at com.kms.katalon.core.webui.keyword.internal.WebUIKeywordMain.runKeyword(WebUIKeywordMain.groovy:20)
	... 19 more
"/>
         <system-out><![CDATA[2023-08-01 10:20:06 - [TEST_CASE][FAILED] - Test Cases/LC/Cart: Test Cases/LC/Cart FAILED.
Reason:
com.kms.katalon.core.exception.StepFailedException: Unable to verify object 'Object Repository/Cart/Page_Vite  React  TS/div_Successfully' is present
	at com.kms.katalon.core.webui.keyword.internal.WebUIKeywordMain.stepFailed(WebUIKeywordMain.groovy:64)
	at com.kms.katalon.core.webui.keyword.internal.WebUIKeywordMain.runKeyword(WebUIKeywordMain.groovy:26)
	at com.kms.katalon.core.webui.keyword.builtin.VerifyElementPresentKeyword.verifyElementPresent(VerifyElementPresentKeyword.groovy:92)
	at com.kms.katalon.core.webui.keyword.builtin.VerifyElementPresentKeyword.execute(VerifyElementPresentKeyword.groovy:68)
	at com.kms.katalon.core.keyword.internal.KeywordExecutor.executeKeywordForPlatform(KeywordExecutor.groovy:74)
	at com.kms.katalon.core.webui.keyword.WebUiBuiltInKeywords.verifyElementPresent(WebUiBuiltInKeywords.groovy:1464)
	at com.kms.katalon.core.webui.keyword.WebUiBuiltInKeywords$verifyElementPresent$4.call(Unknown Source)
	at Cart.run(Cart:49)
	at com.kms.katalon.core.main.ScriptEngine.run(ScriptEngine.java:194)
	at com.kms.katalon.core.main.ScriptEngine.runScriptAsRawText(ScriptEngine.java:119)
	at com.kms.katalon.core.main.TestCaseExecutor.runScript(TestCaseExecutor.java:448)
	at com.kms.katalon.core.main.TestCaseExecutor.doExecute(TestCaseExecutor.java:439)
	at com.kms.katalon.core.main.TestCaseExecutor.processExecutionPhase(TestCaseExecutor.java:418)
	at com.kms.katalon.core.main.TestCaseExecutor.accessMainPhase(TestCaseExecutor.java:410)
	at com.kms.katalon.core.main.TestCaseExecutor.execute(TestCaseExecutor.java:285)
	at com.kms.katalon.core.common.CommonExecutor.accessTestCaseMainPhase(CommonExecutor.java:65)
	at com.kms.katalon.core.main.TestSuiteExecutor.accessTestSuiteMainPhase(TestSuiteExecutor.java:148)
	at com.kms.katalon.core.main.TestSuiteExecutor.execute(TestSuiteExecutor.java:106)
	at com.kms.katalon.core.main.TestCaseMain.startTestSuite(TestCaseMain.java:187)
	at com.kms.katalon.core.main.TestCaseMain$startTestSuite$0.call(Unknown Source)
	at TempTestSuite1690859991435.run(TempTestSuite1690859991435.groovy:36)
Caused by: com.kms.katalon.core.exception.StepFailedException: com.kms.katalon.core.webui.exception.WebElementNotFoundException: Web element with id: 'Object Repository/Cart/Page_Vite  React  TS/div_Successfully' located by '//div[@id = 'toast-1-title' and (text() = 'Successfully' or . = 'Successfully')]' not found
	at com.kms.katalon.core.webui.keyword.internal.WebUIKeywordMain.stepFailed(WebUIKeywordMain.groovy:64)
	at com.kms.katalon.core.webui.keyword.builtin.VerifyElementPresentKeyword$_verifyElementPresent_closure1.doCall(VerifyElementPresentKeyword.groovy:85)
	at com.kms.katalon.core.webui.keyword.builtin.VerifyElementPresentKeyword$_verifyElementPresent_closure1.call(VerifyElementPresentKeyword.groovy)
	at com.kms.katalon.core.webui.keyword.internal.WebUIKeywordMain.runKeyword(WebUIKeywordMain.groovy:20)
	... 19 more


2023-08-01 10:20:07 - [TEST_STEP][PASSED] - openBrowser(""): Browser is opened with url: ''

2023-08-01 10:20:08 - [MESSAGE][INFO] - Starting 'Chrome' driver

2023-08-01 10:20:08 - [MESSAGE][INFO] - Action delay is set to 0 milliseconds

2023-08-01 10:20:12 - [MESSAGE][PASSED] - Browser is opened with url: ''

2023-08-01 10:20:12 - [TEST_STEP][PASSED] - navigateToUrl("http://localhost:5173/"): Navigate to 'http://localhost:5173/' successfully

2023-08-01 10:20:15 - [MESSAGE][PASSED] - Navigate to 'http://localhost:5173/' successfully

2023-08-01 10:20:15 - [TEST_STEP][PASSED] - maximizeWindow(): Current window maximized

2023-08-01 10:20:15 - [MESSAGE][PASSED] - Current window maximized

2023-08-01 10:20:15 - [TEST_STEP][PASSED] - click(findTestObject("Object Repository/Cart/Page_Vite  React  TS/p_product")): Object: 'Object Repository/Cart/Page_Vite  React  TS/p_product' is clicked on

2023-08-01 10:20:17 - [MESSAGE][PASSED] - Object: 'Object Repository/Cart/Page_Vite  React  TS/p_product' is clicked on

2023-08-01 10:20:17 - [TEST_STEP][PASSED] - setText(findTestObject("Object Repository/Cart/Page_Vite  React  TS/input_The best offer that we offer to the w_af0838"), "Bún"): Text 'Bún' is set on object 'Object Repository/Cart/Page_Vite  React  TS/input_The best offer that we offer to the w_af0838'

2023-08-01 10:20:26 - [MESSAGE][PASSED] - Text 'Bún' is set on object 'Object Repository/Cart/Page_Vite  React  TS/input_The best offer that we offer to the w_af0838'

2023-08-01 10:20:26 - [TEST_STEP][PASSED] - click(findTestObject("Object Repository/Cart/Page_Vite  React  TS/img_by category_chakra-image css-lxd7e7")): Object: 'Object Repository/Cart/Page_Vite  React  TS/img_by category_chakra-image css-lxd7e7' is clicked on

2023-08-01 10:20:32 - [MESSAGE][PASSED] - Object: 'Object Repository/Cart/Page_Vite  React  TS/img_by category_chakra-image css-lxd7e7' is clicked on

2023-08-01 10:20:32 - [TEST_STEP][PASSED] - click(findTestObject("Object Repository/Cart/Page_Vite  React  TS/p_Show more")): Object: 'Object Repository/Cart/Page_Vite  React  TS/p_Show more' is clicked on

2023-08-01 10:20:37 - [MESSAGE][PASSED] - Object: 'Object Repository/Cart/Page_Vite  React  TS/p_Show more' is clicked on

2023-08-01 10:20:37 - [TEST_STEP][PASSED] - click(findTestObject("Object Repository/Cart/Page_Vite  React  TS/p_Pellentesque habitan morbi tristiquePelle_e1746d")): Object: 'Object Repository/Cart/Page_Vite  React  TS/p_Pellentesque habitan morbi tristiquePelle_e1746d' is clicked on

2023-08-01 10:20:38 - [MESSAGE][PASSED] - Object: 'Object Repository/Cart/Page_Vite  React  TS/p_Pellentesque habitan morbi tristiquePelle_e1746d' is clicked on

2023-08-01 10:20:38 - [TEST_STEP][PASSED] - click(findTestObject("Object Repository/Cart/Page_Vite  React  TS/p_Show less")): Object: 'Object Repository/Cart/Page_Vite  React  TS/p_Show less' is clicked on

2023-08-01 10:20:38 - [MESSAGE][PASSED] - Object: 'Object Repository/Cart/Page_Vite  React  TS/p_Show less' is clicked on

2023-08-01 10:20:38 - [TEST_STEP][FAILED] - verifyElementPresent(findTestObject("Object Repository/Cart/Page_Vite  React  TS/div_Successfully"), 0): Unable to verify object 'Object Repository/Cart/Page_Vite  React  TS/div_Successfully' is present (Root cause: com.kms.katalon.core.exception.StepFailedException: Unable to verify object 'Object Repository/Cart/Page_Vite  React  TS/div_Successfully' is present
	at com.kms.katalon.core.webui.keyword.internal.WebUIKeywordMain.stepFailed(WebUIKeywordMain.groovy:64)
	at com.kms.katalon.core.webui.keyword.internal.WebUIKeywordMain.runKeyword(WebUIKeywordMain.groovy:26)
	at com.kms.katalon.core.webui.keyword.builtin.VerifyElementPresentKeyword.verifyElementPresent(VerifyElementPresentKeyword.groovy:92)
	at com.kms.katalon.core.webui.keyword.builtin.VerifyElementPresentKeyword.execute(VerifyElementPresentKeyword.groovy:68)
	at com.kms.katalon.core.keyword.internal.KeywordExecutor.executeKeywordForPlatform(KeywordExecutor.groovy:74)
	at com.kms.katalon.core.webui.keyword.WebUiBuiltInKeywords.verifyElementPresent(WebUiBuiltInKeywords.groovy:1464)
	at com.kms.katalon.core.webui.keyword.WebUiBuiltInKeywords$verifyElementPresent$4.call(Unknown Source)
	at Cart.run(Cart:49)
	at com.kms.katalon.core.main.ScriptEngine.run(ScriptEngine.java:194)
	at com.kms.katalon.core.main.ScriptEngine.runScriptAsRawText(ScriptEngine.java:119)
	at com.kms.katalon.core.main.TestCaseExecutor.runScript(TestCaseExecutor.java:448)
	at com.kms.katalon.core.main.TestCaseExecutor.doExecute(TestCaseExecutor.java:439)
	at com.kms.katalon.core.main.TestCaseExecutor.processExecutionPhase(TestCaseExecutor.java:418)
	at com.kms.katalon.core.main.TestCaseExecutor.accessMainPhase(TestCaseExecutor.java:410)
	at com.kms.katalon.core.main.TestCaseExecutor.execute(TestCaseExecutor.java:285)
	at com.kms.katalon.core.common.CommonExecutor.accessTestCaseMainPhase(CommonExecutor.java:65)
	at com.kms.katalon.core.main.TestSuiteExecutor.accessTestSuiteMainPhase(TestSuiteExecutor.java:148)
	at com.kms.katalon.core.main.TestSuiteExecutor.execute(TestSuiteExecutor.java:106)
	at com.kms.katalon.core.main.TestCaseMain.startTestSuite(TestCaseMain.java:187)
	at com.kms.katalon.core.main.TestCaseMain$startTestSuite$0.call(Unknown Source)
	at TempTestSuite1690859991435.run(TempTestSuite1690859991435.groovy:36)
Caused by: com.kms.katalon.core.exception.StepFailedException: com.kms.katalon.core.webui.exception.WebElementNotFoundException: Web element with id: 'Object Repository/Cart/Page_Vite  React  TS/div_Successfully' located by '//div[@id = 'toast-1-title' and (text() = 'Successfully' or . = 'Successfully')]' not found
	at com.kms.katalon.core.webui.keyword.internal.WebUIKeywordMain.stepFailed(WebUIKeywordMain.groovy:64)
	at com.kms.katalon.core.webui.keyword.builtin.VerifyElementPresentKeyword$_verifyElementPresent_closure1.doCall(VerifyElementPresentKeyword.groovy:85)
	at com.kms.katalon.core.webui.keyword.builtin.VerifyElementPresentKeyword$_verifyElementPresent_closure1.call(VerifyElementPresentKeyword.groovy)
	at com.kms.katalon.core.webui.keyword.internal.WebUIKeywordMain.runKeyword(WebUIKeywordMain.groovy:20)
	... 19 more
)

2023-08-01 10:20:38 - [MESSAGE][WARNING] - Timeout '0' is invalid. Using default page load timeout: '30'

2023-08-01 10:21:10 - [MESSAGE][INFO] - Unable to find the element located by 'By.xpath: //div[@id = 'toast-1-title' and (text() = 'Successfully' or . = 'Successfully')]'. Please recheck the objects properties to make sure the desired element is located. 

2023-08-01 10:21:10 - [MESSAGE][FAILED] - com.kms.katalon.core.webui.exception.WebElementNotFoundException: Web element with id: 'Object Repository/Cart/Page_Vite  React  TS/div_Successfully' located by '//div[@id = 'toast-1-title' and (text() = 'Successfully' or . = 'Successfully')]' not found (Root cause: com.kms.katalon.core.exception.StepFailedException: com.kms.katalon.core.webui.exception.WebElementNotFoundException: Web element with id: 'Object Repository/Cart/Page_Vite  React  TS/div_Successfully' located by '//div[@id = 'toast-1-title' and (text() = 'Successfully' or . = 'Successfully')]' not found
	at com.kms.katalon.core.webui.keyword.internal.WebUIKeywordMain.stepFailed(WebUIKeywordMain.groovy:64)
	at com.kms.katalon.core.webui.keyword.builtin.VerifyElementPresentKeyword$_verifyElementPresent_closure1.doCall(VerifyElementPresentKeyword.groovy:85)
	at com.kms.katalon.core.webui.keyword.builtin.VerifyElementPresentKeyword$_verifyElementPresent_closure1.call(VerifyElementPresentKeyword.groovy)
	at com.kms.katalon.core.webui.keyword.internal.WebUIKeywordMain.runKeyword(WebUIKeywordMain.groovy:20)
	at com.kms.katalon.core.webui.keyword.builtin.VerifyElementPresentKeyword.verifyElementPresent(VerifyElementPresentKeyword.groovy:92)
	at com.kms.katalon.core.webui.keyword.builtin.VerifyElementPresentKeyword.execute(VerifyElementPresentKeyword.groovy:68)
	at com.kms.katalon.core.keyword.internal.KeywordExecutor.executeKeywordForPlatform(KeywordExecutor.groovy:74)
	at com.kms.katalon.core.webui.keyword.WebUiBuiltInKeywords.verifyElementPresent(WebUiBuiltInKeywords.groovy:1464)
	at com.kms.katalon.core.webui.keyword.WebUiBuiltInKeywords$verifyElementPresent$4.call(Unknown Source)
	at Cart.run(Cart:49)
	at com.kms.katalon.core.main.ScriptEngine.run(ScriptEngine.java:194)
	at com.kms.katalon.core.main.ScriptEngine.runScriptAsRawText(ScriptEngine.java:119)
	at com.kms.katalon.core.main.TestCaseExecutor.runScript(TestCaseExecutor.java:448)
	at com.kms.katalon.core.main.TestCaseExecutor.doExecute(TestCaseExecutor.java:439)
	at com.kms.katalon.core.main.TestCaseExecutor.processExecutionPhase(TestCaseExecutor.java:418)
	at com.kms.katalon.core.main.TestCaseExecutor.accessMainPhase(TestCaseExecutor.java:410)
	at com.kms.katalon.core.main.TestCaseExecutor.execute(TestCaseExecutor.java:285)
	at com.kms.katalon.core.common.CommonExecutor.accessTestCaseMainPhase(CommonExecutor.java:65)
	at com.kms.katalon.core.main.TestSuiteExecutor.accessTestSuiteMainPhase(TestSuiteExecutor.java:148)
	at com.kms.katalon.core.main.TestSuiteExecutor.execute(TestSuiteExecutor.java:106)
	at com.kms.katalon.core.main.TestCaseMain.startTestSuite(TestCaseMain.java:187)
	at com.kms.katalon.core.main.TestCaseMain$startTestSuite$0.call(Unknown Source)
	at TempTestSuite1690859991435.run(TempTestSuite1690859991435.groovy:36)
)
[[ATTACHMENT|C:\\Users\\htminh\\git\\test3\\Reports\\20230801_101951\\LC\\20230801_101951\\1690860070141.png]]

2023-08-01 10:21:10 - [MESSAGE][FAILED] - Unable to verify object 'Object Repository/Cart/Page_Vite  React  TS/div_Successfully' is present (Root cause: com.kms.katalon.core.exception.StepFailedException: Unable to verify object 'Object Repository/Cart/Page_Vite  React  TS/div_Successfully' is present
	at com.kms.katalon.core.webui.keyword.internal.WebUIKeywordMain.stepFailed(WebUIKeywordMain.groovy:64)
	at com.kms.katalon.core.webui.keyword.internal.WebUIKeywordMain.runKeyword(WebUIKeywordMain.groovy:26)
	at com.kms.katalon.core.webui.keyword.builtin.VerifyElementPresentKeyword.verifyElementPresent(VerifyElementPresentKeyword.groovy:92)
	at com.kms.katalon.core.webui.keyword.builtin.VerifyElementPresentKeyword.execute(VerifyElementPresentKeyword.groovy:68)
	at com.kms.katalon.core.keyword.internal.KeywordExecutor.executeKeywordForPlatform(KeywordExecutor.groovy:74)
	at com.kms.katalon.core.webui.keyword.WebUiBuiltInKeywords.verifyElementPresent(WebUiBuiltInKeywords.groovy:1464)
	at com.kms.katalon.core.webui.keyword.WebUiBuiltInKeywords$verifyElementPresent$4.call(Unknown Source)
	at Cart.run(Cart:49)
	at com.kms.katalon.core.main.ScriptEngine.run(ScriptEngine.java:194)
	at com.kms.katalon.core.main.ScriptEngine.runScriptAsRawText(ScriptEngine.java:119)
	at com.kms.katalon.core.main.TestCaseExecutor.runScript(TestCaseExecutor.java:448)
	at com.kms.katalon.core.main.TestCaseExecutor.doExecute(TestCaseExecutor.java:439)
	at com.kms.katalon.core.main.TestCaseExecutor.processExecutionPhase(TestCaseExecutor.java:418)
	at com.kms.katalon.core.main.TestCaseExecutor.accessMainPhase(TestCaseExecutor.java:410)
	at com.kms.katalon.core.main.TestCaseExecutor.execute(TestCaseExecutor.java:285)
	at com.kms.katalon.core.common.CommonExecutor.accessTestCaseMainPhase(CommonExecutor.java:65)
	at com.kms.katalon.core.main.TestSuiteExecutor.accessTestSuiteMainPhase(TestSuiteExecutor.java:148)
	at com.kms.katalon.core.main.TestSuiteExecutor.execute(TestSuiteExecutor.java:106)
	at com.kms.katalon.core.main.TestCaseMain.startTestSuite(TestCaseMain.java:187)
	at com.kms.katalon.core.main.TestCaseMain$startTestSuite$0.call(Unknown Source)
	at TempTestSuite1690859991435.run(TempTestSuite1690859991435.groovy:36)
Caused by: com.kms.katalon.core.exception.StepFailedException: com.kms.katalon.core.webui.exception.WebElementNotFoundException: Web element with id: 'Object Repository/Cart/Page_Vite  React  TS/div_Successfully' located by '//div[@id = 'toast-1-title' and (text() = 'Successfully' or . = 'Successfully')]' not found
	at com.kms.katalon.core.webui.keyword.internal.WebUIKeywordMain.stepFailed(WebUIKeywordMain.groovy:64)
	at com.kms.katalon.core.webui.keyword.builtin.VerifyElementPresentKeyword$_verifyElementPresent_closure1.doCall(VerifyElementPresentKeyword.groovy:85)
	at com.kms.katalon.core.webui.keyword.builtin.VerifyElementPresentKeyword$_verifyElementPresent_closure1.call(VerifyElementPresentKeyword.groovy)
	at com.kms.katalon.core.webui.keyword.internal.WebUIKeywordMain.runKeyword(WebUIKeywordMain.groovy:20)
	... 19 more
)
[[ATTACHMENT|C:\\Users\\htminh\\git\\test3\\Reports\\20230801_101951\\LC\\20230801_101951\\1690860070568.png]]]]></system-out>
         <system-err><![CDATA[2023-08-01 10:20:06 - [TEST_CASE][FAILED] - Test Cases/LC/Cart: Test Cases/LC/Cart FAILED.
Reason:
com.kms.katalon.core.exception.StepFailedException: Unable to verify object 'Object Repository/Cart/Page_Vite  React  TS/div_Successfully' is present
	at com.kms.katalon.core.webui.keyword.internal.WebUIKeywordMain.stepFailed(WebUIKeywordMain.groovy:64)
	at com.kms.katalon.core.webui.keyword.internal.WebUIKeywordMain.runKeyword(WebUIKeywordMain.groovy:26)
	at com.kms.katalon.core.webui.keyword.builtin.VerifyElementPresentKeyword.verifyElementPresent(VerifyElementPresentKeyword.groovy:92)
	at com.kms.katalon.core.webui.keyword.builtin.VerifyElementPresentKeyword.execute(VerifyElementPresentKeyword.groovy:68)
	at com.kms.katalon.core.keyword.internal.KeywordExecutor.executeKeywordForPlatform(KeywordExecutor.groovy:74)
	at com.kms.katalon.core.webui.keyword.WebUiBuiltInKeywords.verifyElementPresent(WebUiBuiltInKeywords.groovy:1464)
	at com.kms.katalon.core.webui.keyword.WebUiBuiltInKeywords$verifyElementPresent$4.call(Unknown Source)
	at Cart.run(Cart:49)
	at com.kms.katalon.core.main.ScriptEngine.run(ScriptEngine.java:194)
	at com.kms.katalon.core.main.ScriptEngine.runScriptAsRawText(ScriptEngine.java:119)
	at com.kms.katalon.core.main.TestCaseExecutor.runScript(TestCaseExecutor.java:448)
	at com.kms.katalon.core.main.TestCaseExecutor.doExecute(TestCaseExecutor.java:439)
	at com.kms.katalon.core.main.TestCaseExecutor.processExecutionPhase(TestCaseExecutor.java:418)
	at com.kms.katalon.core.main.TestCaseExecutor.accessMainPhase(TestCaseExecutor.java:410)
	at com.kms.katalon.core.main.TestCaseExecutor.execute(TestCaseExecutor.java:285)
	at com.kms.katalon.core.common.CommonExecutor.accessTestCaseMainPhase(CommonExecutor.java:65)
	at com.kms.katalon.core.main.TestSuiteExecutor.accessTestSuiteMainPhase(TestSuiteExecutor.java:148)
	at com.kms.katalon.core.main.TestSuiteExecutor.execute(TestSuiteExecutor.java:106)
	at com.kms.katalon.core.main.TestCaseMain.startTestSuite(TestCaseMain.java:187)
	at com.kms.katalon.core.main.TestCaseMain$startTestSuite$0.call(Unknown Source)
	at TempTestSuite1690859991435.run(TempTestSuite1690859991435.groovy:36)
Caused by: com.kms.katalon.core.exception.StepFailedException: com.kms.katalon.core.webui.exception.WebElementNotFoundException: Web element with id: 'Object Repository/Cart/Page_Vite  React  TS/div_Successfully' located by '//div[@id = 'toast-1-title' and (text() = 'Successfully' or . = 'Successfully')]' not found
	at com.kms.katalon.core.webui.keyword.internal.WebUIKeywordMain.stepFailed(WebUIKeywordMain.groovy:64)
	at com.kms.katalon.core.webui.keyword.builtin.VerifyElementPresentKeyword$_verifyElementPresent_closure1.doCall(VerifyElementPresentKeyword.groovy:85)
	at com.kms.katalon.core.webui.keyword.builtin.VerifyElementPresentKeyword$_verifyElementPresent_closure1.call(VerifyElementPresentKeyword.groovy)
	at com.kms.katalon.core.webui.keyword.internal.WebUIKeywordMain.runKeyword(WebUIKeywordMain.groovy:20)
	... 19 more]]></system-err>
      </testcase>
      <testcase name="Test Cases/LC/Filter" time="44.283" classname="Test Cases/LC/Filter" status="PASSED">
         <system-out><![CDATA[2023-08-01 10:21:10 - [TEST_CASE][PASSED] - Test Cases/LC/Filter: Test Cases/LC/Filter

2023-08-01 10:21:11 - [TEST_STEP][PASSED] - openBrowser(""): Browser is opened with url: ''

2023-08-01 10:21:11 - [MESSAGE][WARNING] - A browser is already opened. Closing browser and opening a new one

2023-08-01 10:21:13 - [MESSAGE][INFO] - Starting 'Chrome' driver

2023-08-01 10:21:13 - [MESSAGE][INFO] - Action delay is set to 0 milliseconds

2023-08-01 10:21:15 - [MESSAGE][PASSED] - Browser is opened with url: ''

2023-08-01 10:21:15 - [TEST_STEP][PASSED] - navigateToUrl("http://localhost:5173/"): Navigate to 'http://localhost:5173/' successfully

2023-08-01 10:21:18 - [MESSAGE][PASSED] - Navigate to 'http://localhost:5173/' successfully

2023-08-01 10:21:18 - [TEST_STEP][PASSED] - maximizeWindow(): Current window maximized

2023-08-01 10:21:18 - [MESSAGE][PASSED] - Current window maximized

2023-08-01 10:21:18 - [TEST_STEP][PASSED] - click(findTestObject("Filter/Page_Vite  React  TS/p_product")): Object: 'Object Repository/Filter/Page_Vite  React  TS/p_product' is clicked on

2023-08-01 10:21:20 - [MESSAGE][PASSED] - Object: 'Object Repository/Filter/Page_Vite  React  TS/p_product' is clicked on

2023-08-01 10:21:20 - [TEST_STEP][PASSED] - delay(8): Delayed 8 second(s)

2023-08-01 10:21:28 - [MESSAGE][PASSED] - Delayed 8 second(s)

2023-08-01 10:21:28 - [TEST_STEP][PASSED] - dragAndDropToObject(findTestObject("Filter/Page_Vite  React  TS/div_by price_example-track example-track-1"), findTestObject("Filter/Page_Vite  React  TS/div_by price_example-thumb example-thumb-0 active")): Dragged object with id 'Object Repository/Filter/Page_Vite  React  TS/div_by price_example-track example-track-1' to object with id 'TestObject - 'Object Repository/Filter/Page_Vite  React  TS/div_by price_example-thumb example-thumb-0 active'' successfully

2023-08-01 10:21:30 - [MESSAGE][PASSED] - Dragged object with id 'Object Repository/Filter/Page_Vite  React  TS/div_by price_example-track example-track-1' to object with id 'TestObject - 'Object Repository/Filter/Page_Vite  React  TS/div_by price_example-thumb example-thumb-0 active'' successfully

2023-08-01 10:21:30 - [TEST_STEP][PASSED] - selectOptionByValue(findTestObject("Object Repository/Filter/Page_Vite  React  TS/select_allKhMinhhonag (1)"), "20", true): All options with value '20' are selected in object 'Object Repository/Filter/Page_Vite  React  TS/select_allKhMinhhonag (1)'  using regular expression

2023-08-01 10:21:35 - [MESSAGE][PASSED] - All options with value '20' are selected in object 'Object Repository/Filter/Page_Vite  React  TS/select_allKhMinhhonag (1)'  using regular expression

2023-08-01 10:21:35 - [TEST_STEP][PASSED] - delay(8): Delayed 8 second(s)

2023-08-01 10:21:43 - [MESSAGE][PASSED] - Delayed 8 second(s)

2023-08-01 10:21:43 - [TEST_STEP][PASSED] - verifyElementText(findTestObject("Object Repository/Filter/Page_Vite  React  TS/p_There is no result found"), "There is no result found"): Actual text and expected text of test object 'Object Repository/Filter/Page_Vite  React  TS/p_There is no result found' are matched.

2023-08-01 10:21:44 - [MESSAGE][PASSED] - Actual text and expected text of test object 'Object Repository/Filter/Page_Vite  React  TS/p_There is no result found' are matched.

2023-08-01 10:21:44 - [TEST_STEP][PASSED] - selectOptionByValue(findTestObject("Object Repository/Filter/Page_Vite  React  TS/select_allKhMinhhonag (1)"), "15", true): All options with value '15' are selected in object 'Object Repository/Filter/Page_Vite  React  TS/select_allKhMinhhonag (1)'  using regular expression

2023-08-01 10:21:45 - [MESSAGE][PASSED] - All options with value '15' are selected in object 'Object Repository/Filter/Page_Vite  React  TS/select_allKhMinhhonag (1)'  using regular expression

2023-08-01 10:21:45 - [TEST_STEP][PASSED] - delay(8): Delayed 8 second(s)

2023-08-01 10:21:53 - [MESSAGE][PASSED] - Delayed 8 second(s)

2023-08-01 10:21:53 - [TEST_STEP][PASSED] - closeBrowser(): Browser is closed

2023-08-01 10:21:55 - [MESSAGE][PASSED] - Browser is closed]]></system-out>
         <system-err><![CDATA[]]></system-err>
      </testcase>
      <system-out><![CDATA[2023-08-01 10:20:05 - [TEST_SUITE][FAILED] - LC: Test Cases/LC/Cart FAILED.
Reason:
com.kms.katalon.core.exception.StepFailedException: Unable to verify object 'Object Repository/Cart/Page_Vite  React  TS/div_Successfully' is present
	at com.kms.katalon.core.webui.keyword.internal.WebUIKeywordMain.stepFailed(WebUIKeywordMain.groovy:64)
	at com.kms.katalon.core.webui.keyword.internal.WebUIKeywordMain.runKeyword(WebUIKeywordMain.groovy:26)
	at com.kms.katalon.core.webui.keyword.builtin.VerifyElementPresentKeyword.verifyElementPresent(VerifyElementPresentKeyword.groovy:92)
	at com.kms.katalon.core.webui.keyword.builtin.VerifyElementPresentKeyword.execute(VerifyElementPresentKeyword.groovy:68)
	at com.kms.katalon.core.keyword.internal.KeywordExecutor.executeKeywordForPlatform(KeywordExecutor.groovy:74)
	at com.kms.katalon.core.webui.keyword.WebUiBuiltInKeywords.verifyElementPresent(WebUiBuiltInKeywords.groovy:1464)
	at com.kms.katalon.core.webui.keyword.WebUiBuiltInKeywords$verifyElementPresent$4.call(Unknown Source)
	at Cart.run(Cart:49)
	at com.kms.katalon.core.main.ScriptEngine.run(ScriptEngine.java:194)
	at com.kms.katalon.core.main.ScriptEngine.runScriptAsRawText(ScriptEngine.java:119)
	at com.kms.katalon.core.main.TestCaseExecutor.runScript(TestCaseExecutor.java:448)
	at com.kms.katalon.core.main.TestCaseExecutor.doExecute(TestCaseExecutor.java:439)
	at com.kms.katalon.core.main.TestCaseExecutor.processExecutionPhase(TestCaseExecutor.java:418)
	at com.kms.katalon.core.main.TestCaseExecutor.accessMainPhase(TestCaseExecutor.java:410)
	at com.kms.katalon.core.main.TestCaseExecutor.execute(TestCaseExecutor.java:285)
	at com.kms.katalon.core.common.CommonExecutor.accessTestCaseMainPhase(CommonExecutor.java:65)
	at com.kms.katalon.core.main.TestSuiteExecutor.accessTestSuiteMainPhase(TestSuiteExecutor.java:148)
	at com.kms.katalon.core.main.TestSuiteExecutor.execute(TestSuiteExecutor.java:106)
	at com.kms.katalon.core.main.TestCaseMain.startTestSuite(TestCaseMain.java:187)
	at com.kms.katalon.core.main.TestCaseMain$startTestSuite$0.call(Unknown Source)
	at TempTestSuite1690859991435.run(TempTestSuite1690859991435.groovy:36)
Caused by: com.kms.katalon.core.exception.StepFailedException: com.kms.katalon.core.webui.exception.WebElementNotFoundException: Web element with id: 'Object Repository/Cart/Page_Vite  React  TS/div_Successfully' located by '//div[@id = 'toast-1-title' and (text() = 'Successfully' or . = 'Successfully')]' not found
	at com.kms.katalon.core.webui.keyword.internal.WebUIKeywordMain.stepFailed(WebUIKeywordMain.groovy:64)
	at com.kms.katalon.core.webui.keyword.builtin.VerifyElementPresentKeyword$_verifyElementPresent_closure1.doCall(VerifyElementPresentKeyword.groovy:85)
	at com.kms.katalon.core.webui.keyword.builtin.VerifyElementPresentKeyword$_verifyElementPresent_closure1.call(VerifyElementPresentKeyword.groovy)
	at com.kms.katalon.core.webui.keyword.internal.WebUIKeywordMain.runKeyword(WebUIKeywordMain.groovy:20)
	... 19 more]]></system-out>
      <system-err><![CDATA[2023-08-01 10:20:05 - [TEST_SUITE][FAILED] - LC: Test Cases/LC/Cart FAILED.
Reason:
com.kms.katalon.core.exception.StepFailedException: Unable to verify object 'Object Repository/Cart/Page_Vite  React  TS/div_Successfully' is present
	at com.kms.katalon.core.webui.keyword.internal.WebUIKeywordMain.stepFailed(WebUIKeywordMain.groovy:64)
	at com.kms.katalon.core.webui.keyword.internal.WebUIKeywordMain.runKeyword(WebUIKeywordMain.groovy:26)
	at com.kms.katalon.core.webui.keyword.builtin.VerifyElementPresentKeyword.verifyElementPresent(VerifyElementPresentKeyword.groovy:92)
	at com.kms.katalon.core.webui.keyword.builtin.VerifyElementPresentKeyword.execute(VerifyElementPresentKeyword.groovy:68)
	at com.kms.katalon.core.keyword.internal.KeywordExecutor.executeKeywordForPlatform(KeywordExecutor.groovy:74)
	at com.kms.katalon.core.webui.keyword.WebUiBuiltInKeywords.verifyElementPresent(WebUiBuiltInKeywords.groovy:1464)
	at com.kms.katalon.core.webui.keyword.WebUiBuiltInKeywords$verifyElementPresent$4.call(Unknown Source)
	at Cart.run(Cart:49)
	at com.kms.katalon.core.main.ScriptEngine.run(ScriptEngine.java:194)
	at com.kms.katalon.core.main.ScriptEngine.runScriptAsRawText(ScriptEngine.java:119)
	at com.kms.katalon.core.main.TestCaseExecutor.runScript(TestCaseExecutor.java:448)
	at com.kms.katalon.core.main.TestCaseExecutor.doExecute(TestCaseExecutor.java:439)
	at com.kms.katalon.core.main.TestCaseExecutor.processExecutionPhase(TestCaseExecutor.java:418)
	at com.kms.katalon.core.main.TestCaseExecutor.accessMainPhase(TestCaseExecutor.java:410)
	at com.kms.katalon.core.main.TestCaseExecutor.execute(TestCaseExecutor.java:285)
	at com.kms.katalon.core.common.CommonExecutor.accessTestCaseMainPhase(CommonExecutor.java:65)
	at com.kms.katalon.core.main.TestSuiteExecutor.accessTestSuiteMainPhase(TestSuiteExecutor.java:148)
	at com.kms.katalon.core.main.TestSuiteExecutor.execute(TestSuiteExecutor.java:106)
	at com.kms.katalon.core.main.TestCaseMain.startTestSuite(TestCaseMain.java:187)
	at com.kms.katalon.core.main.TestCaseMain$startTestSuite$0.call(Unknown Source)
	at TempTestSuite1690859991435.run(TempTestSuite1690859991435.groovy:36)
Caused by: com.kms.katalon.core.exception.StepFailedException: com.kms.katalon.core.webui.exception.WebElementNotFoundException: Web element with id: 'Object Repository/Cart/Page_Vite  React  TS/div_Successfully' located by '//div[@id = 'toast-1-title' and (text() = 'Successfully' or . = 'Successfully')]' not found
	at com.kms.katalon.core.webui.keyword.internal.WebUIKeywordMain.stepFailed(WebUIKeywordMain.groovy:64)
	at com.kms.katalon.core.webui.keyword.builtin.VerifyElementPresentKeyword$_verifyElementPresent_closure1.doCall(VerifyElementPresentKeyword.groovy:85)
	at com.kms.katalon.core.webui.keyword.builtin.VerifyElementPresentKeyword$_verifyElementPresent_closure1.call(VerifyElementPresentKeyword.groovy)
	at com.kms.katalon.core.webui.keyword.internal.WebUIKeywordMain.runKeyword(WebUIKeywordMain.groovy:20)
	... 19 more]]></system-err>
   </testsuite>
</testsuites>
